[2026-05-27T01:54:02.869+0000] {processor.py:186} INFO - Started process (PID=75) to work on /home/airflow/.local/lib/python3.12/site-packages/airflow/example_dags/example_branch_day_of_week_operator.py
[2026-05-27T01:54:02.870+0000] {processor.py:914} INFO - Processing file /home/airflow/.local/lib/python3.12/site-packages/airflow/example_dags/example_branch_day_of_week_operator.py for tasks to queue
[2026-05-27T01:54:02.872+0000] {logging_mixin.py:190} INFO - [2026-05-27T01:54:02.872+0000] {dagbag.py:587} INFO - Filling up the DagBag from /home/airflow/.local/lib/python3.12/site-packages/airflow/example_dags/example_branch_day_of_week_operator.py
[2026-05-27T01:54:02.881+0000] {processor.py:925} INFO - DAG(s) 'example_weekday_branch_operator' retrieved from /home/airflow/.local/lib/python3.12/site-packages/airflow/example_dags/example_branch_day_of_week_operator.py
[2026-05-27T01:54:02.965+0000] {logging_mixin.py:190} INFO - [2026-05-27T01:54:02.965+0000] {override.py:1858} INFO - Created Permission View: can edit on DAG:example_weekday_branch_operator
[2026-05-27T01:54:02.971+0000] {logging_mixin.py:190} INFO - [2026-05-27T01:54:02.971+0000] {override.py:1858} INFO - Created Permission View: can read on DAG:example_weekday_branch_operator
[2026-05-27T01:54:02.975+0000] {logging_mixin.py:190} INFO - [2026-05-27T01:54:02.974+0000] {override.py:1858} INFO - Created Permission View: can delete on DAG:example_weekday_branch_operator
[2026-05-27T01:54:02.975+0000] {logging_mixin.py:190} INFO - [2026-05-27T01:54:02.975+0000] {dag.py:3211} INFO - Sync 1 DAGs
[2026-05-27T01:54:02.985+0000] {logging_mixin.py:190} INFO - [2026-05-27T01:54:02.985+0000] {dag.py:3234} INFO - Creating ORM DAG for example_weekday_branch_operator
[2026-05-27T01:54:02.993+0000] {logging_mixin.py:190} INFO - [2026-05-27T01:54:02.993+0000] {dag.py:4138} INFO - Setting next_dagrun for example_weekday_branch_operator to 2026-05-26 00:00:00+00:00, run_after=2026-05-27 00:00:00+00:00
[2026-05-27T01:54:03.008+0000] {processor.py:208} INFO - Processing /home/airflow/.local/lib/python3.12/site-packages/airflow/example_dags/example_branch_day_of_week_operator.py took 0.144 seconds
[2026-05-27T01:54:33.147+0000] {processor.py:186} INFO - Started process (PID=146) to work on /home/airflow/.local/lib/python3.12/site-packages/airflow/example_dags/example_branch_day_of_week_operator.py
[2026-05-27T01:54:33.148+0000] {processor.py:914} INFO - Processing file /home/airflow/.local/lib/python3.12/site-packages/airflow/example_dags/example_branch_day_of_week_operator.py for tasks to queue
[2026-05-27T01:54:33.150+0000] {logging_mixin.py:190} INFO - [2026-05-27T01:54:33.150+0000] {dagbag.py:587} INFO - Filling up the DagBag from /home/airflow/.local/lib/python3.12/site-packages/airflow/example_dags/example_branch_day_of_week_operator.py
[2026-05-27T01:54:33.157+0000] {processor.py:925} INFO - DAG(s) 'example_weekday_branch_operator' retrieved from /home/airflow/.local/lib/python3.12/site-packages/airflow/example_dags/example_branch_day_of_week_operator.py
[2026-05-27T01:54:33.172+0000] {logging_mixin.py:190} INFO - [2026-05-27T01:54:33.172+0000] {dag.py:3211} INFO - Sync 1 DAGs
[2026-05-27T01:54:33.187+0000] {logging_mixin.py:190} INFO - [2026-05-27T01:54:33.187+0000] {dag.py:4138} INFO - Setting next_dagrun for example_weekday_branch_operator to 2026-05-26 00:00:00+00:00, run_after=2026-05-27 00:00:00+00:00
[2026-05-27T01:54:33.197+0000] {processor.py:208} INFO - Processing /home/airflow/.local/lib/python3.12/site-packages/airflow/example_dags/example_branch_day_of_week_operator.py took 0.055 seconds
[2026-05-27T01:55:03.615+0000] {processor.py:186} INFO - Started process (PID=217) to work on /home/airflow/.local/lib/python3.12/site-packages/airflow/example_dags/example_branch_day_of_week_operator.py
[2026-05-27T01:55:03.615+0000] {processor.py:914} INFO - Processing file /home/airflow/.local/lib/python3.12/site-packages/airflow/example_dags/example_branch_day_of_week_operator.py for tasks to queue
[2026-05-27T01:55:03.618+0000] {logging_mixin.py:190} INFO - [2026-05-27T01:55:03.617+0000] {dagbag.py:587} INFO - Filling up the DagBag from /home/airflow/.local/lib/python3.12/site-packages/airflow/example_dags/example_branch_day_of_week_operator.py
[2026-05-27T01:55:03.625+0000] {processor.py:925} INFO - DAG(s) 'example_weekday_branch_operator' retrieved from /home/airflow/.local/lib/python3.12/site-packages/airflow/example_dags/example_branch_day_of_week_operator.py
[2026-05-27T01:55:03.639+0000] {logging_mixin.py:190} INFO - [2026-05-27T01:55:03.639+0000] {dag.py:3211} INFO - Sync 1 DAGs
[2026-05-27T01:55:03.654+0000] {logging_mixin.py:190} INFO - [2026-05-27T01:55:03.654+0000] {dag.py:4138} INFO - Setting next_dagrun for example_weekday_branch_operator to 2026-05-26 00:00:00+00:00, run_after=2026-05-27 00:00:00+00:00
[2026-05-27T01:55:03.665+0000] {processor.py:208} INFO - Processing /home/airflow/.local/lib/python3.12/site-packages/airflow/example_dags/example_branch_day_of_week_operator.py took 0.056 seconds
[2026-05-27T01:55:33.910+0000] {processor.py:186} INFO - Started process (PID=279) to work on /home/airflow/.local/lib/python3.12/site-packages/airflow/example_dags/example_branch_day_of_week_operator.py
[2026-05-27T01:55:33.912+0000] {processor.py:914} INFO - Processing file /home/airflow/.local/lib/python3.12/site-packages/airflow/example_dags/example_branch_day_of_week_operator.py for tasks to queue
[2026-05-27T01:55:33.914+0000] {logging_mixin.py:190} INFO - [2026-05-27T01:55:33.914+0000] {dagbag.py:587} INFO - Filling up the DagBag from /home/airflow/.local/lib/python3.12/site-packages/airflow/example_dags/example_branch_day_of_week_operator.py
[2026-05-27T01:55:33.925+0000] {processor.py:925} INFO - DAG(s) 'example_weekday_branch_operator' retrieved from /home/airflow/.local/lib/python3.12/site-packages/airflow/example_dags/example_branch_day_of_week_operator.py
[2026-05-27T01:55:33.959+0000] {logging_mixin.py:190} INFO - [2026-05-27T01:55:33.959+0000] {dag.py:3211} INFO - Sync 1 DAGs
[2026-05-27T01:55:33.985+0000] {logging_mixin.py:190} INFO - [2026-05-27T01:55:33.985+0000] {dag.py:4138} INFO - Setting next_dagrun for example_weekday_branch_operator to 2026-05-26 00:00:00+00:00, run_after=2026-05-27 00:00:00+00:00
[2026-05-27T01:55:34.001+0000] {processor.py:208} INFO - Processing /home/airflow/.local/lib/python3.12/site-packages/airflow/example_dags/example_branch_day_of_week_operator.py took 0.098 seconds
[2026-05-27T01:56:04.438+0000] {processor.py:186} INFO - Started process (PID=342) to work on /home/airflow/.local/lib/python3.12/site-packages/airflow/example_dags/example_branch_day_of_week_operator.py
[2026-05-27T01:56:04.438+0000] {processor.py:914} INFO - Processing file /home/airflow/.local/lib/python3.12/site-packages/airflow/example_dags/example_branch_day_of_week_operator.py for tasks to queue
[2026-05-27T01:56:04.440+0000] {logging_mixin.py:190} INFO - [2026-05-27T01:56:04.440+0000] {dagbag.py:587} INFO - Filling up the DagBag from /home/airflow/.local/lib/python3.12/site-packages/airflow/example_dags/example_branch_day_of_week_operator.py
[2026-05-27T01:56:04.447+0000] {processor.py:925} INFO - DAG(s) 'example_weekday_branch_operator' retrieved from /home/airflow/.local/lib/python3.12/site-packages/airflow/example_dags/example_branch_day_of_week_operator.py
[2026-05-27T01:56:04.462+0000] {logging_mixin.py:190} INFO - [2026-05-27T01:56:04.461+0000] {dag.py:3211} INFO - Sync 1 DAGs
[2026-05-27T01:56:04.475+0000] {logging_mixin.py:190} INFO - [2026-05-27T01:56:04.475+0000] {dag.py:4138} INFO - Setting next_dagrun for example_weekday_branch_operator to 2026-05-26 00:00:00+00:00, run_after=2026-05-27 00:00:00+00:00
[2026-05-27T01:56:04.485+0000] {processor.py:208} INFO - Processing /home/airflow/.local/lib/python3.12/site-packages/airflow/example_dags/example_branch_day_of_week_operator.py took 0.052 seconds
[2026-05-27T01:56:34.957+0000] {processor.py:186} INFO - Started process (PID=404) to work on /home/airflow/.local/lib/python3.12/site-packages/airflow/example_dags/example_branch_day_of_week_operator.py
[2026-05-27T01:56:34.958+0000] {processor.py:914} INFO - Processing file /home/airflow/.local/lib/python3.12/site-packages/airflow/example_dags/example_branch_day_of_week_operator.py for tasks to queue
[2026-05-27T01:56:34.960+0000] {logging_mixin.py:190} INFO - [2026-05-27T01:56:34.960+0000] {dagbag.py:587} INFO - Filling up the DagBag from /home/airflow/.local/lib/python3.12/site-packages/airflow/example_dags/example_branch_day_of_week_operator.py
[2026-05-27T01:56:34.968+0000] {processor.py:925} INFO - DAG(s) 'example_weekday_branch_operator' retrieved from /home/airflow/.local/lib/python3.12/site-packages/airflow/example_dags/example_branch_day_of_week_operator.py
[2026-05-27T01:56:34.984+0000] {logging_mixin.py:190} INFO - [2026-05-27T01:56:34.984+0000] {dag.py:3211} INFO - Sync 1 DAGs
[2026-05-27T01:56:34.998+0000] {logging_mixin.py:190} INFO - [2026-05-27T01:56:34.998+0000] {dag.py:4138} INFO - Setting next_dagrun for example_weekday_branch_operator to 2026-05-26 00:00:00+00:00, run_after=2026-05-27 00:00:00+00:00
[2026-05-27T01:56:35.009+0000] {processor.py:208} INFO - Processing /home/airflow/.local/lib/python3.12/site-packages/airflow/example_dags/example_branch_day_of_week_operator.py took 0.056 seconds
[2026-05-27T01:57:05.284+0000] {processor.py:186} INFO - Started process (PID=466) to work on /home/airflow/.local/lib/python3.12/site-packages/airflow/example_dags/example_branch_day_of_week_operator.py
[2026-05-27T01:57:05.284+0000] {processor.py:914} INFO - Processing file /home/airflow/.local/lib/python3.12/site-packages/airflow/example_dags/example_branch_day_of_week_operator.py for tasks to queue
[2026-05-27T01:57:05.286+0000] {logging_mixin.py:190} INFO - [2026-05-27T01:57:05.286+0000] {dagbag.py:587} INFO - Filling up the DagBag from /home/airflow/.local/lib/python3.12/site-packages/airflow/example_dags/example_branch_day_of_week_operator.py
[2026-05-27T01:57:05.294+0000] {processor.py:925} INFO - DAG(s) 'example_weekday_branch_operator' retrieved from /home/airflow/.local/lib/python3.12/site-packages/airflow/example_dags/example_branch_day_of_week_operator.py
[2026-05-27T01:57:05.310+0000] {logging_mixin.py:190} INFO - [2026-05-27T01:57:05.310+0000] {dag.py:3211} INFO - Sync 1 DAGs
[2026-05-27T01:57:05.325+0000] {logging_mixin.py:190} INFO - [2026-05-27T01:57:05.324+0000] {dag.py:4138} INFO - Setting next_dagrun for example_weekday_branch_operator to 2026-05-26 00:00:00+00:00, run_after=2026-05-27 00:00:00+00:00
[2026-05-27T01:57:05.336+0000] {processor.py:208} INFO - Processing /home/airflow/.local/lib/python3.12/site-packages/airflow/example_dags/example_branch_day_of_week_operator.py took 0.057 seconds
[2026-05-27T01:57:35.905+0000] {processor.py:186} INFO - Started process (PID=528) to work on /home/airflow/.local/lib/python3.12/site-packages/airflow/example_dags/example_branch_day_of_week_operator.py
[2026-05-27T01:57:35.906+0000] {processor.py:914} INFO - Processing file /home/airflow/.local/lib/python3.12/site-packages/airflow/example_dags/example_branch_day_of_week_operator.py for tasks to queue
[2026-05-27T01:57:35.908+0000] {logging_mixin.py:190} INFO - [2026-05-27T01:57:35.908+0000] {dagbag.py:587} INFO - Filling up the DagBag from /home/airflow/.local/lib/python3.12/site-packages/airflow/example_dags/example_branch_day_of_week_operator.py
[2026-05-27T01:57:35.915+0000] {processor.py:925} INFO - DAG(s) 'example_weekday_branch_operator' retrieved from /home/airflow/.local/lib/python3.12/site-packages/airflow/example_dags/example_branch_day_of_week_operator.py
[2026-05-27T01:57:35.931+0000] {logging_mixin.py:190} INFO - [2026-05-27T01:57:35.931+0000] {dag.py:3211} INFO - Sync 1 DAGs
[2026-05-27T01:57:35.946+0000] {logging_mixin.py:190} INFO - [2026-05-27T01:57:35.946+0000] {dag.py:4138} INFO - Setting next_dagrun for example_weekday_branch_operator to 2026-05-26 00:00:00+00:00, run_after=2026-05-27 00:00:00+00:00
[2026-05-27T01:57:35.957+0000] {processor.py:208} INFO - Processing /home/airflow/.local/lib/python3.12/site-packages/airflow/example_dags/example_branch_day_of_week_operator.py took 0.056 seconds
[2026-05-27T01:58:06.336+0000] {processor.py:186} INFO - Started process (PID=590) to work on /home/airflow/.local/lib/python3.12/site-packages/airflow/example_dags/example_branch_day_of_week_operator.py
[2026-05-27T01:58:06.337+0000] {processor.py:914} INFO - Processing file /home/airflow/.local/lib/python3.12/site-packages/airflow/example_dags/example_branch_day_of_week_operator.py for tasks to queue
[2026-05-27T01:58:06.338+0000] {logging_mixin.py:190} INFO - [2026-05-27T01:58:06.338+0000] {dagbag.py:587} INFO - Filling up the DagBag from /home/airflow/.local/lib/python3.12/site-packages/airflow/example_dags/example_branch_day_of_week_operator.py
[2026-05-27T01:58:06.346+0000] {processor.py:925} INFO - DAG(s) 'example_weekday_branch_operator' retrieved from /home/airflow/.local/lib/python3.12/site-packages/airflow/example_dags/example_branch_day_of_week_operator.py
[2026-05-27T01:58:06.363+0000] {logging_mixin.py:190} INFO - [2026-05-27T01:58:06.362+0000] {dag.py:3211} INFO - Sync 1 DAGs
[2026-05-27T01:58:06.379+0000] {logging_mixin.py:190} INFO - [2026-05-27T01:58:06.379+0000] {dag.py:4138} INFO - Setting next_dagrun for example_weekday_branch_operator to 2026-05-26 00:00:00+00:00, run_after=2026-05-27 00:00:00+00:00
[2026-05-27T01:58:06.390+0000] {processor.py:208} INFO - Processing /home/airflow/.local/lib/python3.12/site-packages/airflow/example_dags/example_branch_day_of_week_operator.py took 0.058 seconds
[2026-05-27T01:59:13.897+0000] {processor.py:186} INFO - Started process (PID=84) to work on /home/airflow/.local/lib/python3.12/site-packages/airflow/example_dags/example_branch_day_of_week_operator.py
[2026-05-27T01:59:13.898+0000] {processor.py:914} INFO - Processing file /home/airflow/.local/lib/python3.12/site-packages/airflow/example_dags/example_branch_day_of_week_operator.py for tasks to queue
[2026-05-27T01:59:13.900+0000] {logging_mixin.py:190} INFO - [2026-05-27T01:59:13.900+0000] {dagbag.py:587} INFO - Filling up the DagBag from /home/airflow/.local/lib/python3.12/site-packages/airflow/example_dags/example_branch_day_of_week_operator.py
[2026-05-27T01:59:13.908+0000] {processor.py:925} INFO - DAG(s) 'example_weekday_branch_operator' retrieved from /home/airflow/.local/lib/python3.12/site-packages/airflow/example_dags/example_branch_day_of_week_operator.py
[2026-05-27T01:59:13.926+0000] {logging_mixin.py:190} INFO - [2026-05-27T01:59:13.926+0000] {dag.py:3211} INFO - Sync 1 DAGs
[2026-05-27T01:59:13.945+0000] {logging_mixin.py:190} INFO - [2026-05-27T01:59:13.945+0000] {dag.py:4138} INFO - Setting next_dagrun for example_weekday_branch_operator to 2026-05-26 00:00:00+00:00, run_after=2026-05-27 00:00:00+00:00
[2026-05-27T01:59:13.959+0000] {processor.py:208} INFO - Processing /home/airflow/.local/lib/python3.12/site-packages/airflow/example_dags/example_branch_day_of_week_operator.py took 0.067 seconds
[2026-05-27T01:59:44.264+0000] {processor.py:186} INFO - Started process (PID=181) to work on /home/airflow/.local/lib/python3.12/site-packages/airflow/example_dags/example_branch_day_of_week_operator.py
[2026-05-27T01:59:44.267+0000] {processor.py:914} INFO - Processing file /home/airflow/.local/lib/python3.12/site-packages/airflow/example_dags/example_branch_day_of_week_operator.py for tasks to queue
[2026-05-27T01:59:44.239+0000] {logging_mixin.py:190} INFO - [2026-05-27T01:59:44.238+0000] {dagbag.py:587} INFO - Filling up the DagBag from /home/airflow/.local/lib/python3.12/site-packages/airflow/example_dags/example_branch_day_of_week_operator.py
[2026-05-27T01:59:44.248+0000] {processor.py:925} INFO - DAG(s) 'example_weekday_branch_operator' retrieved from /home/airflow/.local/lib/python3.12/site-packages/airflow/example_dags/example_branch_day_of_week_operator.py
[2026-05-27T01:59:44.276+0000] {logging_mixin.py:190} INFO - [2026-05-27T01:59:44.276+0000] {dag.py:3211} INFO - Sync 1 DAGs
[2026-05-27T01:59:44.297+0000] {logging_mixin.py:190} INFO - [2026-05-27T01:59:44.297+0000] {dag.py:4138} INFO - Setting next_dagrun for example_weekday_branch_operator to 2026-05-26 00:00:00+00:00, run_after=2026-05-27 00:00:00+00:00
[2026-05-27T01:59:44.311+0000] {processor.py:208} INFO - Processing /home/airflow/.local/lib/python3.12/site-packages/airflow/example_dags/example_branch_day_of_week_operator.py took 0.089 seconds
[2026-05-27T02:00:14.557+0000] {processor.py:186} INFO - Started process (PID=244) to work on /home/airflow/.local/lib/python3.12/site-packages/airflow/example_dags/example_branch_day_of_week_operator.py
[2026-05-27T02:00:14.558+0000] {processor.py:914} INFO - Processing file /home/airflow/.local/lib/python3.12/site-packages/airflow/example_dags/example_branch_day_of_week_operator.py for tasks to queue
[2026-05-27T02:00:14.560+0000] {logging_mixin.py:190} INFO - [2026-05-27T02:00:14.560+0000] {dagbag.py:587} INFO - Filling up the DagBag from /home/airflow/.local/lib/python3.12/site-packages/airflow/example_dags/example_branch_day_of_week_operator.py
[2026-05-27T02:00:14.569+0000] {processor.py:925} INFO - DAG(s) 'example_weekday_branch_operator' retrieved from /home/airflow/.local/lib/python3.12/site-packages/airflow/example_dags/example_branch_day_of_week_operator.py
[2026-05-27T02:00:14.585+0000] {logging_mixin.py:190} INFO - [2026-05-27T02:00:14.584+0000] {dag.py:3211} INFO - Sync 1 DAGs
[2026-05-27T02:00:14.605+0000] {logging_mixin.py:190} INFO - [2026-05-27T02:00:14.605+0000] {dag.py:4138} INFO - Setting next_dagrun for example_weekday_branch_operator to 2026-05-26 00:00:00+00:00, run_after=2026-05-27 00:00:00+00:00
[2026-05-27T02:00:14.617+0000] {processor.py:208} INFO - Processing /home/airflow/.local/lib/python3.12/site-packages/airflow/example_dags/example_branch_day_of_week_operator.py took 0.066 seconds
[2026-05-27T02:00:45.390+0000] {processor.py:186} INFO - Started process (PID=306) to work on /home/airflow/.local/lib/python3.12/site-packages/airflow/example_dags/example_branch_day_of_week_operator.py
[2026-05-27T02:00:45.391+0000] {processor.py:914} INFO - Processing file /home/airflow/.local/lib/python3.12/site-packages/airflow/example_dags/example_branch_day_of_week_operator.py for tasks to queue
[2026-05-27T02:00:45.393+0000] {logging_mixin.py:190} INFO - [2026-05-27T02:00:45.393+0000] {dagbag.py:587} INFO - Filling up the DagBag from /home/airflow/.local/lib/python3.12/site-packages/airflow/example_dags/example_branch_day_of_week_operator.py
[2026-05-27T02:00:45.403+0000] {processor.py:925} INFO - DAG(s) 'example_weekday_branch_operator' retrieved from /home/airflow/.local/lib/python3.12/site-packages/airflow/example_dags/example_branch_day_of_week_operator.py
[2026-05-27T02:00:45.419+0000] {logging_mixin.py:190} INFO - [2026-05-27T02:00:45.419+0000] {dag.py:3211} INFO - Sync 1 DAGs
[2026-05-27T02:00:45.438+0000] {logging_mixin.py:190} INFO - [2026-05-27T02:00:45.438+0000] {dag.py:4138} INFO - Setting next_dagrun for example_weekday_branch_operator to 2026-05-26 00:00:00+00:00, run_after=2026-05-27 00:00:00+00:00
[2026-05-27T02:00:45.450+0000] {processor.py:208} INFO - Processing /home/airflow/.local/lib/python3.12/site-packages/airflow/example_dags/example_branch_day_of_week_operator.py took 0.065 seconds
[2026-05-27T02:01:15.610+0000] {processor.py:186} INFO - Started process (PID=368) to work on /home/airflow/.local/lib/python3.12/site-packages/airflow/example_dags/example_branch_day_of_week_operator.py
[2026-05-27T02:01:15.611+0000] {processor.py:914} INFO - Processing file /home/airflow/.local/lib/python3.12/site-packages/airflow/example_dags/example_branch_day_of_week_operator.py for tasks to queue
[2026-05-27T02:01:15.614+0000] {logging_mixin.py:190} INFO - [2026-05-27T02:01:15.613+0000] {dagbag.py:587} INFO - Filling up the DagBag from /home/airflow/.local/lib/python3.12/site-packages/airflow/example_dags/example_branch_day_of_week_operator.py
[2026-05-27T02:01:15.621+0000] {processor.py:925} INFO - DAG(s) 'example_weekday_branch_operator' retrieved from /home/airflow/.local/lib/python3.12/site-packages/airflow/example_dags/example_branch_day_of_week_operator.py
[2026-05-27T02:01:15.637+0000] {logging_mixin.py:190} INFO - [2026-05-27T02:01:15.637+0000] {dag.py:3211} INFO - Sync 1 DAGs
[2026-05-27T02:01:15.653+0000] {logging_mixin.py:190} INFO - [2026-05-27T02:01:15.652+0000] {dag.py:4138} INFO - Setting next_dagrun for example_weekday_branch_operator to 2026-05-26 00:00:00+00:00, run_after=2026-05-27 00:00:00+00:00
[2026-05-27T02:01:15.663+0000] {processor.py:208} INFO - Processing /home/airflow/.local/lib/python3.12/site-packages/airflow/example_dags/example_branch_day_of_week_operator.py took 0.058 seconds
[2026-05-27T02:01:49.086+0000] {processor.py:186} INFO - Started process (PID=69) to work on /home/airflow/.local/lib/python3.12/site-packages/airflow/example_dags/example_branch_day_of_week_operator.py
[2026-05-27T02:01:49.087+0000] {processor.py:914} INFO - Processing file /home/airflow/.local/lib/python3.12/site-packages/airflow/example_dags/example_branch_day_of_week_operator.py for tasks to queue
[2026-05-27T02:01:49.091+0000] {logging_mixin.py:190} INFO - [2026-05-27T02:01:49.091+0000] {dagbag.py:587} INFO - Filling up the DagBag from /home/airflow/.local/lib/python3.12/site-packages/airflow/example_dags/example_branch_day_of_week_operator.py
[2026-05-27T02:01:49.100+0000] {processor.py:925} INFO - DAG(s) 'example_weekday_branch_operator' retrieved from /home/airflow/.local/lib/python3.12/site-packages/airflow/example_dags/example_branch_day_of_week_operator.py
[2026-05-27T02:01:49.121+0000] {logging_mixin.py:190} INFO - [2026-05-27T02:01:49.121+0000] {dag.py:3211} INFO - Sync 1 DAGs
[2026-05-27T02:01:49.144+0000] {logging_mixin.py:190} INFO - [2026-05-27T02:01:49.144+0000] {dag.py:4138} INFO - Setting next_dagrun for example_weekday_branch_operator to 2026-05-26 00:00:00+00:00, run_after=2026-05-27 00:00:00+00:00
[2026-05-27T02:01:49.165+0000] {processor.py:208} INFO - Processing /home/airflow/.local/lib/python3.12/site-packages/airflow/example_dags/example_branch_day_of_week_operator.py took 0.082 seconds
[2026-05-27T02:02:18.742+0000] {processor.py:186} INFO - Started process (PID=69) to work on /home/airflow/.local/lib/python3.12/site-packages/airflow/example_dags/example_branch_day_of_week_operator.py
[2026-05-27T02:02:18.743+0000] {processor.py:914} INFO - Processing file /home/airflow/.local/lib/python3.12/site-packages/airflow/example_dags/example_branch_day_of_week_operator.py for tasks to queue
[2026-05-27T02:02:18.745+0000] {logging_mixin.py:190} INFO - [2026-05-27T02:02:18.745+0000] {dagbag.py:587} INFO - Filling up the DagBag from /home/airflow/.local/lib/python3.12/site-packages/airflow/example_dags/example_branch_day_of_week_operator.py
[2026-05-27T02:02:18.756+0000] {processor.py:925} INFO - DAG(s) 'example_weekday_branch_operator' retrieved from /home/airflow/.local/lib/python3.12/site-packages/airflow/example_dags/example_branch_day_of_week_operator.py
[2026-05-27T02:02:18.786+0000] {logging_mixin.py:190} INFO - [2026-05-27T02:02:18.785+0000] {dag.py:3211} INFO - Sync 1 DAGs
[2026-05-27T02:02:18.810+0000] {logging_mixin.py:190} INFO - [2026-05-27T02:02:18.810+0000] {dag.py:4138} INFO - Setting next_dagrun for example_weekday_branch_operator to 2026-05-26 00:00:00+00:00, run_after=2026-05-27 00:00:00+00:00
[2026-05-27T02:02:18.826+0000] {processor.py:208} INFO - Processing /home/airflow/.local/lib/python3.12/site-packages/airflow/example_dags/example_branch_day_of_week_operator.py took 0.088 seconds
[2026-05-27T02:03:00.424+0000] {processor.py:186} INFO - Started process (PID=69) to work on /home/airflow/.local/lib/python3.12/site-packages/airflow/example_dags/example_branch_day_of_week_operator.py
[2026-05-27T02:03:00.425+0000] {processor.py:914} INFO - Processing file /home/airflow/.local/lib/python3.12/site-packages/airflow/example_dags/example_branch_day_of_week_operator.py for tasks to queue
[2026-05-27T02:03:00.428+0000] {logging_mixin.py:190} INFO - [2026-05-27T02:03:00.427+0000] {dagbag.py:587} INFO - Filling up the DagBag from /home/airflow/.local/lib/python3.12/site-packages/airflow/example_dags/example_branch_day_of_week_operator.py
[2026-05-27T02:03:00.440+0000] {processor.py:925} INFO - DAG(s) 'example_weekday_branch_operator' retrieved from /home/airflow/.local/lib/python3.12/site-packages/airflow/example_dags/example_branch_day_of_week_operator.py
[2026-05-27T02:03:00.468+0000] {logging_mixin.py:190} INFO - [2026-05-27T02:03:00.467+0000] {dag.py:3211} INFO - Sync 1 DAGs
[2026-05-27T02:03:00.495+0000] {logging_mixin.py:190} INFO - [2026-05-27T02:03:00.494+0000] {dag.py:4138} INFO - Setting next_dagrun for example_weekday_branch_operator to 2026-05-26 00:00:00+00:00, run_after=2026-05-27 00:00:00+00:00
[2026-05-27T02:03:00.511+0000] {processor.py:208} INFO - Processing /home/airflow/.local/lib/python3.12/site-packages/airflow/example_dags/example_branch_day_of_week_operator.py took 0.093 seconds
