[2026-05-27T01:54:02.420+0000] {processor.py:186} INFO - Started process (PID=70) to work on /home/airflow/.local/lib/python3.12/site-packages/airflow/example_dags/example_branch_datetime_operator.py
[2026-05-27T01:54:02.421+0000] {processor.py:914} INFO - Processing file /home/airflow/.local/lib/python3.12/site-packages/airflow/example_dags/example_branch_datetime_operator.py for tasks to queue
[2026-05-27T01:54:02.423+0000] {logging_mixin.py:190} INFO - [2026-05-27T01:54:02.423+0000] {dagbag.py:587} INFO - Filling up the DagBag from /home/airflow/.local/lib/python3.12/site-packages/airflow/example_dags/example_branch_datetime_operator.py
[2026-05-27T01:54:02.434+0000] {processor.py:925} INFO - DAG(s) 'example_branch_datetime_operator_3', 'example_branch_datetime_operator_2', 'example_branch_datetime_operator' retrieved from /home/airflow/.local/lib/python3.12/site-packages/airflow/example_dags/example_branch_datetime_operator.py
[2026-05-27T01:54:02.540+0000] {logging_mixin.py:190} INFO - [2026-05-27T01:54:02.539+0000] {override.py:1858} INFO - Created Permission View: can edit on DAG:example_branch_datetime_operator_3
[2026-05-27T01:54:02.547+0000] {logging_mixin.py:190} INFO - [2026-05-27T01:54:02.547+0000] {override.py:1858} INFO - Created Permission View: can read on DAG:example_branch_datetime_operator_3
[2026-05-27T01:54:02.552+0000] {logging_mixin.py:190} INFO - [2026-05-27T01:54:02.552+0000] {override.py:1858} INFO - Created Permission View: can delete on DAG:example_branch_datetime_operator_3
[2026-05-27T01:54:02.560+0000] {logging_mixin.py:190} INFO - [2026-05-27T01:54:02.560+0000] {override.py:1858} INFO - Created Permission View: can edit on DAG:example_branch_datetime_operator_2
[2026-05-27T01:54:02.566+0000] {logging_mixin.py:190} INFO - [2026-05-27T01:54:02.566+0000] {override.py:1858} INFO - Created Permission View: can read on DAG:example_branch_datetime_operator_2
[2026-05-27T01:54:02.571+0000] {logging_mixin.py:190} INFO - [2026-05-27T01:54:02.571+0000] {override.py:1858} INFO - Created Permission View: can delete on DAG:example_branch_datetime_operator_2
[2026-05-27T01:54:02.580+0000] {logging_mixin.py:190} INFO - [2026-05-27T01:54:02.579+0000] {override.py:1858} INFO - Created Permission View: can edit on DAG:example_branch_datetime_operator
[2026-05-27T01:54:02.584+0000] {logging_mixin.py:190} INFO - [2026-05-27T01:54:02.584+0000] {override.py:1858} INFO - Created Permission View: can read on DAG:example_branch_datetime_operator
[2026-05-27T01:54:02.588+0000] {logging_mixin.py:190} INFO - [2026-05-27T01:54:02.588+0000] {override.py:1858} INFO - Created Permission View: can delete on DAG:example_branch_datetime_operator
[2026-05-27T01:54:02.588+0000] {logging_mixin.py:190} INFO - [2026-05-27T01:54:02.588+0000] {dag.py:3211} INFO - Sync 3 DAGs
[2026-05-27T01:54:02.605+0000] {logging_mixin.py:190} INFO - [2026-05-27T01:54:02.605+0000] {dag.py:3234} INFO - Creating ORM DAG for example_branch_datetime_operator
[2026-05-27T01:54:02.606+0000] {logging_mixin.py:190} INFO - [2026-05-27T01:54:02.606+0000] {dag.py:3234} INFO - Creating ORM DAG for example_branch_datetime_operator_3
[2026-05-27T01:54:02.607+0000] {logging_mixin.py:190} INFO - [2026-05-27T01:54:02.607+0000] {dag.py:3234} INFO - Creating ORM DAG for example_branch_datetime_operator_2
[2026-05-27T01:54:02.616+0000] {logging_mixin.py:190} INFO - [2026-05-27T01:54:02.616+0000] {dag.py:4138} INFO - Setting next_dagrun for example_branch_datetime_operator to 2026-05-26 00:00:00+00:00, run_after=2026-05-27 00:00:00+00:00
[2026-05-27T01:54:02.618+0000] {logging_mixin.py:190} INFO - [2026-05-27T01:54:02.617+0000] {dag.py:4138} INFO - Setting next_dagrun for example_branch_datetime_operator_2 to 2026-05-26 00:00:00+00:00, run_after=2026-05-27 00:00:00+00:00
[2026-05-27T01:54:02.619+0000] {logging_mixin.py:190} INFO - [2026-05-27T01:54:02.619+0000] {dag.py:4138} INFO - Setting next_dagrun for example_branch_datetime_operator_3 to 2026-05-26 00:00:00+00:00, run_after=2026-05-27 00:00:00+00:00
[2026-05-27T01:54:02.633+0000] {processor.py:208} INFO - Processing /home/airflow/.local/lib/python3.12/site-packages/airflow/example_dags/example_branch_datetime_operator.py took 0.219 seconds
[2026-05-27T01:54:32.903+0000] {processor.py:186} INFO - Started process (PID=142) to work on /home/airflow/.local/lib/python3.12/site-packages/airflow/example_dags/example_branch_datetime_operator.py
[2026-05-27T01:54:32.904+0000] {processor.py:914} INFO - Processing file /home/airflow/.local/lib/python3.12/site-packages/airflow/example_dags/example_branch_datetime_operator.py for tasks to queue
[2026-05-27T01:54:32.906+0000] {logging_mixin.py:190} INFO - [2026-05-27T01:54:32.906+0000] {dagbag.py:587} INFO - Filling up the DagBag from /home/airflow/.local/lib/python3.12/site-packages/airflow/example_dags/example_branch_datetime_operator.py
[2026-05-27T01:54:32.916+0000] {processor.py:925} INFO - DAG(s) 'example_branch_datetime_operator_2', 'example_branch_datetime_operator_3', 'example_branch_datetime_operator' retrieved from /home/airflow/.local/lib/python3.12/site-packages/airflow/example_dags/example_branch_datetime_operator.py
[2026-05-27T01:54:32.933+0000] {logging_mixin.py:190} INFO - [2026-05-27T01:54:32.933+0000] {dag.py:3211} INFO - Sync 3 DAGs
[2026-05-27T01:54:32.948+0000] {logging_mixin.py:190} INFO - [2026-05-27T01:54:32.948+0000] {dag.py:4138} INFO - Setting next_dagrun for example_branch_datetime_operator to 2026-05-26 00:00:00+00:00, run_after=2026-05-27 00:00:00+00:00
[2026-05-27T01:54:32.951+0000] {logging_mixin.py:190} INFO - [2026-05-27T01:54:32.951+0000] {dag.py:4138} INFO - Setting next_dagrun for example_branch_datetime_operator_2 to 2026-05-26 00:00:00+00:00, run_after=2026-05-27 00:00:00+00:00
[2026-05-27T01:54:32.953+0000] {logging_mixin.py:190} INFO - [2026-05-27T01:54:32.953+0000] {dag.py:4138} INFO - Setting next_dagrun for example_branch_datetime_operator_3 to 2026-05-26 00:00:00+00:00, run_after=2026-05-27 00:00:00+00:00
[2026-05-27T01:54:32.962+0000] {processor.py:208} INFO - Processing /home/airflow/.local/lib/python3.12/site-packages/airflow/example_dags/example_branch_datetime_operator.py took 0.063 seconds
[2026-05-27T01:55:03.384+0000] {processor.py:186} INFO - Started process (PID=207) to work on /home/airflow/.local/lib/python3.12/site-packages/airflow/example_dags/example_branch_datetime_operator.py
[2026-05-27T01:55:03.385+0000] {processor.py:914} INFO - Processing file /home/airflow/.local/lib/python3.12/site-packages/airflow/example_dags/example_branch_datetime_operator.py for tasks to queue
[2026-05-27T01:55:03.387+0000] {logging_mixin.py:190} INFO - [2026-05-27T01:55:03.387+0000] {dagbag.py:587} INFO - Filling up the DagBag from /home/airflow/.local/lib/python3.12/site-packages/airflow/example_dags/example_branch_datetime_operator.py
[2026-05-27T01:55:03.395+0000] {processor.py:925} INFO - DAG(s) 'example_branch_datetime_operator_3', 'example_branch_datetime_operator_2', 'example_branch_datetime_operator' retrieved from /home/airflow/.local/lib/python3.12/site-packages/airflow/example_dags/example_branch_datetime_operator.py
[2026-05-27T01:55:03.414+0000] {logging_mixin.py:190} INFO - [2026-05-27T01:55:03.414+0000] {dag.py:3211} INFO - Sync 3 DAGs
[2026-05-27T01:55:03.428+0000] {logging_mixin.py:190} INFO - [2026-05-27T01:55:03.428+0000] {dag.py:4138} INFO - Setting next_dagrun for example_branch_datetime_operator to 2026-05-26 00:00:00+00:00, run_after=2026-05-27 00:00:00+00:00
[2026-05-27T01:55:03.431+0000] {logging_mixin.py:190} INFO - [2026-05-27T01:55:03.431+0000] {dag.py:4138} INFO - Setting next_dagrun for example_branch_datetime_operator_2 to 2026-05-26 00:00:00+00:00, run_after=2026-05-27 00:00:00+00:00
[2026-05-27T01:55:03.432+0000] {logging_mixin.py:190} INFO - [2026-05-27T01:55:03.432+0000] {dag.py:4138} INFO - Setting next_dagrun for example_branch_datetime_operator_3 to 2026-05-26 00:00:00+00:00, run_after=2026-05-27 00:00:00+00:00
[2026-05-27T01:55:03.441+0000] {processor.py:208} INFO - Processing /home/airflow/.local/lib/python3.12/site-packages/airflow/example_dags/example_branch_datetime_operator.py took 0.061 seconds
[2026-05-27T01:55:33.648+0000] {processor.py:186} INFO - Started process (PID=275) to work on /home/airflow/.local/lib/python3.12/site-packages/airflow/example_dags/example_branch_datetime_operator.py
[2026-05-27T01:55:33.649+0000] {processor.py:914} INFO - Processing file /home/airflow/.local/lib/python3.12/site-packages/airflow/example_dags/example_branch_datetime_operator.py for tasks to queue
[2026-05-27T01:55:33.650+0000] {logging_mixin.py:190} INFO - [2026-05-27T01:55:33.650+0000] {dagbag.py:587} INFO - Filling up the DagBag from /home/airflow/.local/lib/python3.12/site-packages/airflow/example_dags/example_branch_datetime_operator.py
[2026-05-27T01:55:33.661+0000] {processor.py:925} INFO - DAG(s) 'example_branch_datetime_operator', 'example_branch_datetime_operator_3', 'example_branch_datetime_operator_2' retrieved from /home/airflow/.local/lib/python3.12/site-packages/airflow/example_dags/example_branch_datetime_operator.py
[2026-05-27T01:55:33.679+0000] {logging_mixin.py:190} INFO - [2026-05-27T01:55:33.679+0000] {dag.py:3211} INFO - Sync 3 DAGs
[2026-05-27T01:55:33.693+0000] {logging_mixin.py:190} INFO - [2026-05-27T01:55:33.693+0000] {dag.py:4138} INFO - Setting next_dagrun for example_branch_datetime_operator to 2026-05-26 00:00:00+00:00, run_after=2026-05-27 00:00:00+00:00
[2026-05-27T01:55:33.696+0000] {logging_mixin.py:190} INFO - [2026-05-27T01:55:33.696+0000] {dag.py:4138} INFO - Setting next_dagrun for example_branch_datetime_operator_2 to 2026-05-26 00:00:00+00:00, run_after=2026-05-27 00:00:00+00:00
[2026-05-27T01:55:33.697+0000] {logging_mixin.py:190} INFO - [2026-05-27T01:55:33.697+0000] {dag.py:4138} INFO - Setting next_dagrun for example_branch_datetime_operator_3 to 2026-05-26 00:00:00+00:00, run_after=2026-05-27 00:00:00+00:00
[2026-05-27T01:55:33.706+0000] {processor.py:208} INFO - Processing /home/airflow/.local/lib/python3.12/site-packages/airflow/example_dags/example_branch_datetime_operator.py took 0.062 seconds
[2026-05-27T01:56:04.158+0000] {processor.py:186} INFO - Started process (PID=337) to work on /home/airflow/.local/lib/python3.12/site-packages/airflow/example_dags/example_branch_datetime_operator.py
[2026-05-27T01:56:04.159+0000] {processor.py:914} INFO - Processing file /home/airflow/.local/lib/python3.12/site-packages/airflow/example_dags/example_branch_datetime_operator.py for tasks to queue
[2026-05-27T01:56:04.163+0000] {logging_mixin.py:190} INFO - [2026-05-27T01:56:04.163+0000] {dagbag.py:587} INFO - Filling up the DagBag from /home/airflow/.local/lib/python3.12/site-packages/airflow/example_dags/example_branch_datetime_operator.py
[2026-05-27T01:56:04.180+0000] {processor.py:925} INFO - DAG(s) 'example_branch_datetime_operator', 'example_branch_datetime_operator_3', 'example_branch_datetime_operator_2' retrieved from /home/airflow/.local/lib/python3.12/site-packages/airflow/example_dags/example_branch_datetime_operator.py
[2026-05-27T01:56:04.209+0000] {logging_mixin.py:190} INFO - [2026-05-27T01:56:04.209+0000] {dag.py:3211} INFO - Sync 3 DAGs
[2026-05-27T01:56:04.228+0000] {logging_mixin.py:190} INFO - [2026-05-27T01:56:04.228+0000] {dag.py:4138} INFO - Setting next_dagrun for example_branch_datetime_operator to 2026-05-26 00:00:00+00:00, run_after=2026-05-27 00:00:00+00:00
[2026-05-27T01:56:04.232+0000] {logging_mixin.py:190} INFO - [2026-05-27T01:56:04.231+0000] {dag.py:4138} INFO - Setting next_dagrun for example_branch_datetime_operator_2 to 2026-05-26 00:00:00+00:00, run_after=2026-05-27 00:00:00+00:00
[2026-05-27T01:56:04.233+0000] {logging_mixin.py:190} INFO - [2026-05-27T01:56:04.233+0000] {dag.py:4138} INFO - Setting next_dagrun for example_branch_datetime_operator_3 to 2026-05-26 00:00:00+00:00, run_after=2026-05-27 00:00:00+00:00
[2026-05-27T01:56:04.244+0000] {processor.py:208} INFO - Processing /home/airflow/.local/lib/python3.12/site-packages/airflow/example_dags/example_branch_datetime_operator.py took 0.097 seconds
[2026-05-27T01:56:34.715+0000] {processor.py:186} INFO - Started process (PID=399) to work on /home/airflow/.local/lib/python3.12/site-packages/airflow/example_dags/example_branch_datetime_operator.py
[2026-05-27T01:56:34.715+0000] {processor.py:914} INFO - Processing file /home/airflow/.local/lib/python3.12/site-packages/airflow/example_dags/example_branch_datetime_operator.py for tasks to queue
[2026-05-27T01:56:34.717+0000] {logging_mixin.py:190} INFO - [2026-05-27T01:56:34.717+0000] {dagbag.py:587} INFO - Filling up the DagBag from /home/airflow/.local/lib/python3.12/site-packages/airflow/example_dags/example_branch_datetime_operator.py
[2026-05-27T01:56:34.725+0000] {processor.py:925} INFO - DAG(s) 'example_branch_datetime_operator_2', 'example_branch_datetime_operator', 'example_branch_datetime_operator_3' retrieved from /home/airflow/.local/lib/python3.12/site-packages/airflow/example_dags/example_branch_datetime_operator.py
[2026-05-27T01:56:34.743+0000] {logging_mixin.py:190} INFO - [2026-05-27T01:56:34.743+0000] {dag.py:3211} INFO - Sync 3 DAGs
[2026-05-27T01:56:34.758+0000] {logging_mixin.py:190} INFO - [2026-05-27T01:56:34.758+0000] {dag.py:4138} INFO - Setting next_dagrun for example_branch_datetime_operator to 2026-05-26 00:00:00+00:00, run_after=2026-05-27 00:00:00+00:00
[2026-05-27T01:56:34.760+0000] {logging_mixin.py:190} INFO - [2026-05-27T01:56:34.760+0000] {dag.py:4138} INFO - Setting next_dagrun for example_branch_datetime_operator_2 to 2026-05-26 00:00:00+00:00, run_after=2026-05-27 00:00:00+00:00
[2026-05-27T01:56:34.762+0000] {logging_mixin.py:190} INFO - [2026-05-27T01:56:34.762+0000] {dag.py:4138} INFO - Setting next_dagrun for example_branch_datetime_operator_3 to 2026-05-26 00:00:00+00:00, run_after=2026-05-27 00:00:00+00:00
[2026-05-27T01:56:34.771+0000] {processor.py:208} INFO - Processing /home/airflow/.local/lib/python3.12/site-packages/airflow/example_dags/example_branch_datetime_operator.py took 0.060 seconds
[2026-05-27T01:57:04.831+0000] {processor.py:186} INFO - Started process (PID=461) to work on /home/airflow/.local/lib/python3.12/site-packages/airflow/example_dags/example_branch_datetime_operator.py
[2026-05-27T01:57:04.832+0000] {processor.py:914} INFO - Processing file /home/airflow/.local/lib/python3.12/site-packages/airflow/example_dags/example_branch_datetime_operator.py for tasks to queue
[2026-05-27T01:57:04.833+0000] {logging_mixin.py:190} INFO - [2026-05-27T01:57:04.833+0000] {dagbag.py:587} INFO - Filling up the DagBag from /home/airflow/.local/lib/python3.12/site-packages/airflow/example_dags/example_branch_datetime_operator.py
[2026-05-27T01:57:04.843+0000] {processor.py:925} INFO - DAG(s) 'example_branch_datetime_operator_3', 'example_branch_datetime_operator', 'example_branch_datetime_operator_2' retrieved from /home/airflow/.local/lib/python3.12/site-packages/airflow/example_dags/example_branch_datetime_operator.py
[2026-05-27T01:57:04.863+0000] {logging_mixin.py:190} INFO - [2026-05-27T01:57:04.863+0000] {dag.py:3211} INFO - Sync 3 DAGs
[2026-05-27T01:57:04.879+0000] {logging_mixin.py:190} INFO - [2026-05-27T01:57:04.879+0000] {dag.py:4138} INFO - Setting next_dagrun for example_branch_datetime_operator to 2026-05-26 00:00:00+00:00, run_after=2026-05-27 00:00:00+00:00
[2026-05-27T01:57:04.881+0000] {logging_mixin.py:190} INFO - [2026-05-27T01:57:04.881+0000] {dag.py:4138} INFO - Setting next_dagrun for example_branch_datetime_operator_2 to 2026-05-26 00:00:00+00:00, run_after=2026-05-27 00:00:00+00:00
[2026-05-27T01:57:04.882+0000] {logging_mixin.py:190} INFO - [2026-05-27T01:57:04.882+0000] {dag.py:4138} INFO - Setting next_dagrun for example_branch_datetime_operator_3 to 2026-05-26 00:00:00+00:00, run_after=2026-05-27 00:00:00+00:00
[2026-05-27T01:57:04.892+0000] {processor.py:208} INFO - Processing /home/airflow/.local/lib/python3.12/site-packages/airflow/example_dags/example_branch_datetime_operator.py took 0.066 seconds
[2026-05-27T01:57:35.561+0000] {processor.py:186} INFO - Started process (PID=523) to work on /home/airflow/.local/lib/python3.12/site-packages/airflow/example_dags/example_branch_datetime_operator.py
[2026-05-27T01:57:35.561+0000] {processor.py:914} INFO - Processing file /home/airflow/.local/lib/python3.12/site-packages/airflow/example_dags/example_branch_datetime_operator.py for tasks to queue
[2026-05-27T01:57:35.563+0000] {logging_mixin.py:190} INFO - [2026-05-27T01:57:35.563+0000] {dagbag.py:587} INFO - Filling up the DagBag from /home/airflow/.local/lib/python3.12/site-packages/airflow/example_dags/example_branch_datetime_operator.py
[2026-05-27T01:57:35.571+0000] {processor.py:925} INFO - DAG(s) 'example_branch_datetime_operator', 'example_branch_datetime_operator_2', 'example_branch_datetime_operator_3' retrieved from /home/airflow/.local/lib/python3.12/site-packages/airflow/example_dags/example_branch_datetime_operator.py
[2026-05-27T01:57:35.590+0000] {logging_mixin.py:190} INFO - [2026-05-27T01:57:35.590+0000] {dag.py:3211} INFO - Sync 3 DAGs
[2026-05-27T01:57:35.604+0000] {logging_mixin.py:190} INFO - [2026-05-27T01:57:35.604+0000] {dag.py:4138} INFO - Setting next_dagrun for example_branch_datetime_operator to 2026-05-26 00:00:00+00:00, run_after=2026-05-27 00:00:00+00:00
[2026-05-27T01:57:35.606+0000] {logging_mixin.py:190} INFO - [2026-05-27T01:57:35.606+0000] {dag.py:4138} INFO - Setting next_dagrun for example_branch_datetime_operator_2 to 2026-05-26 00:00:00+00:00, run_after=2026-05-27 00:00:00+00:00
[2026-05-27T01:57:35.607+0000] {logging_mixin.py:190} INFO - [2026-05-27T01:57:35.607+0000] {dag.py:4138} INFO - Setting next_dagrun for example_branch_datetime_operator_3 to 2026-05-26 00:00:00+00:00, run_after=2026-05-27 00:00:00+00:00
[2026-05-27T01:57:35.617+0000] {processor.py:208} INFO - Processing /home/airflow/.local/lib/python3.12/site-packages/airflow/example_dags/example_branch_datetime_operator.py took 0.061 seconds
[2026-05-27T01:58:06.102+0000] {processor.py:186} INFO - Started process (PID=585) to work on /home/airflow/.local/lib/python3.12/site-packages/airflow/example_dags/example_branch_datetime_operator.py
[2026-05-27T01:58:06.103+0000] {processor.py:914} INFO - Processing file /home/airflow/.local/lib/python3.12/site-packages/airflow/example_dags/example_branch_datetime_operator.py for tasks to queue
[2026-05-27T01:58:06.104+0000] {logging_mixin.py:190} INFO - [2026-05-27T01:58:06.104+0000] {dagbag.py:587} INFO - Filling up the DagBag from /home/airflow/.local/lib/python3.12/site-packages/airflow/example_dags/example_branch_datetime_operator.py
[2026-05-27T01:58:06.113+0000] {processor.py:925} INFO - DAG(s) 'example_branch_datetime_operator_2', 'example_branch_datetime_operator_3', 'example_branch_datetime_operator' retrieved from /home/airflow/.local/lib/python3.12/site-packages/airflow/example_dags/example_branch_datetime_operator.py
[2026-05-27T01:58:06.132+0000] {logging_mixin.py:190} INFO - [2026-05-27T01:58:06.132+0000] {dag.py:3211} INFO - Sync 3 DAGs
[2026-05-27T01:58:06.146+0000] {logging_mixin.py:190} INFO - [2026-05-27T01:58:06.146+0000] {dag.py:4138} INFO - Setting next_dagrun for example_branch_datetime_operator to 2026-05-26 00:00:00+00:00, run_after=2026-05-27 00:00:00+00:00
[2026-05-27T01:58:06.149+0000] {logging_mixin.py:190} INFO - [2026-05-27T01:58:06.149+0000] {dag.py:4138} INFO - Setting next_dagrun for example_branch_datetime_operator_2 to 2026-05-26 00:00:00+00:00, run_after=2026-05-27 00:00:00+00:00
[2026-05-27T01:58:06.150+0000] {logging_mixin.py:190} INFO - [2026-05-27T01:58:06.150+0000] {dag.py:4138} INFO - Setting next_dagrun for example_branch_datetime_operator_3 to 2026-05-26 00:00:00+00:00, run_after=2026-05-27 00:00:00+00:00
[2026-05-27T01:58:06.158+0000] {processor.py:208} INFO - Processing /home/airflow/.local/lib/python3.12/site-packages/airflow/example_dags/example_branch_datetime_operator.py took 0.061 seconds
[2026-05-27T01:59:13.652+0000] {processor.py:186} INFO - Started process (PID=79) to work on /home/airflow/.local/lib/python3.12/site-packages/airflow/example_dags/example_branch_datetime_operator.py
[2026-05-27T01:59:13.652+0000] {processor.py:914} INFO - Processing file /home/airflow/.local/lib/python3.12/site-packages/airflow/example_dags/example_branch_datetime_operator.py for tasks to queue
[2026-05-27T01:59:13.654+0000] {logging_mixin.py:190} INFO - [2026-05-27T01:59:13.654+0000] {dagbag.py:587} INFO - Filling up the DagBag from /home/airflow/.local/lib/python3.12/site-packages/airflow/example_dags/example_branch_datetime_operator.py
[2026-05-27T01:59:13.663+0000] {processor.py:925} INFO - DAG(s) 'example_branch_datetime_operator_3', 'example_branch_datetime_operator_2', 'example_branch_datetime_operator' retrieved from /home/airflow/.local/lib/python3.12/site-packages/airflow/example_dags/example_branch_datetime_operator.py
[2026-05-27T01:59:13.686+0000] {logging_mixin.py:190} INFO - [2026-05-27T01:59:13.686+0000] {dag.py:3211} INFO - Sync 3 DAGs
[2026-05-27T01:59:13.701+0000] {logging_mixin.py:190} INFO - [2026-05-27T01:59:13.701+0000] {dag.py:4138} INFO - Setting next_dagrun for example_branch_datetime_operator to 2026-05-26 00:00:00+00:00, run_after=2026-05-27 00:00:00+00:00
[2026-05-27T01:59:13.704+0000] {logging_mixin.py:190} INFO - [2026-05-27T01:59:13.704+0000] {dag.py:4138} INFO - Setting next_dagrun for example_branch_datetime_operator_2 to 2026-05-26 00:00:00+00:00, run_after=2026-05-27 00:00:00+00:00
[2026-05-27T01:59:13.705+0000] {logging_mixin.py:190} INFO - [2026-05-27T01:59:13.705+0000] {dag.py:4138} INFO - Setting next_dagrun for example_branch_datetime_operator_3 to 2026-05-26 00:00:00+00:00, run_after=2026-05-27 00:00:00+00:00
[2026-05-27T01:59:13.715+0000] {processor.py:208} INFO - Processing /home/airflow/.local/lib/python3.12/site-packages/airflow/example_dags/example_branch_datetime_operator.py took 0.068 seconds
[2026-05-27T01:59:43.974+0000] {processor.py:186} INFO - Started process (PID=177) to work on /home/airflow/.local/lib/python3.12/site-packages/airflow/example_dags/example_branch_datetime_operator.py
[2026-05-27T01:59:43.975+0000] {processor.py:914} INFO - Processing file /home/airflow/.local/lib/python3.12/site-packages/airflow/example_dags/example_branch_datetime_operator.py for tasks to queue
[2026-05-27T01:59:43.977+0000] {logging_mixin.py:190} INFO - [2026-05-27T01:59:43.977+0000] {dagbag.py:587} INFO - Filling up the DagBag from /home/airflow/.local/lib/python3.12/site-packages/airflow/example_dags/example_branch_datetime_operator.py
[2026-05-27T01:59:43.987+0000] {processor.py:925} INFO - DAG(s) 'example_branch_datetime_operator_3', 'example_branch_datetime_operator_2', 'example_branch_datetime_operator' retrieved from /home/airflow/.local/lib/python3.12/site-packages/airflow/example_dags/example_branch_datetime_operator.py
[2026-05-27T01:59:44.009+0000] {logging_mixin.py:190} INFO - [2026-05-27T01:59:44.009+0000] {dag.py:3211} INFO - Sync 3 DAGs
[2026-05-27T01:59:44.026+0000] {logging_mixin.py:190} INFO - [2026-05-27T01:59:44.026+0000] {dag.py:4138} INFO - Setting next_dagrun for example_branch_datetime_operator to 2026-05-26 00:00:00+00:00, run_after=2026-05-27 00:00:00+00:00
[2026-05-27T01:59:44.029+0000] {logging_mixin.py:190} INFO - [2026-05-27T01:59:44.028+0000] {dag.py:4138} INFO - Setting next_dagrun for example_branch_datetime_operator_2 to 2026-05-26 00:00:00+00:00, run_after=2026-05-27 00:00:00+00:00
[2026-05-27T01:59:44.031+0000] {logging_mixin.py:190} INFO - [2026-05-27T01:59:44.031+0000] {dag.py:4138} INFO - Setting next_dagrun for example_branch_datetime_operator_3 to 2026-05-26 00:00:00+00:00, run_after=2026-05-27 00:00:00+00:00
[2026-05-27T01:59:44.040+0000] {processor.py:208} INFO - Processing /home/airflow/.local/lib/python3.12/site-packages/airflow/example_dags/example_branch_datetime_operator.py took 0.071 seconds
[2026-05-27T02:00:14.257+0000] {processor.py:186} INFO - Started process (PID=240) to work on /home/airflow/.local/lib/python3.12/site-packages/airflow/example_dags/example_branch_datetime_operator.py
[2026-05-27T02:00:14.258+0000] {processor.py:914} INFO - Processing file /home/airflow/.local/lib/python3.12/site-packages/airflow/example_dags/example_branch_datetime_operator.py for tasks to queue
[2026-05-27T02:00:14.261+0000] {logging_mixin.py:190} INFO - [2026-05-27T02:00:14.260+0000] {dagbag.py:587} INFO - Filling up the DagBag from /home/airflow/.local/lib/python3.12/site-packages/airflow/example_dags/example_branch_datetime_operator.py
[2026-05-27T02:00:14.270+0000] {processor.py:925} INFO - DAG(s) 'example_branch_datetime_operator_3', 'example_branch_datetime_operator', 'example_branch_datetime_operator_2' retrieved from /home/airflow/.local/lib/python3.12/site-packages/airflow/example_dags/example_branch_datetime_operator.py
[2026-05-27T02:00:14.291+0000] {logging_mixin.py:190} INFO - [2026-05-27T02:00:14.291+0000] {dag.py:3211} INFO - Sync 3 DAGs
[2026-05-27T02:00:14.308+0000] {logging_mixin.py:190} INFO - [2026-05-27T02:00:14.307+0000] {dag.py:4138} INFO - Setting next_dagrun for example_branch_datetime_operator to 2026-05-26 00:00:00+00:00, run_after=2026-05-27 00:00:00+00:00
[2026-05-27T02:00:14.310+0000] {logging_mixin.py:190} INFO - [2026-05-27T02:00:14.310+0000] {dag.py:4138} INFO - Setting next_dagrun for example_branch_datetime_operator_2 to 2026-05-26 00:00:00+00:00, run_after=2026-05-27 00:00:00+00:00
[2026-05-27T02:00:14.312+0000] {logging_mixin.py:190} INFO - [2026-05-27T02:00:14.311+0000] {dag.py:4138} INFO - Setting next_dagrun for example_branch_datetime_operator_3 to 2026-05-26 00:00:00+00:00, run_after=2026-05-27 00:00:00+00:00
[2026-05-27T02:00:14.323+0000] {processor.py:208} INFO - Processing /home/airflow/.local/lib/python3.12/site-packages/airflow/example_dags/example_branch_datetime_operator.py took 0.071 seconds
[2026-05-27T02:00:45.152+0000] {processor.py:186} INFO - Started process (PID=302) to work on /home/airflow/.local/lib/python3.12/site-packages/airflow/example_dags/example_branch_datetime_operator.py
[2026-05-27T02:00:45.153+0000] {processor.py:914} INFO - Processing file /home/airflow/.local/lib/python3.12/site-packages/airflow/example_dags/example_branch_datetime_operator.py for tasks to queue
[2026-05-27T02:00:45.155+0000] {logging_mixin.py:190} INFO - [2026-05-27T02:00:45.155+0000] {dagbag.py:587} INFO - Filling up the DagBag from /home/airflow/.local/lib/python3.12/site-packages/airflow/example_dags/example_branch_datetime_operator.py
[2026-05-27T02:00:45.167+0000] {processor.py:925} INFO - DAG(s) 'example_branch_datetime_operator', 'example_branch_datetime_operator_3', 'example_branch_datetime_operator_2' retrieved from /home/airflow/.local/lib/python3.12/site-packages/airflow/example_dags/example_branch_datetime_operator.py
[2026-05-27T02:00:45.188+0000] {logging_mixin.py:190} INFO - [2026-05-27T02:00:45.188+0000] {dag.py:3211} INFO - Sync 3 DAGs
[2026-05-27T02:00:45.204+0000] {logging_mixin.py:190} INFO - [2026-05-27T02:00:45.204+0000] {dag.py:4138} INFO - Setting next_dagrun for example_branch_datetime_operator to 2026-05-26 00:00:00+00:00, run_after=2026-05-27 00:00:00+00:00
[2026-05-27T02:00:45.206+0000] {logging_mixin.py:190} INFO - [2026-05-27T02:00:45.206+0000] {dag.py:4138} INFO - Setting next_dagrun for example_branch_datetime_operator_2 to 2026-05-26 00:00:00+00:00, run_after=2026-05-27 00:00:00+00:00
[2026-05-27T02:00:45.208+0000] {logging_mixin.py:190} INFO - [2026-05-27T02:00:45.208+0000] {dag.py:4138} INFO - Setting next_dagrun for example_branch_datetime_operator_3 to 2026-05-26 00:00:00+00:00, run_after=2026-05-27 00:00:00+00:00
[2026-05-27T02:00:45.217+0000] {processor.py:208} INFO - Processing /home/airflow/.local/lib/python3.12/site-packages/airflow/example_dags/example_branch_datetime_operator.py took 0.071 seconds
[2026-05-27T02:01:15.367+0000] {processor.py:186} INFO - Started process (PID=364) to work on /home/airflow/.local/lib/python3.12/site-packages/airflow/example_dags/example_branch_datetime_operator.py
[2026-05-27T02:01:15.368+0000] {processor.py:914} INFO - Processing file /home/airflow/.local/lib/python3.12/site-packages/airflow/example_dags/example_branch_datetime_operator.py for tasks to queue
[2026-05-27T02:01:15.370+0000] {logging_mixin.py:190} INFO - [2026-05-27T02:01:15.370+0000] {dagbag.py:587} INFO - Filling up the DagBag from /home/airflow/.local/lib/python3.12/site-packages/airflow/example_dags/example_branch_datetime_operator.py
[2026-05-27T02:01:15.380+0000] {processor.py:925} INFO - DAG(s) 'example_branch_datetime_operator_3', 'example_branch_datetime_operator', 'example_branch_datetime_operator_2' retrieved from /home/airflow/.local/lib/python3.12/site-packages/airflow/example_dags/example_branch_datetime_operator.py
[2026-05-27T02:01:15.403+0000] {logging_mixin.py:190} INFO - [2026-05-27T02:01:15.402+0000] {dag.py:3211} INFO - Sync 3 DAGs
[2026-05-27T02:01:15.420+0000] {logging_mixin.py:190} INFO - [2026-05-27T02:01:15.420+0000] {dag.py:4138} INFO - Setting next_dagrun for example_branch_datetime_operator to 2026-05-26 00:00:00+00:00, run_after=2026-05-27 00:00:00+00:00
[2026-05-27T02:01:15.423+0000] {logging_mixin.py:190} INFO - [2026-05-27T02:01:15.423+0000] {dag.py:4138} INFO - Setting next_dagrun for example_branch_datetime_operator_2 to 2026-05-26 00:00:00+00:00, run_after=2026-05-27 00:00:00+00:00
[2026-05-27T02:01:15.424+0000] {logging_mixin.py:190} INFO - [2026-05-27T02:01:15.424+0000] {dag.py:4138} INFO - Setting next_dagrun for example_branch_datetime_operator_3 to 2026-05-26 00:00:00+00:00, run_after=2026-05-27 00:00:00+00:00
[2026-05-27T02:01:15.434+0000] {processor.py:208} INFO - Processing /home/airflow/.local/lib/python3.12/site-packages/airflow/example_dags/example_branch_datetime_operator.py took 0.072 seconds
[2026-05-27T02:01:48.720+0000] {processor.py:186} INFO - Started process (PID=64) to work on /home/airflow/.local/lib/python3.12/site-packages/airflow/example_dags/example_branch_datetime_operator.py
[2026-05-27T02:01:48.721+0000] {processor.py:914} INFO - Processing file /home/airflow/.local/lib/python3.12/site-packages/airflow/example_dags/example_branch_datetime_operator.py for tasks to queue
[2026-05-27T02:01:48.723+0000] {logging_mixin.py:190} INFO - [2026-05-27T02:01:48.723+0000] {dagbag.py:587} INFO - Filling up the DagBag from /home/airflow/.local/lib/python3.12/site-packages/airflow/example_dags/example_branch_datetime_operator.py
[2026-05-27T02:01:48.734+0000] {processor.py:925} INFO - DAG(s) 'example_branch_datetime_operator_2', 'example_branch_datetime_operator_3', 'example_branch_datetime_operator' retrieved from /home/airflow/.local/lib/python3.12/site-packages/airflow/example_dags/example_branch_datetime_operator.py
[2026-05-27T02:01:48.762+0000] {logging_mixin.py:190} INFO - [2026-05-27T02:01:48.761+0000] {dag.py:3211} INFO - Sync 3 DAGs
[2026-05-27T02:01:48.783+0000] {logging_mixin.py:190} INFO - [2026-05-27T02:01:48.783+0000] {dag.py:4138} INFO - Setting next_dagrun for example_branch_datetime_operator to 2026-05-26 00:00:00+00:00, run_after=2026-05-27 00:00:00+00:00
[2026-05-27T02:01:48.786+0000] {logging_mixin.py:190} INFO - [2026-05-27T02:01:48.786+0000] {dag.py:4138} INFO - Setting next_dagrun for example_branch_datetime_operator_2 to 2026-05-26 00:00:00+00:00, run_after=2026-05-27 00:00:00+00:00
[2026-05-27T02:01:48.788+0000] {logging_mixin.py:190} INFO - [2026-05-27T02:01:48.788+0000] {dag.py:4138} INFO - Setting next_dagrun for example_branch_datetime_operator_3 to 2026-05-26 00:00:00+00:00, run_after=2026-05-27 00:00:00+00:00
[2026-05-27T02:01:48.799+0000] {processor.py:208} INFO - Processing /home/airflow/.local/lib/python3.12/site-packages/airflow/example_dags/example_branch_datetime_operator.py took 0.085 seconds
[2026-05-27T02:02:18.392+0000] {processor.py:186} INFO - Started process (PID=64) to work on /home/airflow/.local/lib/python3.12/site-packages/airflow/example_dags/example_branch_datetime_operator.py
[2026-05-27T02:02:18.393+0000] {processor.py:914} INFO - Processing file /home/airflow/.local/lib/python3.12/site-packages/airflow/example_dags/example_branch_datetime_operator.py for tasks to queue
[2026-05-27T02:02:18.395+0000] {logging_mixin.py:190} INFO - [2026-05-27T02:02:18.395+0000] {dagbag.py:587} INFO - Filling up the DagBag from /home/airflow/.local/lib/python3.12/site-packages/airflow/example_dags/example_branch_datetime_operator.py
[2026-05-27T02:02:18.406+0000] {processor.py:925} INFO - DAG(s) 'example_branch_datetime_operator_2', 'example_branch_datetime_operator', 'example_branch_datetime_operator_3' retrieved from /home/airflow/.local/lib/python3.12/site-packages/airflow/example_dags/example_branch_datetime_operator.py
[2026-05-27T02:02:18.437+0000] {logging_mixin.py:190} INFO - [2026-05-27T02:02:18.437+0000] {dag.py:3211} INFO - Sync 3 DAGs
[2026-05-27T02:02:18.455+0000] {logging_mixin.py:190} INFO - [2026-05-27T02:02:18.455+0000] {dag.py:4138} INFO - Setting next_dagrun for example_branch_datetime_operator to 2026-05-26 00:00:00+00:00, run_after=2026-05-27 00:00:00+00:00
[2026-05-27T02:02:18.460+0000] {logging_mixin.py:190} INFO - [2026-05-27T02:02:18.459+0000] {dag.py:4138} INFO - Setting next_dagrun for example_branch_datetime_operator_2 to 2026-05-26 00:00:00+00:00, run_after=2026-05-27 00:00:00+00:00
[2026-05-27T02:02:18.462+0000] {logging_mixin.py:190} INFO - [2026-05-27T02:02:18.461+0000] {dag.py:4138} INFO - Setting next_dagrun for example_branch_datetime_operator_3 to 2026-05-26 00:00:00+00:00, run_after=2026-05-27 00:00:00+00:00
[2026-05-27T02:02:18.475+0000] {processor.py:208} INFO - Processing /home/airflow/.local/lib/python3.12/site-packages/airflow/example_dags/example_branch_datetime_operator.py took 0.088 seconds
[2026-05-27T02:02:59.880+0000] {processor.py:186} INFO - Started process (PID=64) to work on /home/airflow/.local/lib/python3.12/site-packages/airflow/example_dags/example_branch_datetime_operator.py
[2026-05-27T02:02:59.883+0000] {processor.py:914} INFO - Processing file /home/airflow/.local/lib/python3.12/site-packages/airflow/example_dags/example_branch_datetime_operator.py for tasks to queue
[2026-05-27T02:02:59.887+0000] {logging_mixin.py:190} INFO - [2026-05-27T02:02:59.887+0000] {dagbag.py:587} INFO - Filling up the DagBag from /home/airflow/.local/lib/python3.12/site-packages/airflow/example_dags/example_branch_datetime_operator.py
[2026-05-27T02:02:59.904+0000] {processor.py:925} INFO - DAG(s) 'example_branch_datetime_operator_2', 'example_branch_datetime_operator_3', 'example_branch_datetime_operator' retrieved from /home/airflow/.local/lib/python3.12/site-packages/airflow/example_dags/example_branch_datetime_operator.py
[2026-05-27T02:02:59.948+0000] {logging_mixin.py:190} INFO - [2026-05-27T02:02:59.947+0000] {dag.py:3211} INFO - Sync 3 DAGs
[2026-05-27T02:02:59.975+0000] {logging_mixin.py:190} INFO - [2026-05-27T02:02:59.974+0000] {dag.py:4138} INFO - Setting next_dagrun for example_branch_datetime_operator to 2026-05-26 00:00:00+00:00, run_after=2026-05-27 00:00:00+00:00
[2026-05-27T02:02:59.978+0000] {logging_mixin.py:190} INFO - [2026-05-27T02:02:59.978+0000] {dag.py:4138} INFO - Setting next_dagrun for example_branch_datetime_operator_2 to 2026-05-26 00:00:00+00:00, run_after=2026-05-27 00:00:00+00:00
[2026-05-27T02:02:59.980+0000] {logging_mixin.py:190} INFO - [2026-05-27T02:02:59.980+0000] {dag.py:4138} INFO - Setting next_dagrun for example_branch_datetime_operator_3 to 2026-05-26 00:00:00+00:00, run_after=2026-05-27 00:00:00+00:00
[2026-05-27T02:02:59.995+0000] {processor.py:208} INFO - Processing /home/airflow/.local/lib/python3.12/site-packages/airflow/example_dags/example_branch_datetime_operator.py took 0.126 seconds
