[2026-05-27T01:54:04.930+0000] {processor.py:186} INFO - Started process (PID=103) to work on /home/airflow/.local/lib/python3.12/site-packages/airflow/example_dags/example_python_operator.py
[2026-05-27T01:54:04.931+0000] {processor.py:914} INFO - Processing file /home/airflow/.local/lib/python3.12/site-packages/airflow/example_dags/example_python_operator.py for tasks to queue
[2026-05-27T01:54:04.934+0000] {logging_mixin.py:190} INFO - [2026-05-27T01:54:04.933+0000] {dagbag.py:587} INFO - Filling up the DagBag from /home/airflow/.local/lib/python3.12/site-packages/airflow/example_dags/example_python_operator.py
[2026-05-27T01:54:04.944+0000] {processor.py:925} INFO - DAG(s) 'example_python_operator' retrieved from /home/airflow/.local/lib/python3.12/site-packages/airflow/example_dags/example_python_operator.py
[2026-05-27T01:54:05.024+0000] {logging_mixin.py:190} INFO - [2026-05-27T01:54:05.024+0000] {override.py:1858} INFO - Created Permission View: can edit on DAG:example_python_operator
[2026-05-27T01:54:05.030+0000] {logging_mixin.py:190} INFO - [2026-05-27T01:54:05.030+0000] {override.py:1858} INFO - Created Permission View: can read on DAG:example_python_operator
[2026-05-27T01:54:05.034+0000] {logging_mixin.py:190} INFO - [2026-05-27T01:54:05.034+0000] {override.py:1858} INFO - Created Permission View: can delete on DAG:example_python_operator
[2026-05-27T01:54:05.034+0000] {logging_mixin.py:190} INFO - [2026-05-27T01:54:05.034+0000] {dag.py:3211} INFO - Sync 1 DAGs
[2026-05-27T01:54:05.042+0000] {logging_mixin.py:190} INFO - [2026-05-27T01:54:05.041+0000] {dag.py:3234} INFO - Creating ORM DAG for example_python_operator
[2026-05-27T01:54:05.042+0000] {logging_mixin.py:190} INFO - [2026-05-27T01:54:05.042+0000] {dag.py:4138} INFO - Setting next_dagrun for example_python_operator to None, run_after=None
[2026-05-27T01:54:05.051+0000] {processor.py:208} INFO - Processing /home/airflow/.local/lib/python3.12/site-packages/airflow/example_dags/example_python_operator.py took 0.127 seconds
[2026-05-27T01:54:35.574+0000] {processor.py:186} INFO - Started process (PID=175) to work on /home/airflow/.local/lib/python3.12/site-packages/airflow/example_dags/example_python_operator.py
[2026-05-27T01:54:35.575+0000] {processor.py:914} INFO - Processing file /home/airflow/.local/lib/python3.12/site-packages/airflow/example_dags/example_python_operator.py for tasks to queue
[2026-05-27T01:54:35.576+0000] {logging_mixin.py:190} INFO - [2026-05-27T01:54:35.576+0000] {dagbag.py:587} INFO - Filling up the DagBag from /home/airflow/.local/lib/python3.12/site-packages/airflow/example_dags/example_python_operator.py
[2026-05-27T01:54:35.584+0000] {processor.py:925} INFO - DAG(s) 'example_python_operator' retrieved from /home/airflow/.local/lib/python3.12/site-packages/airflow/example_dags/example_python_operator.py
[2026-05-27T01:54:35.599+0000] {logging_mixin.py:190} INFO - [2026-05-27T01:54:35.599+0000] {dag.py:3211} INFO - Sync 1 DAGs
[2026-05-27T01:54:35.609+0000] {logging_mixin.py:190} INFO - [2026-05-27T01:54:35.609+0000] {dag.py:4138} INFO - Setting next_dagrun for example_python_operator to None, run_after=None
[2026-05-27T01:54:35.622+0000] {processor.py:208} INFO - Processing /home/airflow/.local/lib/python3.12/site-packages/airflow/example_dags/example_python_operator.py took 0.052 seconds
[2026-05-27T01:55:05.877+0000] {processor.py:186} INFO - Started process (PID=240) to work on /home/airflow/.local/lib/python3.12/site-packages/airflow/example_dags/example_python_operator.py
[2026-05-27T01:55:05.878+0000] {processor.py:914} INFO - Processing file /home/airflow/.local/lib/python3.12/site-packages/airflow/example_dags/example_python_operator.py for tasks to queue
[2026-05-27T01:55:05.880+0000] {logging_mixin.py:190} INFO - [2026-05-27T01:55:05.880+0000] {dagbag.py:587} INFO - Filling up the DagBag from /home/airflow/.local/lib/python3.12/site-packages/airflow/example_dags/example_python_operator.py
[2026-05-27T01:55:05.891+0000] {processor.py:925} INFO - DAG(s) 'example_python_operator' retrieved from /home/airflow/.local/lib/python3.12/site-packages/airflow/example_dags/example_python_operator.py
[2026-05-27T01:55:05.912+0000] {logging_mixin.py:190} INFO - [2026-05-27T01:55:05.911+0000] {dag.py:3211} INFO - Sync 1 DAGs
[2026-05-27T01:55:05.923+0000] {logging_mixin.py:190} INFO - [2026-05-27T01:55:05.923+0000] {dag.py:4138} INFO - Setting next_dagrun for example_python_operator to None, run_after=None
[2026-05-27T01:55:05.940+0000] {processor.py:208} INFO - Processing /home/airflow/.local/lib/python3.12/site-packages/airflow/example_dags/example_python_operator.py took 0.068 seconds
[2026-05-27T01:55:36.297+0000] {processor.py:186} INFO - Started process (PID=302) to work on /home/airflow/.local/lib/python3.12/site-packages/airflow/example_dags/example_python_operator.py
[2026-05-27T01:55:36.297+0000] {processor.py:914} INFO - Processing file /home/airflow/.local/lib/python3.12/site-packages/airflow/example_dags/example_python_operator.py for tasks to queue
[2026-05-27T01:55:36.299+0000] {logging_mixin.py:190} INFO - [2026-05-27T01:55:36.299+0000] {dagbag.py:587} INFO - Filling up the DagBag from /home/airflow/.local/lib/python3.12/site-packages/airflow/example_dags/example_python_operator.py
[2026-05-27T01:55:36.308+0000] {processor.py:925} INFO - DAG(s) 'example_python_operator' retrieved from /home/airflow/.local/lib/python3.12/site-packages/airflow/example_dags/example_python_operator.py
[2026-05-27T01:55:36.323+0000] {logging_mixin.py:190} INFO - [2026-05-27T01:55:36.323+0000] {dag.py:3211} INFO - Sync 1 DAGs
[2026-05-27T01:55:36.331+0000] {logging_mixin.py:190} INFO - [2026-05-27T01:55:36.331+0000] {dag.py:4138} INFO - Setting next_dagrun for example_python_operator to None, run_after=None
[2026-05-27T01:55:36.342+0000] {processor.py:208} INFO - Processing /home/airflow/.local/lib/python3.12/site-packages/airflow/example_dags/example_python_operator.py took 0.049 seconds
[2026-05-27T01:56:06.777+0000] {processor.py:186} INFO - Started process (PID=364) to work on /home/airflow/.local/lib/python3.12/site-packages/airflow/example_dags/example_python_operator.py
[2026-05-27T01:56:06.778+0000] {processor.py:914} INFO - Processing file /home/airflow/.local/lib/python3.12/site-packages/airflow/example_dags/example_python_operator.py for tasks to queue
[2026-05-27T01:56:06.780+0000] {logging_mixin.py:190} INFO - [2026-05-27T01:56:06.779+0000] {dagbag.py:587} INFO - Filling up the DagBag from /home/airflow/.local/lib/python3.12/site-packages/airflow/example_dags/example_python_operator.py
[2026-05-27T01:56:06.790+0000] {processor.py:925} INFO - DAG(s) 'example_python_operator' retrieved from /home/airflow/.local/lib/python3.12/site-packages/airflow/example_dags/example_python_operator.py
[2026-05-27T01:56:06.809+0000] {logging_mixin.py:190} INFO - [2026-05-27T01:56:06.809+0000] {dag.py:3211} INFO - Sync 1 DAGs
[2026-05-27T01:56:06.822+0000] {logging_mixin.py:190} INFO - [2026-05-27T01:56:06.821+0000] {dag.py:4138} INFO - Setting next_dagrun for example_python_operator to None, run_after=None
[2026-05-27T01:56:06.836+0000] {processor.py:208} INFO - Processing /home/airflow/.local/lib/python3.12/site-packages/airflow/example_dags/example_python_operator.py took 0.064 seconds
[2026-05-27T01:56:37.053+0000] {processor.py:186} INFO - Started process (PID=426) to work on /home/airflow/.local/lib/python3.12/site-packages/airflow/example_dags/example_python_operator.py
[2026-05-27T01:56:37.054+0000] {processor.py:914} INFO - Processing file /home/airflow/.local/lib/python3.12/site-packages/airflow/example_dags/example_python_operator.py for tasks to queue
[2026-05-27T01:56:37.055+0000] {logging_mixin.py:190} INFO - [2026-05-27T01:56:37.055+0000] {dagbag.py:587} INFO - Filling up the DagBag from /home/airflow/.local/lib/python3.12/site-packages/airflow/example_dags/example_python_operator.py
[2026-05-27T01:56:37.064+0000] {processor.py:925} INFO - DAG(s) 'example_python_operator' retrieved from /home/airflow/.local/lib/python3.12/site-packages/airflow/example_dags/example_python_operator.py
[2026-05-27T01:56:37.079+0000] {logging_mixin.py:190} INFO - [2026-05-27T01:56:37.079+0000] {dag.py:3211} INFO - Sync 1 DAGs
[2026-05-27T01:56:37.086+0000] {logging_mixin.py:190} INFO - [2026-05-27T01:56:37.086+0000] {dag.py:4138} INFO - Setting next_dagrun for example_python_operator to None, run_after=None
[2026-05-27T01:56:37.097+0000] {processor.py:208} INFO - Processing /home/airflow/.local/lib/python3.12/site-packages/airflow/example_dags/example_python_operator.py took 0.048 seconds
[2026-05-27T01:57:07.586+0000] {processor.py:186} INFO - Started process (PID=488) to work on /home/airflow/.local/lib/python3.12/site-packages/airflow/example_dags/example_python_operator.py
[2026-05-27T01:57:07.587+0000] {processor.py:914} INFO - Processing file /home/airflow/.local/lib/python3.12/site-packages/airflow/example_dags/example_python_operator.py for tasks to queue
[2026-05-27T01:57:07.589+0000] {logging_mixin.py:190} INFO - [2026-05-27T01:57:07.589+0000] {dagbag.py:587} INFO - Filling up the DagBag from /home/airflow/.local/lib/python3.12/site-packages/airflow/example_dags/example_python_operator.py
[2026-05-27T01:57:07.597+0000] {processor.py:925} INFO - DAG(s) 'example_python_operator' retrieved from /home/airflow/.local/lib/python3.12/site-packages/airflow/example_dags/example_python_operator.py
[2026-05-27T01:57:07.614+0000] {logging_mixin.py:190} INFO - [2026-05-27T01:57:07.614+0000] {dag.py:3211} INFO - Sync 1 DAGs
[2026-05-27T01:57:07.622+0000] {logging_mixin.py:190} INFO - [2026-05-27T01:57:07.622+0000] {dag.py:4138} INFO - Setting next_dagrun for example_python_operator to None, run_after=None
[2026-05-27T01:57:07.632+0000] {processor.py:208} INFO - Processing /home/airflow/.local/lib/python3.12/site-packages/airflow/example_dags/example_python_operator.py took 0.051 seconds
[2026-05-27T01:57:38.103+0000] {processor.py:186} INFO - Started process (PID=550) to work on /home/airflow/.local/lib/python3.12/site-packages/airflow/example_dags/example_python_operator.py
[2026-05-27T01:57:38.103+0000] {processor.py:914} INFO - Processing file /home/airflow/.local/lib/python3.12/site-packages/airflow/example_dags/example_python_operator.py for tasks to queue
[2026-05-27T01:57:38.105+0000] {logging_mixin.py:190} INFO - [2026-05-27T01:57:38.105+0000] {dagbag.py:587} INFO - Filling up the DagBag from /home/airflow/.local/lib/python3.12/site-packages/airflow/example_dags/example_python_operator.py
[2026-05-27T01:57:38.113+0000] {processor.py:925} INFO - DAG(s) 'example_python_operator' retrieved from /home/airflow/.local/lib/python3.12/site-packages/airflow/example_dags/example_python_operator.py
[2026-05-27T01:57:38.130+0000] {logging_mixin.py:190} INFO - [2026-05-27T01:57:38.130+0000] {dag.py:3211} INFO - Sync 1 DAGs
[2026-05-27T01:57:38.139+0000] {logging_mixin.py:190} INFO - [2026-05-27T01:57:38.138+0000] {dag.py:4138} INFO - Setting next_dagrun for example_python_operator to None, run_after=None
[2026-05-27T01:57:38.149+0000] {processor.py:208} INFO - Processing /home/airflow/.local/lib/python3.12/site-packages/airflow/example_dags/example_python_operator.py took 0.051 seconds
[2026-05-27T01:58:08.661+0000] {processor.py:186} INFO - Started process (PID=612) to work on /home/airflow/.local/lib/python3.12/site-packages/airflow/example_dags/example_python_operator.py
[2026-05-27T01:58:08.663+0000] {processor.py:914} INFO - Processing file /home/airflow/.local/lib/python3.12/site-packages/airflow/example_dags/example_python_operator.py for tasks to queue
[2026-05-27T01:58:08.668+0000] {logging_mixin.py:190} INFO - [2026-05-27T01:58:08.667+0000] {dagbag.py:587} INFO - Filling up the DagBag from /home/airflow/.local/lib/python3.12/site-packages/airflow/example_dags/example_python_operator.py
[2026-05-27T01:58:08.689+0000] {processor.py:925} INFO - DAG(s) 'example_python_operator' retrieved from /home/airflow/.local/lib/python3.12/site-packages/airflow/example_dags/example_python_operator.py
[2026-05-27T01:58:08.720+0000] {logging_mixin.py:190} INFO - [2026-05-27T01:58:08.719+0000] {dag.py:3211} INFO - Sync 1 DAGs
[2026-05-27T01:58:08.732+0000] {logging_mixin.py:190} INFO - [2026-05-27T01:58:08.732+0000] {dag.py:4138} INFO - Setting next_dagrun for example_python_operator to None, run_after=None
[2026-05-27T01:58:08.752+0000] {processor.py:208} INFO - Processing /home/airflow/.local/lib/python3.12/site-packages/airflow/example_dags/example_python_operator.py took 0.100 seconds
[2026-05-27T01:59:15.049+0000] {processor.py:186} INFO - Started process (PID=106) to work on /home/airflow/.local/lib/python3.12/site-packages/airflow/example_dags/example_python_operator.py
[2026-05-27T01:59:15.050+0000] {processor.py:914} INFO - Processing file /home/airflow/.local/lib/python3.12/site-packages/airflow/example_dags/example_python_operator.py for tasks to queue
[2026-05-27T01:59:15.052+0000] {logging_mixin.py:190} INFO - [2026-05-27T01:59:15.052+0000] {dagbag.py:587} INFO - Filling up the DagBag from /home/airflow/.local/lib/python3.12/site-packages/airflow/example_dags/example_python_operator.py
[2026-05-27T01:59:15.062+0000] {processor.py:925} INFO - DAG(s) 'example_python_operator' retrieved from /home/airflow/.local/lib/python3.12/site-packages/airflow/example_dags/example_python_operator.py
[2026-05-27T01:59:15.142+0000] {logging_mixin.py:190} INFO - [2026-05-27T01:59:15.142+0000] {dag.py:3211} INFO - Sync 1 DAGs
[2026-05-27T01:59:15.151+0000] {logging_mixin.py:190} INFO - [2026-05-27T01:59:15.151+0000] {dag.py:4138} INFO - Setting next_dagrun for example_python_operator to None, run_after=None
[2026-05-27T01:59:15.163+0000] {processor.py:208} INFO - Processing /home/airflow/.local/lib/python3.12/site-packages/airflow/example_dags/example_python_operator.py took 0.119 seconds
[2026-05-27T01:59:45.383+0000] {processor.py:186} INFO - Started process (PID=204) to work on /home/airflow/.local/lib/python3.12/site-packages/airflow/example_dags/example_python_operator.py
[2026-05-27T01:59:45.384+0000] {processor.py:914} INFO - Processing file /home/airflow/.local/lib/python3.12/site-packages/airflow/example_dags/example_python_operator.py for tasks to queue
[2026-05-27T01:59:45.386+0000] {logging_mixin.py:190} INFO - [2026-05-27T01:59:45.385+0000] {dagbag.py:587} INFO - Filling up the DagBag from /home/airflow/.local/lib/python3.12/site-packages/airflow/example_dags/example_python_operator.py
[2026-05-27T01:59:45.396+0000] {processor.py:925} INFO - DAG(s) 'example_python_operator' retrieved from /home/airflow/.local/lib/python3.12/site-packages/airflow/example_dags/example_python_operator.py
[2026-05-27T01:59:45.415+0000] {logging_mixin.py:190} INFO - [2026-05-27T01:59:45.415+0000] {dag.py:3211} INFO - Sync 1 DAGs
[2026-05-27T01:59:45.426+0000] {logging_mixin.py:190} INFO - [2026-05-27T01:59:45.425+0000] {dag.py:4138} INFO - Setting next_dagrun for example_python_operator to None, run_after=None
[2026-05-27T01:59:45.438+0000] {processor.py:208} INFO - Processing /home/airflow/.local/lib/python3.12/site-packages/airflow/example_dags/example_python_operator.py took 0.061 seconds
[2026-05-27T02:00:16.259+0000] {processor.py:186} INFO - Started process (PID=273) to work on /home/airflow/.local/lib/python3.12/site-packages/airflow/example_dags/example_python_operator.py
[2026-05-27T02:00:16.260+0000] {processor.py:914} INFO - Processing file /home/airflow/.local/lib/python3.12/site-packages/airflow/example_dags/example_python_operator.py for tasks to queue
[2026-05-27T02:00:16.262+0000] {logging_mixin.py:190} INFO - [2026-05-27T02:00:16.262+0000] {dagbag.py:587} INFO - Filling up the DagBag from /home/airflow/.local/lib/python3.12/site-packages/airflow/example_dags/example_python_operator.py
[2026-05-27T02:00:16.272+0000] {processor.py:925} INFO - DAG(s) 'example_python_operator' retrieved from /home/airflow/.local/lib/python3.12/site-packages/airflow/example_dags/example_python_operator.py
[2026-05-27T02:00:16.290+0000] {logging_mixin.py:190} INFO - [2026-05-27T02:00:16.290+0000] {dag.py:3211} INFO - Sync 1 DAGs
[2026-05-27T02:00:16.300+0000] {logging_mixin.py:190} INFO - [2026-05-27T02:00:16.299+0000] {dag.py:4138} INFO - Setting next_dagrun for example_python_operator to None, run_after=None
[2026-05-27T02:00:16.312+0000] {processor.py:208} INFO - Processing /home/airflow/.local/lib/python3.12/site-packages/airflow/example_dags/example_python_operator.py took 0.059 seconds
[2026-05-27T02:00:46.491+0000] {processor.py:186} INFO - Started process (PID=335) to work on /home/airflow/.local/lib/python3.12/site-packages/airflow/example_dags/example_python_operator.py
[2026-05-27T02:00:46.492+0000] {processor.py:914} INFO - Processing file /home/airflow/.local/lib/python3.12/site-packages/airflow/example_dags/example_python_operator.py for tasks to queue
[2026-05-27T02:00:46.494+0000] {logging_mixin.py:190} INFO - [2026-05-27T02:00:46.494+0000] {dagbag.py:587} INFO - Filling up the DagBag from /home/airflow/.local/lib/python3.12/site-packages/airflow/example_dags/example_python_operator.py
[2026-05-27T02:00:46.505+0000] {processor.py:925} INFO - DAG(s) 'example_python_operator' retrieved from /home/airflow/.local/lib/python3.12/site-packages/airflow/example_dags/example_python_operator.py
[2026-05-27T02:00:46.524+0000] {logging_mixin.py:190} INFO - [2026-05-27T02:00:46.524+0000] {dag.py:3211} INFO - Sync 1 DAGs
[2026-05-27T02:00:46.534+0000] {logging_mixin.py:190} INFO - [2026-05-27T02:00:46.533+0000] {dag.py:4138} INFO - Setting next_dagrun for example_python_operator to None, run_after=None
[2026-05-27T02:00:46.547+0000] {processor.py:208} INFO - Processing /home/airflow/.local/lib/python3.12/site-packages/airflow/example_dags/example_python_operator.py took 0.061 seconds
[2026-05-27T02:01:16.626+0000] {processor.py:186} INFO - Started process (PID=397) to work on /home/airflow/.local/lib/python3.12/site-packages/airflow/example_dags/example_python_operator.py
[2026-05-27T02:01:16.627+0000] {processor.py:914} INFO - Processing file /home/airflow/.local/lib/python3.12/site-packages/airflow/example_dags/example_python_operator.py for tasks to queue
[2026-05-27T02:01:16.629+0000] {logging_mixin.py:190} INFO - [2026-05-27T02:01:16.628+0000] {dagbag.py:587} INFO - Filling up the DagBag from /home/airflow/.local/lib/python3.12/site-packages/airflow/example_dags/example_python_operator.py
[2026-05-27T02:01:16.637+0000] {processor.py:925} INFO - DAG(s) 'example_python_operator' retrieved from /home/airflow/.local/lib/python3.12/site-packages/airflow/example_dags/example_python_operator.py
[2026-05-27T02:01:16.652+0000] {logging_mixin.py:190} INFO - [2026-05-27T02:01:16.652+0000] {dag.py:3211} INFO - Sync 1 DAGs
[2026-05-27T02:01:16.662+0000] {logging_mixin.py:190} INFO - [2026-05-27T02:01:16.662+0000] {dag.py:4138} INFO - Setting next_dagrun for example_python_operator to None, run_after=None
[2026-05-27T02:01:16.673+0000] {processor.py:208} INFO - Processing /home/airflow/.local/lib/python3.12/site-packages/airflow/example_dags/example_python_operator.py took 0.052 seconds
[2026-05-27T02:01:50.230+0000] {processor.py:186} INFO - Started process (PID=91) to work on /home/airflow/.local/lib/python3.12/site-packages/airflow/example_dags/example_python_operator.py
[2026-05-27T02:01:50.231+0000] {processor.py:914} INFO - Processing file /home/airflow/.local/lib/python3.12/site-packages/airflow/example_dags/example_python_operator.py for tasks to queue
[2026-05-27T02:01:50.232+0000] {logging_mixin.py:190} INFO - [2026-05-27T02:01:50.232+0000] {dagbag.py:587} INFO - Filling up the DagBag from /home/airflow/.local/lib/python3.12/site-packages/airflow/example_dags/example_python_operator.py
[2026-05-27T02:01:50.241+0000] {processor.py:925} INFO - DAG(s) 'example_python_operator' retrieved from /home/airflow/.local/lib/python3.12/site-packages/airflow/example_dags/example_python_operator.py
[2026-05-27T02:01:50.307+0000] {logging_mixin.py:190} INFO - [2026-05-27T02:01:50.307+0000] {dag.py:3211} INFO - Sync 1 DAGs
[2026-05-27T02:01:50.313+0000] {logging_mixin.py:190} INFO - [2026-05-27T02:01:50.313+0000] {dag.py:4138} INFO - Setting next_dagrun for example_python_operator to None, run_after=None
[2026-05-27T02:01:50.326+0000] {processor.py:208} INFO - Processing /home/airflow/.local/lib/python3.12/site-packages/airflow/example_dags/example_python_operator.py took 0.100 seconds
[2026-05-27T02:02:20.115+0000] {processor.py:186} INFO - Started process (PID=91) to work on /home/airflow/.local/lib/python3.12/site-packages/airflow/example_dags/example_python_operator.py
[2026-05-27T02:02:20.115+0000] {processor.py:914} INFO - Processing file /home/airflow/.local/lib/python3.12/site-packages/airflow/example_dags/example_python_operator.py for tasks to queue
[2026-05-27T02:02:20.117+0000] {logging_mixin.py:190} INFO - [2026-05-27T02:02:20.117+0000] {dagbag.py:587} INFO - Filling up the DagBag from /home/airflow/.local/lib/python3.12/site-packages/airflow/example_dags/example_python_operator.py
[2026-05-27T02:02:20.129+0000] {processor.py:925} INFO - DAG(s) 'example_python_operator' retrieved from /home/airflow/.local/lib/python3.12/site-packages/airflow/example_dags/example_python_operator.py
[2026-05-27T02:02:20.141+0000] {logging_mixin.py:190} INFO - [2026-05-27T02:02:20.141+0000] {dag.py:3211} INFO - Sync 1 DAGs
[2026-05-27T02:02:20.151+0000] {logging_mixin.py:190} INFO - [2026-05-27T02:02:20.151+0000] {dag.py:4138} INFO - Setting next_dagrun for example_python_operator to None, run_after=None
[2026-05-27T02:02:20.163+0000] {processor.py:208} INFO - Processing /home/airflow/.local/lib/python3.12/site-packages/airflow/example_dags/example_python_operator.py took 0.053 seconds
[2026-05-27T02:03:01.915+0000] {processor.py:186} INFO - Started process (PID=97) to work on /home/airflow/.local/lib/python3.12/site-packages/airflow/example_dags/example_python_operator.py
[2026-05-27T02:03:01.916+0000] {processor.py:914} INFO - Processing file /home/airflow/.local/lib/python3.12/site-packages/airflow/example_dags/example_python_operator.py for tasks to queue
[2026-05-27T02:03:01.919+0000] {logging_mixin.py:190} INFO - [2026-05-27T02:03:01.918+0000] {dagbag.py:587} INFO - Filling up the DagBag from /home/airflow/.local/lib/python3.12/site-packages/airflow/example_dags/example_python_operator.py
[2026-05-27T02:03:01.932+0000] {processor.py:925} INFO - DAG(s) 'example_python_operator' retrieved from /home/airflow/.local/lib/python3.12/site-packages/airflow/example_dags/example_python_operator.py
[2026-05-27T02:03:02.034+0000] {logging_mixin.py:190} INFO - [2026-05-27T02:03:02.034+0000] {dag.py:3211} INFO - Sync 1 DAGs
[2026-05-27T02:03:02.045+0000] {logging_mixin.py:190} INFO - [2026-05-27T02:03:02.044+0000] {dag.py:4138} INFO - Setting next_dagrun for example_python_operator to None, run_after=None
[2026-05-27T02:03:02.062+0000] {processor.py:208} INFO - Processing /home/airflow/.local/lib/python3.12/site-packages/airflow/example_dags/example_python_operator.py took 0.152 seconds
