[2026-05-27T01:54:02.236+0000] {processor.py:186} INFO - Started process (PID=69) to work on /home/airflow/.local/lib/python3.12/site-packages/airflow/example_dags/example_bash_decorator.py
[2026-05-27T01:54:02.237+0000] {processor.py:914} INFO - Processing file /home/airflow/.local/lib/python3.12/site-packages/airflow/example_dags/example_bash_decorator.py for tasks to queue
[2026-05-27T01:54:02.240+0000] {logging_mixin.py:190} INFO - [2026-05-27T01:54:02.239+0000] {dagbag.py:587} INFO - Filling up the DagBag from /home/airflow/.local/lib/python3.12/site-packages/airflow/example_dags/example_bash_decorator.py
[2026-05-27T01:54:02.255+0000] {processor.py:925} INFO - DAG(s) 'example_bash_decorator' retrieved from /home/airflow/.local/lib/python3.12/site-packages/airflow/example_dags/example_bash_decorator.py
[2026-05-27T01:54:02.362+0000] {logging_mixin.py:190} INFO - [2026-05-27T01:54:02.361+0000] {override.py:1858} INFO - Created Permission View: can edit on DAG:example_bash_decorator
[2026-05-27T01:54:02.369+0000] {logging_mixin.py:190} INFO - [2026-05-27T01:54:02.369+0000] {override.py:1858} INFO - Created Permission View: can read on DAG:example_bash_decorator
[2026-05-27T01:54:02.375+0000] {logging_mixin.py:190} INFO - [2026-05-27T01:54:02.375+0000] {override.py:1858} INFO - Created Permission View: can delete on DAG:example_bash_decorator
[2026-05-27T01:54:02.376+0000] {logging_mixin.py:190} INFO - [2026-05-27T01:54:02.375+0000] {dag.py:3211} INFO - Sync 1 DAGs
[2026-05-27T01:54:02.386+0000] {logging_mixin.py:190} INFO - [2026-05-27T01:54:02.386+0000] {dag.py:3234} INFO - Creating ORM DAG for example_bash_decorator
[2026-05-27T01:54:02.387+0000] {logging_mixin.py:190} INFO - [2026-05-27T01:54:02.387+0000] {dag.py:4138} INFO - Setting next_dagrun for example_bash_decorator to None, run_after=None
[2026-05-27T01:54:02.399+0000] {processor.py:208} INFO - Processing /home/airflow/.local/lib/python3.12/site-packages/airflow/example_dags/example_bash_decorator.py took 0.168 seconds
[2026-05-27T01:54:32.849+0000] {processor.py:186} INFO - Started process (PID=141) to work on /home/airflow/.local/lib/python3.12/site-packages/airflow/example_dags/example_bash_decorator.py
[2026-05-27T01:54:32.850+0000] {processor.py:914} INFO - Processing file /home/airflow/.local/lib/python3.12/site-packages/airflow/example_dags/example_bash_decorator.py for tasks to queue
[2026-05-27T01:54:32.851+0000] {logging_mixin.py:190} INFO - [2026-05-27T01:54:32.851+0000] {dagbag.py:587} INFO - Filling up the DagBag from /home/airflow/.local/lib/python3.12/site-packages/airflow/example_dags/example_bash_decorator.py
[2026-05-27T01:54:32.862+0000] {processor.py:925} INFO - DAG(s) 'example_bash_decorator' retrieved from /home/airflow/.local/lib/python3.12/site-packages/airflow/example_dags/example_bash_decorator.py
[2026-05-27T01:54:32.879+0000] {logging_mixin.py:190} INFO - [2026-05-27T01:54:32.879+0000] {dag.py:3211} INFO - Sync 1 DAGs
[2026-05-27T01:54:32.888+0000] {logging_mixin.py:190} INFO - [2026-05-27T01:54:32.888+0000] {dag.py:4138} INFO - Setting next_dagrun for example_bash_decorator to None, run_after=None
[2026-05-27T01:54:32.899+0000] {processor.py:208} INFO - Processing /home/airflow/.local/lib/python3.12/site-packages/airflow/example_dags/example_bash_decorator.py took 0.055 seconds
[2026-05-27T01:55:03.306+0000] {processor.py:186} INFO - Started process (PID=206) to work on /home/airflow/.local/lib/python3.12/site-packages/airflow/example_dags/example_bash_decorator.py
[2026-05-27T01:55:03.307+0000] {processor.py:914} INFO - Processing file /home/airflow/.local/lib/python3.12/site-packages/airflow/example_dags/example_bash_decorator.py for tasks to queue
[2026-05-27T01:55:03.308+0000] {logging_mixin.py:190} INFO - [2026-05-27T01:55:03.308+0000] {dagbag.py:587} INFO - Filling up the DagBag from /home/airflow/.local/lib/python3.12/site-packages/airflow/example_dags/example_bash_decorator.py
[2026-05-27T01:55:03.317+0000] {processor.py:925} INFO - DAG(s) 'example_bash_decorator' retrieved from /home/airflow/.local/lib/python3.12/site-packages/airflow/example_dags/example_bash_decorator.py
[2026-05-27T01:55:03.333+0000] {logging_mixin.py:190} INFO - [2026-05-27T01:55:03.333+0000] {dag.py:3211} INFO - Sync 1 DAGs
[2026-05-27T01:55:03.342+0000] {logging_mixin.py:190} INFO - [2026-05-27T01:55:03.341+0000] {dag.py:4138} INFO - Setting next_dagrun for example_bash_decorator to None, run_after=None
[2026-05-27T01:55:03.352+0000] {processor.py:208} INFO - Processing /home/airflow/.local/lib/python3.12/site-packages/airflow/example_dags/example_bash_decorator.py took 0.050 seconds
[2026-05-27T01:55:33.581+0000] {processor.py:186} INFO - Started process (PID=269) to work on /home/airflow/.local/lib/python3.12/site-packages/airflow/example_dags/example_bash_decorator.py
[2026-05-27T01:55:33.582+0000] {processor.py:914} INFO - Processing file /home/airflow/.local/lib/python3.12/site-packages/airflow/example_dags/example_bash_decorator.py for tasks to queue
[2026-05-27T01:55:33.584+0000] {logging_mixin.py:190} INFO - [2026-05-27T01:55:33.583+0000] {dagbag.py:587} INFO - Filling up the DagBag from /home/airflow/.local/lib/python3.12/site-packages/airflow/example_dags/example_bash_decorator.py
[2026-05-27T01:55:33.595+0000] {processor.py:925} INFO - DAG(s) 'example_bash_decorator' retrieved from /home/airflow/.local/lib/python3.12/site-packages/airflow/example_dags/example_bash_decorator.py
[2026-05-27T01:55:33.616+0000] {logging_mixin.py:190} INFO - [2026-05-27T01:55:33.616+0000] {dag.py:3211} INFO - Sync 1 DAGs
[2026-05-27T01:55:33.625+0000] {logging_mixin.py:190} INFO - [2026-05-27T01:55:33.625+0000] {dag.py:4138} INFO - Setting next_dagrun for example_bash_decorator to None, run_after=None
[2026-05-27T01:55:33.636+0000] {processor.py:208} INFO - Processing /home/airflow/.local/lib/python3.12/site-packages/airflow/example_dags/example_bash_decorator.py took 0.059 seconds
[2026-05-27T01:56:04.077+0000] {processor.py:186} INFO - Started process (PID=336) to work on /home/airflow/.local/lib/python3.12/site-packages/airflow/example_dags/example_bash_decorator.py
[2026-05-27T01:56:04.077+0000] {processor.py:914} INFO - Processing file /home/airflow/.local/lib/python3.12/site-packages/airflow/example_dags/example_bash_decorator.py for tasks to queue
[2026-05-27T01:56:04.079+0000] {logging_mixin.py:190} INFO - [2026-05-27T01:56:04.079+0000] {dagbag.py:587} INFO - Filling up the DagBag from /home/airflow/.local/lib/python3.12/site-packages/airflow/example_dags/example_bash_decorator.py
[2026-05-27T01:56:04.090+0000] {processor.py:925} INFO - DAG(s) 'example_bash_decorator' retrieved from /home/airflow/.local/lib/python3.12/site-packages/airflow/example_dags/example_bash_decorator.py
[2026-05-27T01:56:04.106+0000] {logging_mixin.py:190} INFO - [2026-05-27T01:56:04.105+0000] {dag.py:3211} INFO - Sync 1 DAGs
[2026-05-27T01:56:04.115+0000] {logging_mixin.py:190} INFO - [2026-05-27T01:56:04.115+0000] {dag.py:4138} INFO - Setting next_dagrun for example_bash_decorator to None, run_after=None
[2026-05-27T01:56:04.139+0000] {processor.py:208} INFO - Processing /home/airflow/.local/lib/python3.12/site-packages/airflow/example_dags/example_bash_decorator.py took 0.066 seconds
[2026-05-27T01:56:34.624+0000] {processor.py:186} INFO - Started process (PID=398) to work on /home/airflow/.local/lib/python3.12/site-packages/airflow/example_dags/example_bash_decorator.py
[2026-05-27T01:56:34.625+0000] {processor.py:914} INFO - Processing file /home/airflow/.local/lib/python3.12/site-packages/airflow/example_dags/example_bash_decorator.py for tasks to queue
[2026-05-27T01:56:34.629+0000] {logging_mixin.py:190} INFO - [2026-05-27T01:56:34.629+0000] {dagbag.py:587} INFO - Filling up the DagBag from /home/airflow/.local/lib/python3.12/site-packages/airflow/example_dags/example_bash_decorator.py
[2026-05-27T01:56:34.649+0000] {processor.py:925} INFO - DAG(s) 'example_bash_decorator' retrieved from /home/airflow/.local/lib/python3.12/site-packages/airflow/example_dags/example_bash_decorator.py
[2026-05-27T01:56:34.665+0000] {logging_mixin.py:190} INFO - [2026-05-27T01:56:34.665+0000] {dag.py:3211} INFO - Sync 1 DAGs
[2026-05-27T01:56:34.674+0000] {logging_mixin.py:190} INFO - [2026-05-27T01:56:34.674+0000] {dag.py:4138} INFO - Setting next_dagrun for example_bash_decorator to None, run_after=None
[2026-05-27T01:56:34.684+0000] {processor.py:208} INFO - Processing /home/airflow/.local/lib/python3.12/site-packages/airflow/example_dags/example_bash_decorator.py took 0.065 seconds
[2026-05-27T01:57:04.745+0000] {processor.py:186} INFO - Started process (PID=460) to work on /home/airflow/.local/lib/python3.12/site-packages/airflow/example_dags/example_bash_decorator.py
[2026-05-27T01:57:04.746+0000] {processor.py:914} INFO - Processing file /home/airflow/.local/lib/python3.12/site-packages/airflow/example_dags/example_bash_decorator.py for tasks to queue
[2026-05-27T01:57:04.747+0000] {logging_mixin.py:190} INFO - [2026-05-27T01:57:04.747+0000] {dagbag.py:587} INFO - Filling up the DagBag from /home/airflow/.local/lib/python3.12/site-packages/airflow/example_dags/example_bash_decorator.py
[2026-05-27T01:57:04.758+0000] {processor.py:925} INFO - DAG(s) 'example_bash_decorator' retrieved from /home/airflow/.local/lib/python3.12/site-packages/airflow/example_dags/example_bash_decorator.py
[2026-05-27T01:57:04.774+0000] {logging_mixin.py:190} INFO - [2026-05-27T01:57:04.774+0000] {dag.py:3211} INFO - Sync 1 DAGs
[2026-05-27T01:57:04.784+0000] {logging_mixin.py:190} INFO - [2026-05-27T01:57:04.784+0000] {dag.py:4138} INFO - Setting next_dagrun for example_bash_decorator to None, run_after=None
[2026-05-27T01:57:04.795+0000] {processor.py:208} INFO - Processing /home/airflow/.local/lib/python3.12/site-packages/airflow/example_dags/example_bash_decorator.py took 0.054 seconds
[2026-05-27T01:57:35.476+0000] {processor.py:186} INFO - Started process (PID=522) to work on /home/airflow/.local/lib/python3.12/site-packages/airflow/example_dags/example_bash_decorator.py
[2026-05-27T01:57:35.477+0000] {processor.py:914} INFO - Processing file /home/airflow/.local/lib/python3.12/site-packages/airflow/example_dags/example_bash_decorator.py for tasks to queue
[2026-05-27T01:57:35.479+0000] {logging_mixin.py:190} INFO - [2026-05-27T01:57:35.479+0000] {dagbag.py:587} INFO - Filling up the DagBag from /home/airflow/.local/lib/python3.12/site-packages/airflow/example_dags/example_bash_decorator.py
[2026-05-27T01:57:35.489+0000] {processor.py:925} INFO - DAG(s) 'example_bash_decorator' retrieved from /home/airflow/.local/lib/python3.12/site-packages/airflow/example_dags/example_bash_decorator.py
[2026-05-27T01:57:35.506+0000] {logging_mixin.py:190} INFO - [2026-05-27T01:57:35.506+0000] {dag.py:3211} INFO - Sync 1 DAGs
[2026-05-27T01:57:35.514+0000] {logging_mixin.py:190} INFO - [2026-05-27T01:57:35.514+0000] {dag.py:4138} INFO - Setting next_dagrun for example_bash_decorator to None, run_after=None
[2026-05-27T01:57:35.525+0000] {processor.py:208} INFO - Processing /home/airflow/.local/lib/python3.12/site-packages/airflow/example_dags/example_bash_decorator.py took 0.054 seconds
[2026-05-27T01:58:06.017+0000] {processor.py:186} INFO - Started process (PID=584) to work on /home/airflow/.local/lib/python3.12/site-packages/airflow/example_dags/example_bash_decorator.py
[2026-05-27T01:58:06.018+0000] {processor.py:914} INFO - Processing file /home/airflow/.local/lib/python3.12/site-packages/airflow/example_dags/example_bash_decorator.py for tasks to queue
[2026-05-27T01:58:06.019+0000] {logging_mixin.py:190} INFO - [2026-05-27T01:58:06.019+0000] {dagbag.py:587} INFO - Filling up the DagBag from /home/airflow/.local/lib/python3.12/site-packages/airflow/example_dags/example_bash_decorator.py
[2026-05-27T01:58:06.030+0000] {processor.py:925} INFO - DAG(s) 'example_bash_decorator' retrieved from /home/airflow/.local/lib/python3.12/site-packages/airflow/example_dags/example_bash_decorator.py
[2026-05-27T01:58:06.046+0000] {logging_mixin.py:190} INFO - [2026-05-27T01:58:06.046+0000] {dag.py:3211} INFO - Sync 1 DAGs
[2026-05-27T01:58:06.056+0000] {logging_mixin.py:190} INFO - [2026-05-27T01:58:06.056+0000] {dag.py:4138} INFO - Setting next_dagrun for example_bash_decorator to None, run_after=None
[2026-05-27T01:58:06.067+0000] {processor.py:208} INFO - Processing /home/airflow/.local/lib/python3.12/site-packages/airflow/example_dags/example_bash_decorator.py took 0.055 seconds
[2026-05-27T01:59:13.501+0000] {processor.py:186} INFO - Started process (PID=78) to work on /home/airflow/.local/lib/python3.12/site-packages/airflow/example_dags/example_bash_decorator.py
[2026-05-27T01:59:13.502+0000] {processor.py:914} INFO - Processing file /home/airflow/.local/lib/python3.12/site-packages/airflow/example_dags/example_bash_decorator.py for tasks to queue
[2026-05-27T01:59:13.504+0000] {logging_mixin.py:190} INFO - [2026-05-27T01:59:13.504+0000] {dagbag.py:587} INFO - Filling up the DagBag from /home/airflow/.local/lib/python3.12/site-packages/airflow/example_dags/example_bash_decorator.py
[2026-05-27T01:59:13.515+0000] {processor.py:925} INFO - DAG(s) 'example_bash_decorator' retrieved from /home/airflow/.local/lib/python3.12/site-packages/airflow/example_dags/example_bash_decorator.py
[2026-05-27T01:59:13.592+0000] {logging_mixin.py:190} INFO - [2026-05-27T01:59:13.591+0000] {dag.py:3211} INFO - Sync 1 DAGs
[2026-05-27T01:59:13.600+0000] {logging_mixin.py:190} INFO - [2026-05-27T01:59:13.600+0000] {dag.py:4138} INFO - Setting next_dagrun for example_bash_decorator to None, run_after=None
[2026-05-27T01:59:13.614+0000] {processor.py:208} INFO - Processing /home/airflow/.local/lib/python3.12/site-packages/airflow/example_dags/example_bash_decorator.py took 0.117 seconds
[2026-05-27T01:59:43.949+0000] {processor.py:186} INFO - Started process (PID=176) to work on /home/airflow/.local/lib/python3.12/site-packages/airflow/example_dags/example_bash_decorator.py
[2026-05-27T01:59:43.949+0000] {processor.py:914} INFO - Processing file /home/airflow/.local/lib/python3.12/site-packages/airflow/example_dags/example_bash_decorator.py for tasks to queue
[2026-05-27T01:59:43.952+0000] {logging_mixin.py:190} INFO - [2026-05-27T01:59:43.952+0000] {dagbag.py:587} INFO - Filling up the DagBag from /home/airflow/.local/lib/python3.12/site-packages/airflow/example_dags/example_bash_decorator.py
[2026-05-27T01:59:43.965+0000] {processor.py:925} INFO - DAG(s) 'example_bash_decorator' retrieved from /home/airflow/.local/lib/python3.12/site-packages/airflow/example_dags/example_bash_decorator.py
[2026-05-27T01:59:43.984+0000] {logging_mixin.py:190} INFO - [2026-05-27T01:59:43.984+0000] {dag.py:3211} INFO - Sync 1 DAGs
[2026-05-27T01:59:43.995+0000] {logging_mixin.py:190} INFO - [2026-05-27T01:59:43.995+0000] {dag.py:4138} INFO - Setting next_dagrun for example_bash_decorator to None, run_after=None
[2026-05-27T01:59:44.008+0000] {processor.py:208} INFO - Processing /home/airflow/.local/lib/python3.12/site-packages/airflow/example_dags/example_bash_decorator.py took 0.065 seconds
[2026-05-27T02:00:14.226+0000] {processor.py:186} INFO - Started process (PID=239) to work on /home/airflow/.local/lib/python3.12/site-packages/airflow/example_dags/example_bash_decorator.py
[2026-05-27T02:00:14.227+0000] {processor.py:914} INFO - Processing file /home/airflow/.local/lib/python3.12/site-packages/airflow/example_dags/example_bash_decorator.py for tasks to queue
[2026-05-27T02:00:14.229+0000] {logging_mixin.py:190} INFO - [2026-05-27T02:00:14.228+0000] {dagbag.py:587} INFO - Filling up the DagBag from /home/airflow/.local/lib/python3.12/site-packages/airflow/example_dags/example_bash_decorator.py
[2026-05-27T02:00:14.220+0000] {processor.py:925} INFO - DAG(s) 'example_bash_decorator' retrieved from /home/airflow/.local/lib/python3.12/site-packages/airflow/example_dags/example_bash_decorator.py
[2026-05-27T02:00:14.239+0000] {logging_mixin.py:190} INFO - [2026-05-27T02:00:14.239+0000] {dag.py:3211} INFO - Sync 1 DAGs
[2026-05-27T02:00:14.249+0000] {logging_mixin.py:190} INFO - [2026-05-27T02:00:14.249+0000] {dag.py:4138} INFO - Setting next_dagrun for example_bash_decorator to None, run_after=None
[2026-05-27T02:00:14.260+0000] {processor.py:208} INFO - Processing /home/airflow/.local/lib/python3.12/site-packages/airflow/example_dags/example_bash_decorator.py took 0.059 seconds
[2026-05-27T02:00:45.059+0000] {processor.py:186} INFO - Started process (PID=301) to work on /home/airflow/.local/lib/python3.12/site-packages/airflow/example_dags/example_bash_decorator.py
[2026-05-27T02:00:45.060+0000] {processor.py:914} INFO - Processing file /home/airflow/.local/lib/python3.12/site-packages/airflow/example_dags/example_bash_decorator.py for tasks to queue
[2026-05-27T02:00:45.062+0000] {logging_mixin.py:190} INFO - [2026-05-27T02:00:45.061+0000] {dagbag.py:587} INFO - Filling up the DagBag from /home/airflow/.local/lib/python3.12/site-packages/airflow/example_dags/example_bash_decorator.py
[2026-05-27T02:00:45.075+0000] {processor.py:925} INFO - DAG(s) 'example_bash_decorator' retrieved from /home/airflow/.local/lib/python3.12/site-packages/airflow/example_dags/example_bash_decorator.py
[2026-05-27T02:00:45.094+0000] {logging_mixin.py:190} INFO - [2026-05-27T02:00:45.094+0000] {dag.py:3211} INFO - Sync 1 DAGs
[2026-05-27T02:00:45.105+0000] {logging_mixin.py:190} INFO - [2026-05-27T02:00:45.105+0000] {dag.py:4138} INFO - Setting next_dagrun for example_bash_decorator to None, run_after=None
[2026-05-27T02:00:45.116+0000] {processor.py:208} INFO - Processing /home/airflow/.local/lib/python3.12/site-packages/airflow/example_dags/example_bash_decorator.py took 0.062 seconds
[2026-05-27T02:01:15.280+0000] {processor.py:186} INFO - Started process (PID=363) to work on /home/airflow/.local/lib/python3.12/site-packages/airflow/example_dags/example_bash_decorator.py
[2026-05-27T02:01:15.281+0000] {processor.py:914} INFO - Processing file /home/airflow/.local/lib/python3.12/site-packages/airflow/example_dags/example_bash_decorator.py for tasks to queue
[2026-05-27T02:01:15.282+0000] {logging_mixin.py:190} INFO - [2026-05-27T02:01:15.282+0000] {dagbag.py:587} INFO - Filling up the DagBag from /home/airflow/.local/lib/python3.12/site-packages/airflow/example_dags/example_bash_decorator.py
[2026-05-27T02:01:15.293+0000] {processor.py:925} INFO - DAG(s) 'example_bash_decorator' retrieved from /home/airflow/.local/lib/python3.12/site-packages/airflow/example_dags/example_bash_decorator.py
[2026-05-27T02:01:15.308+0000] {logging_mixin.py:190} INFO - [2026-05-27T02:01:15.308+0000] {dag.py:3211} INFO - Sync 1 DAGs
[2026-05-27T02:01:15.319+0000] {logging_mixin.py:190} INFO - [2026-05-27T02:01:15.319+0000] {dag.py:4138} INFO - Setting next_dagrun for example_bash_decorator to None, run_after=None
[2026-05-27T02:01:15.329+0000] {processor.py:208} INFO - Processing /home/airflow/.local/lib/python3.12/site-packages/airflow/example_dags/example_bash_decorator.py took 0.055 seconds
[2026-05-27T02:01:48.682+0000] {processor.py:186} INFO - Started process (PID=63) to work on /home/airflow/.local/lib/python3.12/site-packages/airflow/example_dags/example_bash_decorator.py
[2026-05-27T02:01:48.683+0000] {processor.py:914} INFO - Processing file /home/airflow/.local/lib/python3.12/site-packages/airflow/example_dags/example_bash_decorator.py for tasks to queue
[2026-05-27T02:01:48.685+0000] {logging_mixin.py:190} INFO - [2026-05-27T02:01:48.685+0000] {dagbag.py:587} INFO - Filling up the DagBag from /home/airflow/.local/lib/python3.12/site-packages/airflow/example_dags/example_bash_decorator.py
[2026-05-27T02:01:48.695+0000] {processor.py:925} INFO - DAG(s) 'example_bash_decorator' retrieved from /home/airflow/.local/lib/python3.12/site-packages/airflow/example_dags/example_bash_decorator.py
[2026-05-27T02:01:48.777+0000] {logging_mixin.py:190} INFO - [2026-05-27T02:01:48.776+0000] {dag.py:3211} INFO - Sync 1 DAGs
[2026-05-27T02:01:48.787+0000] {logging_mixin.py:190} INFO - [2026-05-27T02:01:48.787+0000] {dag.py:4138} INFO - Setting next_dagrun for example_bash_decorator to None, run_after=None
[2026-05-27T02:01:48.801+0000] {processor.py:208} INFO - Processing /home/airflow/.local/lib/python3.12/site-packages/airflow/example_dags/example_bash_decorator.py took 0.125 seconds
[2026-05-27T02:02:18.301+0000] {processor.py:186} INFO - Started process (PID=63) to work on /home/airflow/.local/lib/python3.12/site-packages/airflow/example_dags/example_bash_decorator.py
[2026-05-27T02:02:18.302+0000] {processor.py:914} INFO - Processing file /home/airflow/.local/lib/python3.12/site-packages/airflow/example_dags/example_bash_decorator.py for tasks to queue
[2026-05-27T02:02:18.305+0000] {logging_mixin.py:190} INFO - [2026-05-27T02:02:18.304+0000] {dagbag.py:587} INFO - Filling up the DagBag from /home/airflow/.local/lib/python3.12/site-packages/airflow/example_dags/example_bash_decorator.py
[2026-05-27T02:02:18.319+0000] {processor.py:925} INFO - DAG(s) 'example_bash_decorator' retrieved from /home/airflow/.local/lib/python3.12/site-packages/airflow/example_dags/example_bash_decorator.py
[2026-05-27T02:02:18.332+0000] {logging_mixin.py:190} INFO - [2026-05-27T02:02:18.332+0000] {dag.py:3211} INFO - Sync 1 DAGs
[2026-05-27T02:02:18.346+0000] {logging_mixin.py:190} INFO - [2026-05-27T02:02:18.346+0000] {dag.py:4138} INFO - Setting next_dagrun for example_bash_decorator to None, run_after=None
[2026-05-27T02:02:18.362+0000] {processor.py:208} INFO - Processing /home/airflow/.local/lib/python3.12/site-packages/airflow/example_dags/example_bash_decorator.py took 0.067 seconds
[2026-05-27T02:02:59.825+0000] {processor.py:186} INFO - Started process (PID=63) to work on /home/airflow/.local/lib/python3.12/site-packages/airflow/example_dags/example_bash_decorator.py
[2026-05-27T02:02:59.827+0000] {processor.py:914} INFO - Processing file /home/airflow/.local/lib/python3.12/site-packages/airflow/example_dags/example_bash_decorator.py for tasks to queue
[2026-05-27T02:02:59.829+0000] {logging_mixin.py:190} INFO - [2026-05-27T02:02:59.829+0000] {dagbag.py:587} INFO - Filling up the DagBag from /home/airflow/.local/lib/python3.12/site-packages/airflow/example_dags/example_bash_decorator.py
[2026-05-27T02:02:59.849+0000] {processor.py:925} INFO - DAG(s) 'example_bash_decorator' retrieved from /home/airflow/.local/lib/python3.12/site-packages/airflow/example_dags/example_bash_decorator.py
[2026-05-27T02:02:59.966+0000] {logging_mixin.py:190} INFO - [2026-05-27T02:02:59.966+0000] {dag.py:3211} INFO - Sync 1 DAGs
[2026-05-27T02:02:59.977+0000] {logging_mixin.py:190} INFO - [2026-05-27T02:02:59.977+0000] {dag.py:4138} INFO - Setting next_dagrun for example_bash_decorator to None, run_after=None
[2026-05-27T02:02:59.996+0000] {processor.py:208} INFO - Processing /home/airflow/.local/lib/python3.12/site-packages/airflow/example_dags/example_bash_decorator.py took 0.177 seconds
