[2026-05-27T01:54:03.553+0000] {processor.py:186} INFO - Started process (PID=87) to work on /home/airflow/.local/lib/python3.12/site-packages/airflow/example_dags/example_latest_only.py
[2026-05-27T01:54:03.554+0000] {processor.py:914} INFO - Processing file /home/airflow/.local/lib/python3.12/site-packages/airflow/example_dags/example_latest_only.py for tasks to queue
[2026-05-27T01:54:03.558+0000] {logging_mixin.py:190} INFO - [2026-05-27T01:54:03.558+0000] {dagbag.py:587} INFO - Filling up the DagBag from /home/airflow/.local/lib/python3.12/site-packages/airflow/example_dags/example_latest_only.py
[2026-05-27T01:54:03.567+0000] {processor.py:925} INFO - DAG(s) 'latest_only' retrieved from /home/airflow/.local/lib/python3.12/site-packages/airflow/example_dags/example_latest_only.py
[2026-05-27T01:54:03.649+0000] {logging_mixin.py:190} INFO - [2026-05-27T01:54:03.648+0000] {override.py:1858} INFO - Created Permission View: can edit on DAG:latest_only
[2026-05-27T01:54:03.659+0000] {logging_mixin.py:190} INFO - [2026-05-27T01:54:03.659+0000] {override.py:1858} INFO - Created Permission View: can read on DAG:latest_only
[2026-05-27T01:54:03.665+0000] {logging_mixin.py:190} INFO - [2026-05-27T01:54:03.665+0000] {override.py:1858} INFO - Created Permission View: can delete on DAG:latest_only
[2026-05-27T01:54:03.666+0000] {logging_mixin.py:190} INFO - [2026-05-27T01:54:03.666+0000] {dag.py:3211} INFO - Sync 1 DAGs
[2026-05-27T01:54:03.676+0000] {logging_mixin.py:190} INFO - [2026-05-27T01:54:03.675+0000] {dag.py:3234} INFO - Creating ORM DAG for latest_only
[2026-05-27T01:54:03.683+0000] {logging_mixin.py:190} INFO - [2026-05-27T01:54:03.683+0000] {dag.py:4138} INFO - Setting next_dagrun for latest_only to 2026-05-26 20:00:00+00:00, run_after=2026-05-27 00:00:00+00:00
[2026-05-27T01:54:03.694+0000] {processor.py:208} INFO - Processing /home/airflow/.local/lib/python3.12/site-packages/airflow/example_dags/example_latest_only.py took 0.146 seconds
[2026-05-27T01:54:34.681+0000] {processor.py:186} INFO - Started process (PID=159) to work on /home/airflow/.local/lib/python3.12/site-packages/airflow/example_dags/example_latest_only.py
[2026-05-27T01:54:34.682+0000] {processor.py:914} INFO - Processing file /home/airflow/.local/lib/python3.12/site-packages/airflow/example_dags/example_latest_only.py for tasks to queue
[2026-05-27T01:54:34.684+0000] {logging_mixin.py:190} INFO - [2026-05-27T01:54:34.684+0000] {dagbag.py:587} INFO - Filling up the DagBag from /home/airflow/.local/lib/python3.12/site-packages/airflow/example_dags/example_latest_only.py
[2026-05-27T01:54:34.691+0000] {processor.py:925} INFO - DAG(s) 'latest_only' retrieved from /home/airflow/.local/lib/python3.12/site-packages/airflow/example_dags/example_latest_only.py
[2026-05-27T01:54:34.709+0000] {logging_mixin.py:190} INFO - [2026-05-27T01:54:34.708+0000] {dag.py:3211} INFO - Sync 1 DAGs
[2026-05-27T01:54:34.725+0000] {logging_mixin.py:190} INFO - [2026-05-27T01:54:34.725+0000] {dag.py:4138} INFO - Setting next_dagrun for latest_only to 2026-05-26 20:00:00+00:00, run_after=2026-05-27 00:00:00+00:00
[2026-05-27T01:54:34.738+0000] {processor.py:208} INFO - Processing /home/airflow/.local/lib/python3.12/site-packages/airflow/example_dags/example_latest_only.py took 0.062 seconds
[2026-05-27T01:55:04.945+0000] {processor.py:186} INFO - Started process (PID=224) to work on /home/airflow/.local/lib/python3.12/site-packages/airflow/example_dags/example_latest_only.py
[2026-05-27T01:55:04.946+0000] {processor.py:914} INFO - Processing file /home/airflow/.local/lib/python3.12/site-packages/airflow/example_dags/example_latest_only.py for tasks to queue
[2026-05-27T01:55:04.948+0000] {logging_mixin.py:190} INFO - [2026-05-27T01:55:04.948+0000] {dagbag.py:587} INFO - Filling up the DagBag from /home/airflow/.local/lib/python3.12/site-packages/airflow/example_dags/example_latest_only.py
[2026-05-27T01:55:04.954+0000] {processor.py:925} INFO - DAG(s) 'latest_only' retrieved from /home/airflow/.local/lib/python3.12/site-packages/airflow/example_dags/example_latest_only.py
[2026-05-27T01:55:04.970+0000] {logging_mixin.py:190} INFO - [2026-05-27T01:55:04.970+0000] {dag.py:3211} INFO - Sync 1 DAGs
[2026-05-27T01:55:04.985+0000] {logging_mixin.py:190} INFO - [2026-05-27T01:55:04.984+0000] {dag.py:4138} INFO - Setting next_dagrun for latest_only to 2026-05-26 20:00:00+00:00, run_after=2026-05-27 00:00:00+00:00
[2026-05-27T01:55:04.996+0000] {processor.py:208} INFO - Processing /home/airflow/.local/lib/python3.12/site-packages/airflow/example_dags/example_latest_only.py took 0.056 seconds
[2026-05-27T01:55:35.391+0000] {processor.py:186} INFO - Started process (PID=286) to work on /home/airflow/.local/lib/python3.12/site-packages/airflow/example_dags/example_latest_only.py
[2026-05-27T01:55:35.392+0000] {processor.py:914} INFO - Processing file /home/airflow/.local/lib/python3.12/site-packages/airflow/example_dags/example_latest_only.py for tasks to queue
[2026-05-27T01:55:35.396+0000] {logging_mixin.py:190} INFO - [2026-05-27T01:55:35.395+0000] {dagbag.py:587} INFO - Filling up the DagBag from /home/airflow/.local/lib/python3.12/site-packages/airflow/example_dags/example_latest_only.py
[2026-05-27T01:55:35.403+0000] {processor.py:925} INFO - DAG(s) 'latest_only' retrieved from /home/airflow/.local/lib/python3.12/site-packages/airflow/example_dags/example_latest_only.py
[2026-05-27T01:55:35.421+0000] {logging_mixin.py:190} INFO - [2026-05-27T01:55:35.420+0000] {dag.py:3211} INFO - Sync 1 DAGs
[2026-05-27T01:55:35.438+0000] {logging_mixin.py:190} INFO - [2026-05-27T01:55:35.438+0000] {dag.py:4138} INFO - Setting next_dagrun for latest_only to 2026-05-26 20:00:00+00:00, run_after=2026-05-27 00:00:00+00:00
[2026-05-27T01:55:35.449+0000] {processor.py:208} INFO - Processing /home/airflow/.local/lib/python3.12/site-packages/airflow/example_dags/example_latest_only.py took 0.062 seconds
[2026-05-27T01:56:05.702+0000] {processor.py:186} INFO - Started process (PID=348) to work on /home/airflow/.local/lib/python3.12/site-packages/airflow/example_dags/example_latest_only.py
[2026-05-27T01:56:05.703+0000] {processor.py:914} INFO - Processing file /home/airflow/.local/lib/python3.12/site-packages/airflow/example_dags/example_latest_only.py for tasks to queue
[2026-05-27T01:56:05.706+0000] {logging_mixin.py:190} INFO - [2026-05-27T01:56:05.706+0000] {dagbag.py:587} INFO - Filling up the DagBag from /home/airflow/.local/lib/python3.12/site-packages/airflow/example_dags/example_latest_only.py
[2026-05-27T01:56:05.714+0000] {processor.py:925} INFO - DAG(s) 'latest_only' retrieved from /home/airflow/.local/lib/python3.12/site-packages/airflow/example_dags/example_latest_only.py
[2026-05-27T01:56:05.731+0000] {logging_mixin.py:190} INFO - [2026-05-27T01:56:05.731+0000] {dag.py:3211} INFO - Sync 1 DAGs
[2026-05-27T01:56:05.754+0000] {logging_mixin.py:190} INFO - [2026-05-27T01:56:05.754+0000] {dag.py:4138} INFO - Setting next_dagrun for latest_only to 2026-05-26 20:00:00+00:00, run_after=2026-05-27 00:00:00+00:00
[2026-05-27T01:56:05.768+0000] {processor.py:208} INFO - Processing /home/airflow/.local/lib/python3.12/site-packages/airflow/example_dags/example_latest_only.py took 0.070 seconds
[2026-05-27T01:56:36.240+0000] {processor.py:186} INFO - Started process (PID=410) to work on /home/airflow/.local/lib/python3.12/site-packages/airflow/example_dags/example_latest_only.py
[2026-05-27T01:56:36.241+0000] {processor.py:914} INFO - Processing file /home/airflow/.local/lib/python3.12/site-packages/airflow/example_dags/example_latest_only.py for tasks to queue
[2026-05-27T01:56:36.243+0000] {logging_mixin.py:190} INFO - [2026-05-27T01:56:36.243+0000] {dagbag.py:587} INFO - Filling up the DagBag from /home/airflow/.local/lib/python3.12/site-packages/airflow/example_dags/example_latest_only.py
[2026-05-27T01:56:36.254+0000] {processor.py:925} INFO - DAG(s) 'latest_only' retrieved from /home/airflow/.local/lib/python3.12/site-packages/airflow/example_dags/example_latest_only.py
[2026-05-27T01:56:36.274+0000] {logging_mixin.py:190} INFO - [2026-05-27T01:56:36.274+0000] {dag.py:3211} INFO - Sync 1 DAGs
[2026-05-27T01:56:36.293+0000] {logging_mixin.py:190} INFO - [2026-05-27T01:56:36.293+0000] {dag.py:4138} INFO - Setting next_dagrun for latest_only to 2026-05-26 20:00:00+00:00, run_after=2026-05-27 00:00:00+00:00
[2026-05-27T01:56:36.311+0000] {processor.py:208} INFO - Processing /home/airflow/.local/lib/python3.12/site-packages/airflow/example_dags/example_latest_only.py took 0.077 seconds
[2026-05-27T01:57:06.569+0000] {processor.py:186} INFO - Started process (PID=472) to work on /home/airflow/.local/lib/python3.12/site-packages/airflow/example_dags/example_latest_only.py
[2026-05-27T01:57:06.570+0000] {processor.py:914} INFO - Processing file /home/airflow/.local/lib/python3.12/site-packages/airflow/example_dags/example_latest_only.py for tasks to queue
[2026-05-27T01:57:06.574+0000] {logging_mixin.py:190} INFO - [2026-05-27T01:57:06.574+0000] {dagbag.py:587} INFO - Filling up the DagBag from /home/airflow/.local/lib/python3.12/site-packages/airflow/example_dags/example_latest_only.py
[2026-05-27T01:57:06.581+0000] {processor.py:925} INFO - DAG(s) 'latest_only' retrieved from /home/airflow/.local/lib/python3.12/site-packages/airflow/example_dags/example_latest_only.py
[2026-05-27T01:57:06.619+0000] {logging_mixin.py:190} INFO - [2026-05-27T01:57:06.619+0000] {dag.py:3211} INFO - Sync 1 DAGs
[2026-05-27T01:57:06.660+0000] {logging_mixin.py:190} INFO - [2026-05-27T01:57:06.660+0000] {dag.py:4138} INFO - Setting next_dagrun for latest_only to 2026-05-26 20:00:00+00:00, run_after=2026-05-27 00:00:00+00:00
[2026-05-27T01:57:06.685+0000] {processor.py:208} INFO - Processing /home/airflow/.local/lib/python3.12/site-packages/airflow/example_dags/example_latest_only.py took 0.122 seconds
[2026-05-27T01:57:37.230+0000] {processor.py:186} INFO - Started process (PID=534) to work on /home/airflow/.local/lib/python3.12/site-packages/airflow/example_dags/example_latest_only.py
[2026-05-27T01:57:37.230+0000] {processor.py:914} INFO - Processing file /home/airflow/.local/lib/python3.12/site-packages/airflow/example_dags/example_latest_only.py for tasks to queue
[2026-05-27T01:57:37.233+0000] {logging_mixin.py:190} INFO - [2026-05-27T01:57:37.232+0000] {dagbag.py:587} INFO - Filling up the DagBag from /home/airflow/.local/lib/python3.12/site-packages/airflow/example_dags/example_latest_only.py
[2026-05-27T01:57:37.237+0000] {processor.py:925} INFO - DAG(s) 'latest_only' retrieved from /home/airflow/.local/lib/python3.12/site-packages/airflow/example_dags/example_latest_only.py
[2026-05-27T01:57:37.252+0000] {logging_mixin.py:190} INFO - [2026-05-27T01:57:37.252+0000] {dag.py:3211} INFO - Sync 1 DAGs
[2026-05-27T01:57:37.268+0000] {logging_mixin.py:190} INFO - [2026-05-27T01:57:37.267+0000] {dag.py:4138} INFO - Setting next_dagrun for latest_only to 2026-05-26 20:00:00+00:00, run_after=2026-05-27 00:00:00+00:00
[2026-05-27T01:57:37.279+0000] {processor.py:208} INFO - Processing /home/airflow/.local/lib/python3.12/site-packages/airflow/example_dags/example_latest_only.py took 0.054 seconds
[2026-05-27T01:58:07.675+0000] {processor.py:186} INFO - Started process (PID=596) to work on /home/airflow/.local/lib/python3.12/site-packages/airflow/example_dags/example_latest_only.py
[2026-05-27T01:58:07.676+0000] {processor.py:914} INFO - Processing file /home/airflow/.local/lib/python3.12/site-packages/airflow/example_dags/example_latest_only.py for tasks to queue
[2026-05-27T01:58:07.678+0000] {logging_mixin.py:190} INFO - [2026-05-27T01:58:07.678+0000] {dagbag.py:587} INFO - Filling up the DagBag from /home/airflow/.local/lib/python3.12/site-packages/airflow/example_dags/example_latest_only.py
[2026-05-27T01:58:07.685+0000] {processor.py:925} INFO - DAG(s) 'latest_only' retrieved from /home/airflow/.local/lib/python3.12/site-packages/airflow/example_dags/example_latest_only.py
[2026-05-27T01:58:07.707+0000] {logging_mixin.py:190} INFO - [2026-05-27T01:58:07.707+0000] {dag.py:3211} INFO - Sync 1 DAGs
[2026-05-27T01:58:07.734+0000] {logging_mixin.py:190} INFO - [2026-05-27T01:58:07.733+0000] {dag.py:4138} INFO - Setting next_dagrun for latest_only to 2026-05-26 20:00:00+00:00, run_after=2026-05-27 00:00:00+00:00
[2026-05-27T01:58:07.747+0000] {processor.py:208} INFO - Processing /home/airflow/.local/lib/python3.12/site-packages/airflow/example_dags/example_latest_only.py took 0.078 seconds
[2026-05-27T01:59:14.286+0000] {processor.py:186} INFO - Started process (PID=90) to work on /home/airflow/.local/lib/python3.12/site-packages/airflow/example_dags/example_latest_only.py
[2026-05-27T01:59:14.287+0000] {processor.py:914} INFO - Processing file /home/airflow/.local/lib/python3.12/site-packages/airflow/example_dags/example_latest_only.py for tasks to queue
[2026-05-27T01:59:14.289+0000] {logging_mixin.py:190} INFO - [2026-05-27T01:59:14.289+0000] {dagbag.py:587} INFO - Filling up the DagBag from /home/airflow/.local/lib/python3.12/site-packages/airflow/example_dags/example_latest_only.py
[2026-05-27T01:59:14.296+0000] {processor.py:925} INFO - DAG(s) 'latest_only' retrieved from /home/airflow/.local/lib/python3.12/site-packages/airflow/example_dags/example_latest_only.py
[2026-05-27T01:59:14.313+0000] {logging_mixin.py:190} INFO - [2026-05-27T01:59:14.312+0000] {dag.py:3211} INFO - Sync 1 DAGs
[2026-05-27T01:59:14.332+0000] {logging_mixin.py:190} INFO - [2026-05-27T01:59:14.332+0000] {dag.py:4138} INFO - Setting next_dagrun for latest_only to 2026-05-26 20:00:00+00:00, run_after=2026-05-27 00:00:00+00:00
[2026-05-27T01:59:14.347+0000] {processor.py:208} INFO - Processing /home/airflow/.local/lib/python3.12/site-packages/airflow/example_dags/example_latest_only.py took 0.067 seconds
[2026-05-27T01:59:44.659+0000] {processor.py:186} INFO - Started process (PID=188) to work on /home/airflow/.local/lib/python3.12/site-packages/airflow/example_dags/example_latest_only.py
[2026-05-27T01:59:44.659+0000] {processor.py:914} INFO - Processing file /home/airflow/.local/lib/python3.12/site-packages/airflow/example_dags/example_latest_only.py for tasks to queue
[2026-05-27T01:59:44.661+0000] {logging_mixin.py:190} INFO - [2026-05-27T01:59:44.661+0000] {dagbag.py:587} INFO - Filling up the DagBag from /home/airflow/.local/lib/python3.12/site-packages/airflow/example_dags/example_latest_only.py
[2026-05-27T01:59:44.666+0000] {processor.py:925} INFO - DAG(s) 'latest_only' retrieved from /home/airflow/.local/lib/python3.12/site-packages/airflow/example_dags/example_latest_only.py
[2026-05-27T01:59:44.680+0000] {logging_mixin.py:190} INFO - [2026-05-27T01:59:44.680+0000] {dag.py:3211} INFO - Sync 1 DAGs
[2026-05-27T01:59:44.694+0000] {logging_mixin.py:190} INFO - [2026-05-27T01:59:44.694+0000] {dag.py:4138} INFO - Setting next_dagrun for latest_only to 2026-05-26 20:00:00+00:00, run_after=2026-05-27 00:00:00+00:00
[2026-05-27T01:59:44.705+0000] {processor.py:208} INFO - Processing /home/airflow/.local/lib/python3.12/site-packages/airflow/example_dags/example_latest_only.py took 0.050 seconds
[2026-05-27T02:00:15.135+0000] {processor.py:186} INFO - Started process (PID=251) to work on /home/airflow/.local/lib/python3.12/site-packages/airflow/example_dags/example_latest_only.py
[2026-05-27T02:00:15.136+0000] {processor.py:914} INFO - Processing file /home/airflow/.local/lib/python3.12/site-packages/airflow/example_dags/example_latest_only.py for tasks to queue
[2026-05-27T02:00:15.137+0000] {logging_mixin.py:190} INFO - [2026-05-27T02:00:15.137+0000] {dagbag.py:587} INFO - Filling up the DagBag from /home/airflow/.local/lib/python3.12/site-packages/airflow/example_dags/example_latest_only.py
[2026-05-27T02:00:15.143+0000] {processor.py:925} INFO - DAG(s) 'latest_only' retrieved from /home/airflow/.local/lib/python3.12/site-packages/airflow/example_dags/example_latest_only.py
[2026-05-27T02:00:15.161+0000] {logging_mixin.py:190} INFO - [2026-05-27T02:00:15.161+0000] {dag.py:3211} INFO - Sync 1 DAGs
[2026-05-27T02:00:15.178+0000] {logging_mixin.py:190} INFO - [2026-05-27T02:00:15.178+0000] {dag.py:4138} INFO - Setting next_dagrun for latest_only to 2026-05-26 20:00:00+00:00, run_after=2026-05-27 00:00:00+00:00
[2026-05-27T02:00:15.192+0000] {processor.py:208} INFO - Processing /home/airflow/.local/lib/python3.12/site-packages/airflow/example_dags/example_latest_only.py took 0.061 seconds
[2026-05-27T02:00:45.775+0000] {processor.py:186} INFO - Started process (PID=313) to work on /home/airflow/.local/lib/python3.12/site-packages/airflow/example_dags/example_latest_only.py
[2026-05-27T02:00:45.776+0000] {processor.py:914} INFO - Processing file /home/airflow/.local/lib/python3.12/site-packages/airflow/example_dags/example_latest_only.py for tasks to queue
[2026-05-27T02:00:45.779+0000] {logging_mixin.py:190} INFO - [2026-05-27T02:00:45.779+0000] {dagbag.py:587} INFO - Filling up the DagBag from /home/airflow/.local/lib/python3.12/site-packages/airflow/example_dags/example_latest_only.py
[2026-05-27T02:00:45.786+0000] {processor.py:925} INFO - DAG(s) 'latest_only' retrieved from /home/airflow/.local/lib/python3.12/site-packages/airflow/example_dags/example_latest_only.py
[2026-05-27T02:00:45.803+0000] {logging_mixin.py:190} INFO - [2026-05-27T02:00:45.802+0000] {dag.py:3211} INFO - Sync 1 DAGs
[2026-05-27T02:00:45.819+0000] {logging_mixin.py:190} INFO - [2026-05-27T02:00:45.819+0000] {dag.py:4138} INFO - Setting next_dagrun for latest_only to 2026-05-26 20:00:00+00:00, run_after=2026-05-27 00:00:00+00:00
[2026-05-27T02:00:45.831+0000] {processor.py:208} INFO - Processing /home/airflow/.local/lib/python3.12/site-packages/airflow/example_dags/example_latest_only.py took 0.061 seconds
[2026-05-27T02:01:15.956+0000] {processor.py:186} INFO - Started process (PID=375) to work on /home/airflow/.local/lib/python3.12/site-packages/airflow/example_dags/example_latest_only.py
[2026-05-27T02:01:15.957+0000] {processor.py:914} INFO - Processing file /home/airflow/.local/lib/python3.12/site-packages/airflow/example_dags/example_latest_only.py for tasks to queue
[2026-05-27T02:01:15.959+0000] {logging_mixin.py:190} INFO - [2026-05-27T02:01:15.959+0000] {dagbag.py:587} INFO - Filling up the DagBag from /home/airflow/.local/lib/python3.12/site-packages/airflow/example_dags/example_latest_only.py
[2026-05-27T02:01:15.964+0000] {processor.py:925} INFO - DAG(s) 'latest_only' retrieved from /home/airflow/.local/lib/python3.12/site-packages/airflow/example_dags/example_latest_only.py
[2026-05-27T02:01:15.980+0000] {logging_mixin.py:190} INFO - [2026-05-27T02:01:15.980+0000] {dag.py:3211} INFO - Sync 1 DAGs
[2026-05-27T02:01:15.998+0000] {logging_mixin.py:190} INFO - [2026-05-27T02:01:15.998+0000] {dag.py:4138} INFO - Setting next_dagrun for latest_only to 2026-05-26 20:00:00+00:00, run_after=2026-05-27 00:00:00+00:00
[2026-05-27T02:01:16.009+0000] {processor.py:208} INFO - Processing /home/airflow/.local/lib/python3.12/site-packages/airflow/example_dags/example_latest_only.py took 0.057 seconds
[2026-05-27T02:01:49.515+0000] {processor.py:186} INFO - Started process (PID=75) to work on /home/airflow/.local/lib/python3.12/site-packages/airflow/example_dags/example_latest_only.py
[2026-05-27T02:01:49.516+0000] {processor.py:914} INFO - Processing file /home/airflow/.local/lib/python3.12/site-packages/airflow/example_dags/example_latest_only.py for tasks to queue
[2026-05-27T02:01:49.517+0000] {logging_mixin.py:190} INFO - [2026-05-27T02:01:49.517+0000] {dagbag.py:587} INFO - Filling up the DagBag from /home/airflow/.local/lib/python3.12/site-packages/airflow/example_dags/example_latest_only.py
[2026-05-27T02:01:49.522+0000] {processor.py:925} INFO - DAG(s) 'latest_only' retrieved from /home/airflow/.local/lib/python3.12/site-packages/airflow/example_dags/example_latest_only.py
[2026-05-27T02:01:49.537+0000] {logging_mixin.py:190} INFO - [2026-05-27T02:01:49.537+0000] {dag.py:3211} INFO - Sync 1 DAGs
[2026-05-27T02:01:49.551+0000] {logging_mixin.py:190} INFO - [2026-05-27T02:01:49.551+0000] {dag.py:4138} INFO - Setting next_dagrun for latest_only to 2026-05-26 20:00:00+00:00, run_after=2026-05-27 00:00:00+00:00
[2026-05-27T02:01:49.562+0000] {processor.py:208} INFO - Processing /home/airflow/.local/lib/python3.12/site-packages/airflow/example_dags/example_latest_only.py took 0.051 seconds
[2026-05-27T02:02:19.213+0000] {processor.py:186} INFO - Started process (PID=75) to work on /home/airflow/.local/lib/python3.12/site-packages/airflow/example_dags/example_latest_only.py
[2026-05-27T02:02:19.214+0000] {processor.py:914} INFO - Processing file /home/airflow/.local/lib/python3.12/site-packages/airflow/example_dags/example_latest_only.py for tasks to queue
[2026-05-27T02:02:19.218+0000] {logging_mixin.py:190} INFO - [2026-05-27T02:02:19.217+0000] {dagbag.py:587} INFO - Filling up the DagBag from /home/airflow/.local/lib/python3.12/site-packages/airflow/example_dags/example_latest_only.py
[2026-05-27T02:02:19.226+0000] {processor.py:925} INFO - DAG(s) 'latest_only' retrieved from /home/airflow/.local/lib/python3.12/site-packages/airflow/example_dags/example_latest_only.py
[2026-05-27T02:02:19.245+0000] {logging_mixin.py:190} INFO - [2026-05-27T02:02:19.245+0000] {dag.py:3211} INFO - Sync 1 DAGs
[2026-05-27T02:02:19.270+0000] {logging_mixin.py:190} INFO - [2026-05-27T02:02:19.270+0000] {dag.py:4138} INFO - Setting next_dagrun for latest_only to 2026-05-26 20:00:00+00:00, run_after=2026-05-27 00:00:00+00:00
[2026-05-27T02:02:19.286+0000] {processor.py:208} INFO - Processing /home/airflow/.local/lib/python3.12/site-packages/airflow/example_dags/example_latest_only.py took 0.078 seconds
[2026-05-27T02:03:00.887+0000] {processor.py:186} INFO - Started process (PID=75) to work on /home/airflow/.local/lib/python3.12/site-packages/airflow/example_dags/example_latest_only.py
[2026-05-27T02:03:00.888+0000] {processor.py:914} INFO - Processing file /home/airflow/.local/lib/python3.12/site-packages/airflow/example_dags/example_latest_only.py for tasks to queue
[2026-05-27T02:03:00.890+0000] {logging_mixin.py:190} INFO - [2026-05-27T02:03:00.890+0000] {dagbag.py:587} INFO - Filling up the DagBag from /home/airflow/.local/lib/python3.12/site-packages/airflow/example_dags/example_latest_only.py
[2026-05-27T02:03:00.896+0000] {processor.py:925} INFO - DAG(s) 'latest_only' retrieved from /home/airflow/.local/lib/python3.12/site-packages/airflow/example_dags/example_latest_only.py
[2026-05-27T02:03:00.912+0000] {logging_mixin.py:190} INFO - [2026-05-27T02:03:00.912+0000] {dag.py:3211} INFO - Sync 1 DAGs
[2026-05-27T02:03:00.929+0000] {logging_mixin.py:190} INFO - [2026-05-27T02:03:00.929+0000] {dag.py:4138} INFO - Setting next_dagrun for latest_only to 2026-05-26 20:00:00+00:00, run_after=2026-05-27 00:00:00+00:00
[2026-05-27T02:03:00.942+0000] {processor.py:208} INFO - Processing /home/airflow/.local/lib/python3.12/site-packages/airflow/example_dags/example_latest_only.py took 0.060 seconds
