[2026-05-27T01:54:04.102+0000] {processor.py:186} INFO - Started process (PID=94) to work on /home/airflow/.local/lib/python3.12/site-packages/airflow/example_dags/example_latest_only_with_trigger.py
[2026-05-27T01:54:04.103+0000] {processor.py:914} INFO - Processing file /home/airflow/.local/lib/python3.12/site-packages/airflow/example_dags/example_latest_only_with_trigger.py for tasks to queue
[2026-05-27T01:54:04.106+0000] {logging_mixin.py:190} INFO - [2026-05-27T01:54:04.105+0000] {dagbag.py:587} INFO - Filling up the DagBag from /home/airflow/.local/lib/python3.12/site-packages/airflow/example_dags/example_latest_only_with_trigger.py
[2026-05-27T01:54:04.112+0000] {processor.py:925} INFO - DAG(s) 'latest_only_with_trigger' retrieved from /home/airflow/.local/lib/python3.12/site-packages/airflow/example_dags/example_latest_only_with_trigger.py
[2026-05-27T01:54:04.192+0000] {logging_mixin.py:190} INFO - [2026-05-27T01:54:04.191+0000] {override.py:1858} INFO - Created Permission View: can edit on DAG:latest_only_with_trigger
[2026-05-27T01:54:04.199+0000] {logging_mixin.py:190} INFO - [2026-05-27T01:54:04.199+0000] {override.py:1858} INFO - Created Permission View: can read on DAG:latest_only_with_trigger
[2026-05-27T01:54:04.204+0000] {logging_mixin.py:190} INFO - [2026-05-27T01:54:04.203+0000] {override.py:1858} INFO - Created Permission View: can delete on DAG:latest_only_with_trigger
[2026-05-27T01:54:04.204+0000] {logging_mixin.py:190} INFO - [2026-05-27T01:54:04.204+0000] {dag.py:3211} INFO - Sync 1 DAGs
[2026-05-27T01:54:04.213+0000] {logging_mixin.py:190} INFO - [2026-05-27T01:54:04.213+0000] {dag.py:3234} INFO - Creating ORM DAG for latest_only_with_trigger
[2026-05-27T01:54:04.220+0000] {logging_mixin.py:190} INFO - [2026-05-27T01:54:04.220+0000] {dag.py:4138} INFO - Setting next_dagrun for latest_only_with_trigger to 2026-05-26 20:00:00+00:00, run_after=2026-05-27 00:00:00+00:00
[2026-05-27T01:54:04.230+0000] {processor.py:208} INFO - Processing /home/airflow/.local/lib/python3.12/site-packages/airflow/example_dags/example_latest_only_with_trigger.py took 0.134 seconds
[2026-05-27T01:54:35.034+0000] {processor.py:186} INFO - Started process (PID=166) to work on /home/airflow/.local/lib/python3.12/site-packages/airflow/example_dags/example_latest_only_with_trigger.py
[2026-05-27T01:54:35.035+0000] {processor.py:914} INFO - Processing file /home/airflow/.local/lib/python3.12/site-packages/airflow/example_dags/example_latest_only_with_trigger.py for tasks to queue
[2026-05-27T01:54:35.037+0000] {logging_mixin.py:190} INFO - [2026-05-27T01:54:35.037+0000] {dagbag.py:587} INFO - Filling up the DagBag from /home/airflow/.local/lib/python3.12/site-packages/airflow/example_dags/example_latest_only_with_trigger.py
[2026-05-27T01:54:35.043+0000] {processor.py:925} INFO - DAG(s) 'latest_only_with_trigger' retrieved from /home/airflow/.local/lib/python3.12/site-packages/airflow/example_dags/example_latest_only_with_trigger.py
[2026-05-27T01:54:35.063+0000] {logging_mixin.py:190} INFO - [2026-05-27T01:54:35.063+0000] {dag.py:3211} INFO - Sync 1 DAGs
[2026-05-27T01:54:35.082+0000] {logging_mixin.py:190} INFO - [2026-05-27T01:54:35.081+0000] {dag.py:4138} INFO - Setting next_dagrun for latest_only_with_trigger to 2026-05-26 20:00:00+00:00, run_after=2026-05-27 00:00:00+00:00
[2026-05-27T01:54:35.095+0000] {processor.py:208} INFO - Processing /home/airflow/.local/lib/python3.12/site-packages/airflow/example_dags/example_latest_only_with_trigger.py took 0.065 seconds
[2026-05-27T01:55:05.291+0000] {processor.py:186} INFO - Started process (PID=231) to work on /home/airflow/.local/lib/python3.12/site-packages/airflow/example_dags/example_latest_only_with_trigger.py
[2026-05-27T01:55:05.292+0000] {processor.py:914} INFO - Processing file /home/airflow/.local/lib/python3.12/site-packages/airflow/example_dags/example_latest_only_with_trigger.py for tasks to queue
[2026-05-27T01:55:05.294+0000] {logging_mixin.py:190} INFO - [2026-05-27T01:55:05.294+0000] {dagbag.py:587} INFO - Filling up the DagBag from /home/airflow/.local/lib/python3.12/site-packages/airflow/example_dags/example_latest_only_with_trigger.py
[2026-05-27T01:55:05.300+0000] {processor.py:925} INFO - DAG(s) 'latest_only_with_trigger' retrieved from /home/airflow/.local/lib/python3.12/site-packages/airflow/example_dags/example_latest_only_with_trigger.py
[2026-05-27T01:55:05.321+0000] {logging_mixin.py:190} INFO - [2026-05-27T01:55:05.321+0000] {dag.py:3211} INFO - Sync 1 DAGs
[2026-05-27T01:55:05.337+0000] {logging_mixin.py:190} INFO - [2026-05-27T01:55:05.337+0000] {dag.py:4138} INFO - Setting next_dagrun for latest_only_with_trigger to 2026-05-26 20:00:00+00:00, run_after=2026-05-27 00:00:00+00:00
[2026-05-27T01:55:05.348+0000] {processor.py:208} INFO - Processing /home/airflow/.local/lib/python3.12/site-packages/airflow/example_dags/example_latest_only_with_trigger.py took 0.064 seconds
[2026-05-27T01:55:35.725+0000] {processor.py:186} INFO - Started process (PID=292) to work on /home/airflow/.local/lib/python3.12/site-packages/airflow/example_dags/example_latest_only_with_trigger.py
[2026-05-27T01:55:35.726+0000] {processor.py:914} INFO - Processing file /home/airflow/.local/lib/python3.12/site-packages/airflow/example_dags/example_latest_only_with_trigger.py for tasks to queue
[2026-05-27T01:55:35.728+0000] {logging_mixin.py:190} INFO - [2026-05-27T01:55:35.728+0000] {dagbag.py:587} INFO - Filling up the DagBag from /home/airflow/.local/lib/python3.12/site-packages/airflow/example_dags/example_latest_only_with_trigger.py
[2026-05-27T01:55:35.733+0000] {processor.py:925} INFO - DAG(s) 'latest_only_with_trigger' retrieved from /home/airflow/.local/lib/python3.12/site-packages/airflow/example_dags/example_latest_only_with_trigger.py
[2026-05-27T01:55:35.749+0000] {logging_mixin.py:190} INFO - [2026-05-27T01:55:35.749+0000] {dag.py:3211} INFO - Sync 1 DAGs
[2026-05-27T01:55:35.764+0000] {logging_mixin.py:190} INFO - [2026-05-27T01:55:35.764+0000] {dag.py:4138} INFO - Setting next_dagrun for latest_only_with_trigger to 2026-05-26 20:00:00+00:00, run_after=2026-05-27 00:00:00+00:00
[2026-05-27T01:55:35.775+0000] {processor.py:208} INFO - Processing /home/airflow/.local/lib/python3.12/site-packages/airflow/example_dags/example_latest_only_with_trigger.py took 0.054 seconds
[2026-05-27T01:56:06.098+0000] {processor.py:186} INFO - Started process (PID=355) to work on /home/airflow/.local/lib/python3.12/site-packages/airflow/example_dags/example_latest_only_with_trigger.py
[2026-05-27T01:56:06.099+0000] {processor.py:914} INFO - Processing file /home/airflow/.local/lib/python3.12/site-packages/airflow/example_dags/example_latest_only_with_trigger.py for tasks to queue
[2026-05-27T01:56:06.100+0000] {logging_mixin.py:190} INFO - [2026-05-27T01:56:06.100+0000] {dagbag.py:587} INFO - Filling up the DagBag from /home/airflow/.local/lib/python3.12/site-packages/airflow/example_dags/example_latest_only_with_trigger.py
[2026-05-27T01:56:06.106+0000] {processor.py:925} INFO - DAG(s) 'latest_only_with_trigger' retrieved from /home/airflow/.local/lib/python3.12/site-packages/airflow/example_dags/example_latest_only_with_trigger.py
[2026-05-27T01:56:06.122+0000] {logging_mixin.py:190} INFO - [2026-05-27T01:56:06.122+0000] {dag.py:3211} INFO - Sync 1 DAGs
[2026-05-27T01:56:06.138+0000] {logging_mixin.py:190} INFO - [2026-05-27T01:56:06.137+0000] {dag.py:4138} INFO - Setting next_dagrun for latest_only_with_trigger to 2026-05-26 20:00:00+00:00, run_after=2026-05-27 00:00:00+00:00
[2026-05-27T01:56:06.149+0000] {processor.py:208} INFO - Processing /home/airflow/.local/lib/python3.12/site-packages/airflow/example_dags/example_latest_only_with_trigger.py took 0.055 seconds
[2026-05-27T01:56:36.626+0000] {processor.py:186} INFO - Started process (PID=417) to work on /home/airflow/.local/lib/python3.12/site-packages/airflow/example_dags/example_latest_only_with_trigger.py
[2026-05-27T01:56:36.627+0000] {processor.py:914} INFO - Processing file /home/airflow/.local/lib/python3.12/site-packages/airflow/example_dags/example_latest_only_with_trigger.py for tasks to queue
[2026-05-27T01:56:36.629+0000] {logging_mixin.py:190} INFO - [2026-05-27T01:56:36.629+0000] {dagbag.py:587} INFO - Filling up the DagBag from /home/airflow/.local/lib/python3.12/site-packages/airflow/example_dags/example_latest_only_with_trigger.py
[2026-05-27T01:56:36.634+0000] {processor.py:925} INFO - DAG(s) 'latest_only_with_trigger' retrieved from /home/airflow/.local/lib/python3.12/site-packages/airflow/example_dags/example_latest_only_with_trigger.py
[2026-05-27T01:56:36.649+0000] {logging_mixin.py:190} INFO - [2026-05-27T01:56:36.649+0000] {dag.py:3211} INFO - Sync 1 DAGs
[2026-05-27T01:56:36.662+0000] {logging_mixin.py:190} INFO - [2026-05-27T01:56:36.662+0000] {dag.py:4138} INFO - Setting next_dagrun for latest_only_with_trigger to 2026-05-26 20:00:00+00:00, run_after=2026-05-27 00:00:00+00:00
[2026-05-27T01:56:36.672+0000] {processor.py:208} INFO - Processing /home/airflow/.local/lib/python3.12/site-packages/airflow/example_dags/example_latest_only_with_trigger.py took 0.051 seconds
[2026-05-27T01:57:07.088+0000] {processor.py:186} INFO - Started process (PID=479) to work on /home/airflow/.local/lib/python3.12/site-packages/airflow/example_dags/example_latest_only_with_trigger.py
[2026-05-27T01:57:07.088+0000] {processor.py:914} INFO - Processing file /home/airflow/.local/lib/python3.12/site-packages/airflow/example_dags/example_latest_only_with_trigger.py for tasks to queue
[2026-05-27T01:57:07.090+0000] {logging_mixin.py:190} INFO - [2026-05-27T01:57:07.090+0000] {dagbag.py:587} INFO - Filling up the DagBag from /home/airflow/.local/lib/python3.12/site-packages/airflow/example_dags/example_latest_only_with_trigger.py
[2026-05-27T01:57:07.095+0000] {processor.py:925} INFO - DAG(s) 'latest_only_with_trigger' retrieved from /home/airflow/.local/lib/python3.12/site-packages/airflow/example_dags/example_latest_only_with_trigger.py
[2026-05-27T01:57:07.110+0000] {logging_mixin.py:190} INFO - [2026-05-27T01:57:07.110+0000] {dag.py:3211} INFO - Sync 1 DAGs
[2026-05-27T01:57:07.123+0000] {logging_mixin.py:190} INFO - [2026-05-27T01:57:07.123+0000] {dag.py:4138} INFO - Setting next_dagrun for latest_only_with_trigger to 2026-05-26 20:00:00+00:00, run_after=2026-05-27 00:00:00+00:00
[2026-05-27T01:57:07.133+0000] {processor.py:208} INFO - Processing /home/airflow/.local/lib/python3.12/site-packages/airflow/example_dags/example_latest_only_with_trigger.py took 0.049 seconds
[2026-05-27T01:57:37.569+0000] {processor.py:186} INFO - Started process (PID=541) to work on /home/airflow/.local/lib/python3.12/site-packages/airflow/example_dags/example_latest_only_with_trigger.py
[2026-05-27T01:57:37.570+0000] {processor.py:914} INFO - Processing file /home/airflow/.local/lib/python3.12/site-packages/airflow/example_dags/example_latest_only_with_trigger.py for tasks to queue
[2026-05-27T01:57:37.571+0000] {logging_mixin.py:190} INFO - [2026-05-27T01:57:37.571+0000] {dagbag.py:587} INFO - Filling up the DagBag from /home/airflow/.local/lib/python3.12/site-packages/airflow/example_dags/example_latest_only_with_trigger.py
[2026-05-27T01:57:37.576+0000] {processor.py:925} INFO - DAG(s) 'latest_only_with_trigger' retrieved from /home/airflow/.local/lib/python3.12/site-packages/airflow/example_dags/example_latest_only_with_trigger.py
[2026-05-27T01:57:37.592+0000] {logging_mixin.py:190} INFO - [2026-05-27T01:57:37.592+0000] {dag.py:3211} INFO - Sync 1 DAGs
[2026-05-27T01:57:37.607+0000] {logging_mixin.py:190} INFO - [2026-05-27T01:57:37.607+0000] {dag.py:4138} INFO - Setting next_dagrun for latest_only_with_trigger to 2026-05-26 20:00:00+00:00, run_after=2026-05-27 00:00:00+00:00
[2026-05-27T01:57:37.620+0000] {processor.py:208} INFO - Processing /home/airflow/.local/lib/python3.12/site-packages/airflow/example_dags/example_latest_only_with_trigger.py took 0.055 seconds
[2026-05-27T01:58:08.061+0000] {processor.py:186} INFO - Started process (PID=603) to work on /home/airflow/.local/lib/python3.12/site-packages/airflow/example_dags/example_latest_only_with_trigger.py
[2026-05-27T01:58:08.062+0000] {processor.py:914} INFO - Processing file /home/airflow/.local/lib/python3.12/site-packages/airflow/example_dags/example_latest_only_with_trigger.py for tasks to queue
[2026-05-27T01:58:08.064+0000] {logging_mixin.py:190} INFO - [2026-05-27T01:58:08.064+0000] {dagbag.py:587} INFO - Filling up the DagBag from /home/airflow/.local/lib/python3.12/site-packages/airflow/example_dags/example_latest_only_with_trigger.py
[2026-05-27T01:58:08.070+0000] {processor.py:925} INFO - DAG(s) 'latest_only_with_trigger' retrieved from /home/airflow/.local/lib/python3.12/site-packages/airflow/example_dags/example_latest_only_with_trigger.py
[2026-05-27T01:58:08.087+0000] {logging_mixin.py:190} INFO - [2026-05-27T01:58:08.087+0000] {dag.py:3211} INFO - Sync 1 DAGs
[2026-05-27T01:58:08.103+0000] {logging_mixin.py:190} INFO - [2026-05-27T01:58:08.102+0000] {dag.py:4138} INFO - Setting next_dagrun for latest_only_with_trigger to 2026-05-26 20:00:00+00:00, run_after=2026-05-27 00:00:00+00:00
[2026-05-27T01:58:08.114+0000] {processor.py:208} INFO - Processing /home/airflow/.local/lib/python3.12/site-packages/airflow/example_dags/example_latest_only_with_trigger.py took 0.057 seconds
[2026-05-27T01:59:14.619+0000] {processor.py:186} INFO - Started process (PID=97) to work on /home/airflow/.local/lib/python3.12/site-packages/airflow/example_dags/example_latest_only_with_trigger.py
[2026-05-27T01:59:14.620+0000] {processor.py:914} INFO - Processing file /home/airflow/.local/lib/python3.12/site-packages/airflow/example_dags/example_latest_only_with_trigger.py for tasks to queue
[2026-05-27T01:59:14.622+0000] {logging_mixin.py:190} INFO - [2026-05-27T01:59:14.622+0000] {dagbag.py:587} INFO - Filling up the DagBag from /home/airflow/.local/lib/python3.12/site-packages/airflow/example_dags/example_latest_only_with_trigger.py
[2026-05-27T01:59:14.629+0000] {processor.py:925} INFO - DAG(s) 'latest_only_with_trigger' retrieved from /home/airflow/.local/lib/python3.12/site-packages/airflow/example_dags/example_latest_only_with_trigger.py
[2026-05-27T01:59:14.648+0000] {logging_mixin.py:190} INFO - [2026-05-27T01:59:14.648+0000] {dag.py:3211} INFO - Sync 1 DAGs
[2026-05-27T01:59:14.668+0000] {logging_mixin.py:190} INFO - [2026-05-27T01:59:14.667+0000] {dag.py:4138} INFO - Setting next_dagrun for latest_only_with_trigger to 2026-05-26 20:00:00+00:00, run_after=2026-05-27 00:00:00+00:00
[2026-05-27T01:59:14.679+0000] {processor.py:208} INFO - Processing /home/airflow/.local/lib/python3.12/site-packages/airflow/example_dags/example_latest_only_with_trigger.py took 0.065 seconds
[2026-05-27T01:59:44.965+0000] {processor.py:186} INFO - Started process (PID=195) to work on /home/airflow/.local/lib/python3.12/site-packages/airflow/example_dags/example_latest_only_with_trigger.py
[2026-05-27T01:59:44.966+0000] {processor.py:914} INFO - Processing file /home/airflow/.local/lib/python3.12/site-packages/airflow/example_dags/example_latest_only_with_trigger.py for tasks to queue
[2026-05-27T01:59:44.968+0000] {logging_mixin.py:190} INFO - [2026-05-27T01:59:44.968+0000] {dagbag.py:587} INFO - Filling up the DagBag from /home/airflow/.local/lib/python3.12/site-packages/airflow/example_dags/example_latest_only_with_trigger.py
[2026-05-27T01:59:44.978+0000] {processor.py:925} INFO - DAG(s) 'latest_only_with_trigger' retrieved from /home/airflow/.local/lib/python3.12/site-packages/airflow/example_dags/example_latest_only_with_trigger.py
[2026-05-27T01:59:44.996+0000] {logging_mixin.py:190} INFO - [2026-05-27T01:59:44.996+0000] {dag.py:3211} INFO - Sync 1 DAGs
[2026-05-27T01:59:45.011+0000] {logging_mixin.py:190} INFO - [2026-05-27T01:59:45.011+0000] {dag.py:4138} INFO - Setting next_dagrun for latest_only_with_trigger to 2026-05-26 20:00:00+00:00, run_after=2026-05-27 00:00:00+00:00
[2026-05-27T01:59:45.024+0000] {processor.py:208} INFO - Processing /home/airflow/.local/lib/python3.12/site-packages/airflow/example_dags/example_latest_only_with_trigger.py took 0.065 seconds
[2026-05-27T02:00:15.650+0000] {processor.py:186} INFO - Started process (PID=258) to work on /home/airflow/.local/lib/python3.12/site-packages/airflow/example_dags/example_latest_only_with_trigger.py
[2026-05-27T02:00:15.651+0000] {processor.py:914} INFO - Processing file /home/airflow/.local/lib/python3.12/site-packages/airflow/example_dags/example_latest_only_with_trigger.py for tasks to queue
[2026-05-27T02:00:15.654+0000] {logging_mixin.py:190} INFO - [2026-05-27T02:00:15.654+0000] {dagbag.py:587} INFO - Filling up the DagBag from /home/airflow/.local/lib/python3.12/site-packages/airflow/example_dags/example_latest_only_with_trigger.py
[2026-05-27T02:00:15.660+0000] {processor.py:925} INFO - DAG(s) 'latest_only_with_trigger' retrieved from /home/airflow/.local/lib/python3.12/site-packages/airflow/example_dags/example_latest_only_with_trigger.py
[2026-05-27T02:00:15.683+0000] {logging_mixin.py:190} INFO - [2026-05-27T02:00:15.682+0000] {dag.py:3211} INFO - Sync 1 DAGs
[2026-05-27T02:00:15.704+0000] {logging_mixin.py:190} INFO - [2026-05-27T02:00:15.704+0000] {dag.py:4138} INFO - Setting next_dagrun for latest_only_with_trigger to 2026-05-26 20:00:00+00:00, run_after=2026-05-27 00:00:00+00:00
[2026-05-27T02:00:15.722+0000] {processor.py:208} INFO - Processing /home/airflow/.local/lib/python3.12/site-packages/airflow/example_dags/example_latest_only_with_trigger.py took 0.077 seconds
[2026-05-27T02:00:46.087+0000] {processor.py:186} INFO - Started process (PID=326) to work on /home/airflow/.local/lib/python3.12/site-packages/airflow/example_dags/example_latest_only_with_trigger.py
[2026-05-27T02:00:46.088+0000] {processor.py:914} INFO - Processing file /home/airflow/.local/lib/python3.12/site-packages/airflow/example_dags/example_latest_only_with_trigger.py for tasks to queue
[2026-05-27T02:00:46.091+0000] {logging_mixin.py:190} INFO - [2026-05-27T02:00:46.091+0000] {dagbag.py:587} INFO - Filling up the DagBag from /home/airflow/.local/lib/python3.12/site-packages/airflow/example_dags/example_latest_only_with_trigger.py
[2026-05-27T02:00:46.096+0000] {processor.py:925} INFO - DAG(s) 'latest_only_with_trigger' retrieved from /home/airflow/.local/lib/python3.12/site-packages/airflow/example_dags/example_latest_only_with_trigger.py
[2026-05-27T02:00:46.114+0000] {logging_mixin.py:190} INFO - [2026-05-27T02:00:46.114+0000] {dag.py:3211} INFO - Sync 1 DAGs
[2026-05-27T02:00:46.130+0000] {logging_mixin.py:190} INFO - [2026-05-27T02:00:46.130+0000] {dag.py:4138} INFO - Setting next_dagrun for latest_only_with_trigger to 2026-05-26 20:00:00+00:00, run_after=2026-05-27 00:00:00+00:00
[2026-05-27T02:00:46.141+0000] {processor.py:208} INFO - Processing /home/airflow/.local/lib/python3.12/site-packages/airflow/example_dags/example_latest_only_with_trigger.py took 0.059 seconds
[2026-05-27T02:01:16.265+0000] {processor.py:186} INFO - Started process (PID=388) to work on /home/airflow/.local/lib/python3.12/site-packages/airflow/example_dags/example_latest_only_with_trigger.py
[2026-05-27T02:01:16.266+0000] {processor.py:914} INFO - Processing file /home/airflow/.local/lib/python3.12/site-packages/airflow/example_dags/example_latest_only_with_trigger.py for tasks to queue
[2026-05-27T02:01:16.269+0000] {logging_mixin.py:190} INFO - [2026-05-27T02:01:16.268+0000] {dagbag.py:587} INFO - Filling up the DagBag from /home/airflow/.local/lib/python3.12/site-packages/airflow/example_dags/example_latest_only_with_trigger.py
[2026-05-27T02:01:16.275+0000] {processor.py:925} INFO - DAG(s) 'latest_only_with_trigger' retrieved from /home/airflow/.local/lib/python3.12/site-packages/airflow/example_dags/example_latest_only_with_trigger.py
[2026-05-27T02:01:16.292+0000] {logging_mixin.py:190} INFO - [2026-05-27T02:01:16.292+0000] {dag.py:3211} INFO - Sync 1 DAGs
[2026-05-27T02:01:16.307+0000] {logging_mixin.py:190} INFO - [2026-05-27T02:01:16.307+0000] {dag.py:4138} INFO - Setting next_dagrun for latest_only_with_trigger to 2026-05-26 20:00:00+00:00, run_after=2026-05-27 00:00:00+00:00
[2026-05-27T02:01:16.318+0000] {processor.py:208} INFO - Processing /home/airflow/.local/lib/python3.12/site-packages/airflow/example_dags/example_latest_only_with_trigger.py took 0.058 seconds
[2026-05-27T02:01:49.812+0000] {processor.py:186} INFO - Started process (PID=82) to work on /home/airflow/.local/lib/python3.12/site-packages/airflow/example_dags/example_latest_only_with_trigger.py
[2026-05-27T02:01:49.813+0000] {processor.py:914} INFO - Processing file /home/airflow/.local/lib/python3.12/site-packages/airflow/example_dags/example_latest_only_with_trigger.py for tasks to queue
[2026-05-27T02:01:49.814+0000] {logging_mixin.py:190} INFO - [2026-05-27T02:01:49.814+0000] {dagbag.py:587} INFO - Filling up the DagBag from /home/airflow/.local/lib/python3.12/site-packages/airflow/example_dags/example_latest_only_with_trigger.py
[2026-05-27T02:01:49.820+0000] {processor.py:925} INFO - DAG(s) 'latest_only_with_trigger' retrieved from /home/airflow/.local/lib/python3.12/site-packages/airflow/example_dags/example_latest_only_with_trigger.py
[2026-05-27T02:01:49.834+0000] {logging_mixin.py:190} INFO - [2026-05-27T02:01:49.834+0000] {dag.py:3211} INFO - Sync 1 DAGs
[2026-05-27T02:01:49.853+0000] {logging_mixin.py:190} INFO - [2026-05-27T02:01:49.853+0000] {dag.py:4138} INFO - Setting next_dagrun for latest_only_with_trigger to 2026-05-26 20:00:00+00:00, run_after=2026-05-27 00:00:00+00:00
[2026-05-27T02:01:49.880+0000] {processor.py:208} INFO - Processing /home/airflow/.local/lib/python3.12/site-packages/airflow/example_dags/example_latest_only_with_trigger.py took 0.073 seconds
[2026-05-27T02:02:19.622+0000] {processor.py:186} INFO - Started process (PID=82) to work on /home/airflow/.local/lib/python3.12/site-packages/airflow/example_dags/example_latest_only_with_trigger.py
[2026-05-27T02:02:19.624+0000] {processor.py:914} INFO - Processing file /home/airflow/.local/lib/python3.12/site-packages/airflow/example_dags/example_latest_only_with_trigger.py for tasks to queue
[2026-05-27T02:02:19.628+0000] {logging_mixin.py:190} INFO - [2026-05-27T02:02:19.628+0000] {dagbag.py:587} INFO - Filling up the DagBag from /home/airflow/.local/lib/python3.12/site-packages/airflow/example_dags/example_latest_only_with_trigger.py
[2026-05-27T02:02:19.641+0000] {processor.py:925} INFO - DAG(s) 'latest_only_with_trigger' retrieved from /home/airflow/.local/lib/python3.12/site-packages/airflow/example_dags/example_latest_only_with_trigger.py
[2026-05-27T02:02:19.668+0000] {logging_mixin.py:190} INFO - [2026-05-27T02:02:19.668+0000] {dag.py:3211} INFO - Sync 1 DAGs
[2026-05-27T02:02:19.693+0000] {logging_mixin.py:190} INFO - [2026-05-27T02:02:19.693+0000] {dag.py:4138} INFO - Setting next_dagrun for latest_only_with_trigger to 2026-05-26 20:00:00+00:00, run_after=2026-05-27 00:00:00+00:00
[2026-05-27T02:02:19.720+0000] {processor.py:208} INFO - Processing /home/airflow/.local/lib/python3.12/site-packages/airflow/example_dags/example_latest_only_with_trigger.py took 0.111 seconds
[2026-05-27T02:03:01.259+0000] {processor.py:186} INFO - Started process (PID=82) to work on /home/airflow/.local/lib/python3.12/site-packages/airflow/example_dags/example_latest_only_with_trigger.py
[2026-05-27T02:03:01.260+0000] {processor.py:914} INFO - Processing file /home/airflow/.local/lib/python3.12/site-packages/airflow/example_dags/example_latest_only_with_trigger.py for tasks to queue
[2026-05-27T02:03:01.264+0000] {logging_mixin.py:190} INFO - [2026-05-27T02:03:01.264+0000] {dagbag.py:587} INFO - Filling up the DagBag from /home/airflow/.local/lib/python3.12/site-packages/airflow/example_dags/example_latest_only_with_trigger.py
[2026-05-27T02:03:01.271+0000] {processor.py:925} INFO - DAG(s) 'latest_only_with_trigger' retrieved from /home/airflow/.local/lib/python3.12/site-packages/airflow/example_dags/example_latest_only_with_trigger.py
[2026-05-27T02:03:01.293+0000] {logging_mixin.py:190} INFO - [2026-05-27T02:03:01.293+0000] {dag.py:3211} INFO - Sync 1 DAGs
[2026-05-27T02:03:01.313+0000] {logging_mixin.py:190} INFO - [2026-05-27T02:03:01.312+0000] {dag.py:4138} INFO - Setting next_dagrun for latest_only_with_trigger to 2026-05-26 20:00:00+00:00, run_after=2026-05-27 00:00:00+00:00
[2026-05-27T02:03:01.327+0000] {processor.py:208} INFO - Processing /home/airflow/.local/lib/python3.12/site-packages/airflow/example_dags/example_latest_only_with_trigger.py took 0.073 seconds
