[2026-05-27T01:54:01.114+0000] {processor.py:186} INFO - Started process (PID=61) to work on /home/airflow/.local/lib/python3.12/site-packages/airflow/example_dags/example_outlet_event_extra.py
[2026-05-27T01:54:01.115+0000] {processor.py:914} INFO - Processing file /home/airflow/.local/lib/python3.12/site-packages/airflow/example_dags/example_outlet_event_extra.py for tasks to queue
[2026-05-27T01:54:01.117+0000] {logging_mixin.py:190} INFO - [2026-05-27T01:54:01.117+0000] {dagbag.py:587} INFO - Filling up the DagBag from /home/airflow/.local/lib/python3.12/site-packages/airflow/example_dags/example_outlet_event_extra.py
[2026-05-27T01:54:01.247+0000] {processor.py:925} INFO - DAG(s) 'dataset_with_extra_by_yield', 'dataset_with_extra_by_context', 'dataset_with_extra_from_classic_operator' retrieved from /home/airflow/.local/lib/python3.12/site-packages/airflow/example_dags/example_outlet_event_extra.py
[2026-05-27T01:54:01.341+0000] {logging_mixin.py:190} INFO - [2026-05-27T01:54:01.340+0000] {override.py:1858} INFO - Created Permission View: can edit on DAG:dataset_with_extra_by_yield
[2026-05-27T01:54:01.348+0000] {logging_mixin.py:190} INFO - [2026-05-27T01:54:01.348+0000] {override.py:1858} INFO - Created Permission View: can read on DAG:dataset_with_extra_by_yield
[2026-05-27T01:54:01.352+0000] {logging_mixin.py:190} INFO - [2026-05-27T01:54:01.352+0000] {override.py:1858} INFO - Created Permission View: can delete on DAG:dataset_with_extra_by_yield
[2026-05-27T01:54:01.361+0000] {logging_mixin.py:190} INFO - [2026-05-27T01:54:01.360+0000] {override.py:1858} INFO - Created Permission View: can edit on DAG:dataset_with_extra_by_context
[2026-05-27T01:54:01.366+0000] {logging_mixin.py:190} INFO - [2026-05-27T01:54:01.365+0000] {override.py:1858} INFO - Created Permission View: can read on DAG:dataset_with_extra_by_context
[2026-05-27T01:54:01.371+0000] {logging_mixin.py:190} INFO - [2026-05-27T01:54:01.371+0000] {override.py:1858} INFO - Created Permission View: can delete on DAG:dataset_with_extra_by_context
[2026-05-27T01:54:01.381+0000] {logging_mixin.py:190} INFO - [2026-05-27T01:54:01.381+0000] {override.py:1858} INFO - Created Permission View: can edit on DAG:dataset_with_extra_from_classic_operator
[2026-05-27T01:54:01.386+0000] {logging_mixin.py:190} INFO - [2026-05-27T01:54:01.386+0000] {override.py:1858} INFO - Created Permission View: can read on DAG:dataset_with_extra_from_classic_operator
[2026-05-27T01:54:01.392+0000] {logging_mixin.py:190} INFO - [2026-05-27T01:54:01.392+0000] {override.py:1858} INFO - Created Permission View: can delete on DAG:dataset_with_extra_from_classic_operator
[2026-05-27T01:54:01.393+0000] {logging_mixin.py:190} INFO - [2026-05-27T01:54:01.392+0000] {dag.py:3211} INFO - Sync 3 DAGs
[2026-05-27T01:54:01.410+0000] {logging_mixin.py:190} INFO - [2026-05-27T01:54:01.410+0000] {dag.py:3234} INFO - Creating ORM DAG for dataset_with_extra_from_classic_operator
[2026-05-27T01:54:01.411+0000] {logging_mixin.py:190} INFO - [2026-05-27T01:54:01.411+0000] {dag.py:3234} INFO - Creating ORM DAG for dataset_with_extra_by_context
[2026-05-27T01:54:01.412+0000] {logging_mixin.py:190} INFO - [2026-05-27T01:54:01.412+0000] {dag.py:3234} INFO - Creating ORM DAG for dataset_with_extra_by_yield
[2026-05-27T01:54:01.425+0000] {logging_mixin.py:190} INFO - [2026-05-27T01:54:01.424+0000] {dag.py:4138} INFO - Setting next_dagrun for dataset_with_extra_by_context to 2026-05-26 00:00:00+00:00, run_after=2026-05-27 00:00:00+00:00
[2026-05-27T01:54:01.427+0000] {logging_mixin.py:190} INFO - [2026-05-27T01:54:01.426+0000] {dag.py:4138} INFO - Setting next_dagrun for dataset_with_extra_by_yield to 2026-05-26 00:00:00+00:00, run_after=2026-05-27 00:00:00+00:00
[2026-05-27T01:54:01.429+0000] {logging_mixin.py:190} INFO - [2026-05-27T01:54:01.429+0000] {dag.py:4138} INFO - Setting next_dagrun for dataset_with_extra_from_classic_operator to 2026-05-26 00:00:00+00:00, run_after=2026-05-27 00:00:00+00:00
[2026-05-27T01:54:01.452+0000] {processor.py:208} INFO - Processing /home/airflow/.local/lib/python3.12/site-packages/airflow/example_dags/example_outlet_event_extra.py took 0.343 seconds
[2026-05-27T01:54:32.207+0000] {processor.py:186} INFO - Started process (PID=133) to work on /home/airflow/.local/lib/python3.12/site-packages/airflow/example_dags/example_outlet_event_extra.py
[2026-05-27T01:54:32.207+0000] {processor.py:914} INFO - Processing file /home/airflow/.local/lib/python3.12/site-packages/airflow/example_dags/example_outlet_event_extra.py for tasks to queue
[2026-05-27T01:54:32.209+0000] {logging_mixin.py:190} INFO - [2026-05-27T01:54:32.209+0000] {dagbag.py:587} INFO - Filling up the DagBag from /home/airflow/.local/lib/python3.12/site-packages/airflow/example_dags/example_outlet_event_extra.py
[2026-05-27T01:54:32.301+0000] {processor.py:925} INFO - DAG(s) 'dataset_with_extra_from_classic_operator', 'dataset_with_extra_by_yield', 'dataset_with_extra_by_context' retrieved from /home/airflow/.local/lib/python3.12/site-packages/airflow/example_dags/example_outlet_event_extra.py
[2026-05-27T01:54:32.319+0000] {logging_mixin.py:190} INFO - [2026-05-27T01:54:32.318+0000] {dag.py:3211} INFO - Sync 3 DAGs
[2026-05-27T01:54:32.336+0000] {logging_mixin.py:190} INFO - [2026-05-27T01:54:32.336+0000] {dag.py:4138} INFO - Setting next_dagrun for dataset_with_extra_by_context to 2026-05-26 00:00:00+00:00, run_after=2026-05-27 00:00:00+00:00
[2026-05-27T01:54:32.340+0000] {logging_mixin.py:190} INFO - [2026-05-27T01:54:32.340+0000] {dag.py:4138} INFO - Setting next_dagrun for dataset_with_extra_by_yield to 2026-05-26 00:00:00+00:00, run_after=2026-05-27 00:00:00+00:00
[2026-05-27T01:54:32.341+0000] {logging_mixin.py:190} INFO - [2026-05-27T01:54:32.341+0000] {dag.py:4138} INFO - Setting next_dagrun for dataset_with_extra_from_classic_operator to 2026-05-26 00:00:00+00:00, run_after=2026-05-27 00:00:00+00:00
[2026-05-27T01:54:32.354+0000] {processor.py:208} INFO - Processing /home/airflow/.local/lib/python3.12/site-packages/airflow/example_dags/example_outlet_event_extra.py took 0.152 seconds
[2026-05-27T01:55:02.568+0000] {processor.py:186} INFO - Started process (PID=198) to work on /home/airflow/.local/lib/python3.12/site-packages/airflow/example_dags/example_outlet_event_extra.py
[2026-05-27T01:55:02.569+0000] {processor.py:914} INFO - Processing file /home/airflow/.local/lib/python3.12/site-packages/airflow/example_dags/example_outlet_event_extra.py for tasks to queue
[2026-05-27T01:55:02.585+0000] {logging_mixin.py:190} INFO - [2026-05-27T01:55:02.582+0000] {dagbag.py:587} INFO - Filling up the DagBag from /home/airflow/.local/lib/python3.12/site-packages/airflow/example_dags/example_outlet_event_extra.py
[2026-05-27T01:55:02.793+0000] {processor.py:925} INFO - DAG(s) 'dataset_with_extra_from_classic_operator', 'dataset_with_extra_by_yield', 'dataset_with_extra_by_context' retrieved from /home/airflow/.local/lib/python3.12/site-packages/airflow/example_dags/example_outlet_event_extra.py
[2026-05-27T01:55:02.816+0000] {logging_mixin.py:190} INFO - [2026-05-27T01:55:02.816+0000] {dag.py:3211} INFO - Sync 3 DAGs
[2026-05-27T01:55:02.836+0000] {logging_mixin.py:190} INFO - [2026-05-27T01:55:02.836+0000] {dag.py:4138} INFO - Setting next_dagrun for dataset_with_extra_by_context to 2026-05-26 00:00:00+00:00, run_after=2026-05-27 00:00:00+00:00
[2026-05-27T01:55:02.839+0000] {logging_mixin.py:190} INFO - [2026-05-27T01:55:02.839+0000] {dag.py:4138} INFO - Setting next_dagrun for dataset_with_extra_by_yield to 2026-05-26 00:00:00+00:00, run_after=2026-05-27 00:00:00+00:00
[2026-05-27T01:55:02.840+0000] {logging_mixin.py:190} INFO - [2026-05-27T01:55:02.840+0000] {dag.py:4138} INFO - Setting next_dagrun for dataset_with_extra_from_classic_operator to 2026-05-26 00:00:00+00:00, run_after=2026-05-27 00:00:00+00:00
[2026-05-27T01:55:02.856+0000] {processor.py:208} INFO - Processing /home/airflow/.local/lib/python3.12/site-packages/airflow/example_dags/example_outlet_event_extra.py took 0.296 seconds
[2026-05-27T01:55:33.090+0000] {processor.py:186} INFO - Started process (PID=260) to work on /home/airflow/.local/lib/python3.12/site-packages/airflow/example_dags/example_outlet_event_extra.py
[2026-05-27T01:55:33.091+0000] {processor.py:914} INFO - Processing file /home/airflow/.local/lib/python3.12/site-packages/airflow/example_dags/example_outlet_event_extra.py for tasks to queue
[2026-05-27T01:55:33.093+0000] {logging_mixin.py:190} INFO - [2026-05-27T01:55:33.093+0000] {dagbag.py:587} INFO - Filling up the DagBag from /home/airflow/.local/lib/python3.12/site-packages/airflow/example_dags/example_outlet_event_extra.py
[2026-05-27T01:55:33.181+0000] {processor.py:925} INFO - DAG(s) 'dataset_with_extra_by_context', 'dataset_with_extra_by_yield', 'dataset_with_extra_from_classic_operator' retrieved from /home/airflow/.local/lib/python3.12/site-packages/airflow/example_dags/example_outlet_event_extra.py
[2026-05-27T01:55:33.200+0000] {logging_mixin.py:190} INFO - [2026-05-27T01:55:33.200+0000] {dag.py:3211} INFO - Sync 3 DAGs
[2026-05-27T01:55:33.219+0000] {logging_mixin.py:190} INFO - [2026-05-27T01:55:33.219+0000] {dag.py:4138} INFO - Setting next_dagrun for dataset_with_extra_by_context to 2026-05-26 00:00:00+00:00, run_after=2026-05-27 00:00:00+00:00
[2026-05-27T01:55:33.222+0000] {logging_mixin.py:190} INFO - [2026-05-27T01:55:33.222+0000] {dag.py:4138} INFO - Setting next_dagrun for dataset_with_extra_by_yield to 2026-05-26 00:00:00+00:00, run_after=2026-05-27 00:00:00+00:00
[2026-05-27T01:55:33.225+0000] {logging_mixin.py:190} INFO - [2026-05-27T01:55:33.225+0000] {dag.py:4138} INFO - Setting next_dagrun for dataset_with_extra_from_classic_operator to 2026-05-26 00:00:00+00:00, run_after=2026-05-27 00:00:00+00:00
[2026-05-27T01:55:33.240+0000] {processor.py:208} INFO - Processing /home/airflow/.local/lib/python3.12/site-packages/airflow/example_dags/example_outlet_event_extra.py took 0.155 seconds
[2026-05-27T01:56:03.395+0000] {processor.py:186} INFO - Started process (PID=322) to work on /home/airflow/.local/lib/python3.12/site-packages/airflow/example_dags/example_outlet_event_extra.py
[2026-05-27T01:56:03.396+0000] {processor.py:914} INFO - Processing file /home/airflow/.local/lib/python3.12/site-packages/airflow/example_dags/example_outlet_event_extra.py for tasks to queue
[2026-05-27T01:56:03.400+0000] {logging_mixin.py:190} INFO - [2026-05-27T01:56:03.400+0000] {dagbag.py:587} INFO - Filling up the DagBag from /home/airflow/.local/lib/python3.12/site-packages/airflow/example_dags/example_outlet_event_extra.py
[2026-05-27T01:56:03.661+0000] {processor.py:925} INFO - DAG(s) 'dataset_with_extra_by_context', 'dataset_with_extra_by_yield', 'dataset_with_extra_from_classic_operator' retrieved from /home/airflow/.local/lib/python3.12/site-packages/airflow/example_dags/example_outlet_event_extra.py
[2026-05-27T01:56:03.695+0000] {logging_mixin.py:190} INFO - [2026-05-27T01:56:03.695+0000] {dag.py:3211} INFO - Sync 3 DAGs
[2026-05-27T01:56:03.718+0000] {logging_mixin.py:190} INFO - [2026-05-27T01:56:03.718+0000] {dag.py:4138} INFO - Setting next_dagrun for dataset_with_extra_by_context to 2026-05-26 00:00:00+00:00, run_after=2026-05-27 00:00:00+00:00
[2026-05-27T01:56:03.721+0000] {logging_mixin.py:190} INFO - [2026-05-27T01:56:03.721+0000] {dag.py:4138} INFO - Setting next_dagrun for dataset_with_extra_by_yield to 2026-05-26 00:00:00+00:00, run_after=2026-05-27 00:00:00+00:00
[2026-05-27T01:56:03.722+0000] {logging_mixin.py:190} INFO - [2026-05-27T01:56:03.722+0000] {dag.py:4138} INFO - Setting next_dagrun for dataset_with_extra_from_classic_operator to 2026-05-26 00:00:00+00:00, run_after=2026-05-27 00:00:00+00:00
[2026-05-27T01:56:03.737+0000] {processor.py:208} INFO - Processing /home/airflow/.local/lib/python3.12/site-packages/airflow/example_dags/example_outlet_event_extra.py took 0.350 seconds
[2026-05-27T01:56:33.892+0000] {processor.py:186} INFO - Started process (PID=390) to work on /home/airflow/.local/lib/python3.12/site-packages/airflow/example_dags/example_outlet_event_extra.py
[2026-05-27T01:56:33.892+0000] {processor.py:914} INFO - Processing file /home/airflow/.local/lib/python3.12/site-packages/airflow/example_dags/example_outlet_event_extra.py for tasks to queue
[2026-05-27T01:56:33.894+0000] {logging_mixin.py:190} INFO - [2026-05-27T01:56:33.894+0000] {dagbag.py:587} INFO - Filling up the DagBag from /home/airflow/.local/lib/python3.12/site-packages/airflow/example_dags/example_outlet_event_extra.py
[2026-05-27T01:56:34.014+0000] {processor.py:925} INFO - DAG(s) 'dataset_with_extra_by_context', 'dataset_with_extra_by_yield', 'dataset_with_extra_from_classic_operator' retrieved from /home/airflow/.local/lib/python3.12/site-packages/airflow/example_dags/example_outlet_event_extra.py
[2026-05-27T01:56:34.034+0000] {logging_mixin.py:190} INFO - [2026-05-27T01:56:34.034+0000] {dag.py:3211} INFO - Sync 3 DAGs
[2026-05-27T01:56:34.056+0000] {logging_mixin.py:190} INFO - [2026-05-27T01:56:34.056+0000] {dag.py:4138} INFO - Setting next_dagrun for dataset_with_extra_by_context to 2026-05-26 00:00:00+00:00, run_after=2026-05-27 00:00:00+00:00
[2026-05-27T01:56:34.059+0000] {logging_mixin.py:190} INFO - [2026-05-27T01:56:34.059+0000] {dag.py:4138} INFO - Setting next_dagrun for dataset_with_extra_by_yield to 2026-05-26 00:00:00+00:00, run_after=2026-05-27 00:00:00+00:00
[2026-05-27T01:56:34.060+0000] {logging_mixin.py:190} INFO - [2026-05-27T01:56:34.060+0000] {dag.py:4138} INFO - Setting next_dagrun for dataset_with_extra_from_classic_operator to 2026-05-26 00:00:00+00:00, run_after=2026-05-27 00:00:00+00:00
[2026-05-27T01:56:34.076+0000] {processor.py:208} INFO - Processing /home/airflow/.local/lib/python3.12/site-packages/airflow/example_dags/example_outlet_event_extra.py took 0.189 seconds
[2026-05-27T01:57:04.170+0000] {processor.py:186} INFO - Started process (PID=452) to work on /home/airflow/.local/lib/python3.12/site-packages/airflow/example_dags/example_outlet_event_extra.py
[2026-05-27T01:57:04.171+0000] {processor.py:914} INFO - Processing file /home/airflow/.local/lib/python3.12/site-packages/airflow/example_dags/example_outlet_event_extra.py for tasks to queue
[2026-05-27T01:57:04.173+0000] {logging_mixin.py:190} INFO - [2026-05-27T01:57:04.173+0000] {dagbag.py:587} INFO - Filling up the DagBag from /home/airflow/.local/lib/python3.12/site-packages/airflow/example_dags/example_outlet_event_extra.py
[2026-05-27T01:57:04.264+0000] {processor.py:925} INFO - DAG(s) 'dataset_with_extra_from_classic_operator', 'dataset_with_extra_by_yield', 'dataset_with_extra_by_context' retrieved from /home/airflow/.local/lib/python3.12/site-packages/airflow/example_dags/example_outlet_event_extra.py
[2026-05-27T01:57:04.285+0000] {logging_mixin.py:190} INFO - [2026-05-27T01:57:04.285+0000] {dag.py:3211} INFO - Sync 3 DAGs
[2026-05-27T01:57:04.304+0000] {logging_mixin.py:190} INFO - [2026-05-27T01:57:04.304+0000] {dag.py:4138} INFO - Setting next_dagrun for dataset_with_extra_by_context to 2026-05-26 00:00:00+00:00, run_after=2026-05-27 00:00:00+00:00
[2026-05-27T01:57:04.307+0000] {logging_mixin.py:190} INFO - [2026-05-27T01:57:04.307+0000] {dag.py:4138} INFO - Setting next_dagrun for dataset_with_extra_by_yield to 2026-05-26 00:00:00+00:00, run_after=2026-05-27 00:00:00+00:00
[2026-05-27T01:57:04.308+0000] {logging_mixin.py:190} INFO - [2026-05-27T01:57:04.308+0000] {dag.py:4138} INFO - Setting next_dagrun for dataset_with_extra_from_classic_operator to 2026-05-26 00:00:00+00:00, run_after=2026-05-27 00:00:00+00:00
[2026-05-27T01:57:04.324+0000] {processor.py:208} INFO - Processing /home/airflow/.local/lib/python3.12/site-packages/airflow/example_dags/example_outlet_event_extra.py took 0.158 seconds
[2026-05-27T01:57:34.751+0000] {processor.py:186} INFO - Started process (PID=514) to work on /home/airflow/.local/lib/python3.12/site-packages/airflow/example_dags/example_outlet_event_extra.py
[2026-05-27T01:57:34.751+0000] {processor.py:914} INFO - Processing file /home/airflow/.local/lib/python3.12/site-packages/airflow/example_dags/example_outlet_event_extra.py for tasks to queue
[2026-05-27T01:57:34.753+0000] {logging_mixin.py:190} INFO - [2026-05-27T01:57:34.753+0000] {dagbag.py:587} INFO - Filling up the DagBag from /home/airflow/.local/lib/python3.12/site-packages/airflow/example_dags/example_outlet_event_extra.py
[2026-05-27T01:57:34.869+0000] {processor.py:925} INFO - DAG(s) 'dataset_with_extra_by_yield', 'dataset_with_extra_from_classic_operator', 'dataset_with_extra_by_context' retrieved from /home/airflow/.local/lib/python3.12/site-packages/airflow/example_dags/example_outlet_event_extra.py
[2026-05-27T01:57:34.909+0000] {logging_mixin.py:190} INFO - [2026-05-27T01:57:34.909+0000] {dag.py:3211} INFO - Sync 3 DAGs
[2026-05-27T01:57:34.950+0000] {logging_mixin.py:190} INFO - [2026-05-27T01:57:34.950+0000] {dag.py:4138} INFO - Setting next_dagrun for dataset_with_extra_by_context to 2026-05-26 00:00:00+00:00, run_after=2026-05-27 00:00:00+00:00
[2026-05-27T01:57:34.954+0000] {logging_mixin.py:190} INFO - [2026-05-27T01:57:34.954+0000] {dag.py:4138} INFO - Setting next_dagrun for dataset_with_extra_by_yield to 2026-05-26 00:00:00+00:00, run_after=2026-05-27 00:00:00+00:00
[2026-05-27T01:57:34.956+0000] {logging_mixin.py:190} INFO - [2026-05-27T01:57:34.955+0000] {dag.py:4138} INFO - Setting next_dagrun for dataset_with_extra_from_classic_operator to 2026-05-26 00:00:00+00:00, run_after=2026-05-27 00:00:00+00:00
[2026-05-27T01:57:34.977+0000] {processor.py:208} INFO - Processing /home/airflow/.local/lib/python3.12/site-packages/airflow/example_dags/example_outlet_event_extra.py took 0.231 seconds
[2026-05-27T01:58:05.270+0000] {processor.py:186} INFO - Started process (PID=576) to work on /home/airflow/.local/lib/python3.12/site-packages/airflow/example_dags/example_outlet_event_extra.py
[2026-05-27T01:58:05.271+0000] {processor.py:914} INFO - Processing file /home/airflow/.local/lib/python3.12/site-packages/airflow/example_dags/example_outlet_event_extra.py for tasks to queue
[2026-05-27T01:58:05.281+0000] {logging_mixin.py:190} INFO - [2026-05-27T01:58:05.281+0000] {dagbag.py:587} INFO - Filling up the DagBag from /home/airflow/.local/lib/python3.12/site-packages/airflow/example_dags/example_outlet_event_extra.py
[2026-05-27T01:58:05.427+0000] {processor.py:925} INFO - DAG(s) 'dataset_with_extra_by_yield', 'dataset_with_extra_from_classic_operator', 'dataset_with_extra_by_context' retrieved from /home/airflow/.local/lib/python3.12/site-packages/airflow/example_dags/example_outlet_event_extra.py
[2026-05-27T01:58:05.467+0000] {logging_mixin.py:190} INFO - [2026-05-27T01:58:05.467+0000] {dag.py:3211} INFO - Sync 3 DAGs
[2026-05-27T01:58:05.530+0000] {logging_mixin.py:190} INFO - [2026-05-27T01:58:05.522+0000] {dag.py:4138} INFO - Setting next_dagrun for dataset_with_extra_by_context to 2026-05-26 00:00:00+00:00, run_after=2026-05-27 00:00:00+00:00
[2026-05-27T01:58:05.542+0000] {logging_mixin.py:190} INFO - [2026-05-27T01:58:05.542+0000] {dag.py:4138} INFO - Setting next_dagrun for dataset_with_extra_by_yield to 2026-05-26 00:00:00+00:00, run_after=2026-05-27 00:00:00+00:00
[2026-05-27T01:58:05.548+0000] {logging_mixin.py:190} INFO - [2026-05-27T01:58:05.548+0000] {dag.py:4138} INFO - Setting next_dagrun for dataset_with_extra_from_classic_operator to 2026-05-26 00:00:00+00:00, run_after=2026-05-27 00:00:00+00:00
[2026-05-27T01:58:05.585+0000] {processor.py:208} INFO - Processing /home/airflow/.local/lib/python3.12/site-packages/airflow/example_dags/example_outlet_event_extra.py took 0.323 seconds
[2026-05-27T01:59:12.790+0000] {processor.py:186} INFO - Started process (PID=70) to work on /home/airflow/.local/lib/python3.12/site-packages/airflow/example_dags/example_outlet_event_extra.py
[2026-05-27T01:59:12.791+0000] {processor.py:914} INFO - Processing file /home/airflow/.local/lib/python3.12/site-packages/airflow/example_dags/example_outlet_event_extra.py for tasks to queue
[2026-05-27T01:59:12.793+0000] {logging_mixin.py:190} INFO - [2026-05-27T01:59:12.793+0000] {dagbag.py:587} INFO - Filling up the DagBag from /home/airflow/.local/lib/python3.12/site-packages/airflow/example_dags/example_outlet_event_extra.py
[2026-05-27T01:59:12.917+0000] {processor.py:925} INFO - DAG(s) 'dataset_with_extra_by_context', 'dataset_with_extra_by_yield', 'dataset_with_extra_from_classic_operator' retrieved from /home/airflow/.local/lib/python3.12/site-packages/airflow/example_dags/example_outlet_event_extra.py
[2026-05-27T01:59:12.942+0000] {logging_mixin.py:190} INFO - [2026-05-27T01:59:12.942+0000] {dag.py:3211} INFO - Sync 3 DAGs
[2026-05-27T01:59:12.961+0000] {logging_mixin.py:190} INFO - [2026-05-27T01:59:12.961+0000] {dag.py:4138} INFO - Setting next_dagrun for dataset_with_extra_by_context to 2026-05-26 00:00:00+00:00, run_after=2026-05-27 00:00:00+00:00
[2026-05-27T01:59:12.964+0000] {logging_mixin.py:190} INFO - [2026-05-27T01:59:12.964+0000] {dag.py:4138} INFO - Setting next_dagrun for dataset_with_extra_by_yield to 2026-05-26 00:00:00+00:00, run_after=2026-05-27 00:00:00+00:00
[2026-05-27T01:59:12.972+0000] {logging_mixin.py:190} INFO - [2026-05-27T01:59:12.972+0000] {dag.py:4138} INFO - Setting next_dagrun for dataset_with_extra_from_classic_operator to 2026-05-26 00:00:00+00:00, run_after=2026-05-27 00:00:00+00:00
[2026-05-27T01:59:12.986+0000] {processor.py:208} INFO - Processing /home/airflow/.local/lib/python3.12/site-packages/airflow/example_dags/example_outlet_event_extra.py took 0.202 seconds
[2026-05-27T01:59:43.354+0000] {processor.py:186} INFO - Started process (PID=168) to work on /home/airflow/.local/lib/python3.12/site-packages/airflow/example_dags/example_outlet_event_extra.py
[2026-05-27T01:59:43.354+0000] {processor.py:914} INFO - Processing file /home/airflow/.local/lib/python3.12/site-packages/airflow/example_dags/example_outlet_event_extra.py for tasks to queue
[2026-05-27T01:59:43.356+0000] {logging_mixin.py:190} INFO - [2026-05-27T01:59:43.356+0000] {dagbag.py:587} INFO - Filling up the DagBag from /home/airflow/.local/lib/python3.12/site-packages/airflow/example_dags/example_outlet_event_extra.py
[2026-05-27T01:59:43.457+0000] {processor.py:925} INFO - DAG(s) 'dataset_with_extra_by_context', 'dataset_with_extra_from_classic_operator', 'dataset_with_extra_by_yield' retrieved from /home/airflow/.local/lib/python3.12/site-packages/airflow/example_dags/example_outlet_event_extra.py
[2026-05-27T01:59:43.475+0000] {logging_mixin.py:190} INFO - [2026-05-27T01:59:43.475+0000] {dag.py:3211} INFO - Sync 3 DAGs
[2026-05-27T01:59:43.490+0000] {logging_mixin.py:190} INFO - [2026-05-27T01:59:43.490+0000] {dag.py:4138} INFO - Setting next_dagrun for dataset_with_extra_by_context to 2026-05-26 00:00:00+00:00, run_after=2026-05-27 00:00:00+00:00
[2026-05-27T01:59:43.493+0000] {logging_mixin.py:190} INFO - [2026-05-27T01:59:43.492+0000] {dag.py:4138} INFO - Setting next_dagrun for dataset_with_extra_by_yield to 2026-05-26 00:00:00+00:00, run_after=2026-05-27 00:00:00+00:00
[2026-05-27T01:59:43.494+0000] {logging_mixin.py:190} INFO - [2026-05-27T01:59:43.494+0000] {dag.py:4138} INFO - Setting next_dagrun for dataset_with_extra_from_classic_operator to 2026-05-26 00:00:00+00:00, run_after=2026-05-27 00:00:00+00:00
[2026-05-27T01:59:43.506+0000] {processor.py:208} INFO - Processing /home/airflow/.local/lib/python3.12/site-packages/airflow/example_dags/example_outlet_event_extra.py took 0.157 seconds
[2026-05-27T02:00:13.665+0000] {processor.py:186} INFO - Started process (PID=231) to work on /home/airflow/.local/lib/python3.12/site-packages/airflow/example_dags/example_outlet_event_extra.py
[2026-05-27T02:00:13.666+0000] {processor.py:914} INFO - Processing file /home/airflow/.local/lib/python3.12/site-packages/airflow/example_dags/example_outlet_event_extra.py for tasks to queue
[2026-05-27T02:00:13.667+0000] {logging_mixin.py:190} INFO - [2026-05-27T02:00:13.667+0000] {dagbag.py:587} INFO - Filling up the DagBag from /home/airflow/.local/lib/python3.12/site-packages/airflow/example_dags/example_outlet_event_extra.py
[2026-05-27T02:00:13.771+0000] {processor.py:925} INFO - DAG(s) 'dataset_with_extra_by_yield', 'dataset_with_extra_by_context', 'dataset_with_extra_from_classic_operator' retrieved from /home/airflow/.local/lib/python3.12/site-packages/airflow/example_dags/example_outlet_event_extra.py
[2026-05-27T02:00:13.793+0000] {logging_mixin.py:190} INFO - [2026-05-27T02:00:13.793+0000] {dag.py:3211} INFO - Sync 3 DAGs
[2026-05-27T02:00:13.816+0000] {logging_mixin.py:190} INFO - [2026-05-27T02:00:13.816+0000] {dag.py:4138} INFO - Setting next_dagrun for dataset_with_extra_by_context to 2026-05-26 00:00:00+00:00, run_after=2026-05-27 00:00:00+00:00
[2026-05-27T02:00:13.819+0000] {logging_mixin.py:190} INFO - [2026-05-27T02:00:13.819+0000] {dag.py:4138} INFO - Setting next_dagrun for dataset_with_extra_by_yield to 2026-05-26 00:00:00+00:00, run_after=2026-05-27 00:00:00+00:00
[2026-05-27T02:00:13.821+0000] {logging_mixin.py:190} INFO - [2026-05-27T02:00:13.821+0000] {dag.py:4138} INFO - Setting next_dagrun for dataset_with_extra_from_classic_operator to 2026-05-26 00:00:00+00:00, run_after=2026-05-27 00:00:00+00:00
[2026-05-27T02:00:13.836+0000] {processor.py:208} INFO - Processing /home/airflow/.local/lib/python3.12/site-packages/airflow/example_dags/example_outlet_event_extra.py took 0.175 seconds
[2026-05-27T02:00:44.496+0000] {processor.py:186} INFO - Started process (PID=293) to work on /home/airflow/.local/lib/python3.12/site-packages/airflow/example_dags/example_outlet_event_extra.py
[2026-05-27T02:00:44.497+0000] {processor.py:914} INFO - Processing file /home/airflow/.local/lib/python3.12/site-packages/airflow/example_dags/example_outlet_event_extra.py for tasks to queue
[2026-05-27T02:00:44.499+0000] {logging_mixin.py:190} INFO - [2026-05-27T02:00:44.498+0000] {dagbag.py:587} INFO - Filling up the DagBag from /home/airflow/.local/lib/python3.12/site-packages/airflow/example_dags/example_outlet_event_extra.py
[2026-05-27T02:00:44.598+0000] {processor.py:925} INFO - DAG(s) 'dataset_with_extra_from_classic_operator', 'dataset_with_extra_by_yield', 'dataset_with_extra_by_context' retrieved from /home/airflow/.local/lib/python3.12/site-packages/airflow/example_dags/example_outlet_event_extra.py
[2026-05-27T02:00:44.620+0000] {logging_mixin.py:190} INFO - [2026-05-27T02:00:44.620+0000] {dag.py:3211} INFO - Sync 3 DAGs
[2026-05-27T02:00:44.640+0000] {logging_mixin.py:190} INFO - [2026-05-27T02:00:44.640+0000] {dag.py:4138} INFO - Setting next_dagrun for dataset_with_extra_by_context to 2026-05-26 00:00:00+00:00, run_after=2026-05-27 00:00:00+00:00
[2026-05-27T02:00:44.644+0000] {logging_mixin.py:190} INFO - [2026-05-27T02:00:44.644+0000] {dag.py:4138} INFO - Setting next_dagrun for dataset_with_extra_by_yield to 2026-05-26 00:00:00+00:00, run_after=2026-05-27 00:00:00+00:00
[2026-05-27T02:00:44.645+0000] {logging_mixin.py:190} INFO - [2026-05-27T02:00:44.645+0000] {dag.py:4138} INFO - Setting next_dagrun for dataset_with_extra_from_classic_operator to 2026-05-26 00:00:00+00:00, run_after=2026-05-27 00:00:00+00:00
[2026-05-27T02:00:44.661+0000] {processor.py:208} INFO - Processing /home/airflow/.local/lib/python3.12/site-packages/airflow/example_dags/example_outlet_event_extra.py took 0.169 seconds
[2026-05-27T02:01:14.750+0000] {processor.py:186} INFO - Started process (PID=355) to work on /home/airflow/.local/lib/python3.12/site-packages/airflow/example_dags/example_outlet_event_extra.py
[2026-05-27T02:01:14.750+0000] {processor.py:914} INFO - Processing file /home/airflow/.local/lib/python3.12/site-packages/airflow/example_dags/example_outlet_event_extra.py for tasks to queue
[2026-05-27T02:01:14.752+0000] {logging_mixin.py:190} INFO - [2026-05-27T02:01:14.752+0000] {dagbag.py:587} INFO - Filling up the DagBag from /home/airflow/.local/lib/python3.12/site-packages/airflow/example_dags/example_outlet_event_extra.py
[2026-05-27T02:01:14.841+0000] {processor.py:925} INFO - DAG(s) 'dataset_with_extra_from_classic_operator', 'dataset_with_extra_by_context', 'dataset_with_extra_by_yield' retrieved from /home/airflow/.local/lib/python3.12/site-packages/airflow/example_dags/example_outlet_event_extra.py
[2026-05-27T02:01:14.860+0000] {logging_mixin.py:190} INFO - [2026-05-27T02:01:14.860+0000] {dag.py:3211} INFO - Sync 3 DAGs
[2026-05-27T02:01:14.875+0000] {logging_mixin.py:190} INFO - [2026-05-27T02:01:14.875+0000] {dag.py:4138} INFO - Setting next_dagrun for dataset_with_extra_by_context to 2026-05-26 00:00:00+00:00, run_after=2026-05-27 00:00:00+00:00
[2026-05-27T02:01:14.879+0000] {logging_mixin.py:190} INFO - [2026-05-27T02:01:14.878+0000] {dag.py:4138} INFO - Setting next_dagrun for dataset_with_extra_by_yield to 2026-05-26 00:00:00+00:00, run_after=2026-05-27 00:00:00+00:00
[2026-05-27T02:01:14.880+0000] {logging_mixin.py:190} INFO - [2026-05-27T02:01:14.880+0000] {dag.py:4138} INFO - Setting next_dagrun for dataset_with_extra_from_classic_operator to 2026-05-26 00:00:00+00:00, run_after=2026-05-27 00:00:00+00:00
[2026-05-27T02:01:14.893+0000] {processor.py:208} INFO - Processing /home/airflow/.local/lib/python3.12/site-packages/airflow/example_dags/example_outlet_event_extra.py took 0.148 seconds
[2026-05-27T02:01:48.013+0000] {processor.py:186} INFO - Started process (PID=55) to work on /home/airflow/.local/lib/python3.12/site-packages/airflow/example_dags/example_outlet_event_extra.py
[2026-05-27T02:01:48.014+0000] {processor.py:914} INFO - Processing file /home/airflow/.local/lib/python3.12/site-packages/airflow/example_dags/example_outlet_event_extra.py for tasks to queue
[2026-05-27T02:01:48.018+0000] {logging_mixin.py:190} INFO - [2026-05-27T02:01:48.018+0000] {dagbag.py:587} INFO - Filling up the DagBag from /home/airflow/.local/lib/python3.12/site-packages/airflow/example_dags/example_outlet_event_extra.py
[2026-05-27T02:01:48.119+0000] {processor.py:925} INFO - DAG(s) 'dataset_with_extra_by_context', 'dataset_with_extra_by_yield', 'dataset_with_extra_from_classic_operator' retrieved from /home/airflow/.local/lib/python3.12/site-packages/airflow/example_dags/example_outlet_event_extra.py
[2026-05-27T02:01:48.142+0000] {logging_mixin.py:190} INFO - [2026-05-27T02:01:48.142+0000] {dag.py:3211} INFO - Sync 3 DAGs
[2026-05-27T02:01:48.163+0000] {logging_mixin.py:190} INFO - [2026-05-27T02:01:48.163+0000] {dag.py:4138} INFO - Setting next_dagrun for dataset_with_extra_by_context to 2026-05-26 00:00:00+00:00, run_after=2026-05-27 00:00:00+00:00
[2026-05-27T02:01:48.166+0000] {logging_mixin.py:190} INFO - [2026-05-27T02:01:48.165+0000] {dag.py:4138} INFO - Setting next_dagrun for dataset_with_extra_by_yield to 2026-05-26 00:00:00+00:00, run_after=2026-05-27 00:00:00+00:00
[2026-05-27T02:01:48.167+0000] {logging_mixin.py:190} INFO - [2026-05-27T02:01:48.167+0000] {dag.py:4138} INFO - Setting next_dagrun for dataset_with_extra_from_classic_operator to 2026-05-26 00:00:00+00:00, run_after=2026-05-27 00:00:00+00:00
[2026-05-27T02:01:48.180+0000] {processor.py:208} INFO - Processing /home/airflow/.local/lib/python3.12/site-packages/airflow/example_dags/example_outlet_event_extra.py took 0.171 seconds
[2026-05-27T02:02:17.616+0000] {processor.py:186} INFO - Started process (PID=55) to work on /home/airflow/.local/lib/python3.12/site-packages/airflow/example_dags/example_outlet_event_extra.py
[2026-05-27T02:02:17.618+0000] {processor.py:914} INFO - Processing file /home/airflow/.local/lib/python3.12/site-packages/airflow/example_dags/example_outlet_event_extra.py for tasks to queue
[2026-05-27T02:02:17.621+0000] {logging_mixin.py:190} INFO - [2026-05-27T02:02:17.621+0000] {dagbag.py:587} INFO - Filling up the DagBag from /home/airflow/.local/lib/python3.12/site-packages/airflow/example_dags/example_outlet_event_extra.py
[2026-05-27T02:02:17.807+0000] {processor.py:925} INFO - DAG(s) 'dataset_with_extra_by_yield', 'dataset_with_extra_by_context', 'dataset_with_extra_from_classic_operator' retrieved from /home/airflow/.local/lib/python3.12/site-packages/airflow/example_dags/example_outlet_event_extra.py
[2026-05-27T02:02:17.848+0000] {logging_mixin.py:190} INFO - [2026-05-27T02:02:17.848+0000] {dag.py:3211} INFO - Sync 3 DAGs
[2026-05-27T02:02:17.881+0000] {logging_mixin.py:190} INFO - [2026-05-27T02:02:17.881+0000] {dag.py:4138} INFO - Setting next_dagrun for dataset_with_extra_by_context to 2026-05-26 00:00:00+00:00, run_after=2026-05-27 00:00:00+00:00
[2026-05-27T02:02:17.886+0000] {logging_mixin.py:190} INFO - [2026-05-27T02:02:17.886+0000] {dag.py:4138} INFO - Setting next_dagrun for dataset_with_extra_by_yield to 2026-05-26 00:00:00+00:00, run_after=2026-05-27 00:00:00+00:00
[2026-05-27T02:02:17.889+0000] {logging_mixin.py:190} INFO - [2026-05-27T02:02:17.889+0000] {dag.py:4138} INFO - Setting next_dagrun for dataset_with_extra_from_classic_operator to 2026-05-26 00:00:00+00:00, run_after=2026-05-27 00:00:00+00:00
[2026-05-27T02:02:17.912+0000] {processor.py:208} INFO - Processing /home/airflow/.local/lib/python3.12/site-packages/airflow/example_dags/example_outlet_event_extra.py took 0.304 seconds
[2026-05-27T02:02:59.075+0000] {processor.py:186} INFO - Started process (PID=55) to work on /home/airflow/.local/lib/python3.12/site-packages/airflow/example_dags/example_outlet_event_extra.py
[2026-05-27T02:02:59.077+0000] {processor.py:914} INFO - Processing file /home/airflow/.local/lib/python3.12/site-packages/airflow/example_dags/example_outlet_event_extra.py for tasks to queue
[2026-05-27T02:02:59.080+0000] {logging_mixin.py:190} INFO - [2026-05-27T02:02:59.080+0000] {dagbag.py:587} INFO - Filling up the DagBag from /home/airflow/.local/lib/python3.12/site-packages/airflow/example_dags/example_outlet_event_extra.py
[2026-05-27T02:02:59.210+0000] {processor.py:925} INFO - DAG(s) 'dataset_with_extra_from_classic_operator', 'dataset_with_extra_by_context', 'dataset_with_extra_by_yield' retrieved from /home/airflow/.local/lib/python3.12/site-packages/airflow/example_dags/example_outlet_event_extra.py
[2026-05-27T02:02:59.235+0000] {logging_mixin.py:190} INFO - [2026-05-27T02:02:59.235+0000] {dag.py:3211} INFO - Sync 3 DAGs
[2026-05-27T02:02:59.256+0000] {logging_mixin.py:190} INFO - [2026-05-27T02:02:59.255+0000] {dag.py:4138} INFO - Setting next_dagrun for dataset_with_extra_by_context to 2026-05-26 00:00:00+00:00, run_after=2026-05-27 00:00:00+00:00
[2026-05-27T02:02:59.259+0000] {logging_mixin.py:190} INFO - [2026-05-27T02:02:59.258+0000] {dag.py:4138} INFO - Setting next_dagrun for dataset_with_extra_by_yield to 2026-05-26 00:00:00+00:00, run_after=2026-05-27 00:00:00+00:00
[2026-05-27T02:02:59.260+0000] {logging_mixin.py:190} INFO - [2026-05-27T02:02:59.260+0000] {dag.py:4138} INFO - Setting next_dagrun for dataset_with_extra_from_classic_operator to 2026-05-26 00:00:00+00:00, run_after=2026-05-27 00:00:00+00:00
[2026-05-27T02:02:59.273+0000] {processor.py:208} INFO - Processing /home/airflow/.local/lib/python3.12/site-packages/airflow/example_dags/example_outlet_event_extra.py took 0.207 seconds
