[2026-05-27T01:54:01.558+0000] {processor.py:186} INFO - Started process (PID=63) to work on /home/airflow/.local/lib/python3.12/site-packages/airflow/example_dags/example_dynamic_task_mapping_with_no_taskflow_operators.py
[2026-05-27T01:54:01.559+0000] {processor.py:914} INFO - Processing file /home/airflow/.local/lib/python3.12/site-packages/airflow/example_dags/example_dynamic_task_mapping_with_no_taskflow_operators.py for tasks to queue
[2026-05-27T01:54:01.561+0000] {logging_mixin.py:190} INFO - [2026-05-27T01:54:01.561+0000] {dagbag.py:587} INFO - Filling up the DagBag from /home/airflow/.local/lib/python3.12/site-packages/airflow/example_dags/example_dynamic_task_mapping_with_no_taskflow_operators.py
[2026-05-27T01:54:01.569+0000] {processor.py:925} INFO - DAG(s) 'example_dynamic_task_mapping_with_no_taskflow_operators' retrieved from /home/airflow/.local/lib/python3.12/site-packages/airflow/example_dags/example_dynamic_task_mapping_with_no_taskflow_operators.py
[2026-05-27T01:54:01.670+0000] {logging_mixin.py:190} INFO - [2026-05-27T01:54:01.669+0000] {override.py:1858} INFO - Created Permission View: can edit on DAG:example_dynamic_task_mapping_with_no_taskflow_operators
[2026-05-27T01:54:01.677+0000] {logging_mixin.py:190} INFO - [2026-05-27T01:54:01.677+0000] {override.py:1858} INFO - Created Permission View: can read on DAG:example_dynamic_task_mapping_with_no_taskflow_operators
[2026-05-27T01:54:01.681+0000] {logging_mixin.py:190} INFO - [2026-05-27T01:54:01.681+0000] {override.py:1858} INFO - Created Permission View: can delete on DAG:example_dynamic_task_mapping_with_no_taskflow_operators
[2026-05-27T01:54:01.682+0000] {logging_mixin.py:190} INFO - [2026-05-27T01:54:01.682+0000] {dag.py:3211} INFO - Sync 1 DAGs
[2026-05-27T01:54:01.694+0000] {logging_mixin.py:190} INFO - [2026-05-27T01:54:01.694+0000] {dag.py:3234} INFO - Creating ORM DAG for example_dynamic_task_mapping_with_no_taskflow_operators
[2026-05-27T01:54:01.703+0000] {logging_mixin.py:190} INFO - [2026-05-27T01:54:01.703+0000] {dag.py:4138} INFO - Setting next_dagrun for example_dynamic_task_mapping_with_no_taskflow_operators to 2026-05-26 00:00:00+00:00, run_after=2026-05-27 00:00:00+00:00
[2026-05-27T01:54:01.713+0000] {processor.py:208} INFO - Processing /home/airflow/.local/lib/python3.12/site-packages/airflow/example_dags/example_dynamic_task_mapping_with_no_taskflow_operators.py took 0.161 seconds
[2026-05-27T01:54:32.528+0000] {processor.py:186} INFO - Started process (PID=135) to work on /home/airflow/.local/lib/python3.12/site-packages/airflow/example_dags/example_dynamic_task_mapping_with_no_taskflow_operators.py
[2026-05-27T01:54:32.529+0000] {processor.py:914} INFO - Processing file /home/airflow/.local/lib/python3.12/site-packages/airflow/example_dags/example_dynamic_task_mapping_with_no_taskflow_operators.py for tasks to queue
[2026-05-27T01:54:32.534+0000] {logging_mixin.py:190} INFO - [2026-05-27T01:54:32.534+0000] {dagbag.py:587} INFO - Filling up the DagBag from /home/airflow/.local/lib/python3.12/site-packages/airflow/example_dags/example_dynamic_task_mapping_with_no_taskflow_operators.py
[2026-05-27T01:54:32.544+0000] {processor.py:925} INFO - DAG(s) 'example_dynamic_task_mapping_with_no_taskflow_operators' retrieved from /home/airflow/.local/lib/python3.12/site-packages/airflow/example_dags/example_dynamic_task_mapping_with_no_taskflow_operators.py
[2026-05-27T01:54:32.578+0000] {logging_mixin.py:190} INFO - [2026-05-27T01:54:32.577+0000] {dag.py:3211} INFO - Sync 1 DAGs
[2026-05-27T01:54:32.601+0000] {logging_mixin.py:190} INFO - [2026-05-27T01:54:32.601+0000] {dag.py:4138} INFO - Setting next_dagrun for example_dynamic_task_mapping_with_no_taskflow_operators to 2026-05-26 00:00:00+00:00, run_after=2026-05-27 00:00:00+00:00
[2026-05-27T01:54:32.615+0000] {processor.py:208} INFO - Processing /home/airflow/.local/lib/python3.12/site-packages/airflow/example_dags/example_dynamic_task_mapping_with_no_taskflow_operators.py took 0.094 seconds
[2026-05-27T01:55:02.905+0000] {processor.py:186} INFO - Started process (PID=200) to work on /home/airflow/.local/lib/python3.12/site-packages/airflow/example_dags/example_dynamic_task_mapping_with_no_taskflow_operators.py
[2026-05-27T01:55:02.905+0000] {processor.py:914} INFO - Processing file /home/airflow/.local/lib/python3.12/site-packages/airflow/example_dags/example_dynamic_task_mapping_with_no_taskflow_operators.py for tasks to queue
[2026-05-27T01:55:02.907+0000] {logging_mixin.py:190} INFO - [2026-05-27T01:55:02.907+0000] {dagbag.py:587} INFO - Filling up the DagBag from /home/airflow/.local/lib/python3.12/site-packages/airflow/example_dags/example_dynamic_task_mapping_with_no_taskflow_operators.py
[2026-05-27T01:55:02.914+0000] {processor.py:925} INFO - DAG(s) 'example_dynamic_task_mapping_with_no_taskflow_operators' retrieved from /home/airflow/.local/lib/python3.12/site-packages/airflow/example_dags/example_dynamic_task_mapping_with_no_taskflow_operators.py
[2026-05-27T01:55:02.932+0000] {logging_mixin.py:190} INFO - [2026-05-27T01:55:02.931+0000] {dag.py:3211} INFO - Sync 1 DAGs
[2026-05-27T01:55:02.953+0000] {logging_mixin.py:190} INFO - [2026-05-27T01:55:02.953+0000] {dag.py:4138} INFO - Setting next_dagrun for example_dynamic_task_mapping_with_no_taskflow_operators to 2026-05-26 00:00:00+00:00, run_after=2026-05-27 00:00:00+00:00
[2026-05-27T01:55:02.967+0000] {processor.py:208} INFO - Processing /home/airflow/.local/lib/python3.12/site-packages/airflow/example_dags/example_dynamic_task_mapping_with_no_taskflow_operators.py took 0.066 seconds
[2026-05-27T01:55:33.315+0000] {processor.py:186} INFO - Started process (PID=262) to work on /home/airflow/.local/lib/python3.12/site-packages/airflow/example_dags/example_dynamic_task_mapping_with_no_taskflow_operators.py
[2026-05-27T01:55:33.315+0000] {processor.py:914} INFO - Processing file /home/airflow/.local/lib/python3.12/site-packages/airflow/example_dags/example_dynamic_task_mapping_with_no_taskflow_operators.py for tasks to queue
[2026-05-27T01:55:33.317+0000] {logging_mixin.py:190} INFO - [2026-05-27T01:55:33.317+0000] {dagbag.py:587} INFO - Filling up the DagBag from /home/airflow/.local/lib/python3.12/site-packages/airflow/example_dags/example_dynamic_task_mapping_with_no_taskflow_operators.py
[2026-05-27T01:55:33.325+0000] {processor.py:925} INFO - DAG(s) 'example_dynamic_task_mapping_with_no_taskflow_operators' retrieved from /home/airflow/.local/lib/python3.12/site-packages/airflow/example_dags/example_dynamic_task_mapping_with_no_taskflow_operators.py
[2026-05-27T01:55:33.340+0000] {logging_mixin.py:190} INFO - [2026-05-27T01:55:33.340+0000] {dag.py:3211} INFO - Sync 1 DAGs
[2026-05-27T01:55:33.354+0000] {logging_mixin.py:190} INFO - [2026-05-27T01:55:33.354+0000] {dag.py:4138} INFO - Setting next_dagrun for example_dynamic_task_mapping_with_no_taskflow_operators to 2026-05-26 00:00:00+00:00, run_after=2026-05-27 00:00:00+00:00
[2026-05-27T01:55:33.365+0000] {processor.py:208} INFO - Processing /home/airflow/.local/lib/python3.12/site-packages/airflow/example_dags/example_dynamic_task_mapping_with_no_taskflow_operators.py took 0.054 seconds
[2026-05-27T01:56:03.805+0000] {processor.py:186} INFO - Started process (PID=330) to work on /home/airflow/.local/lib/python3.12/site-packages/airflow/example_dags/example_dynamic_task_mapping_with_no_taskflow_operators.py
[2026-05-27T01:56:03.806+0000] {processor.py:914} INFO - Processing file /home/airflow/.local/lib/python3.12/site-packages/airflow/example_dags/example_dynamic_task_mapping_with_no_taskflow_operators.py for tasks to queue
[2026-05-27T01:56:03.808+0000] {logging_mixin.py:190} INFO - [2026-05-27T01:56:03.808+0000] {dagbag.py:587} INFO - Filling up the DagBag from /home/airflow/.local/lib/python3.12/site-packages/airflow/example_dags/example_dynamic_task_mapping_with_no_taskflow_operators.py
[2026-05-27T01:56:03.814+0000] {processor.py:925} INFO - DAG(s) 'example_dynamic_task_mapping_with_no_taskflow_operators' retrieved from /home/airflow/.local/lib/python3.12/site-packages/airflow/example_dags/example_dynamic_task_mapping_with_no_taskflow_operators.py
[2026-05-27T01:56:03.830+0000] {logging_mixin.py:190} INFO - [2026-05-27T01:56:03.829+0000] {dag.py:3211} INFO - Sync 1 DAGs
[2026-05-27T01:56:03.847+0000] {logging_mixin.py:190} INFO - [2026-05-27T01:56:03.847+0000] {dag.py:4138} INFO - Setting next_dagrun for example_dynamic_task_mapping_with_no_taskflow_operators to 2026-05-26 00:00:00+00:00, run_after=2026-05-27 00:00:00+00:00
[2026-05-27T01:56:03.859+0000] {processor.py:208} INFO - Processing /home/airflow/.local/lib/python3.12/site-packages/airflow/example_dags/example_dynamic_task_mapping_with_no_taskflow_operators.py took 0.059 seconds
[2026-05-27T01:56:34.138+0000] {processor.py:186} INFO - Started process (PID=392) to work on /home/airflow/.local/lib/python3.12/site-packages/airflow/example_dags/example_dynamic_task_mapping_with_no_taskflow_operators.py
[2026-05-27T01:56:34.139+0000] {processor.py:914} INFO - Processing file /home/airflow/.local/lib/python3.12/site-packages/airflow/example_dags/example_dynamic_task_mapping_with_no_taskflow_operators.py for tasks to queue
[2026-05-27T01:56:34.142+0000] {logging_mixin.py:190} INFO - [2026-05-27T01:56:34.141+0000] {dagbag.py:587} INFO - Filling up the DagBag from /home/airflow/.local/lib/python3.12/site-packages/airflow/example_dags/example_dynamic_task_mapping_with_no_taskflow_operators.py
[2026-05-27T01:56:34.148+0000] {processor.py:925} INFO - DAG(s) 'example_dynamic_task_mapping_with_no_taskflow_operators' retrieved from /home/airflow/.local/lib/python3.12/site-packages/airflow/example_dags/example_dynamic_task_mapping_with_no_taskflow_operators.py
[2026-05-27T01:56:34.166+0000] {logging_mixin.py:190} INFO - [2026-05-27T01:56:34.166+0000] {dag.py:3211} INFO - Sync 1 DAGs
[2026-05-27T01:56:34.181+0000] {logging_mixin.py:190} INFO - [2026-05-27T01:56:34.181+0000] {dag.py:4138} INFO - Setting next_dagrun for example_dynamic_task_mapping_with_no_taskflow_operators to 2026-05-26 00:00:00+00:00, run_after=2026-05-27 00:00:00+00:00
[2026-05-27T01:56:34.192+0000] {processor.py:208} INFO - Processing /home/airflow/.local/lib/python3.12/site-packages/airflow/example_dags/example_dynamic_task_mapping_with_no_taskflow_operators.py took 0.059 seconds
[2026-05-27T01:57:04.395+0000] {processor.py:186} INFO - Started process (PID=454) to work on /home/airflow/.local/lib/python3.12/site-packages/airflow/example_dags/example_dynamic_task_mapping_with_no_taskflow_operators.py
[2026-05-27T01:57:04.396+0000] {processor.py:914} INFO - Processing file /home/airflow/.local/lib/python3.12/site-packages/airflow/example_dags/example_dynamic_task_mapping_with_no_taskflow_operators.py for tasks to queue
[2026-05-27T01:57:04.398+0000] {logging_mixin.py:190} INFO - [2026-05-27T01:57:04.398+0000] {dagbag.py:587} INFO - Filling up the DagBag from /home/airflow/.local/lib/python3.12/site-packages/airflow/example_dags/example_dynamic_task_mapping_with_no_taskflow_operators.py
[2026-05-27T01:57:04.406+0000] {processor.py:925} INFO - DAG(s) 'example_dynamic_task_mapping_with_no_taskflow_operators' retrieved from /home/airflow/.local/lib/python3.12/site-packages/airflow/example_dags/example_dynamic_task_mapping_with_no_taskflow_operators.py
[2026-05-27T01:57:04.423+0000] {logging_mixin.py:190} INFO - [2026-05-27T01:57:04.422+0000] {dag.py:3211} INFO - Sync 1 DAGs
[2026-05-27T01:57:04.439+0000] {logging_mixin.py:190} INFO - [2026-05-27T01:57:04.439+0000] {dag.py:4138} INFO - Setting next_dagrun for example_dynamic_task_mapping_with_no_taskflow_operators to 2026-05-26 00:00:00+00:00, run_after=2026-05-27 00:00:00+00:00
[2026-05-27T01:57:04.451+0000] {processor.py:208} INFO - Processing /home/airflow/.local/lib/python3.12/site-packages/airflow/example_dags/example_dynamic_task_mapping_with_no_taskflow_operators.py took 0.063 seconds
[2026-05-27T01:57:35.112+0000] {processor.py:186} INFO - Started process (PID=516) to work on /home/airflow/.local/lib/python3.12/site-packages/airflow/example_dags/example_dynamic_task_mapping_with_no_taskflow_operators.py
[2026-05-27T01:57:35.112+0000] {processor.py:914} INFO - Processing file /home/airflow/.local/lib/python3.12/site-packages/airflow/example_dags/example_dynamic_task_mapping_with_no_taskflow_operators.py for tasks to queue
[2026-05-27T01:57:35.114+0000] {logging_mixin.py:190} INFO - [2026-05-27T01:57:35.114+0000] {dagbag.py:587} INFO - Filling up the DagBag from /home/airflow/.local/lib/python3.12/site-packages/airflow/example_dags/example_dynamic_task_mapping_with_no_taskflow_operators.py
[2026-05-27T01:57:35.122+0000] {processor.py:925} INFO - DAG(s) 'example_dynamic_task_mapping_with_no_taskflow_operators' retrieved from /home/airflow/.local/lib/python3.12/site-packages/airflow/example_dags/example_dynamic_task_mapping_with_no_taskflow_operators.py
[2026-05-27T01:57:35.136+0000] {logging_mixin.py:190} INFO - [2026-05-27T01:57:35.136+0000] {dag.py:3211} INFO - Sync 1 DAGs
[2026-05-27T01:57:35.149+0000] {logging_mixin.py:190} INFO - [2026-05-27T01:57:35.149+0000] {dag.py:4138} INFO - Setting next_dagrun for example_dynamic_task_mapping_with_no_taskflow_operators to 2026-05-26 00:00:00+00:00, run_after=2026-05-27 00:00:00+00:00
[2026-05-27T01:57:35.159+0000] {processor.py:208} INFO - Processing /home/airflow/.local/lib/python3.12/site-packages/airflow/example_dags/example_dynamic_task_mapping_with_no_taskflow_operators.py took 0.051 seconds
[2026-05-27T01:58:05.633+0000] {processor.py:186} INFO - Started process (PID=578) to work on /home/airflow/.local/lib/python3.12/site-packages/airflow/example_dags/example_dynamic_task_mapping_with_no_taskflow_operators.py
[2026-05-27T01:58:05.633+0000] {processor.py:914} INFO - Processing file /home/airflow/.local/lib/python3.12/site-packages/airflow/example_dags/example_dynamic_task_mapping_with_no_taskflow_operators.py for tasks to queue
[2026-05-27T01:58:05.635+0000] {logging_mixin.py:190} INFO - [2026-05-27T01:58:05.635+0000] {dagbag.py:587} INFO - Filling up the DagBag from /home/airflow/.local/lib/python3.12/site-packages/airflow/example_dags/example_dynamic_task_mapping_with_no_taskflow_operators.py
[2026-05-27T01:58:05.644+0000] {processor.py:925} INFO - DAG(s) 'example_dynamic_task_mapping_with_no_taskflow_operators' retrieved from /home/airflow/.local/lib/python3.12/site-packages/airflow/example_dags/example_dynamic_task_mapping_with_no_taskflow_operators.py
[2026-05-27T01:58:05.661+0000] {logging_mixin.py:190} INFO - [2026-05-27T01:58:05.661+0000] {dag.py:3211} INFO - Sync 1 DAGs
[2026-05-27T01:58:05.677+0000] {logging_mixin.py:190} INFO - [2026-05-27T01:58:05.677+0000] {dag.py:4138} INFO - Setting next_dagrun for example_dynamic_task_mapping_with_no_taskflow_operators to 2026-05-26 00:00:00+00:00, run_after=2026-05-27 00:00:00+00:00
[2026-05-27T01:58:05.688+0000] {processor.py:208} INFO - Processing /home/airflow/.local/lib/python3.12/site-packages/airflow/example_dags/example_dynamic_task_mapping_with_no_taskflow_operators.py took 0.060 seconds
[2026-05-27T01:59:13.020+0000] {processor.py:186} INFO - Started process (PID=72) to work on /home/airflow/.local/lib/python3.12/site-packages/airflow/example_dags/example_dynamic_task_mapping_with_no_taskflow_operators.py
[2026-05-27T01:59:13.021+0000] {processor.py:914} INFO - Processing file /home/airflow/.local/lib/python3.12/site-packages/airflow/example_dags/example_dynamic_task_mapping_with_no_taskflow_operators.py for tasks to queue
[2026-05-27T01:59:13.023+0000] {logging_mixin.py:190} INFO - [2026-05-27T01:59:13.023+0000] {dagbag.py:587} INFO - Filling up the DagBag from /home/airflow/.local/lib/python3.12/site-packages/airflow/example_dags/example_dynamic_task_mapping_with_no_taskflow_operators.py
[2026-05-27T01:59:13.030+0000] {processor.py:925} INFO - DAG(s) 'example_dynamic_task_mapping_with_no_taskflow_operators' retrieved from /home/airflow/.local/lib/python3.12/site-packages/airflow/example_dags/example_dynamic_task_mapping_with_no_taskflow_operators.py
[2026-05-27T01:59:13.055+0000] {logging_mixin.py:190} INFO - [2026-05-27T01:59:13.055+0000] {dag.py:3211} INFO - Sync 1 DAGs
[2026-05-27T01:59:13.073+0000] {logging_mixin.py:190} INFO - [2026-05-27T01:59:13.073+0000] {dag.py:4138} INFO - Setting next_dagrun for example_dynamic_task_mapping_with_no_taskflow_operators to 2026-05-26 00:00:00+00:00, run_after=2026-05-27 00:00:00+00:00
[2026-05-27T01:59:13.086+0000] {processor.py:208} INFO - Processing /home/airflow/.local/lib/python3.12/site-packages/airflow/example_dags/example_dynamic_task_mapping_with_no_taskflow_operators.py took 0.070 seconds
[2026-05-27T01:59:43.648+0000] {processor.py:186} INFO - Started process (PID=170) to work on /home/airflow/.local/lib/python3.12/site-packages/airflow/example_dags/example_dynamic_task_mapping_with_no_taskflow_operators.py
[2026-05-27T01:59:43.648+0000] {processor.py:914} INFO - Processing file /home/airflow/.local/lib/python3.12/site-packages/airflow/example_dags/example_dynamic_task_mapping_with_no_taskflow_operators.py for tasks to queue
[2026-05-27T01:59:43.651+0000] {logging_mixin.py:190} INFO - [2026-05-27T01:59:43.651+0000] {dagbag.py:587} INFO - Filling up the DagBag from /home/airflow/.local/lib/python3.12/site-packages/airflow/example_dags/example_dynamic_task_mapping_with_no_taskflow_operators.py
[2026-05-27T01:59:43.658+0000] {processor.py:925} INFO - DAG(s) 'example_dynamic_task_mapping_with_no_taskflow_operators' retrieved from /home/airflow/.local/lib/python3.12/site-packages/airflow/example_dags/example_dynamic_task_mapping_with_no_taskflow_operators.py
[2026-05-27T01:59:43.675+0000] {logging_mixin.py:190} INFO - [2026-05-27T01:59:43.675+0000] {dag.py:3211} INFO - Sync 1 DAGs
[2026-05-27T01:59:43.695+0000] {logging_mixin.py:190} INFO - [2026-05-27T01:59:43.695+0000] {dag.py:4138} INFO - Setting next_dagrun for example_dynamic_task_mapping_with_no_taskflow_operators to 2026-05-26 00:00:00+00:00, run_after=2026-05-27 00:00:00+00:00
[2026-05-27T01:59:43.708+0000] {processor.py:208} INFO - Processing /home/airflow/.local/lib/python3.12/site-packages/airflow/example_dags/example_dynamic_task_mapping_with_no_taskflow_operators.py took 0.065 seconds
[2026-05-27T02:00:13.938+0000] {processor.py:186} INFO - Started process (PID=233) to work on /home/airflow/.local/lib/python3.12/site-packages/airflow/example_dags/example_dynamic_task_mapping_with_no_taskflow_operators.py
[2026-05-27T02:00:13.941+0000] {processor.py:914} INFO - Processing file /home/airflow/.local/lib/python3.12/site-packages/airflow/example_dags/example_dynamic_task_mapping_with_no_taskflow_operators.py for tasks to queue
[2026-05-27T02:00:13.943+0000] {logging_mixin.py:190} INFO - [2026-05-27T02:00:13.942+0000] {dagbag.py:587} INFO - Filling up the DagBag from /home/airflow/.local/lib/python3.12/site-packages/airflow/example_dags/example_dynamic_task_mapping_with_no_taskflow_operators.py
[2026-05-27T02:00:13.952+0000] {processor.py:925} INFO - DAG(s) 'example_dynamic_task_mapping_with_no_taskflow_operators' retrieved from /home/airflow/.local/lib/python3.12/site-packages/airflow/example_dags/example_dynamic_task_mapping_with_no_taskflow_operators.py
[2026-05-27T02:00:13.968+0000] {logging_mixin.py:190} INFO - [2026-05-27T02:00:13.968+0000] {dag.py:3211} INFO - Sync 1 DAGs
[2026-05-27T02:00:13.984+0000] {logging_mixin.py:190} INFO - [2026-05-27T02:00:13.984+0000] {dag.py:4138} INFO - Setting next_dagrun for example_dynamic_task_mapping_with_no_taskflow_operators to 2026-05-26 00:00:00+00:00, run_after=2026-05-27 00:00:00+00:00
[2026-05-27T02:00:13.996+0000] {processor.py:208} INFO - Processing /home/airflow/.local/lib/python3.12/site-packages/airflow/example_dags/example_dynamic_task_mapping_with_no_taskflow_operators.py took 0.062 seconds
[2026-05-27T02:00:44.695+0000] {processor.py:186} INFO - Started process (PID=295) to work on /home/airflow/.local/lib/python3.12/site-packages/airflow/example_dags/example_dynamic_task_mapping_with_no_taskflow_operators.py
[2026-05-27T02:00:44.696+0000] {processor.py:914} INFO - Processing file /home/airflow/.local/lib/python3.12/site-packages/airflow/example_dags/example_dynamic_task_mapping_with_no_taskflow_operators.py for tasks to queue
[2026-05-27T02:00:44.697+0000] {logging_mixin.py:190} INFO - [2026-05-27T02:00:44.697+0000] {dagbag.py:587} INFO - Filling up the DagBag from /home/airflow/.local/lib/python3.12/site-packages/airflow/example_dags/example_dynamic_task_mapping_with_no_taskflow_operators.py
[2026-05-27T02:00:44.704+0000] {processor.py:925} INFO - DAG(s) 'example_dynamic_task_mapping_with_no_taskflow_operators' retrieved from /home/airflow/.local/lib/python3.12/site-packages/airflow/example_dags/example_dynamic_task_mapping_with_no_taskflow_operators.py
[2026-05-27T02:00:44.718+0000] {logging_mixin.py:190} INFO - [2026-05-27T02:00:44.717+0000] {dag.py:3211} INFO - Sync 1 DAGs
[2026-05-27T02:00:44.731+0000] {logging_mixin.py:190} INFO - [2026-05-27T02:00:44.731+0000] {dag.py:4138} INFO - Setting next_dagrun for example_dynamic_task_mapping_with_no_taskflow_operators to 2026-05-26 00:00:00+00:00, run_after=2026-05-27 00:00:00+00:00
[2026-05-27T02:00:44.741+0000] {processor.py:208} INFO - Processing /home/airflow/.local/lib/python3.12/site-packages/airflow/example_dags/example_dynamic_task_mapping_with_no_taskflow_operators.py took 0.051 seconds
[2026-05-27T02:01:14.925+0000] {processor.py:186} INFO - Started process (PID=357) to work on /home/airflow/.local/lib/python3.12/site-packages/airflow/example_dags/example_dynamic_task_mapping_with_no_taskflow_operators.py
[2026-05-27T02:01:14.926+0000] {processor.py:914} INFO - Processing file /home/airflow/.local/lib/python3.12/site-packages/airflow/example_dags/example_dynamic_task_mapping_with_no_taskflow_operators.py for tasks to queue
[2026-05-27T02:01:14.928+0000] {logging_mixin.py:190} INFO - [2026-05-27T02:01:14.928+0000] {dagbag.py:587} INFO - Filling up the DagBag from /home/airflow/.local/lib/python3.12/site-packages/airflow/example_dags/example_dynamic_task_mapping_with_no_taskflow_operators.py
[2026-05-27T02:01:14.934+0000] {processor.py:925} INFO - DAG(s) 'example_dynamic_task_mapping_with_no_taskflow_operators' retrieved from /home/airflow/.local/lib/python3.12/site-packages/airflow/example_dags/example_dynamic_task_mapping_with_no_taskflow_operators.py
[2026-05-27T02:01:14.948+0000] {logging_mixin.py:190} INFO - [2026-05-27T02:01:14.948+0000] {dag.py:3211} INFO - Sync 1 DAGs
[2026-05-27T02:01:14.961+0000] {logging_mixin.py:190} INFO - [2026-05-27T02:01:14.961+0000] {dag.py:4138} INFO - Setting next_dagrun for example_dynamic_task_mapping_with_no_taskflow_operators to 2026-05-26 00:00:00+00:00, run_after=2026-05-27 00:00:00+00:00
[2026-05-27T02:01:14.971+0000] {processor.py:208} INFO - Processing /home/airflow/.local/lib/python3.12/site-packages/airflow/example_dags/example_dynamic_task_mapping_with_no_taskflow_operators.py took 0.050 seconds
[2026-05-27T02:01:48.374+0000] {processor.py:186} INFO - Started process (PID=57) to work on /home/airflow/.local/lib/python3.12/site-packages/airflow/example_dags/example_dynamic_task_mapping_with_no_taskflow_operators.py
[2026-05-27T02:01:48.375+0000] {processor.py:914} INFO - Processing file /home/airflow/.local/lib/python3.12/site-packages/airflow/example_dags/example_dynamic_task_mapping_with_no_taskflow_operators.py for tasks to queue
[2026-05-27T02:01:48.378+0000] {logging_mixin.py:190} INFO - [2026-05-27T02:01:48.377+0000] {dagbag.py:587} INFO - Filling up the DagBag from /home/airflow/.local/lib/python3.12/site-packages/airflow/example_dags/example_dynamic_task_mapping_with_no_taskflow_operators.py
[2026-05-27T02:01:48.387+0000] {processor.py:925} INFO - DAG(s) 'example_dynamic_task_mapping_with_no_taskflow_operators' retrieved from /home/airflow/.local/lib/python3.12/site-packages/airflow/example_dags/example_dynamic_task_mapping_with_no_taskflow_operators.py
[2026-05-27T02:01:48.410+0000] {logging_mixin.py:190} INFO - [2026-05-27T02:01:48.410+0000] {dag.py:3211} INFO - Sync 1 DAGs
[2026-05-27T02:01:48.425+0000] {logging_mixin.py:190} INFO - [2026-05-27T02:01:48.425+0000] {dag.py:4138} INFO - Setting next_dagrun for example_dynamic_task_mapping_with_no_taskflow_operators to 2026-05-26 00:00:00+00:00, run_after=2026-05-27 00:00:00+00:00
[2026-05-27T02:01:48.437+0000] {processor.py:208} INFO - Processing /home/airflow/.local/lib/python3.12/site-packages/airflow/example_dags/example_dynamic_task_mapping_with_no_taskflow_operators.py took 0.069 seconds
[2026-05-27T02:02:17.992+0000] {processor.py:186} INFO - Started process (PID=57) to work on /home/airflow/.local/lib/python3.12/site-packages/airflow/example_dags/example_dynamic_task_mapping_with_no_taskflow_operators.py
[2026-05-27T02:02:17.993+0000] {processor.py:914} INFO - Processing file /home/airflow/.local/lib/python3.12/site-packages/airflow/example_dags/example_dynamic_task_mapping_with_no_taskflow_operators.py for tasks to queue
[2026-05-27T02:02:17.995+0000] {logging_mixin.py:190} INFO - [2026-05-27T02:02:17.995+0000] {dagbag.py:587} INFO - Filling up the DagBag from /home/airflow/.local/lib/python3.12/site-packages/airflow/example_dags/example_dynamic_task_mapping_with_no_taskflow_operators.py
[2026-05-27T02:02:18.002+0000] {processor.py:925} INFO - DAG(s) 'example_dynamic_task_mapping_with_no_taskflow_operators' retrieved from /home/airflow/.local/lib/python3.12/site-packages/airflow/example_dags/example_dynamic_task_mapping_with_no_taskflow_operators.py
[2026-05-27T02:02:18.021+0000] {logging_mixin.py:190} INFO - [2026-05-27T02:02:18.021+0000] {dag.py:3211} INFO - Sync 1 DAGs
[2026-05-27T02:02:18.036+0000] {logging_mixin.py:190} INFO - [2026-05-27T02:02:18.036+0000] {dag.py:4138} INFO - Setting next_dagrun for example_dynamic_task_mapping_with_no_taskflow_operators to 2026-05-26 00:00:00+00:00, run_after=2026-05-27 00:00:00+00:00
[2026-05-27T02:02:18.047+0000] {processor.py:208} INFO - Processing /home/airflow/.local/lib/python3.12/site-packages/airflow/example_dags/example_dynamic_task_mapping_with_no_taskflow_operators.py took 0.060 seconds
[2026-05-27T02:02:59.474+0000] {processor.py:186} INFO - Started process (PID=57) to work on /home/airflow/.local/lib/python3.12/site-packages/airflow/example_dags/example_dynamic_task_mapping_with_no_taskflow_operators.py
[2026-05-27T02:02:59.475+0000] {processor.py:914} INFO - Processing file /home/airflow/.local/lib/python3.12/site-packages/airflow/example_dags/example_dynamic_task_mapping_with_no_taskflow_operators.py for tasks to queue
[2026-05-27T02:02:59.477+0000] {logging_mixin.py:190} INFO - [2026-05-27T02:02:59.477+0000] {dagbag.py:587} INFO - Filling up the DagBag from /home/airflow/.local/lib/python3.12/site-packages/airflow/example_dags/example_dynamic_task_mapping_with_no_taskflow_operators.py
[2026-05-27T02:02:59.486+0000] {processor.py:925} INFO - DAG(s) 'example_dynamic_task_mapping_with_no_taskflow_operators' retrieved from /home/airflow/.local/lib/python3.12/site-packages/airflow/example_dags/example_dynamic_task_mapping_with_no_taskflow_operators.py
[2026-05-27T02:02:59.512+0000] {logging_mixin.py:190} INFO - [2026-05-27T02:02:59.512+0000] {dag.py:3211} INFO - Sync 1 DAGs
[2026-05-27T02:02:59.531+0000] {logging_mixin.py:190} INFO - [2026-05-27T02:02:59.531+0000] {dag.py:4138} INFO - Setting next_dagrun for example_dynamic_task_mapping_with_no_taskflow_operators to 2026-05-26 00:00:00+00:00, run_after=2026-05-27 00:00:00+00:00
[2026-05-27T02:02:59.545+0000] {processor.py:208} INFO - Processing /home/airflow/.local/lib/python3.12/site-packages/airflow/example_dags/example_dynamic_task_mapping_with_no_taskflow_operators.py took 0.077 seconds
