[2026-05-27T01:54:03.879+0000] {processor.py:186} INFO - Started process (PID=91) to work on /home/airflow/.local/lib/python3.12/site-packages/airflow/example_dags/example_task_group.py
[2026-05-27T01:54:03.880+0000] {processor.py:914} INFO - Processing file /home/airflow/.local/lib/python3.12/site-packages/airflow/example_dags/example_task_group.py for tasks to queue
[2026-05-27T01:54:03.882+0000] {logging_mixin.py:190} INFO - [2026-05-27T01:54:03.882+0000] {dagbag.py:587} INFO - Filling up the DagBag from /home/airflow/.local/lib/python3.12/site-packages/airflow/example_dags/example_task_group.py
[2026-05-27T01:54:03.891+0000] {processor.py:925} INFO - DAG(s) 'example_task_group' retrieved from /home/airflow/.local/lib/python3.12/site-packages/airflow/example_dags/example_task_group.py
[2026-05-27T01:54:03.982+0000] {logging_mixin.py:190} INFO - [2026-05-27T01:54:03.982+0000] {override.py:1858} INFO - Created Permission View: can edit on DAG:example_task_group
[2026-05-27T01:54:03.991+0000] {logging_mixin.py:190} INFO - [2026-05-27T01:54:03.991+0000] {override.py:1858} INFO - Created Permission View: can read on DAG:example_task_group
[2026-05-27T01:54:03.997+0000] {logging_mixin.py:190} INFO - [2026-05-27T01:54:03.997+0000] {override.py:1858} INFO - Created Permission View: can delete on DAG:example_task_group
[2026-05-27T01:54:03.998+0000] {logging_mixin.py:190} INFO - [2026-05-27T01:54:03.998+0000] {dag.py:3211} INFO - Sync 1 DAGs
[2026-05-27T01:54:04.007+0000] {logging_mixin.py:190} INFO - [2026-05-27T01:54:04.007+0000] {dag.py:3234} INFO - Creating ORM DAG for example_task_group
[2026-05-27T01:54:04.014+0000] {logging_mixin.py:190} INFO - [2026-05-27T01:54:04.014+0000] {dag.py:4138} INFO - Setting next_dagrun for example_task_group to 2026-05-26 00:00:00+00:00, run_after=2026-05-27 00:00:00+00:00
[2026-05-27T01:54:04.026+0000] {processor.py:208} INFO - Processing /home/airflow/.local/lib/python3.12/site-packages/airflow/example_dags/example_task_group.py took 0.153 seconds
[2026-05-27T01:54:34.848+0000] {processor.py:186} INFO - Started process (PID=163) to work on /home/airflow/.local/lib/python3.12/site-packages/airflow/example_dags/example_task_group.py
[2026-05-27T01:54:34.848+0000] {processor.py:914} INFO - Processing file /home/airflow/.local/lib/python3.12/site-packages/airflow/example_dags/example_task_group.py for tasks to queue
[2026-05-27T01:54:34.850+0000] {logging_mixin.py:190} INFO - [2026-05-27T01:54:34.850+0000] {dagbag.py:587} INFO - Filling up the DagBag from /home/airflow/.local/lib/python3.12/site-packages/airflow/example_dags/example_task_group.py
[2026-05-27T01:54:34.856+0000] {processor.py:925} INFO - DAG(s) 'example_task_group' retrieved from /home/airflow/.local/lib/python3.12/site-packages/airflow/example_dags/example_task_group.py
[2026-05-27T01:54:34.871+0000] {logging_mixin.py:190} INFO - [2026-05-27T01:54:34.871+0000] {dag.py:3211} INFO - Sync 1 DAGs
[2026-05-27T01:54:34.888+0000] {logging_mixin.py:190} INFO - [2026-05-27T01:54:34.888+0000] {dag.py:4138} INFO - Setting next_dagrun for example_task_group to 2026-05-26 00:00:00+00:00, run_after=2026-05-27 00:00:00+00:00
[2026-05-27T01:54:34.900+0000] {processor.py:208} INFO - Processing /home/airflow/.local/lib/python3.12/site-packages/airflow/example_dags/example_task_group.py took 0.057 seconds
[2026-05-27T01:55:05.107+0000] {processor.py:186} INFO - Started process (PID=228) to work on /home/airflow/.local/lib/python3.12/site-packages/airflow/example_dags/example_task_group.py
[2026-05-27T01:55:05.108+0000] {processor.py:914} INFO - Processing file /home/airflow/.local/lib/python3.12/site-packages/airflow/example_dags/example_task_group.py for tasks to queue
[2026-05-27T01:55:05.110+0000] {logging_mixin.py:190} INFO - [2026-05-27T01:55:05.110+0000] {dagbag.py:587} INFO - Filling up the DagBag from /home/airflow/.local/lib/python3.12/site-packages/airflow/example_dags/example_task_group.py
[2026-05-27T01:55:05.117+0000] {processor.py:925} INFO - DAG(s) 'example_task_group' retrieved from /home/airflow/.local/lib/python3.12/site-packages/airflow/example_dags/example_task_group.py
[2026-05-27T01:55:05.135+0000] {logging_mixin.py:190} INFO - [2026-05-27T01:55:05.135+0000] {dag.py:3211} INFO - Sync 1 DAGs
[2026-05-27T01:55:05.151+0000] {logging_mixin.py:190} INFO - [2026-05-27T01:55:05.151+0000] {dag.py:4138} INFO - Setting next_dagrun for example_task_group to 2026-05-26 00:00:00+00:00, run_after=2026-05-27 00:00:00+00:00
[2026-05-27T01:55:05.163+0000] {processor.py:208} INFO - Processing /home/airflow/.local/lib/python3.12/site-packages/airflow/example_dags/example_task_group.py took 0.060 seconds
[2026-05-27T01:55:35.558+0000] {processor.py:186} INFO - Started process (PID=290) to work on /home/airflow/.local/lib/python3.12/site-packages/airflow/example_dags/example_task_group.py
[2026-05-27T01:55:35.559+0000] {processor.py:914} INFO - Processing file /home/airflow/.local/lib/python3.12/site-packages/airflow/example_dags/example_task_group.py for tasks to queue
[2026-05-27T01:55:35.561+0000] {logging_mixin.py:190} INFO - [2026-05-27T01:55:35.561+0000] {dagbag.py:587} INFO - Filling up the DagBag from /home/airflow/.local/lib/python3.12/site-packages/airflow/example_dags/example_task_group.py
[2026-05-27T01:55:35.567+0000] {processor.py:925} INFO - DAG(s) 'example_task_group' retrieved from /home/airflow/.local/lib/python3.12/site-packages/airflow/example_dags/example_task_group.py
[2026-05-27T01:55:35.582+0000] {logging_mixin.py:190} INFO - [2026-05-27T01:55:35.582+0000] {dag.py:3211} INFO - Sync 1 DAGs
[2026-05-27T01:55:35.595+0000] {logging_mixin.py:190} INFO - [2026-05-27T01:55:35.595+0000] {dag.py:4138} INFO - Setting next_dagrun for example_task_group to 2026-05-26 00:00:00+00:00, run_after=2026-05-27 00:00:00+00:00
[2026-05-27T01:55:35.605+0000] {processor.py:208} INFO - Processing /home/airflow/.local/lib/python3.12/site-packages/airflow/example_dags/example_task_group.py took 0.051 seconds
[2026-05-27T01:56:05.894+0000] {processor.py:186} INFO - Started process (PID=352) to work on /home/airflow/.local/lib/python3.12/site-packages/airflow/example_dags/example_task_group.py
[2026-05-27T01:56:05.895+0000] {processor.py:914} INFO - Processing file /home/airflow/.local/lib/python3.12/site-packages/airflow/example_dags/example_task_group.py for tasks to queue
[2026-05-27T01:56:05.897+0000] {logging_mixin.py:190} INFO - [2026-05-27T01:56:05.896+0000] {dagbag.py:587} INFO - Filling up the DagBag from /home/airflow/.local/lib/python3.12/site-packages/airflow/example_dags/example_task_group.py
[2026-05-27T01:56:05.904+0000] {processor.py:925} INFO - DAG(s) 'example_task_group' retrieved from /home/airflow/.local/lib/python3.12/site-packages/airflow/example_dags/example_task_group.py
[2026-05-27T01:56:05.925+0000] {logging_mixin.py:190} INFO - [2026-05-27T01:56:05.925+0000] {dag.py:3211} INFO - Sync 1 DAGs
[2026-05-27T01:56:05.948+0000] {logging_mixin.py:190} INFO - [2026-05-27T01:56:05.948+0000] {dag.py:4138} INFO - Setting next_dagrun for example_task_group to 2026-05-26 00:00:00+00:00, run_after=2026-05-27 00:00:00+00:00
[2026-05-27T01:56:05.962+0000] {processor.py:208} INFO - Processing /home/airflow/.local/lib/python3.12/site-packages/airflow/example_dags/example_task_group.py took 0.072 seconds
[2026-05-27T01:56:36.452+0000] {processor.py:186} INFO - Started process (PID=414) to work on /home/airflow/.local/lib/python3.12/site-packages/airflow/example_dags/example_task_group.py
[2026-05-27T01:56:36.453+0000] {processor.py:914} INFO - Processing file /home/airflow/.local/lib/python3.12/site-packages/airflow/example_dags/example_task_group.py for tasks to queue
[2026-05-27T01:56:36.456+0000] {logging_mixin.py:190} INFO - [2026-05-27T01:56:36.455+0000] {dagbag.py:587} INFO - Filling up the DagBag from /home/airflow/.local/lib/python3.12/site-packages/airflow/example_dags/example_task_group.py
[2026-05-27T01:56:36.461+0000] {processor.py:925} INFO - DAG(s) 'example_task_group' retrieved from /home/airflow/.local/lib/python3.12/site-packages/airflow/example_dags/example_task_group.py
[2026-05-27T01:56:36.476+0000] {logging_mixin.py:190} INFO - [2026-05-27T01:56:36.476+0000] {dag.py:3211} INFO - Sync 1 DAGs
[2026-05-27T01:56:36.493+0000] {logging_mixin.py:190} INFO - [2026-05-27T01:56:36.493+0000] {dag.py:4138} INFO - Setting next_dagrun for example_task_group to 2026-05-26 00:00:00+00:00, run_after=2026-05-27 00:00:00+00:00
[2026-05-27T01:56:36.505+0000] {processor.py:208} INFO - Processing /home/airflow/.local/lib/python3.12/site-packages/airflow/example_dags/example_task_group.py took 0.056 seconds
[2026-05-27T01:57:06.909+0000] {processor.py:186} INFO - Started process (PID=476) to work on /home/airflow/.local/lib/python3.12/site-packages/airflow/example_dags/example_task_group.py
[2026-05-27T01:57:06.909+0000] {processor.py:914} INFO - Processing file /home/airflow/.local/lib/python3.12/site-packages/airflow/example_dags/example_task_group.py for tasks to queue
[2026-05-27T01:57:06.912+0000] {logging_mixin.py:190} INFO - [2026-05-27T01:57:06.912+0000] {dagbag.py:587} INFO - Filling up the DagBag from /home/airflow/.local/lib/python3.12/site-packages/airflow/example_dags/example_task_group.py
[2026-05-27T01:57:06.919+0000] {processor.py:925} INFO - DAG(s) 'example_task_group' retrieved from /home/airflow/.local/lib/python3.12/site-packages/airflow/example_dags/example_task_group.py
[2026-05-27T01:57:06.938+0000] {logging_mixin.py:190} INFO - [2026-05-27T01:57:06.938+0000] {dag.py:3211} INFO - Sync 1 DAGs
[2026-05-27T01:57:06.953+0000] {logging_mixin.py:190} INFO - [2026-05-27T01:57:06.953+0000] {dag.py:4138} INFO - Setting next_dagrun for example_task_group to 2026-05-26 00:00:00+00:00, run_after=2026-05-27 00:00:00+00:00
[2026-05-27T01:57:06.965+0000] {processor.py:208} INFO - Processing /home/airflow/.local/lib/python3.12/site-packages/airflow/example_dags/example_task_group.py took 0.061 seconds
[2026-05-27T01:57:37.388+0000] {processor.py:186} INFO - Started process (PID=538) to work on /home/airflow/.local/lib/python3.12/site-packages/airflow/example_dags/example_task_group.py
[2026-05-27T01:57:37.389+0000] {processor.py:914} INFO - Processing file /home/airflow/.local/lib/python3.12/site-packages/airflow/example_dags/example_task_group.py for tasks to queue
[2026-05-27T01:57:37.391+0000] {logging_mixin.py:190} INFO - [2026-05-27T01:57:37.391+0000] {dagbag.py:587} INFO - Filling up the DagBag from /home/airflow/.local/lib/python3.12/site-packages/airflow/example_dags/example_task_group.py
[2026-05-27T01:57:37.396+0000] {processor.py:925} INFO - DAG(s) 'example_task_group' retrieved from /home/airflow/.local/lib/python3.12/site-packages/airflow/example_dags/example_task_group.py
[2026-05-27T01:57:37.415+0000] {logging_mixin.py:190} INFO - [2026-05-27T01:57:37.415+0000] {dag.py:3211} INFO - Sync 1 DAGs
[2026-05-27T01:57:37.433+0000] {logging_mixin.py:190} INFO - [2026-05-27T01:57:37.432+0000] {dag.py:4138} INFO - Setting next_dagrun for example_task_group to 2026-05-26 00:00:00+00:00, run_after=2026-05-27 00:00:00+00:00
[2026-05-27T01:57:37.446+0000] {processor.py:208} INFO - Processing /home/airflow/.local/lib/python3.12/site-packages/airflow/example_dags/example_task_group.py took 0.062 seconds
[2026-05-27T01:58:07.878+0000] {processor.py:186} INFO - Started process (PID=600) to work on /home/airflow/.local/lib/python3.12/site-packages/airflow/example_dags/example_task_group.py
[2026-05-27T01:58:07.879+0000] {processor.py:914} INFO - Processing file /home/airflow/.local/lib/python3.12/site-packages/airflow/example_dags/example_task_group.py for tasks to queue
[2026-05-27T01:58:07.881+0000] {logging_mixin.py:190} INFO - [2026-05-27T01:58:07.881+0000] {dagbag.py:587} INFO - Filling up the DagBag from /home/airflow/.local/lib/python3.12/site-packages/airflow/example_dags/example_task_group.py
[2026-05-27T01:58:07.887+0000] {processor.py:925} INFO - DAG(s) 'example_task_group' retrieved from /home/airflow/.local/lib/python3.12/site-packages/airflow/example_dags/example_task_group.py
[2026-05-27T01:58:07.905+0000] {logging_mixin.py:190} INFO - [2026-05-27T01:58:07.905+0000] {dag.py:3211} INFO - Sync 1 DAGs
[2026-05-27T01:58:07.919+0000] {logging_mixin.py:190} INFO - [2026-05-27T01:58:07.918+0000] {dag.py:4138} INFO - Setting next_dagrun for example_task_group to 2026-05-26 00:00:00+00:00, run_after=2026-05-27 00:00:00+00:00
[2026-05-27T01:58:07.929+0000] {processor.py:208} INFO - Processing /home/airflow/.local/lib/python3.12/site-packages/airflow/example_dags/example_task_group.py took 0.056 seconds
[2026-05-27T01:59:14.467+0000] {processor.py:186} INFO - Started process (PID=94) to work on /home/airflow/.local/lib/python3.12/site-packages/airflow/example_dags/example_task_group.py
[2026-05-27T01:59:14.470+0000] {processor.py:914} INFO - Processing file /home/airflow/.local/lib/python3.12/site-packages/airflow/example_dags/example_task_group.py for tasks to queue
[2026-05-27T01:59:14.472+0000] {logging_mixin.py:190} INFO - [2026-05-27T01:59:14.472+0000] {dagbag.py:587} INFO - Filling up the DagBag from /home/airflow/.local/lib/python3.12/site-packages/airflow/example_dags/example_task_group.py
[2026-05-27T01:59:14.481+0000] {processor.py:925} INFO - DAG(s) 'example_task_group' retrieved from /home/airflow/.local/lib/python3.12/site-packages/airflow/example_dags/example_task_group.py
[2026-05-27T01:59:14.500+0000] {logging_mixin.py:190} INFO - [2026-05-27T01:59:14.500+0000] {dag.py:3211} INFO - Sync 1 DAGs
[2026-05-27T01:59:14.517+0000] {logging_mixin.py:190} INFO - [2026-05-27T01:59:14.517+0000] {dag.py:4138} INFO - Setting next_dagrun for example_task_group to 2026-05-26 00:00:00+00:00, run_after=2026-05-27 00:00:00+00:00
[2026-05-27T01:59:14.530+0000] {processor.py:208} INFO - Processing /home/airflow/.local/lib/python3.12/site-packages/airflow/example_dags/example_task_group.py took 0.068 seconds
[2026-05-27T01:59:44.829+0000] {processor.py:186} INFO - Started process (PID=192) to work on /home/airflow/.local/lib/python3.12/site-packages/airflow/example_dags/example_task_group.py
[2026-05-27T01:59:44.830+0000] {processor.py:914} INFO - Processing file /home/airflow/.local/lib/python3.12/site-packages/airflow/example_dags/example_task_group.py for tasks to queue
[2026-05-27T01:59:44.832+0000] {logging_mixin.py:190} INFO - [2026-05-27T01:59:44.832+0000] {dagbag.py:587} INFO - Filling up the DagBag from /home/airflow/.local/lib/python3.12/site-packages/airflow/example_dags/example_task_group.py
[2026-05-27T01:59:44.840+0000] {processor.py:925} INFO - DAG(s) 'example_task_group' retrieved from /home/airflow/.local/lib/python3.12/site-packages/airflow/example_dags/example_task_group.py
[2026-05-27T01:59:44.859+0000] {logging_mixin.py:190} INFO - [2026-05-27T01:59:44.859+0000] {dag.py:3211} INFO - Sync 1 DAGs
[2026-05-27T01:59:44.879+0000] {logging_mixin.py:190} INFO - [2026-05-27T01:59:44.879+0000] {dag.py:4138} INFO - Setting next_dagrun for example_task_group to 2026-05-26 00:00:00+00:00, run_after=2026-05-27 00:00:00+00:00
[2026-05-27T01:59:44.892+0000] {processor.py:208} INFO - Processing /home/airflow/.local/lib/python3.12/site-packages/airflow/example_dags/example_task_group.py took 0.069 seconds
[2026-05-27T02:00:15.425+0000] {processor.py:186} INFO - Started process (PID=255) to work on /home/airflow/.local/lib/python3.12/site-packages/airflow/example_dags/example_task_group.py
[2026-05-27T02:00:15.426+0000] {processor.py:914} INFO - Processing file /home/airflow/.local/lib/python3.12/site-packages/airflow/example_dags/example_task_group.py for tasks to queue
[2026-05-27T02:00:15.430+0000] {logging_mixin.py:190} INFO - [2026-05-27T02:00:15.429+0000] {dagbag.py:587} INFO - Filling up the DagBag from /home/airflow/.local/lib/python3.12/site-packages/airflow/example_dags/example_task_group.py
[2026-05-27T02:00:15.439+0000] {processor.py:925} INFO - DAG(s) 'example_task_group' retrieved from /home/airflow/.local/lib/python3.12/site-packages/airflow/example_dags/example_task_group.py
[2026-05-27T02:00:15.462+0000] {logging_mixin.py:190} INFO - [2026-05-27T02:00:15.462+0000] {dag.py:3211} INFO - Sync 1 DAGs
[2026-05-27T02:00:15.482+0000] {logging_mixin.py:190} INFO - [2026-05-27T02:00:15.482+0000] {dag.py:4138} INFO - Setting next_dagrun for example_task_group to 2026-05-26 00:00:00+00:00, run_after=2026-05-27 00:00:00+00:00
[2026-05-27T02:00:15.497+0000] {processor.py:208} INFO - Processing /home/airflow/.local/lib/python3.12/site-packages/airflow/example_dags/example_task_group.py took 0.080 seconds
[2026-05-27T02:00:45.952+0000] {processor.py:186} INFO - Started process (PID=317) to work on /home/airflow/.local/lib/python3.12/site-packages/airflow/example_dags/example_task_group.py
[2026-05-27T02:00:45.953+0000] {processor.py:914} INFO - Processing file /home/airflow/.local/lib/python3.12/site-packages/airflow/example_dags/example_task_group.py for tasks to queue
[2026-05-27T02:00:45.956+0000] {logging_mixin.py:190} INFO - [2026-05-27T02:00:45.956+0000] {dagbag.py:587} INFO - Filling up the DagBag from /home/airflow/.local/lib/python3.12/site-packages/airflow/example_dags/example_task_group.py
[2026-05-27T02:00:45.964+0000] {processor.py:925} INFO - DAG(s) 'example_task_group' retrieved from /home/airflow/.local/lib/python3.12/site-packages/airflow/example_dags/example_task_group.py
[2026-05-27T02:00:45.983+0000] {logging_mixin.py:190} INFO - [2026-05-27T02:00:45.983+0000] {dag.py:3211} INFO - Sync 1 DAGs
[2026-05-27T02:00:46.006+0000] {logging_mixin.py:190} INFO - [2026-05-27T02:00:46.006+0000] {dag.py:4138} INFO - Setting next_dagrun for example_task_group to 2026-05-26 00:00:00+00:00, run_after=2026-05-27 00:00:00+00:00
[2026-05-27T02:00:46.017+0000] {processor.py:208} INFO - Processing /home/airflow/.local/lib/python3.12/site-packages/airflow/example_dags/example_task_group.py took 0.070 seconds
[2026-05-27T02:01:16.121+0000] {processor.py:186} INFO - Started process (PID=385) to work on /home/airflow/.local/lib/python3.12/site-packages/airflow/example_dags/example_task_group.py
[2026-05-27T02:01:16.121+0000] {processor.py:914} INFO - Processing file /home/airflow/.local/lib/python3.12/site-packages/airflow/example_dags/example_task_group.py for tasks to queue
[2026-05-27T02:01:16.123+0000] {logging_mixin.py:190} INFO - [2026-05-27T02:01:16.123+0000] {dagbag.py:587} INFO - Filling up the DagBag from /home/airflow/.local/lib/python3.12/site-packages/airflow/example_dags/example_task_group.py
[2026-05-27T02:01:16.130+0000] {processor.py:925} INFO - DAG(s) 'example_task_group' retrieved from /home/airflow/.local/lib/python3.12/site-packages/airflow/example_dags/example_task_group.py
[2026-05-27T02:01:16.145+0000] {logging_mixin.py:190} INFO - [2026-05-27T02:01:16.145+0000] {dag.py:3211} INFO - Sync 1 DAGs
[2026-05-27T02:01:16.162+0000] {logging_mixin.py:190} INFO - [2026-05-27T02:01:16.162+0000] {dag.py:4138} INFO - Setting next_dagrun for example_task_group to 2026-05-26 00:00:00+00:00, run_after=2026-05-27 00:00:00+00:00
[2026-05-27T02:01:16.173+0000] {processor.py:208} INFO - Processing /home/airflow/.local/lib/python3.12/site-packages/airflow/example_dags/example_task_group.py took 0.057 seconds
[2026-05-27T02:01:49.661+0000] {processor.py:186} INFO - Started process (PID=79) to work on /home/airflow/.local/lib/python3.12/site-packages/airflow/example_dags/example_task_group.py
[2026-05-27T02:01:49.662+0000] {processor.py:914} INFO - Processing file /home/airflow/.local/lib/python3.12/site-packages/airflow/example_dags/example_task_group.py for tasks to queue
[2026-05-27T02:01:49.664+0000] {logging_mixin.py:190} INFO - [2026-05-27T02:01:49.663+0000] {dagbag.py:587} INFO - Filling up the DagBag from /home/airflow/.local/lib/python3.12/site-packages/airflow/example_dags/example_task_group.py
[2026-05-27T02:01:49.669+0000] {processor.py:925} INFO - DAG(s) 'example_task_group' retrieved from /home/airflow/.local/lib/python3.12/site-packages/airflow/example_dags/example_task_group.py
[2026-05-27T02:01:49.685+0000] {logging_mixin.py:190} INFO - [2026-05-27T02:01:49.684+0000] {dag.py:3211} INFO - Sync 1 DAGs
[2026-05-27T02:01:49.700+0000] {logging_mixin.py:190} INFO - [2026-05-27T02:01:49.700+0000] {dag.py:4138} INFO - Setting next_dagrun for example_task_group to 2026-05-26 00:00:00+00:00, run_after=2026-05-27 00:00:00+00:00
[2026-05-27T02:01:49.710+0000] {processor.py:208} INFO - Processing /home/airflow/.local/lib/python3.12/site-packages/airflow/example_dags/example_task_group.py took 0.053 seconds
[2026-05-27T02:02:19.419+0000] {processor.py:186} INFO - Started process (PID=79) to work on /home/airflow/.local/lib/python3.12/site-packages/airflow/example_dags/example_task_group.py
[2026-05-27T02:02:19.420+0000] {processor.py:914} INFO - Processing file /home/airflow/.local/lib/python3.12/site-packages/airflow/example_dags/example_task_group.py for tasks to queue
[2026-05-27T02:02:19.423+0000] {logging_mixin.py:190} INFO - [2026-05-27T02:02:19.423+0000] {dagbag.py:587} INFO - Filling up the DagBag from /home/airflow/.local/lib/python3.12/site-packages/airflow/example_dags/example_task_group.py
[2026-05-27T02:02:19.437+0000] {processor.py:925} INFO - DAG(s) 'example_task_group' retrieved from /home/airflow/.local/lib/python3.12/site-packages/airflow/example_dags/example_task_group.py
[2026-05-27T02:02:19.463+0000] {logging_mixin.py:190} INFO - [2026-05-27T02:02:19.462+0000] {dag.py:3211} INFO - Sync 1 DAGs
[2026-05-27T02:02:19.488+0000] {logging_mixin.py:190} INFO - [2026-05-27T02:02:19.488+0000] {dag.py:4138} INFO - Setting next_dagrun for example_task_group to 2026-05-26 00:00:00+00:00, run_after=2026-05-27 00:00:00+00:00
[2026-05-27T02:02:19.505+0000] {processor.py:208} INFO - Processing /home/airflow/.local/lib/python3.12/site-packages/airflow/example_dags/example_task_group.py took 0.091 seconds
[2026-05-27T02:03:01.070+0000] {processor.py:186} INFO - Started process (PID=79) to work on /home/airflow/.local/lib/python3.12/site-packages/airflow/example_dags/example_task_group.py
[2026-05-27T02:03:01.071+0000] {processor.py:914} INFO - Processing file /home/airflow/.local/lib/python3.12/site-packages/airflow/example_dags/example_task_group.py for tasks to queue
[2026-05-27T02:03:01.073+0000] {logging_mixin.py:190} INFO - [2026-05-27T02:03:01.073+0000] {dagbag.py:587} INFO - Filling up the DagBag from /home/airflow/.local/lib/python3.12/site-packages/airflow/example_dags/example_task_group.py
[2026-05-27T02:03:01.082+0000] {processor.py:925} INFO - DAG(s) 'example_task_group' retrieved from /home/airflow/.local/lib/python3.12/site-packages/airflow/example_dags/example_task_group.py
[2026-05-27T02:03:01.102+0000] {logging_mixin.py:190} INFO - [2026-05-27T02:03:01.102+0000] {dag.py:3211} INFO - Sync 1 DAGs
[2026-05-27T02:03:01.123+0000] {logging_mixin.py:190} INFO - [2026-05-27T02:03:01.123+0000] {dag.py:4138} INFO - Setting next_dagrun for example_task_group to 2026-05-26 00:00:00+00:00, run_after=2026-05-27 00:00:00+00:00
[2026-05-27T02:03:01.140+0000] {processor.py:208} INFO - Processing /home/airflow/.local/lib/python3.12/site-packages/airflow/example_dags/example_task_group.py took 0.076 seconds
