[2026-05-27T01:54:00.965+0000] {processor.py:186} INFO - Started process (PID=60) to work on /home/airflow/.local/lib/python3.12/site-packages/airflow/example_dags/example_datasets.py
[2026-05-27T01:54:00.967+0000] {processor.py:914} INFO - Processing file /home/airflow/.local/lib/python3.12/site-packages/airflow/example_dags/example_datasets.py for tasks to queue
[2026-05-27T01:54:00.969+0000] {logging_mixin.py:190} INFO - [2026-05-27T01:54:00.969+0000] {dagbag.py:587} INFO - Filling up the DagBag from /home/airflow/.local/lib/python3.12/site-packages/airflow/example_dags/example_datasets.py
[2026-05-27T01:54:01.136+0000] {processor.py:925} INFO - DAG(s) 'dataset_produces_2', 'dataset_consumes_1_and_2', 'dataset_consumes_unknown_never_scheduled', 'dataset_consumes_1', 'consume_1_or_both_2_and_3_with_dataset_expressions', 'consume_1_and_2_with_dataset_expressions', 'dataset_produces_1', 'conditional_dataset_and_time_based_timetable', 'consume_1_or_2_with_dataset_expressions', 'dataset_consumes_1_never_scheduled' retrieved from /home/airflow/.local/lib/python3.12/site-packages/airflow/example_dags/example_datasets.py
[2026-05-27T01:54:01.222+0000] {logging_mixin.py:190} INFO - [2026-05-27T01:54:01.221+0000] {override.py:1858} INFO - Created Permission View: can edit on DAG:dataset_produces_2
[2026-05-27T01:54:01.229+0000] {logging_mixin.py:190} INFO - [2026-05-27T01:54:01.228+0000] {override.py:1858} INFO - Created Permission View: can read on DAG:dataset_produces_2
[2026-05-27T01:54:01.238+0000] {logging_mixin.py:190} INFO - [2026-05-27T01:54:01.238+0000] {override.py:1858} INFO - Created Permission View: can delete on DAG:dataset_produces_2
[2026-05-27T01:54:01.247+0000] {logging_mixin.py:190} INFO - [2026-05-27T01:54:01.246+0000] {override.py:1858} INFO - Created Permission View: can edit on DAG:dataset_consumes_1_and_2
[2026-05-27T01:54:01.252+0000] {logging_mixin.py:190} INFO - [2026-05-27T01:54:01.251+0000] {override.py:1858} INFO - Created Permission View: can read on DAG:dataset_consumes_1_and_2
[2026-05-27T01:54:01.257+0000] {logging_mixin.py:190} INFO - [2026-05-27T01:54:01.257+0000] {override.py:1858} INFO - Created Permission View: can delete on DAG:dataset_consumes_1_and_2
[2026-05-27T01:54:01.266+0000] {logging_mixin.py:190} INFO - [2026-05-27T01:54:01.266+0000] {override.py:1858} INFO - Created Permission View: can edit on DAG:dataset_consumes_unknown_never_scheduled
[2026-05-27T01:54:01.271+0000] {logging_mixin.py:190} INFO - [2026-05-27T01:54:01.271+0000] {override.py:1858} INFO - Created Permission View: can read on DAG:dataset_consumes_unknown_never_scheduled
[2026-05-27T01:54:01.276+0000] {logging_mixin.py:190} INFO - [2026-05-27T01:54:01.275+0000] {override.py:1858} INFO - Created Permission View: can delete on DAG:dataset_consumes_unknown_never_scheduled
[2026-05-27T01:54:01.284+0000] {logging_mixin.py:190} INFO - [2026-05-27T01:54:01.284+0000] {override.py:1858} INFO - Created Permission View: can edit on DAG:dataset_consumes_1
[2026-05-27T01:54:01.288+0000] {logging_mixin.py:190} INFO - [2026-05-27T01:54:01.288+0000] {override.py:1858} INFO - Created Permission View: can read on DAG:dataset_consumes_1
[2026-05-27T01:54:01.293+0000] {logging_mixin.py:190} INFO - [2026-05-27T01:54:01.292+0000] {override.py:1858} INFO - Created Permission View: can delete on DAG:dataset_consumes_1
[2026-05-27T01:54:01.301+0000] {logging_mixin.py:190} INFO - [2026-05-27T01:54:01.301+0000] {override.py:1858} INFO - Created Permission View: can edit on DAG:consume_1_or_both_2_and_3_with_dataset_expressions
[2026-05-27T01:54:01.305+0000] {logging_mixin.py:190} INFO - [2026-05-27T01:54:01.305+0000] {override.py:1858} INFO - Created Permission View: can read on DAG:consume_1_or_both_2_and_3_with_dataset_expressions
[2026-05-27T01:54:01.310+0000] {logging_mixin.py:190} INFO - [2026-05-27T01:54:01.310+0000] {override.py:1858} INFO - Created Permission View: can delete on DAG:consume_1_or_both_2_and_3_with_dataset_expressions
[2026-05-27T01:54:01.318+0000] {logging_mixin.py:190} INFO - [2026-05-27T01:54:01.318+0000] {override.py:1858} INFO - Created Permission View: can edit on DAG:consume_1_and_2_with_dataset_expressions
[2026-05-27T01:54:01.322+0000] {logging_mixin.py:190} INFO - [2026-05-27T01:54:01.322+0000] {override.py:1858} INFO - Created Permission View: can read on DAG:consume_1_and_2_with_dataset_expressions
[2026-05-27T01:54:01.326+0000] {logging_mixin.py:190} INFO - [2026-05-27T01:54:01.326+0000] {override.py:1858} INFO - Created Permission View: can delete on DAG:consume_1_and_2_with_dataset_expressions
[2026-05-27T01:54:01.334+0000] {logging_mixin.py:190} INFO - [2026-05-27T01:54:01.334+0000] {override.py:1858} INFO - Created Permission View: can edit on DAG:dataset_produces_1
[2026-05-27T01:54:01.338+0000] {logging_mixin.py:190} INFO - [2026-05-27T01:54:01.338+0000] {override.py:1858} INFO - Created Permission View: can read on DAG:dataset_produces_1
[2026-05-27T01:54:01.343+0000] {logging_mixin.py:190} INFO - [2026-05-27T01:54:01.343+0000] {override.py:1858} INFO - Created Permission View: can delete on DAG:dataset_produces_1
[2026-05-27T01:54:01.351+0000] {logging_mixin.py:190} INFO - [2026-05-27T01:54:01.350+0000] {override.py:1858} INFO - Created Permission View: can edit on DAG:conditional_dataset_and_time_based_timetable
[2026-05-27T01:54:01.355+0000] {logging_mixin.py:190} INFO - [2026-05-27T01:54:01.355+0000] {override.py:1858} INFO - Created Permission View: can read on DAG:conditional_dataset_and_time_based_timetable
[2026-05-27T01:54:01.359+0000] {logging_mixin.py:190} INFO - [2026-05-27T01:54:01.359+0000] {override.py:1858} INFO - Created Permission View: can delete on DAG:conditional_dataset_and_time_based_timetable
[2026-05-27T01:54:01.369+0000] {logging_mixin.py:190} INFO - [2026-05-27T01:54:01.369+0000] {override.py:1858} INFO - Created Permission View: can edit on DAG:consume_1_or_2_with_dataset_expressions
[2026-05-27T01:54:01.374+0000] {logging_mixin.py:190} INFO - [2026-05-27T01:54:01.374+0000] {override.py:1858} INFO - Created Permission View: can read on DAG:consume_1_or_2_with_dataset_expressions
[2026-05-27T01:54:01.379+0000] {logging_mixin.py:190} INFO - [2026-05-27T01:54:01.379+0000] {override.py:1858} INFO - Created Permission View: can delete on DAG:consume_1_or_2_with_dataset_expressions
[2026-05-27T01:54:01.389+0000] {logging_mixin.py:190} INFO - [2026-05-27T01:54:01.389+0000] {override.py:1858} INFO - Created Permission View: can edit on DAG:dataset_consumes_1_never_scheduled
[2026-05-27T01:54:01.402+0000] {logging_mixin.py:190} INFO - [2026-05-27T01:54:01.402+0000] {override.py:1858} INFO - Created Permission View: can read on DAG:dataset_consumes_1_never_scheduled
[2026-05-27T01:54:01.411+0000] {logging_mixin.py:190} INFO - [2026-05-27T01:54:01.410+0000] {override.py:1858} INFO - Created Permission View: can delete on DAG:dataset_consumes_1_never_scheduled
[2026-05-27T01:54:01.411+0000] {logging_mixin.py:190} INFO - [2026-05-27T01:54:01.411+0000] {dag.py:3211} INFO - Sync 10 DAGs
[2026-05-27T01:54:01.428+0000] {logging_mixin.py:190} INFO - [2026-05-27T01:54:01.427+0000] {dag.py:3234} INFO - Creating ORM DAG for dataset_produces_2
[2026-05-27T01:54:01.429+0000] {logging_mixin.py:190} INFO - [2026-05-27T01:54:01.429+0000] {dag.py:3234} INFO - Creating ORM DAG for dataset_produces_1
[2026-05-27T01:54:01.430+0000] {logging_mixin.py:190} INFO - [2026-05-27T01:54:01.429+0000] {dag.py:3234} INFO - Creating ORM DAG for consume_1_or_2_with_dataset_expressions
[2026-05-27T01:54:01.430+0000] {logging_mixin.py:190} INFO - [2026-05-27T01:54:01.430+0000] {dag.py:3234} INFO - Creating ORM DAG for dataset_consumes_1_never_scheduled
[2026-05-27T01:54:01.431+0000] {logging_mixin.py:190} INFO - [2026-05-27T01:54:01.431+0000] {dag.py:3234} INFO - Creating ORM DAG for conditional_dataset_and_time_based_timetable
[2026-05-27T01:54:01.431+0000] {logging_mixin.py:190} INFO - [2026-05-27T01:54:01.431+0000] {dag.py:3234} INFO - Creating ORM DAG for dataset_consumes_1_and_2
[2026-05-27T01:54:01.432+0000] {logging_mixin.py:190} INFO - [2026-05-27T01:54:01.432+0000] {dag.py:3234} INFO - Creating ORM DAG for dataset_consumes_unknown_never_scheduled
[2026-05-27T01:54:01.432+0000] {logging_mixin.py:190} INFO - [2026-05-27T01:54:01.432+0000] {dag.py:3234} INFO - Creating ORM DAG for consume_1_or_both_2_and_3_with_dataset_expressions
[2026-05-27T01:54:01.433+0000] {logging_mixin.py:190} INFO - [2026-05-27T01:54:01.433+0000] {dag.py:3234} INFO - Creating ORM DAG for dataset_consumes_1
[2026-05-27T01:54:01.434+0000] {logging_mixin.py:190} INFO - [2026-05-27T01:54:01.433+0000] {dag.py:3234} INFO - Creating ORM DAG for consume_1_and_2_with_dataset_expressions
[2026-05-27T01:54:01.444+0000] {logging_mixin.py:190} INFO - [2026-05-27T01:54:01.444+0000] {dag.py:4138} INFO - Setting next_dagrun for conditional_dataset_and_time_based_timetable to 2026-05-27 01:00:00+00:00, run_after=2026-05-27 01:00:00+00:00
[2026-05-27T01:54:01.445+0000] {logging_mixin.py:190} INFO - [2026-05-27T01:54:01.445+0000] {dag.py:4138} INFO - Setting next_dagrun for consume_1_and_2_with_dataset_expressions to None, run_after=None
[2026-05-27T01:54:01.445+0000] {logging_mixin.py:190} INFO - [2026-05-27T01:54:01.445+0000] {dag.py:4138} INFO - Setting next_dagrun for consume_1_or_2_with_dataset_expressions to None, run_after=None
[2026-05-27T01:54:01.446+0000] {logging_mixin.py:190} INFO - [2026-05-27T01:54:01.446+0000] {dag.py:4138} INFO - Setting next_dagrun for consume_1_or_both_2_and_3_with_dataset_expressions to None, run_after=None
[2026-05-27T01:54:01.446+0000] {logging_mixin.py:190} INFO - [2026-05-27T01:54:01.446+0000] {dag.py:4138} INFO - Setting next_dagrun for dataset_consumes_1 to None, run_after=None
[2026-05-27T01:54:01.447+0000] {logging_mixin.py:190} INFO - [2026-05-27T01:54:01.447+0000] {dag.py:4138} INFO - Setting next_dagrun for dataset_consumes_1_and_2 to None, run_after=None
[2026-05-27T01:54:01.447+0000] {logging_mixin.py:190} INFO - [2026-05-27T01:54:01.447+0000] {dag.py:4138} INFO - Setting next_dagrun for dataset_consumes_1_never_scheduled to None, run_after=None
[2026-05-27T01:54:01.448+0000] {logging_mixin.py:190} INFO - [2026-05-27T01:54:01.448+0000] {dag.py:4138} INFO - Setting next_dagrun for dataset_consumes_unknown_never_scheduled to None, run_after=None
[2026-05-27T01:54:01.450+0000] {logging_mixin.py:190} INFO - [2026-05-27T01:54:01.450+0000] {dag.py:4138} INFO - Setting next_dagrun for dataset_produces_1 to 2026-05-26 00:00:00+00:00, run_after=2026-05-27 00:00:00+00:00
[2026-05-27T01:54:01.451+0000] {logging_mixin.py:190} INFO - [2026-05-27T01:54:01.450+0000] {dag.py:4138} INFO - Setting next_dagrun for dataset_produces_2 to None, run_after=None
[2026-05-27T01:54:01.493+0000] {processor.py:208} INFO - Processing /home/airflow/.local/lib/python3.12/site-packages/airflow/example_dags/example_datasets.py took 0.535 seconds
[2026-05-27T01:54:32.212+0000] {processor.py:186} INFO - Started process (PID=132) to work on /home/airflow/.local/lib/python3.12/site-packages/airflow/example_dags/example_datasets.py
[2026-05-27T01:54:32.212+0000] {processor.py:914} INFO - Processing file /home/airflow/.local/lib/python3.12/site-packages/airflow/example_dags/example_datasets.py for tasks to queue
[2026-05-27T01:54:32.214+0000] {logging_mixin.py:190} INFO - [2026-05-27T01:54:32.214+0000] {dagbag.py:587} INFO - Filling up the DagBag from /home/airflow/.local/lib/python3.12/site-packages/airflow/example_dags/example_datasets.py
[2026-05-27T01:54:32.321+0000] {processor.py:925} INFO - DAG(s) 'dataset_consumes_unknown_never_scheduled', 'consume_1_or_both_2_and_3_with_dataset_expressions', 'conditional_dataset_and_time_based_timetable', 'dataset_produces_1', 'consume_1_and_2_with_dataset_expressions', 'dataset_produces_2', 'dataset_consumes_1', 'consume_1_or_2_with_dataset_expressions', 'dataset_consumes_1_and_2', 'dataset_consumes_1_never_scheduled' retrieved from /home/airflow/.local/lib/python3.12/site-packages/airflow/example_dags/example_datasets.py
[2026-05-27T01:54:32.353+0000] {logging_mixin.py:190} INFO - [2026-05-27T01:54:32.353+0000] {dag.py:3211} INFO - Sync 10 DAGs
[2026-05-27T01:54:32.383+0000] {logging_mixin.py:190} INFO - [2026-05-27T01:54:32.383+0000] {dag.py:4138} INFO - Setting next_dagrun for conditional_dataset_and_time_based_timetable to 2026-05-27 01:00:00+00:00, run_after=2026-05-27 01:00:00+00:00
[2026-05-27T01:54:32.389+0000] {logging_mixin.py:190} INFO - [2026-05-27T01:54:32.389+0000] {dag.py:4138} INFO - Setting next_dagrun for consume_1_and_2_with_dataset_expressions to None, run_after=None
[2026-05-27T01:54:32.393+0000] {logging_mixin.py:190} INFO - [2026-05-27T01:54:32.393+0000] {dag.py:4138} INFO - Setting next_dagrun for consume_1_or_2_with_dataset_expressions to None, run_after=None
[2026-05-27T01:54:32.394+0000] {logging_mixin.py:190} INFO - [2026-05-27T01:54:32.394+0000] {dag.py:4138} INFO - Setting next_dagrun for consume_1_or_both_2_and_3_with_dataset_expressions to None, run_after=None
[2026-05-27T01:54:32.395+0000] {logging_mixin.py:190} INFO - [2026-05-27T01:54:32.395+0000] {dag.py:4138} INFO - Setting next_dagrun for dataset_consumes_1 to None, run_after=None
[2026-05-27T01:54:32.396+0000] {logging_mixin.py:190} INFO - [2026-05-27T01:54:32.396+0000] {dag.py:4138} INFO - Setting next_dagrun for dataset_consumes_1_and_2 to None, run_after=None
[2026-05-27T01:54:32.398+0000] {logging_mixin.py:190} INFO - [2026-05-27T01:54:32.398+0000] {dag.py:4138} INFO - Setting next_dagrun for dataset_consumes_1_never_scheduled to None, run_after=None
[2026-05-27T01:54:32.399+0000] {logging_mixin.py:190} INFO - [2026-05-27T01:54:32.399+0000] {dag.py:4138} INFO - Setting next_dagrun for dataset_consumes_unknown_never_scheduled to None, run_after=None
[2026-05-27T01:54:32.401+0000] {logging_mixin.py:190} INFO - [2026-05-27T01:54:32.401+0000] {dag.py:4138} INFO - Setting next_dagrun for dataset_produces_1 to 2026-05-26 00:00:00+00:00, run_after=2026-05-27 00:00:00+00:00
[2026-05-27T01:54:32.402+0000] {logging_mixin.py:190} INFO - [2026-05-27T01:54:32.402+0000] {dag.py:4138} INFO - Setting next_dagrun for dataset_produces_2 to None, run_after=None
[2026-05-27T01:54:32.441+0000] {processor.py:208} INFO - Processing /home/airflow/.local/lib/python3.12/site-packages/airflow/example_dags/example_datasets.py took 0.233 seconds
[2026-05-27T01:55:02.562+0000] {processor.py:186} INFO - Started process (PID=197) to work on /home/airflow/.local/lib/python3.12/site-packages/airflow/example_dags/example_datasets.py
[2026-05-27T01:55:02.564+0000] {processor.py:914} INFO - Processing file /home/airflow/.local/lib/python3.12/site-packages/airflow/example_dags/example_datasets.py for tasks to queue
[2026-05-27T01:55:02.567+0000] {logging_mixin.py:190} INFO - [2026-05-27T01:55:02.567+0000] {dagbag.py:587} INFO - Filling up the DagBag from /home/airflow/.local/lib/python3.12/site-packages/airflow/example_dags/example_datasets.py
[2026-05-27T01:55:02.772+0000] {processor.py:925} INFO - DAG(s) 'conditional_dataset_and_time_based_timetable', 'consume_1_or_2_with_dataset_expressions', 'dataset_produces_1', 'consume_1_and_2_with_dataset_expressions', 'dataset_consumes_unknown_never_scheduled', 'consume_1_or_both_2_and_3_with_dataset_expressions', 'dataset_consumes_1', 'dataset_produces_2', 'dataset_consumes_1_never_scheduled', 'dataset_consumes_1_and_2' retrieved from /home/airflow/.local/lib/python3.12/site-packages/airflow/example_dags/example_datasets.py
[2026-05-27T01:55:02.810+0000] {logging_mixin.py:190} INFO - [2026-05-27T01:55:02.809+0000] {dag.py:3211} INFO - Sync 10 DAGs
[2026-05-27T01:55:02.833+0000] {logging_mixin.py:190} INFO - [2026-05-27T01:55:02.832+0000] {dag.py:4138} INFO - Setting next_dagrun for conditional_dataset_and_time_based_timetable to 2026-05-27 01:00:00+00:00, run_after=2026-05-27 01:00:00+00:00
[2026-05-27T01:55:02.836+0000] {logging_mixin.py:190} INFO - [2026-05-27T01:55:02.836+0000] {dag.py:4138} INFO - Setting next_dagrun for consume_1_and_2_with_dataset_expressions to None, run_after=None
[2026-05-27T01:55:02.837+0000] {logging_mixin.py:190} INFO - [2026-05-27T01:55:02.837+0000] {dag.py:4138} INFO - Setting next_dagrun for consume_1_or_2_with_dataset_expressions to None, run_after=None
[2026-05-27T01:55:02.838+0000] {logging_mixin.py:190} INFO - [2026-05-27T01:55:02.838+0000] {dag.py:4138} INFO - Setting next_dagrun for consume_1_or_both_2_and_3_with_dataset_expressions to None, run_after=None
[2026-05-27T01:55:02.839+0000] {logging_mixin.py:190} INFO - [2026-05-27T01:55:02.839+0000] {dag.py:4138} INFO - Setting next_dagrun for dataset_consumes_1 to None, run_after=None
[2026-05-27T01:55:02.840+0000] {logging_mixin.py:190} INFO - [2026-05-27T01:55:02.840+0000] {dag.py:4138} INFO - Setting next_dagrun for dataset_consumes_1_and_2 to None, run_after=None
[2026-05-27T01:55:02.840+0000] {logging_mixin.py:190} INFO - [2026-05-27T01:55:02.840+0000] {dag.py:4138} INFO - Setting next_dagrun for dataset_consumes_1_never_scheduled to None, run_after=None
[2026-05-27T01:55:02.841+0000] {logging_mixin.py:190} INFO - [2026-05-27T01:55:02.841+0000] {dag.py:4138} INFO - Setting next_dagrun for dataset_consumes_unknown_never_scheduled to None, run_after=None
[2026-05-27T01:55:02.843+0000] {logging_mixin.py:190} INFO - [2026-05-27T01:55:02.843+0000] {dag.py:4138} INFO - Setting next_dagrun for dataset_produces_1 to 2026-05-26 00:00:00+00:00, run_after=2026-05-27 00:00:00+00:00
[2026-05-27T01:55:02.844+0000] {logging_mixin.py:190} INFO - [2026-05-27T01:55:02.844+0000] {dag.py:4138} INFO - Setting next_dagrun for dataset_produces_2 to None, run_after=None
[2026-05-27T01:55:02.866+0000] {processor.py:208} INFO - Processing /home/airflow/.local/lib/python3.12/site-packages/airflow/example_dags/example_datasets.py took 0.313 seconds
[2026-05-27T01:55:33.088+0000] {processor.py:186} INFO - Started process (PID=259) to work on /home/airflow/.local/lib/python3.12/site-packages/airflow/example_dags/example_datasets.py
[2026-05-27T01:55:33.089+0000] {processor.py:914} INFO - Processing file /home/airflow/.local/lib/python3.12/site-packages/airflow/example_dags/example_datasets.py for tasks to queue
[2026-05-27T01:55:33.091+0000] {logging_mixin.py:190} INFO - [2026-05-27T01:55:33.090+0000] {dagbag.py:587} INFO - Filling up the DagBag from /home/airflow/.local/lib/python3.12/site-packages/airflow/example_dags/example_datasets.py
[2026-05-27T01:55:33.196+0000] {processor.py:925} INFO - DAG(s) 'dataset_consumes_1', 'dataset_consumes_1_and_2', 'consume_1_and_2_with_dataset_expressions', 'consume_1_or_both_2_and_3_with_dataset_expressions', 'dataset_consumes_1_never_scheduled', 'consume_1_or_2_with_dataset_expressions', 'conditional_dataset_and_time_based_timetable', 'dataset_produces_1', 'dataset_produces_2', 'dataset_consumes_unknown_never_scheduled' retrieved from /home/airflow/.local/lib/python3.12/site-packages/airflow/example_dags/example_datasets.py
[2026-05-27T01:55:33.227+0000] {logging_mixin.py:190} INFO - [2026-05-27T01:55:33.227+0000] {dag.py:3211} INFO - Sync 10 DAGs
[2026-05-27T01:55:33.246+0000] {logging_mixin.py:190} INFO - [2026-05-27T01:55:33.246+0000] {dag.py:4138} INFO - Setting next_dagrun for conditional_dataset_and_time_based_timetable to 2026-05-27 01:00:00+00:00, run_after=2026-05-27 01:00:00+00:00
[2026-05-27T01:55:33.249+0000] {logging_mixin.py:190} INFO - [2026-05-27T01:55:33.249+0000] {dag.py:4138} INFO - Setting next_dagrun for consume_1_and_2_with_dataset_expressions to None, run_after=None
[2026-05-27T01:55:33.251+0000] {logging_mixin.py:190} INFO - [2026-05-27T01:55:33.251+0000] {dag.py:4138} INFO - Setting next_dagrun for consume_1_or_2_with_dataset_expressions to None, run_after=None
[2026-05-27T01:55:33.251+0000] {logging_mixin.py:190} INFO - [2026-05-27T01:55:33.251+0000] {dag.py:4138} INFO - Setting next_dagrun for consume_1_or_both_2_and_3_with_dataset_expressions to None, run_after=None
[2026-05-27T01:55:33.252+0000] {logging_mixin.py:190} INFO - [2026-05-27T01:55:33.252+0000] {dag.py:4138} INFO - Setting next_dagrun for dataset_consumes_1 to None, run_after=None
[2026-05-27T01:55:33.253+0000] {logging_mixin.py:190} INFO - [2026-05-27T01:55:33.253+0000] {dag.py:4138} INFO - Setting next_dagrun for dataset_consumes_1_and_2 to None, run_after=None
[2026-05-27T01:55:33.254+0000] {logging_mixin.py:190} INFO - [2026-05-27T01:55:33.254+0000] {dag.py:4138} INFO - Setting next_dagrun for dataset_consumes_1_never_scheduled to None, run_after=None
[2026-05-27T01:55:33.255+0000] {logging_mixin.py:190} INFO - [2026-05-27T01:55:33.255+0000] {dag.py:4138} INFO - Setting next_dagrun for dataset_consumes_unknown_never_scheduled to None, run_after=None
[2026-05-27T01:55:33.256+0000] {logging_mixin.py:190} INFO - [2026-05-27T01:55:33.256+0000] {dag.py:4138} INFO - Setting next_dagrun for dataset_produces_1 to 2026-05-26 00:00:00+00:00, run_after=2026-05-27 00:00:00+00:00
[2026-05-27T01:55:33.257+0000] {logging_mixin.py:190} INFO - [2026-05-27T01:55:33.257+0000] {dag.py:4138} INFO - Setting next_dagrun for dataset_produces_2 to None, run_after=None
[2026-05-27T01:55:33.276+0000] {processor.py:208} INFO - Processing /home/airflow/.local/lib/python3.12/site-packages/airflow/example_dags/example_datasets.py took 0.195 seconds
[2026-05-27T01:56:03.393+0000] {processor.py:186} INFO - Started process (PID=321) to work on /home/airflow/.local/lib/python3.12/site-packages/airflow/example_dags/example_datasets.py
[2026-05-27T01:56:03.394+0000] {processor.py:914} INFO - Processing file /home/airflow/.local/lib/python3.12/site-packages/airflow/example_dags/example_datasets.py for tasks to queue
[2026-05-27T01:56:03.397+0000] {logging_mixin.py:190} INFO - [2026-05-27T01:56:03.396+0000] {dagbag.py:587} INFO - Filling up the DagBag from /home/airflow/.local/lib/python3.12/site-packages/airflow/example_dags/example_datasets.py
[2026-05-27T01:56:03.677+0000] {processor.py:925} INFO - DAG(s) 'dataset_consumes_unknown_never_scheduled', 'consume_1_and_2_with_dataset_expressions', 'consume_1_or_2_with_dataset_expressions', 'consume_1_or_both_2_and_3_with_dataset_expressions', 'conditional_dataset_and_time_based_timetable', 'dataset_produces_1', 'dataset_consumes_1_and_2', 'dataset_consumes_1_never_scheduled', 'dataset_produces_2', 'dataset_consumes_1' retrieved from /home/airflow/.local/lib/python3.12/site-packages/airflow/example_dags/example_datasets.py
[2026-05-27T01:56:03.720+0000] {logging_mixin.py:190} INFO - [2026-05-27T01:56:03.720+0000] {dag.py:3211} INFO - Sync 10 DAGs
[2026-05-27T01:56:03.743+0000] {logging_mixin.py:190} INFO - [2026-05-27T01:56:03.743+0000] {dag.py:4138} INFO - Setting next_dagrun for conditional_dataset_and_time_based_timetable to 2026-05-27 01:00:00+00:00, run_after=2026-05-27 01:00:00+00:00
[2026-05-27T01:56:03.745+0000] {logging_mixin.py:190} INFO - [2026-05-27T01:56:03.745+0000] {dag.py:4138} INFO - Setting next_dagrun for consume_1_and_2_with_dataset_expressions to None, run_after=None
[2026-05-27T01:56:03.746+0000] {logging_mixin.py:190} INFO - [2026-05-27T01:56:03.746+0000] {dag.py:4138} INFO - Setting next_dagrun for consume_1_or_2_with_dataset_expressions to None, run_after=None
[2026-05-27T01:56:03.746+0000] {logging_mixin.py:190} INFO - [2026-05-27T01:56:03.746+0000] {dag.py:4138} INFO - Setting next_dagrun for consume_1_or_both_2_and_3_with_dataset_expressions to None, run_after=None
[2026-05-27T01:56:03.747+0000] {logging_mixin.py:190} INFO - [2026-05-27T01:56:03.747+0000] {dag.py:4138} INFO - Setting next_dagrun for dataset_consumes_1 to None, run_after=None
[2026-05-27T01:56:03.748+0000] {logging_mixin.py:190} INFO - [2026-05-27T01:56:03.748+0000] {dag.py:4138} INFO - Setting next_dagrun for dataset_consumes_1_and_2 to None, run_after=None
[2026-05-27T01:56:03.749+0000] {logging_mixin.py:190} INFO - [2026-05-27T01:56:03.749+0000] {dag.py:4138} INFO - Setting next_dagrun for dataset_consumes_1_never_scheduled to None, run_after=None
[2026-05-27T01:56:03.750+0000] {logging_mixin.py:190} INFO - [2026-05-27T01:56:03.750+0000] {dag.py:4138} INFO - Setting next_dagrun for dataset_consumes_unknown_never_scheduled to None, run_after=None
[2026-05-27T01:56:03.751+0000] {logging_mixin.py:190} INFO - [2026-05-27T01:56:03.751+0000] {dag.py:4138} INFO - Setting next_dagrun for dataset_produces_1 to 2026-05-26 00:00:00+00:00, run_after=2026-05-27 00:00:00+00:00
[2026-05-27T01:56:03.752+0000] {logging_mixin.py:190} INFO - [2026-05-27T01:56:03.752+0000] {dag.py:4138} INFO - Setting next_dagrun for dataset_produces_2 to None, run_after=None
[2026-05-27T01:56:03.771+0000] {processor.py:208} INFO - Processing /home/airflow/.local/lib/python3.12/site-packages/airflow/example_dags/example_datasets.py took 0.395 seconds
[2026-05-27T01:56:33.892+0000] {processor.py:186} INFO - Started process (PID=389) to work on /home/airflow/.local/lib/python3.12/site-packages/airflow/example_dags/example_datasets.py
[2026-05-27T01:56:33.892+0000] {processor.py:914} INFO - Processing file /home/airflow/.local/lib/python3.12/site-packages/airflow/example_dags/example_datasets.py for tasks to queue
[2026-05-27T01:56:33.895+0000] {logging_mixin.py:190} INFO - [2026-05-27T01:56:33.895+0000] {dagbag.py:587} INFO - Filling up the DagBag from /home/airflow/.local/lib/python3.12/site-packages/airflow/example_dags/example_datasets.py
[2026-05-27T01:56:34.016+0000] {processor.py:925} INFO - DAG(s) 'consume_1_and_2_with_dataset_expressions', 'dataset_consumes_1_never_scheduled', 'dataset_consumes_unknown_never_scheduled', 'dataset_produces_1', 'conditional_dataset_and_time_based_timetable', 'dataset_consumes_1_and_2', 'dataset_produces_2', 'consume_1_or_2_with_dataset_expressions', 'consume_1_or_both_2_and_3_with_dataset_expressions', 'dataset_consumes_1' retrieved from /home/airflow/.local/lib/python3.12/site-packages/airflow/example_dags/example_datasets.py
[2026-05-27T01:56:34.045+0000] {logging_mixin.py:190} INFO - [2026-05-27T01:56:34.045+0000] {dag.py:3211} INFO - Sync 10 DAGs
[2026-05-27T01:56:34.064+0000] {logging_mixin.py:190} INFO - [2026-05-27T01:56:34.064+0000] {dag.py:4138} INFO - Setting next_dagrun for conditional_dataset_and_time_based_timetable to 2026-05-27 01:00:00+00:00, run_after=2026-05-27 01:00:00+00:00
[2026-05-27T01:56:34.066+0000] {logging_mixin.py:190} INFO - [2026-05-27T01:56:34.066+0000] {dag.py:4138} INFO - Setting next_dagrun for consume_1_and_2_with_dataset_expressions to None, run_after=None
[2026-05-27T01:56:34.068+0000] {logging_mixin.py:190} INFO - [2026-05-27T01:56:34.068+0000] {dag.py:4138} INFO - Setting next_dagrun for consume_1_or_2_with_dataset_expressions to None, run_after=None
[2026-05-27T01:56:34.069+0000] {logging_mixin.py:190} INFO - [2026-05-27T01:56:34.069+0000] {dag.py:4138} INFO - Setting next_dagrun for consume_1_or_both_2_and_3_with_dataset_expressions to None, run_after=None
[2026-05-27T01:56:34.070+0000] {logging_mixin.py:190} INFO - [2026-05-27T01:56:34.070+0000] {dag.py:4138} INFO - Setting next_dagrun for dataset_consumes_1 to None, run_after=None
[2026-05-27T01:56:34.071+0000] {logging_mixin.py:190} INFO - [2026-05-27T01:56:34.071+0000] {dag.py:4138} INFO - Setting next_dagrun for dataset_consumes_1_and_2 to None, run_after=None
[2026-05-27T01:56:34.072+0000] {logging_mixin.py:190} INFO - [2026-05-27T01:56:34.072+0000] {dag.py:4138} INFO - Setting next_dagrun for dataset_consumes_1_never_scheduled to None, run_after=None
[2026-05-27T01:56:34.073+0000] {logging_mixin.py:190} INFO - [2026-05-27T01:56:34.073+0000] {dag.py:4138} INFO - Setting next_dagrun for dataset_consumes_unknown_never_scheduled to None, run_after=None
[2026-05-27T01:56:34.075+0000] {logging_mixin.py:190} INFO - [2026-05-27T01:56:34.075+0000] {dag.py:4138} INFO - Setting next_dagrun for dataset_produces_1 to 2026-05-26 00:00:00+00:00, run_after=2026-05-27 00:00:00+00:00
[2026-05-27T01:56:34.076+0000] {logging_mixin.py:190} INFO - [2026-05-27T01:56:34.076+0000] {dag.py:4138} INFO - Setting next_dagrun for dataset_produces_2 to None, run_after=None
[2026-05-27T01:56:34.099+0000] {processor.py:208} INFO - Processing /home/airflow/.local/lib/python3.12/site-packages/airflow/example_dags/example_datasets.py took 0.212 seconds
[2026-05-27T01:57:04.169+0000] {processor.py:186} INFO - Started process (PID=451) to work on /home/airflow/.local/lib/python3.12/site-packages/airflow/example_dags/example_datasets.py
[2026-05-27T01:57:04.170+0000] {processor.py:914} INFO - Processing file /home/airflow/.local/lib/python3.12/site-packages/airflow/example_dags/example_datasets.py for tasks to queue
[2026-05-27T01:57:04.172+0000] {logging_mixin.py:190} INFO - [2026-05-27T01:57:04.172+0000] {dagbag.py:587} INFO - Filling up the DagBag from /home/airflow/.local/lib/python3.12/site-packages/airflow/example_dags/example_datasets.py
[2026-05-27T01:57:04.274+0000] {processor.py:925} INFO - DAG(s) 'consume_1_and_2_with_dataset_expressions', 'dataset_consumes_1', 'dataset_produces_1', 'dataset_consumes_1_never_scheduled', 'dataset_consumes_unknown_never_scheduled', 'dataset_produces_2', 'consume_1_or_both_2_and_3_with_dataset_expressions', 'consume_1_or_2_with_dataset_expressions', 'dataset_consumes_1_and_2', 'conditional_dataset_and_time_based_timetable' retrieved from /home/airflow/.local/lib/python3.12/site-packages/airflow/example_dags/example_datasets.py
[2026-05-27T01:57:04.303+0000] {logging_mixin.py:190} INFO - [2026-05-27T01:57:04.302+0000] {dag.py:3211} INFO - Sync 10 DAGs
[2026-05-27T01:57:04.325+0000] {logging_mixin.py:190} INFO - [2026-05-27T01:57:04.324+0000] {dag.py:4138} INFO - Setting next_dagrun for conditional_dataset_and_time_based_timetable to 2026-05-27 01:00:00+00:00, run_after=2026-05-27 01:00:00+00:00
[2026-05-27T01:57:04.329+0000] {logging_mixin.py:190} INFO - [2026-05-27T01:57:04.328+0000] {dag.py:4138} INFO - Setting next_dagrun for consume_1_and_2_with_dataset_expressions to None, run_after=None
[2026-05-27T01:57:04.330+0000] {logging_mixin.py:190} INFO - [2026-05-27T01:57:04.329+0000] {dag.py:4138} INFO - Setting next_dagrun for consume_1_or_2_with_dataset_expressions to None, run_after=None
[2026-05-27T01:57:04.330+0000] {logging_mixin.py:190} INFO - [2026-05-27T01:57:04.330+0000] {dag.py:4138} INFO - Setting next_dagrun for consume_1_or_both_2_and_3_with_dataset_expressions to None, run_after=None
[2026-05-27T01:57:04.331+0000] {logging_mixin.py:190} INFO - [2026-05-27T01:57:04.331+0000] {dag.py:4138} INFO - Setting next_dagrun for dataset_consumes_1 to None, run_after=None
[2026-05-27T01:57:04.332+0000] {logging_mixin.py:190} INFO - [2026-05-27T01:57:04.332+0000] {dag.py:4138} INFO - Setting next_dagrun for dataset_consumes_1_and_2 to None, run_after=None
[2026-05-27T01:57:04.332+0000] {logging_mixin.py:190} INFO - [2026-05-27T01:57:04.332+0000] {dag.py:4138} INFO - Setting next_dagrun for dataset_consumes_1_never_scheduled to None, run_after=None
[2026-05-27T01:57:04.333+0000] {logging_mixin.py:190} INFO - [2026-05-27T01:57:04.333+0000] {dag.py:4138} INFO - Setting next_dagrun for dataset_consumes_unknown_never_scheduled to None, run_after=None
[2026-05-27T01:57:04.335+0000] {logging_mixin.py:190} INFO - [2026-05-27T01:57:04.334+0000] {dag.py:4138} INFO - Setting next_dagrun for dataset_produces_1 to 2026-05-26 00:00:00+00:00, run_after=2026-05-27 00:00:00+00:00
[2026-05-27T01:57:04.335+0000] {logging_mixin.py:190} INFO - [2026-05-27T01:57:04.335+0000] {dag.py:4138} INFO - Setting next_dagrun for dataset_produces_2 to None, run_after=None
[2026-05-27T01:57:04.359+0000] {processor.py:208} INFO - Processing /home/airflow/.local/lib/python3.12/site-packages/airflow/example_dags/example_datasets.py took 0.194 seconds
[2026-05-27T01:57:34.751+0000] {processor.py:186} INFO - Started process (PID=513) to work on /home/airflow/.local/lib/python3.12/site-packages/airflow/example_dags/example_datasets.py
[2026-05-27T01:57:34.751+0000] {processor.py:914} INFO - Processing file /home/airflow/.local/lib/python3.12/site-packages/airflow/example_dags/example_datasets.py for tasks to queue
[2026-05-27T01:57:34.753+0000] {logging_mixin.py:190} INFO - [2026-05-27T01:57:34.753+0000] {dagbag.py:587} INFO - Filling up the DagBag from /home/airflow/.local/lib/python3.12/site-packages/airflow/example_dags/example_datasets.py
[2026-05-27T01:57:34.886+0000] {processor.py:925} INFO - DAG(s) 'consume_1_or_2_with_dataset_expressions', 'consume_1_and_2_with_dataset_expressions', 'dataset_produces_1', 'dataset_produces_2', 'dataset_consumes_1_never_scheduled', 'dataset_consumes_1', 'dataset_consumes_unknown_never_scheduled', 'consume_1_or_both_2_and_3_with_dataset_expressions', 'dataset_consumes_1_and_2', 'conditional_dataset_and_time_based_timetable' retrieved from /home/airflow/.local/lib/python3.12/site-packages/airflow/example_dags/example_datasets.py
[2026-05-27T01:57:34.949+0000] {logging_mixin.py:190} INFO - [2026-05-27T01:57:34.949+0000] {dag.py:3211} INFO - Sync 10 DAGs
[2026-05-27T01:57:34.976+0000] {logging_mixin.py:190} INFO - [2026-05-27T01:57:34.976+0000] {dag.py:4138} INFO - Setting next_dagrun for conditional_dataset_and_time_based_timetable to 2026-05-27 01:00:00+00:00, run_after=2026-05-27 01:00:00+00:00
[2026-05-27T01:57:34.980+0000] {logging_mixin.py:190} INFO - [2026-05-27T01:57:34.980+0000] {dag.py:4138} INFO - Setting next_dagrun for consume_1_and_2_with_dataset_expressions to None, run_after=None
[2026-05-27T01:57:34.982+0000] {logging_mixin.py:190} INFO - [2026-05-27T01:57:34.981+0000] {dag.py:4138} INFO - Setting next_dagrun for consume_1_or_2_with_dataset_expressions to None, run_after=None
[2026-05-27T01:57:34.983+0000] {logging_mixin.py:190} INFO - [2026-05-27T01:57:34.983+0000] {dag.py:4138} INFO - Setting next_dagrun for consume_1_or_both_2_and_3_with_dataset_expressions to None, run_after=None
[2026-05-27T01:57:34.984+0000] {logging_mixin.py:190} INFO - [2026-05-27T01:57:34.984+0000] {dag.py:4138} INFO - Setting next_dagrun for dataset_consumes_1 to None, run_after=None
[2026-05-27T01:57:34.985+0000] {logging_mixin.py:190} INFO - [2026-05-27T01:57:34.985+0000] {dag.py:4138} INFO - Setting next_dagrun for dataset_consumes_1_and_2 to None, run_after=None
[2026-05-27T01:57:34.986+0000] {logging_mixin.py:190} INFO - [2026-05-27T01:57:34.986+0000] {dag.py:4138} INFO - Setting next_dagrun for dataset_consumes_1_never_scheduled to None, run_after=None
[2026-05-27T01:57:34.987+0000] {logging_mixin.py:190} INFO - [2026-05-27T01:57:34.987+0000] {dag.py:4138} INFO - Setting next_dagrun for dataset_consumes_unknown_never_scheduled to None, run_after=None
[2026-05-27T01:57:34.989+0000] {logging_mixin.py:190} INFO - [2026-05-27T01:57:34.989+0000] {dag.py:4138} INFO - Setting next_dagrun for dataset_produces_1 to 2026-05-26 00:00:00+00:00, run_after=2026-05-27 00:00:00+00:00
[2026-05-27T01:57:34.990+0000] {logging_mixin.py:190} INFO - [2026-05-27T01:57:34.990+0000] {dag.py:4138} INFO - Setting next_dagrun for dataset_produces_2 to None, run_after=None
[2026-05-27T01:57:35.065+0000] {processor.py:208} INFO - Processing /home/airflow/.local/lib/python3.12/site-packages/airflow/example_dags/example_datasets.py took 0.319 seconds
[2026-05-27T01:58:05.268+0000] {processor.py:186} INFO - Started process (PID=575) to work on /home/airflow/.local/lib/python3.12/site-packages/airflow/example_dags/example_datasets.py
[2026-05-27T01:58:05.269+0000] {processor.py:914} INFO - Processing file /home/airflow/.local/lib/python3.12/site-packages/airflow/example_dags/example_datasets.py for tasks to queue
[2026-05-27T01:58:05.272+0000] {logging_mixin.py:190} INFO - [2026-05-27T01:58:05.271+0000] {dagbag.py:587} INFO - Filling up the DagBag from /home/airflow/.local/lib/python3.12/site-packages/airflow/example_dags/example_datasets.py
[2026-05-27T01:58:05.428+0000] {processor.py:925} INFO - DAG(s) 'dataset_produces_2', 'conditional_dataset_and_time_based_timetable', 'dataset_consumes_1_never_scheduled', 'consume_1_or_2_with_dataset_expressions', 'dataset_consumes_unknown_never_scheduled', 'dataset_consumes_1', 'dataset_consumes_1_and_2', 'consume_1_and_2_with_dataset_expressions', 'consume_1_or_both_2_and_3_with_dataset_expressions', 'dataset_produces_1' retrieved from /home/airflow/.local/lib/python3.12/site-packages/airflow/example_dags/example_datasets.py
[2026-05-27T01:58:05.493+0000] {logging_mixin.py:190} INFO - [2026-05-27T01:58:05.492+0000] {dag.py:3211} INFO - Sync 10 DAGs
[2026-05-27T01:58:05.553+0000] {logging_mixin.py:190} INFO - [2026-05-27T01:58:05.553+0000] {dag.py:4138} INFO - Setting next_dagrun for conditional_dataset_and_time_based_timetable to 2026-05-27 01:00:00+00:00, run_after=2026-05-27 01:00:00+00:00
[2026-05-27T01:58:05.557+0000] {logging_mixin.py:190} INFO - [2026-05-27T01:58:05.557+0000] {dag.py:4138} INFO - Setting next_dagrun for consume_1_and_2_with_dataset_expressions to None, run_after=None
[2026-05-27T01:58:05.560+0000] {logging_mixin.py:190} INFO - [2026-05-27T01:58:05.560+0000] {dag.py:4138} INFO - Setting next_dagrun for consume_1_or_2_with_dataset_expressions to None, run_after=None
[2026-05-27T01:58:05.561+0000] {logging_mixin.py:190} INFO - [2026-05-27T01:58:05.561+0000] {dag.py:4138} INFO - Setting next_dagrun for consume_1_or_both_2_and_3_with_dataset_expressions to None, run_after=None
[2026-05-27T01:58:05.562+0000] {logging_mixin.py:190} INFO - [2026-05-27T01:58:05.562+0000] {dag.py:4138} INFO - Setting next_dagrun for dataset_consumes_1 to None, run_after=None
[2026-05-27T01:58:05.564+0000] {logging_mixin.py:190} INFO - [2026-05-27T01:58:05.564+0000] {dag.py:4138} INFO - Setting next_dagrun for dataset_consumes_1_and_2 to None, run_after=None
[2026-05-27T01:58:05.566+0000] {logging_mixin.py:190} INFO - [2026-05-27T01:58:05.565+0000] {dag.py:4138} INFO - Setting next_dagrun for dataset_consumes_1_never_scheduled to None, run_after=None
[2026-05-27T01:58:05.566+0000] {logging_mixin.py:190} INFO - [2026-05-27T01:58:05.566+0000] {dag.py:4138} INFO - Setting next_dagrun for dataset_consumes_unknown_never_scheduled to None, run_after=None
[2026-05-27T01:58:05.569+0000] {logging_mixin.py:190} INFO - [2026-05-27T01:58:05.569+0000] {dag.py:4138} INFO - Setting next_dagrun for dataset_produces_1 to 2026-05-26 00:00:00+00:00, run_after=2026-05-27 00:00:00+00:00
[2026-05-27T01:58:05.570+0000] {logging_mixin.py:190} INFO - [2026-05-27T01:58:05.570+0000] {dag.py:4138} INFO - Setting next_dagrun for dataset_produces_2 to None, run_after=None
[2026-05-27T01:58:05.598+0000] {processor.py:208} INFO - Processing /home/airflow/.local/lib/python3.12/site-packages/airflow/example_dags/example_datasets.py took 0.337 seconds
[2026-05-27T01:59:12.713+0000] {processor.py:186} INFO - Started process (PID=69) to work on /home/airflow/.local/lib/python3.12/site-packages/airflow/example_dags/example_datasets.py
[2026-05-27T01:59:12.714+0000] {processor.py:914} INFO - Processing file /home/airflow/.local/lib/python3.12/site-packages/airflow/example_dags/example_datasets.py for tasks to queue
[2026-05-27T01:59:12.716+0000] {logging_mixin.py:190} INFO - [2026-05-27T01:59:12.716+0000] {dagbag.py:587} INFO - Filling up the DagBag from /home/airflow/.local/lib/python3.12/site-packages/airflow/example_dags/example_datasets.py
[2026-05-27T01:59:12.853+0000] {processor.py:925} INFO - DAG(s) 'consume_1_or_2_with_dataset_expressions', 'consume_1_and_2_with_dataset_expressions', 'dataset_consumes_1_and_2', 'dataset_produces_2', 'dataset_consumes_unknown_never_scheduled', 'dataset_produces_1', 'consume_1_or_both_2_and_3_with_dataset_expressions', 'dataset_consumes_1_never_scheduled', 'conditional_dataset_and_time_based_timetable', 'dataset_consumes_1' retrieved from /home/airflow/.local/lib/python3.12/site-packages/airflow/example_dags/example_datasets.py
[2026-05-27T01:59:12.887+0000] {logging_mixin.py:190} INFO - [2026-05-27T01:59:12.886+0000] {dag.py:3211} INFO - Sync 10 DAGs
[2026-05-27T01:59:12.908+0000] {logging_mixin.py:190} INFO - [2026-05-27T01:59:12.908+0000] {dag.py:4138} INFO - Setting next_dagrun for conditional_dataset_and_time_based_timetable to 2026-05-27 01:00:00+00:00, run_after=2026-05-27 01:00:00+00:00
[2026-05-27T01:59:12.911+0000] {logging_mixin.py:190} INFO - [2026-05-27T01:59:12.910+0000] {dag.py:4138} INFO - Setting next_dagrun for consume_1_and_2_with_dataset_expressions to None, run_after=None
[2026-05-27T01:59:12.911+0000] {logging_mixin.py:190} INFO - [2026-05-27T01:59:12.911+0000] {dag.py:4138} INFO - Setting next_dagrun for consume_1_or_2_with_dataset_expressions to None, run_after=None
[2026-05-27T01:59:12.912+0000] {logging_mixin.py:190} INFO - [2026-05-27T01:59:12.912+0000] {dag.py:4138} INFO - Setting next_dagrun for consume_1_or_both_2_and_3_with_dataset_expressions to None, run_after=None
[2026-05-27T01:59:12.913+0000] {logging_mixin.py:190} INFO - [2026-05-27T01:59:12.913+0000] {dag.py:4138} INFO - Setting next_dagrun for dataset_consumes_1 to None, run_after=None
[2026-05-27T01:59:12.914+0000] {logging_mixin.py:190} INFO - [2026-05-27T01:59:12.914+0000] {dag.py:4138} INFO - Setting next_dagrun for dataset_consumes_1_and_2 to None, run_after=None
[2026-05-27T01:59:12.915+0000] {logging_mixin.py:190} INFO - [2026-05-27T01:59:12.915+0000] {dag.py:4138} INFO - Setting next_dagrun for dataset_consumes_1_never_scheduled to None, run_after=None
[2026-05-27T01:59:12.915+0000] {logging_mixin.py:190} INFO - [2026-05-27T01:59:12.915+0000] {dag.py:4138} INFO - Setting next_dagrun for dataset_consumes_unknown_never_scheduled to None, run_after=None
[2026-05-27T01:59:12.917+0000] {logging_mixin.py:190} INFO - [2026-05-27T01:59:12.917+0000] {dag.py:4138} INFO - Setting next_dagrun for dataset_produces_1 to 2026-05-26 00:00:00+00:00, run_after=2026-05-27 00:00:00+00:00
[2026-05-27T01:59:12.917+0000] {logging_mixin.py:190} INFO - [2026-05-27T01:59:12.917+0000] {dag.py:4138} INFO - Setting next_dagrun for dataset_produces_2 to None, run_after=None
[2026-05-27T01:59:12.944+0000] {processor.py:208} INFO - Processing /home/airflow/.local/lib/python3.12/site-packages/airflow/example_dags/example_datasets.py took 0.235 seconds
[2026-05-27T01:59:43.321+0000] {processor.py:186} INFO - Started process (PID=167) to work on /home/airflow/.local/lib/python3.12/site-packages/airflow/example_dags/example_datasets.py
[2026-05-27T01:59:43.321+0000] {processor.py:914} INFO - Processing file /home/airflow/.local/lib/python3.12/site-packages/airflow/example_dags/example_datasets.py for tasks to queue
[2026-05-27T01:59:43.323+0000] {logging_mixin.py:190} INFO - [2026-05-27T01:59:43.323+0000] {dagbag.py:587} INFO - Filling up the DagBag from /home/airflow/.local/lib/python3.12/site-packages/airflow/example_dags/example_datasets.py
[2026-05-27T01:59:43.432+0000] {processor.py:925} INFO - DAG(s) 'consume_1_or_both_2_and_3_with_dataset_expressions', 'dataset_consumes_1', 'dataset_produces_1', 'consume_1_and_2_with_dataset_expressions', 'dataset_produces_2', 'consume_1_or_2_with_dataset_expressions', 'dataset_consumes_1_never_scheduled', 'conditional_dataset_and_time_based_timetable', 'dataset_consumes_1_and_2', 'dataset_consumes_unknown_never_scheduled' retrieved from /home/airflow/.local/lib/python3.12/site-packages/airflow/example_dags/example_datasets.py
[2026-05-27T01:59:43.460+0000] {logging_mixin.py:190} INFO - [2026-05-27T01:59:43.459+0000] {dag.py:3211} INFO - Sync 10 DAGs
[2026-05-27T01:59:43.476+0000] {logging_mixin.py:190} INFO - [2026-05-27T01:59:43.476+0000] {dag.py:4138} INFO - Setting next_dagrun for conditional_dataset_and_time_based_timetable to 2026-05-27 01:00:00+00:00, run_after=2026-05-27 01:00:00+00:00
[2026-05-27T01:59:43.478+0000] {logging_mixin.py:190} INFO - [2026-05-27T01:59:43.478+0000] {dag.py:4138} INFO - Setting next_dagrun for consume_1_and_2_with_dataset_expressions to None, run_after=None
[2026-05-27T01:59:43.479+0000] {logging_mixin.py:190} INFO - [2026-05-27T01:59:43.479+0000] {dag.py:4138} INFO - Setting next_dagrun for consume_1_or_2_with_dataset_expressions to None, run_after=None
[2026-05-27T01:59:43.480+0000] {logging_mixin.py:190} INFO - [2026-05-27T01:59:43.480+0000] {dag.py:4138} INFO - Setting next_dagrun for consume_1_or_both_2_and_3_with_dataset_expressions to None, run_after=None
[2026-05-27T01:59:43.480+0000] {logging_mixin.py:190} INFO - [2026-05-27T01:59:43.480+0000] {dag.py:4138} INFO - Setting next_dagrun for dataset_consumes_1 to None, run_after=None
[2026-05-27T01:59:43.481+0000] {logging_mixin.py:190} INFO - [2026-05-27T01:59:43.481+0000] {dag.py:4138} INFO - Setting next_dagrun for dataset_consumes_1_and_2 to None, run_after=None
[2026-05-27T01:59:43.482+0000] {logging_mixin.py:190} INFO - [2026-05-27T01:59:43.482+0000] {dag.py:4138} INFO - Setting next_dagrun for dataset_consumes_1_never_scheduled to None, run_after=None
[2026-05-27T01:59:43.483+0000] {logging_mixin.py:190} INFO - [2026-05-27T01:59:43.482+0000] {dag.py:4138} INFO - Setting next_dagrun for dataset_consumes_unknown_never_scheduled to None, run_after=None
[2026-05-27T01:59:43.484+0000] {logging_mixin.py:190} INFO - [2026-05-27T01:59:43.484+0000] {dag.py:4138} INFO - Setting next_dagrun for dataset_produces_1 to 2026-05-26 00:00:00+00:00, run_after=2026-05-27 00:00:00+00:00
[2026-05-27T01:59:43.484+0000] {logging_mixin.py:190} INFO - [2026-05-27T01:59:43.484+0000] {dag.py:4138} INFO - Setting next_dagrun for dataset_produces_2 to None, run_after=None
[2026-05-27T01:59:43.505+0000] {processor.py:208} INFO - Processing /home/airflow/.local/lib/python3.12/site-packages/airflow/example_dags/example_datasets.py took 0.189 seconds
[2026-05-27T02:00:13.664+0000] {processor.py:186} INFO - Started process (PID=230) to work on /home/airflow/.local/lib/python3.12/site-packages/airflow/example_dags/example_datasets.py
[2026-05-27T02:00:13.665+0000] {processor.py:914} INFO - Processing file /home/airflow/.local/lib/python3.12/site-packages/airflow/example_dags/example_datasets.py for tasks to queue
[2026-05-27T02:00:13.666+0000] {logging_mixin.py:190} INFO - [2026-05-27T02:00:13.666+0000] {dagbag.py:587} INFO - Filling up the DagBag from /home/airflow/.local/lib/python3.12/site-packages/airflow/example_dags/example_datasets.py
[2026-05-27T02:00:13.789+0000] {processor.py:925} INFO - DAG(s) 'dataset_consumes_1', 'consume_1_or_both_2_and_3_with_dataset_expressions', 'conditional_dataset_and_time_based_timetable', 'dataset_consumes_1_never_scheduled', 'dataset_consumes_unknown_never_scheduled', 'consume_1_and_2_with_dataset_expressions', 'dataset_produces_2', 'dataset_produces_1', 'consume_1_or_2_with_dataset_expressions', 'dataset_consumes_1_and_2' retrieved from /home/airflow/.local/lib/python3.12/site-packages/airflow/example_dags/example_datasets.py
[2026-05-27T02:00:13.822+0000] {logging_mixin.py:190} INFO - [2026-05-27T02:00:13.822+0000] {dag.py:3211} INFO - Sync 10 DAGs
[2026-05-27T02:00:13.845+0000] {logging_mixin.py:190} INFO - [2026-05-27T02:00:13.845+0000] {dag.py:4138} INFO - Setting next_dagrun for conditional_dataset_and_time_based_timetable to 2026-05-27 01:00:00+00:00, run_after=2026-05-27 01:00:00+00:00
[2026-05-27T02:00:13.847+0000] {logging_mixin.py:190} INFO - [2026-05-27T02:00:13.847+0000] {dag.py:4138} INFO - Setting next_dagrun for consume_1_and_2_with_dataset_expressions to None, run_after=None
[2026-05-27T02:00:13.848+0000] {logging_mixin.py:190} INFO - [2026-05-27T02:00:13.848+0000] {dag.py:4138} INFO - Setting next_dagrun for consume_1_or_2_with_dataset_expressions to None, run_after=None
[2026-05-27T02:00:13.849+0000] {logging_mixin.py:190} INFO - [2026-05-27T02:00:13.849+0000] {dag.py:4138} INFO - Setting next_dagrun for consume_1_or_both_2_and_3_with_dataset_expressions to None, run_after=None
[2026-05-27T02:00:13.850+0000] {logging_mixin.py:190} INFO - [2026-05-27T02:00:13.850+0000] {dag.py:4138} INFO - Setting next_dagrun for dataset_consumes_1 to None, run_after=None
[2026-05-27T02:00:13.852+0000] {logging_mixin.py:190} INFO - [2026-05-27T02:00:13.852+0000] {dag.py:4138} INFO - Setting next_dagrun for dataset_consumes_1_and_2 to None, run_after=None
[2026-05-27T02:00:13.857+0000] {logging_mixin.py:190} INFO - [2026-05-27T02:00:13.856+0000] {dag.py:4138} INFO - Setting next_dagrun for dataset_consumes_1_never_scheduled to None, run_after=None
[2026-05-27T02:00:13.863+0000] {logging_mixin.py:190} INFO - [2026-05-27T02:00:13.862+0000] {dag.py:4138} INFO - Setting next_dagrun for dataset_consumes_unknown_never_scheduled to None, run_after=None
[2026-05-27T02:00:13.867+0000] {logging_mixin.py:190} INFO - [2026-05-27T02:00:13.867+0000] {dag.py:4138} INFO - Setting next_dagrun for dataset_produces_1 to 2026-05-26 00:00:00+00:00, run_after=2026-05-27 00:00:00+00:00
[2026-05-27T02:00:13.868+0000] {logging_mixin.py:190} INFO - [2026-05-27T02:00:13.868+0000] {dag.py:4138} INFO - Setting next_dagrun for dataset_produces_2 to None, run_after=None
[2026-05-27T02:00:13.892+0000] {processor.py:208} INFO - Processing /home/airflow/.local/lib/python3.12/site-packages/airflow/example_dags/example_datasets.py took 0.232 seconds
[2026-05-27T02:00:44.450+0000] {processor.py:186} INFO - Started process (PID=292) to work on /home/airflow/.local/lib/python3.12/site-packages/airflow/example_dags/example_datasets.py
[2026-05-27T02:00:44.450+0000] {processor.py:914} INFO - Processing file /home/airflow/.local/lib/python3.12/site-packages/airflow/example_dags/example_datasets.py for tasks to queue
[2026-05-27T02:00:44.452+0000] {logging_mixin.py:190} INFO - [2026-05-27T02:00:44.452+0000] {dagbag.py:587} INFO - Filling up the DagBag from /home/airflow/.local/lib/python3.12/site-packages/airflow/example_dags/example_datasets.py
[2026-05-27T02:00:44.565+0000] {processor.py:925} INFO - DAG(s) 'dataset_consumes_1_and_2', 'consume_1_and_2_with_dataset_expressions', 'dataset_consumes_1_never_scheduled', 'dataset_consumes_unknown_never_scheduled', 'dataset_consumes_1', 'consume_1_or_both_2_and_3_with_dataset_expressions', 'dataset_produces_2', 'dataset_produces_1', 'consume_1_or_2_with_dataset_expressions', 'conditional_dataset_and_time_based_timetable' retrieved from /home/airflow/.local/lib/python3.12/site-packages/airflow/example_dags/example_datasets.py
[2026-05-27T02:00:44.593+0000] {logging_mixin.py:190} INFO - [2026-05-27T02:00:44.593+0000] {dag.py:3211} INFO - Sync 10 DAGs
[2026-05-27T02:00:44.612+0000] {logging_mixin.py:190} INFO - [2026-05-27T02:00:44.612+0000] {dag.py:4138} INFO - Setting next_dagrun for conditional_dataset_and_time_based_timetable to 2026-05-27 01:00:00+00:00, run_after=2026-05-27 01:00:00+00:00
[2026-05-27T02:00:44.615+0000] {logging_mixin.py:190} INFO - [2026-05-27T02:00:44.615+0000] {dag.py:4138} INFO - Setting next_dagrun for consume_1_and_2_with_dataset_expressions to None, run_after=None
[2026-05-27T02:00:44.615+0000] {logging_mixin.py:190} INFO - [2026-05-27T02:00:44.615+0000] {dag.py:4138} INFO - Setting next_dagrun for consume_1_or_2_with_dataset_expressions to None, run_after=None
[2026-05-27T02:00:44.616+0000] {logging_mixin.py:190} INFO - [2026-05-27T02:00:44.616+0000] {dag.py:4138} INFO - Setting next_dagrun for consume_1_or_both_2_and_3_with_dataset_expressions to None, run_after=None
[2026-05-27T02:00:44.617+0000] {logging_mixin.py:190} INFO - [2026-05-27T02:00:44.617+0000] {dag.py:4138} INFO - Setting next_dagrun for dataset_consumes_1 to None, run_after=None
[2026-05-27T02:00:44.618+0000] {logging_mixin.py:190} INFO - [2026-05-27T02:00:44.618+0000] {dag.py:4138} INFO - Setting next_dagrun for dataset_consumes_1_and_2 to None, run_after=None
[2026-05-27T02:00:44.618+0000] {logging_mixin.py:190} INFO - [2026-05-27T02:00:44.618+0000] {dag.py:4138} INFO - Setting next_dagrun for dataset_consumes_1_never_scheduled to None, run_after=None
[2026-05-27T02:00:44.619+0000] {logging_mixin.py:190} INFO - [2026-05-27T02:00:44.619+0000] {dag.py:4138} INFO - Setting next_dagrun for dataset_consumes_unknown_never_scheduled to None, run_after=None
[2026-05-27T02:00:44.620+0000] {logging_mixin.py:190} INFO - [2026-05-27T02:00:44.620+0000] {dag.py:4138} INFO - Setting next_dagrun for dataset_produces_1 to 2026-05-26 00:00:00+00:00, run_after=2026-05-27 00:00:00+00:00
[2026-05-27T02:00:44.621+0000] {logging_mixin.py:190} INFO - [2026-05-27T02:00:44.621+0000] {dag.py:4138} INFO - Setting next_dagrun for dataset_produces_2 to None, run_after=None
[2026-05-27T02:00:44.643+0000] {processor.py:208} INFO - Processing /home/airflow/.local/lib/python3.12/site-packages/airflow/example_dags/example_datasets.py took 0.198 seconds
[2026-05-27T02:01:14.701+0000] {processor.py:186} INFO - Started process (PID=354) to work on /home/airflow/.local/lib/python3.12/site-packages/airflow/example_dags/example_datasets.py
[2026-05-27T02:01:14.701+0000] {processor.py:914} INFO - Processing file /home/airflow/.local/lib/python3.12/site-packages/airflow/example_dags/example_datasets.py for tasks to queue
[2026-05-27T02:01:14.703+0000] {logging_mixin.py:190} INFO - [2026-05-27T02:01:14.703+0000] {dagbag.py:587} INFO - Filling up the DagBag from /home/airflow/.local/lib/python3.12/site-packages/airflow/example_dags/example_datasets.py
[2026-05-27T02:01:14.808+0000] {processor.py:925} INFO - DAG(s) 'dataset_consumes_1_never_scheduled', 'dataset_consumes_1', 'conditional_dataset_and_time_based_timetable', 'dataset_produces_2', 'consume_1_or_2_with_dataset_expressions', 'consume_1_and_2_with_dataset_expressions', 'consume_1_or_both_2_and_3_with_dataset_expressions', 'dataset_consumes_unknown_never_scheduled', 'dataset_produces_1', 'dataset_consumes_1_and_2' retrieved from /home/airflow/.local/lib/python3.12/site-packages/airflow/example_dags/example_datasets.py
[2026-05-27T02:01:14.834+0000] {logging_mixin.py:190} INFO - [2026-05-27T02:01:14.834+0000] {dag.py:3211} INFO - Sync 10 DAGs
[2026-05-27T02:01:14.849+0000] {logging_mixin.py:190} INFO - [2026-05-27T02:01:14.849+0000] {dag.py:4138} INFO - Setting next_dagrun for conditional_dataset_and_time_based_timetable to 2026-05-27 01:00:00+00:00, run_after=2026-05-27 01:00:00+00:00
[2026-05-27T02:01:14.851+0000] {logging_mixin.py:190} INFO - [2026-05-27T02:01:14.851+0000] {dag.py:4138} INFO - Setting next_dagrun for consume_1_and_2_with_dataset_expressions to None, run_after=None
[2026-05-27T02:01:14.852+0000] {logging_mixin.py:190} INFO - [2026-05-27T02:01:14.852+0000] {dag.py:4138} INFO - Setting next_dagrun for consume_1_or_2_with_dataset_expressions to None, run_after=None
[2026-05-27T02:01:14.853+0000] {logging_mixin.py:190} INFO - [2026-05-27T02:01:14.853+0000] {dag.py:4138} INFO - Setting next_dagrun for consume_1_or_both_2_and_3_with_dataset_expressions to None, run_after=None
[2026-05-27T02:01:14.854+0000] {logging_mixin.py:190} INFO - [2026-05-27T02:01:14.854+0000] {dag.py:4138} INFO - Setting next_dagrun for dataset_consumes_1 to None, run_after=None
[2026-05-27T02:01:14.855+0000] {logging_mixin.py:190} INFO - [2026-05-27T02:01:14.854+0000] {dag.py:4138} INFO - Setting next_dagrun for dataset_consumes_1_and_2 to None, run_after=None
[2026-05-27T02:01:14.855+0000] {logging_mixin.py:190} INFO - [2026-05-27T02:01:14.855+0000] {dag.py:4138} INFO - Setting next_dagrun for dataset_consumes_1_never_scheduled to None, run_after=None
[2026-05-27T02:01:14.856+0000] {logging_mixin.py:190} INFO - [2026-05-27T02:01:14.856+0000] {dag.py:4138} INFO - Setting next_dagrun for dataset_consumes_unknown_never_scheduled to None, run_after=None
[2026-05-27T02:01:14.857+0000] {logging_mixin.py:190} INFO - [2026-05-27T02:01:14.857+0000] {dag.py:4138} INFO - Setting next_dagrun for dataset_produces_1 to 2026-05-26 00:00:00+00:00, run_after=2026-05-27 00:00:00+00:00
[2026-05-27T02:01:14.858+0000] {logging_mixin.py:190} INFO - [2026-05-27T02:01:14.858+0000] {dag.py:4138} INFO - Setting next_dagrun for dataset_produces_2 to None, run_after=None
[2026-05-27T02:01:14.877+0000] {processor.py:208} INFO - Processing /home/airflow/.local/lib/python3.12/site-packages/airflow/example_dags/example_datasets.py took 0.180 seconds
[2026-05-27T02:01:47.980+0000] {processor.py:186} INFO - Started process (PID=54) to work on /home/airflow/.local/lib/python3.12/site-packages/airflow/example_dags/example_datasets.py
[2026-05-27T02:01:47.980+0000] {processor.py:914} INFO - Processing file /home/airflow/.local/lib/python3.12/site-packages/airflow/example_dags/example_datasets.py for tasks to queue
[2026-05-27T02:01:47.982+0000] {logging_mixin.py:190} INFO - [2026-05-27T02:01:47.982+0000] {dagbag.py:587} INFO - Filling up the DagBag from /home/airflow/.local/lib/python3.12/site-packages/airflow/example_dags/example_datasets.py
[2026-05-27T02:01:48.089+0000] {processor.py:925} INFO - DAG(s) 'dataset_consumes_unknown_never_scheduled', 'dataset_consumes_1_and_2', 'consume_1_or_2_with_dataset_expressions', 'consume_1_or_both_2_and_3_with_dataset_expressions', 'dataset_consumes_1_never_scheduled', 'conditional_dataset_and_time_based_timetable', 'dataset_consumes_1', 'dataset_produces_1', 'dataset_produces_2', 'consume_1_and_2_with_dataset_expressions' retrieved from /home/airflow/.local/lib/python3.12/site-packages/airflow/example_dags/example_datasets.py
[2026-05-27T02:01:48.117+0000] {logging_mixin.py:190} INFO - [2026-05-27T02:01:48.117+0000] {dag.py:3211} INFO - Sync 10 DAGs
[2026-05-27T02:01:48.135+0000] {logging_mixin.py:190} INFO - [2026-05-27T02:01:48.135+0000] {dag.py:4138} INFO - Setting next_dagrun for conditional_dataset_and_time_based_timetable to 2026-05-27 01:00:00+00:00, run_after=2026-05-27 01:00:00+00:00
[2026-05-27T02:01:48.138+0000] {logging_mixin.py:190} INFO - [2026-05-27T02:01:48.138+0000] {dag.py:4138} INFO - Setting next_dagrun for consume_1_and_2_with_dataset_expressions to None, run_after=None
[2026-05-27T02:01:48.139+0000] {logging_mixin.py:190} INFO - [2026-05-27T02:01:48.138+0000] {dag.py:4138} INFO - Setting next_dagrun for consume_1_or_2_with_dataset_expressions to None, run_after=None
[2026-05-27T02:01:48.139+0000] {logging_mixin.py:190} INFO - [2026-05-27T02:01:48.139+0000] {dag.py:4138} INFO - Setting next_dagrun for consume_1_or_both_2_and_3_with_dataset_expressions to None, run_after=None
[2026-05-27T02:01:48.140+0000] {logging_mixin.py:190} INFO - [2026-05-27T02:01:48.140+0000] {dag.py:4138} INFO - Setting next_dagrun for dataset_consumes_1 to None, run_after=None
[2026-05-27T02:01:48.146+0000] {logging_mixin.py:190} INFO - [2026-05-27T02:01:48.146+0000] {dag.py:4138} INFO - Setting next_dagrun for dataset_consumes_1_and_2 to None, run_after=None
[2026-05-27T02:01:48.147+0000] {logging_mixin.py:190} INFO - [2026-05-27T02:01:48.147+0000] {dag.py:4138} INFO - Setting next_dagrun for dataset_consumes_1_never_scheduled to None, run_after=None
[2026-05-27T02:01:48.148+0000] {logging_mixin.py:190} INFO - [2026-05-27T02:01:48.148+0000] {dag.py:4138} INFO - Setting next_dagrun for dataset_consumes_unknown_never_scheduled to None, run_after=None
[2026-05-27T02:01:48.149+0000] {logging_mixin.py:190} INFO - [2026-05-27T02:01:48.149+0000] {dag.py:4138} INFO - Setting next_dagrun for dataset_produces_1 to 2026-05-26 00:00:00+00:00, run_after=2026-05-27 00:00:00+00:00
[2026-05-27T02:01:48.150+0000] {logging_mixin.py:190} INFO - [2026-05-27T02:01:48.150+0000] {dag.py:4138} INFO - Setting next_dagrun for dataset_produces_2 to None, run_after=None
[2026-05-27T02:01:48.170+0000] {processor.py:208} INFO - Processing /home/airflow/.local/lib/python3.12/site-packages/airflow/example_dags/example_datasets.py took 0.195 seconds
[2026-05-27T02:02:17.608+0000] {processor.py:186} INFO - Started process (PID=54) to work on /home/airflow/.local/lib/python3.12/site-packages/airflow/example_dags/example_datasets.py
[2026-05-27T02:02:17.610+0000] {processor.py:914} INFO - Processing file /home/airflow/.local/lib/python3.12/site-packages/airflow/example_dags/example_datasets.py for tasks to queue
[2026-05-27T02:02:17.613+0000] {logging_mixin.py:190} INFO - [2026-05-27T02:02:17.613+0000] {dagbag.py:587} INFO - Filling up the DagBag from /home/airflow/.local/lib/python3.12/site-packages/airflow/example_dags/example_datasets.py
[2026-05-27T02:02:17.818+0000] {processor.py:925} INFO - DAG(s) 'dataset_consumes_unknown_never_scheduled', 'dataset_consumes_1', 'consume_1_and_2_with_dataset_expressions', 'consume_1_or_both_2_and_3_with_dataset_expressions', 'dataset_produces_1', 'conditional_dataset_and_time_based_timetable', 'consume_1_or_2_with_dataset_expressions', 'dataset_consumes_1_never_scheduled', 'dataset_produces_2', 'dataset_consumes_1_and_2' retrieved from /home/airflow/.local/lib/python3.12/site-packages/airflow/example_dags/example_datasets.py
[2026-05-27T02:02:17.879+0000] {logging_mixin.py:190} INFO - [2026-05-27T02:02:17.878+0000] {dag.py:3211} INFO - Sync 10 DAGs
[2026-05-27T02:02:17.909+0000] {logging_mixin.py:190} INFO - [2026-05-27T02:02:17.909+0000] {dag.py:4138} INFO - Setting next_dagrun for conditional_dataset_and_time_based_timetable to 2026-05-27 01:00:00+00:00, run_after=2026-05-27 01:00:00+00:00
[2026-05-27T02:02:17.912+0000] {logging_mixin.py:190} INFO - [2026-05-27T02:02:17.912+0000] {dag.py:4138} INFO - Setting next_dagrun for consume_1_and_2_with_dataset_expressions to None, run_after=None
[2026-05-27T02:02:17.914+0000] {logging_mixin.py:190} INFO - [2026-05-27T02:02:17.914+0000] {dag.py:4138} INFO - Setting next_dagrun for consume_1_or_2_with_dataset_expressions to None, run_after=None
[2026-05-27T02:02:17.916+0000] {logging_mixin.py:190} INFO - [2026-05-27T02:02:17.916+0000] {dag.py:4138} INFO - Setting next_dagrun for consume_1_or_both_2_and_3_with_dataset_expressions to None, run_after=None
[2026-05-27T02:02:17.920+0000] {logging_mixin.py:190} INFO - [2026-05-27T02:02:17.920+0000] {dag.py:4138} INFO - Setting next_dagrun for dataset_consumes_1 to None, run_after=None
[2026-05-27T02:02:17.922+0000] {logging_mixin.py:190} INFO - [2026-05-27T02:02:17.921+0000] {dag.py:4138} INFO - Setting next_dagrun for dataset_consumes_1_and_2 to None, run_after=None
[2026-05-27T02:02:17.923+0000] {logging_mixin.py:190} INFO - [2026-05-27T02:02:17.923+0000] {dag.py:4138} INFO - Setting next_dagrun for dataset_consumes_1_never_scheduled to None, run_after=None
[2026-05-27T02:02:17.924+0000] {logging_mixin.py:190} INFO - [2026-05-27T02:02:17.924+0000] {dag.py:4138} INFO - Setting next_dagrun for dataset_consumes_unknown_never_scheduled to None, run_after=None
[2026-05-27T02:02:17.926+0000] {logging_mixin.py:190} INFO - [2026-05-27T02:02:17.926+0000] {dag.py:4138} INFO - Setting next_dagrun for dataset_produces_1 to 2026-05-26 00:00:00+00:00, run_after=2026-05-27 00:00:00+00:00
[2026-05-27T02:02:17.927+0000] {logging_mixin.py:190} INFO - [2026-05-27T02:02:17.927+0000] {dag.py:4138} INFO - Setting next_dagrun for dataset_produces_2 to None, run_after=None
[2026-05-27T02:02:17.954+0000] {processor.py:208} INFO - Processing /home/airflow/.local/lib/python3.12/site-packages/airflow/example_dags/example_datasets.py took 0.356 seconds
[2026-05-27T02:02:59.042+0000] {processor.py:186} INFO - Started process (PID=54) to work on /home/airflow/.local/lib/python3.12/site-packages/airflow/example_dags/example_datasets.py
[2026-05-27T02:02:59.043+0000] {processor.py:914} INFO - Processing file /home/airflow/.local/lib/python3.12/site-packages/airflow/example_dags/example_datasets.py for tasks to queue
[2026-05-27T02:02:59.045+0000] {logging_mixin.py:190} INFO - [2026-05-27T02:02:59.044+0000] {dagbag.py:587} INFO - Filling up the DagBag from /home/airflow/.local/lib/python3.12/site-packages/airflow/example_dags/example_datasets.py
[2026-05-27T02:02:59.183+0000] {processor.py:925} INFO - DAG(s) 'conditional_dataset_and_time_based_timetable', 'consume_1_and_2_with_dataset_expressions', 'dataset_consumes_1', 'dataset_produces_2', 'dataset_consumes_1_never_scheduled', 'consume_1_or_both_2_and_3_with_dataset_expressions', 'consume_1_or_2_with_dataset_expressions', 'dataset_consumes_1_and_2', 'dataset_consumes_unknown_never_scheduled', 'dataset_produces_1' retrieved from /home/airflow/.local/lib/python3.12/site-packages/airflow/example_dags/example_datasets.py
[2026-05-27T02:02:59.215+0000] {logging_mixin.py:190} INFO - [2026-05-27T02:02:59.214+0000] {dag.py:3211} INFO - Sync 10 DAGs
[2026-05-27T02:02:59.234+0000] {logging_mixin.py:190} INFO - [2026-05-27T02:02:59.234+0000] {dag.py:4138} INFO - Setting next_dagrun for conditional_dataset_and_time_based_timetable to 2026-05-27 01:00:00+00:00, run_after=2026-05-27 01:00:00+00:00
[2026-05-27T02:02:59.237+0000] {logging_mixin.py:190} INFO - [2026-05-27T02:02:59.237+0000] {dag.py:4138} INFO - Setting next_dagrun for consume_1_and_2_with_dataset_expressions to None, run_after=None
[2026-05-27T02:02:59.238+0000] {logging_mixin.py:190} INFO - [2026-05-27T02:02:59.238+0000] {dag.py:4138} INFO - Setting next_dagrun for consume_1_or_2_with_dataset_expressions to None, run_after=None
[2026-05-27T02:02:59.238+0000] {logging_mixin.py:190} INFO - [2026-05-27T02:02:59.238+0000] {dag.py:4138} INFO - Setting next_dagrun for consume_1_or_both_2_and_3_with_dataset_expressions to None, run_after=None
[2026-05-27T02:02:59.239+0000] {logging_mixin.py:190} INFO - [2026-05-27T02:02:59.239+0000] {dag.py:4138} INFO - Setting next_dagrun for dataset_consumes_1 to None, run_after=None
[2026-05-27T02:02:59.240+0000] {logging_mixin.py:190} INFO - [2026-05-27T02:02:59.240+0000] {dag.py:4138} INFO - Setting next_dagrun for dataset_consumes_1_and_2 to None, run_after=None
[2026-05-27T02:02:59.241+0000] {logging_mixin.py:190} INFO - [2026-05-27T02:02:59.241+0000] {dag.py:4138} INFO - Setting next_dagrun for dataset_consumes_1_never_scheduled to None, run_after=None
[2026-05-27T02:02:59.242+0000] {logging_mixin.py:190} INFO - [2026-05-27T02:02:59.242+0000] {dag.py:4138} INFO - Setting next_dagrun for dataset_consumes_unknown_never_scheduled to None, run_after=None
[2026-05-27T02:02:59.243+0000] {logging_mixin.py:190} INFO - [2026-05-27T02:02:59.243+0000] {dag.py:4138} INFO - Setting next_dagrun for dataset_produces_1 to 2026-05-26 00:00:00+00:00, run_after=2026-05-27 00:00:00+00:00
[2026-05-27T02:02:59.244+0000] {logging_mixin.py:190} INFO - [2026-05-27T02:02:59.244+0000] {dag.py:4138} INFO - Setting next_dagrun for dataset_produces_2 to None, run_after=None
[2026-05-27T02:02:59.265+0000] {processor.py:208} INFO - Processing /home/airflow/.local/lib/python3.12/site-packages/airflow/example_dags/example_datasets.py took 0.232 seconds
