[2026-05-27T01:54:05.315+0000] {processor.py:186} INFO - Started process (PID=107) to work on /home/airflow/.local/lib/python3.12/site-packages/airflow/example_dags/example_skip_dag.py
[2026-05-27T01:54:05.316+0000] {processor.py:914} INFO - Processing file /home/airflow/.local/lib/python3.12/site-packages/airflow/example_dags/example_skip_dag.py for tasks to queue
[2026-05-27T01:54:05.318+0000] {logging_mixin.py:190} INFO - [2026-05-27T01:54:05.318+0000] {dagbag.py:587} INFO - Filling up the DagBag from /home/airflow/.local/lib/python3.12/site-packages/airflow/example_dags/example_skip_dag.py
[2026-05-27T01:54:05.324+0000] {processor.py:925} INFO - DAG(s) 'example_skip_dag' retrieved from /home/airflow/.local/lib/python3.12/site-packages/airflow/example_dags/example_skip_dag.py
[2026-05-27T01:54:05.403+0000] {logging_mixin.py:190} INFO - [2026-05-27T01:54:05.402+0000] {override.py:1858} INFO - Created Permission View: can edit on DAG:example_skip_dag
[2026-05-27T01:54:05.410+0000] {logging_mixin.py:190} INFO - [2026-05-27T01:54:05.410+0000] {override.py:1858} INFO - Created Permission View: can read on DAG:example_skip_dag
[2026-05-27T01:54:05.415+0000] {logging_mixin.py:190} INFO - [2026-05-27T01:54:05.415+0000] {override.py:1858} INFO - Created Permission View: can delete on DAG:example_skip_dag
[2026-05-27T01:54:05.416+0000] {logging_mixin.py:190} INFO - [2026-05-27T01:54:05.416+0000] {dag.py:3211} INFO - Sync 1 DAGs
[2026-05-27T01:54:05.427+0000] {logging_mixin.py:190} INFO - [2026-05-27T01:54:05.427+0000] {dag.py:3234} INFO - Creating ORM DAG for example_skip_dag
[2026-05-27T01:54:05.434+0000] {logging_mixin.py:190} INFO - [2026-05-27T01:54:05.434+0000] {dag.py:4138} INFO - Setting next_dagrun for example_skip_dag to 2026-05-26 00:00:00+00:00, run_after=2026-05-27 00:00:00+00:00
[2026-05-27T01:54:05.444+0000] {processor.py:208} INFO - Processing /home/airflow/.local/lib/python3.12/site-packages/airflow/example_dags/example_skip_dag.py took 0.135 seconds
[2026-05-27T01:54:35.830+0000] {processor.py:186} INFO - Started process (PID=179) to work on /home/airflow/.local/lib/python3.12/site-packages/airflow/example_dags/example_skip_dag.py
[2026-05-27T01:54:35.831+0000] {processor.py:914} INFO - Processing file /home/airflow/.local/lib/python3.12/site-packages/airflow/example_dags/example_skip_dag.py for tasks to queue
[2026-05-27T01:54:35.833+0000] {logging_mixin.py:190} INFO - [2026-05-27T01:54:35.832+0000] {dagbag.py:587} INFO - Filling up the DagBag from /home/airflow/.local/lib/python3.12/site-packages/airflow/example_dags/example_skip_dag.py
[2026-05-27T01:54:35.838+0000] {processor.py:925} INFO - DAG(s) 'example_skip_dag' retrieved from /home/airflow/.local/lib/python3.12/site-packages/airflow/example_dags/example_skip_dag.py
[2026-05-27T01:54:35.853+0000] {logging_mixin.py:190} INFO - [2026-05-27T01:54:35.853+0000] {dag.py:3211} INFO - Sync 1 DAGs
[2026-05-27T01:54:35.866+0000] {logging_mixin.py:190} INFO - [2026-05-27T01:54:35.866+0000] {dag.py:4138} INFO - Setting next_dagrun for example_skip_dag to 2026-05-26 00:00:00+00:00, run_after=2026-05-27 00:00:00+00:00
[2026-05-27T01:54:35.876+0000] {processor.py:208} INFO - Processing /home/airflow/.local/lib/python3.12/site-packages/airflow/example_dags/example_skip_dag.py took 0.051 seconds
[2026-05-27T01:55:06.184+0000] {processor.py:186} INFO - Started process (PID=244) to work on /home/airflow/.local/lib/python3.12/site-packages/airflow/example_dags/example_skip_dag.py
[2026-05-27T01:55:06.185+0000] {processor.py:914} INFO - Processing file /home/airflow/.local/lib/python3.12/site-packages/airflow/example_dags/example_skip_dag.py for tasks to queue
[2026-05-27T01:55:06.187+0000] {logging_mixin.py:190} INFO - [2026-05-27T01:55:06.186+0000] {dagbag.py:587} INFO - Filling up the DagBag from /home/airflow/.local/lib/python3.12/site-packages/airflow/example_dags/example_skip_dag.py
[2026-05-27T01:55:06.193+0000] {processor.py:925} INFO - DAG(s) 'example_skip_dag' retrieved from /home/airflow/.local/lib/python3.12/site-packages/airflow/example_dags/example_skip_dag.py
[2026-05-27T01:55:06.211+0000] {logging_mixin.py:190} INFO - [2026-05-27T01:55:06.211+0000] {dag.py:3211} INFO - Sync 1 DAGs
[2026-05-27T01:55:06.229+0000] {logging_mixin.py:190} INFO - [2026-05-27T01:55:06.229+0000] {dag.py:4138} INFO - Setting next_dagrun for example_skip_dag to 2026-05-26 00:00:00+00:00, run_after=2026-05-27 00:00:00+00:00
[2026-05-27T01:55:06.240+0000] {processor.py:208} INFO - Processing /home/airflow/.local/lib/python3.12/site-packages/airflow/example_dags/example_skip_dag.py took 0.062 seconds
[2026-05-27T01:55:36.493+0000] {processor.py:186} INFO - Started process (PID=306) to work on /home/airflow/.local/lib/python3.12/site-packages/airflow/example_dags/example_skip_dag.py
[2026-05-27T01:55:36.494+0000] {processor.py:914} INFO - Processing file /home/airflow/.local/lib/python3.12/site-packages/airflow/example_dags/example_skip_dag.py for tasks to queue
[2026-05-27T01:55:36.496+0000] {logging_mixin.py:190} INFO - [2026-05-27T01:55:36.496+0000] {dagbag.py:587} INFO - Filling up the DagBag from /home/airflow/.local/lib/python3.12/site-packages/airflow/example_dags/example_skip_dag.py
[2026-05-27T01:55:36.504+0000] {processor.py:925} INFO - DAG(s) 'example_skip_dag' retrieved from /home/airflow/.local/lib/python3.12/site-packages/airflow/example_dags/example_skip_dag.py
[2026-05-27T01:55:36.522+0000] {logging_mixin.py:190} INFO - [2026-05-27T01:55:36.522+0000] {dag.py:3211} INFO - Sync 1 DAGs
[2026-05-27T01:55:36.538+0000] {logging_mixin.py:190} INFO - [2026-05-27T01:55:36.537+0000] {dag.py:4138} INFO - Setting next_dagrun for example_skip_dag to 2026-05-26 00:00:00+00:00, run_after=2026-05-27 00:00:00+00:00
[2026-05-27T01:55:36.550+0000] {processor.py:208} INFO - Processing /home/airflow/.local/lib/python3.12/site-packages/airflow/example_dags/example_skip_dag.py took 0.062 seconds
[2026-05-27T01:56:06.996+0000] {processor.py:186} INFO - Started process (PID=368) to work on /home/airflow/.local/lib/python3.12/site-packages/airflow/example_dags/example_skip_dag.py
[2026-05-27T01:56:06.997+0000] {processor.py:914} INFO - Processing file /home/airflow/.local/lib/python3.12/site-packages/airflow/example_dags/example_skip_dag.py for tasks to queue
[2026-05-27T01:56:06.999+0000] {logging_mixin.py:190} INFO - [2026-05-27T01:56:06.999+0000] {dagbag.py:587} INFO - Filling up the DagBag from /home/airflow/.local/lib/python3.12/site-packages/airflow/example_dags/example_skip_dag.py
[2026-05-27T01:56:07.006+0000] {processor.py:925} INFO - DAG(s) 'example_skip_dag' retrieved from /home/airflow/.local/lib/python3.12/site-packages/airflow/example_dags/example_skip_dag.py
[2026-05-27T01:56:07.024+0000] {logging_mixin.py:190} INFO - [2026-05-27T01:56:07.024+0000] {dag.py:3211} INFO - Sync 1 DAGs
[2026-05-27T01:56:07.041+0000] {logging_mixin.py:190} INFO - [2026-05-27T01:56:07.040+0000] {dag.py:4138} INFO - Setting next_dagrun for example_skip_dag to 2026-05-26 00:00:00+00:00, run_after=2026-05-27 00:00:00+00:00
[2026-05-27T01:56:07.052+0000] {processor.py:208} INFO - Processing /home/airflow/.local/lib/python3.12/site-packages/airflow/example_dags/example_skip_dag.py took 0.060 seconds
[2026-05-27T01:56:37.317+0000] {processor.py:186} INFO - Started process (PID=430) to work on /home/airflow/.local/lib/python3.12/site-packages/airflow/example_dags/example_skip_dag.py
[2026-05-27T01:56:37.318+0000] {processor.py:914} INFO - Processing file /home/airflow/.local/lib/python3.12/site-packages/airflow/example_dags/example_skip_dag.py for tasks to queue
[2026-05-27T01:56:37.320+0000] {logging_mixin.py:190} INFO - [2026-05-27T01:56:37.319+0000] {dagbag.py:587} INFO - Filling up the DagBag from /home/airflow/.local/lib/python3.12/site-packages/airflow/example_dags/example_skip_dag.py
[2026-05-27T01:56:37.325+0000] {processor.py:925} INFO - DAG(s) 'example_skip_dag' retrieved from /home/airflow/.local/lib/python3.12/site-packages/airflow/example_dags/example_skip_dag.py
[2026-05-27T01:56:37.341+0000] {logging_mixin.py:190} INFO - [2026-05-27T01:56:37.340+0000] {dag.py:3211} INFO - Sync 1 DAGs
[2026-05-27T01:56:37.354+0000] {logging_mixin.py:190} INFO - [2026-05-27T01:56:37.354+0000] {dag.py:4138} INFO - Setting next_dagrun for example_skip_dag to 2026-05-26 00:00:00+00:00, run_after=2026-05-27 00:00:00+00:00
[2026-05-27T01:56:37.365+0000] {processor.py:208} INFO - Processing /home/airflow/.local/lib/python3.12/site-packages/airflow/example_dags/example_skip_dag.py took 0.052 seconds
[2026-05-27T01:57:07.760+0000] {processor.py:186} INFO - Started process (PID=491) to work on /home/airflow/.local/lib/python3.12/site-packages/airflow/example_dags/example_skip_dag.py
[2026-05-27T01:57:07.761+0000] {processor.py:914} INFO - Processing file /home/airflow/.local/lib/python3.12/site-packages/airflow/example_dags/example_skip_dag.py for tasks to queue
[2026-05-27T01:57:07.763+0000] {logging_mixin.py:190} INFO - [2026-05-27T01:57:07.763+0000] {dagbag.py:587} INFO - Filling up the DagBag from /home/airflow/.local/lib/python3.12/site-packages/airflow/example_dags/example_skip_dag.py
[2026-05-27T01:57:07.769+0000] {processor.py:925} INFO - DAG(s) 'example_skip_dag' retrieved from /home/airflow/.local/lib/python3.12/site-packages/airflow/example_dags/example_skip_dag.py
[2026-05-27T01:57:07.784+0000] {logging_mixin.py:190} INFO - [2026-05-27T01:57:07.784+0000] {dag.py:3211} INFO - Sync 1 DAGs
[2026-05-27T01:57:07.799+0000] {logging_mixin.py:190} INFO - [2026-05-27T01:57:07.799+0000] {dag.py:4138} INFO - Setting next_dagrun for example_skip_dag to 2026-05-26 00:00:00+00:00, run_after=2026-05-27 00:00:00+00:00
[2026-05-27T01:57:07.809+0000] {processor.py:208} INFO - Processing /home/airflow/.local/lib/python3.12/site-packages/airflow/example_dags/example_skip_dag.py took 0.054 seconds
[2026-05-27T01:57:38.347+0000] {processor.py:186} INFO - Started process (PID=554) to work on /home/airflow/.local/lib/python3.12/site-packages/airflow/example_dags/example_skip_dag.py
[2026-05-27T01:57:38.347+0000] {processor.py:914} INFO - Processing file /home/airflow/.local/lib/python3.12/site-packages/airflow/example_dags/example_skip_dag.py for tasks to queue
[2026-05-27T01:57:38.349+0000] {logging_mixin.py:190} INFO - [2026-05-27T01:57:38.349+0000] {dagbag.py:587} INFO - Filling up the DagBag from /home/airflow/.local/lib/python3.12/site-packages/airflow/example_dags/example_skip_dag.py
[2026-05-27T01:57:38.354+0000] {processor.py:925} INFO - DAG(s) 'example_skip_dag' retrieved from /home/airflow/.local/lib/python3.12/site-packages/airflow/example_dags/example_skip_dag.py
[2026-05-27T01:57:38.369+0000] {logging_mixin.py:190} INFO - [2026-05-27T01:57:38.369+0000] {dag.py:3211} INFO - Sync 1 DAGs
[2026-05-27T01:57:38.383+0000] {logging_mixin.py:190} INFO - [2026-05-27T01:57:38.383+0000] {dag.py:4138} INFO - Setting next_dagrun for example_skip_dag to 2026-05-26 00:00:00+00:00, run_after=2026-05-27 00:00:00+00:00
[2026-05-27T01:57:38.394+0000] {processor.py:208} INFO - Processing /home/airflow/.local/lib/python3.12/site-packages/airflow/example_dags/example_skip_dag.py took 0.051 seconds
[2026-05-27T01:58:08.983+0000] {processor.py:186} INFO - Started process (PID=616) to work on /home/airflow/.local/lib/python3.12/site-packages/airflow/example_dags/example_skip_dag.py
[2026-05-27T01:58:08.984+0000] {processor.py:914} INFO - Processing file /home/airflow/.local/lib/python3.12/site-packages/airflow/example_dags/example_skip_dag.py for tasks to queue
[2026-05-27T01:58:08.986+0000] {logging_mixin.py:190} INFO - [2026-05-27T01:58:08.985+0000] {dagbag.py:587} INFO - Filling up the DagBag from /home/airflow/.local/lib/python3.12/site-packages/airflow/example_dags/example_skip_dag.py
[2026-05-27T01:58:08.993+0000] {processor.py:925} INFO - DAG(s) 'example_skip_dag' retrieved from /home/airflow/.local/lib/python3.12/site-packages/airflow/example_dags/example_skip_dag.py
[2026-05-27T01:58:09.010+0000] {logging_mixin.py:190} INFO - [2026-05-27T01:58:09.009+0000] {dag.py:3211} INFO - Sync 1 DAGs
[2026-05-27T01:58:09.024+0000] {logging_mixin.py:190} INFO - [2026-05-27T01:58:09.024+0000] {dag.py:4138} INFO - Setting next_dagrun for example_skip_dag to 2026-05-26 00:00:00+00:00, run_after=2026-05-27 00:00:00+00:00
[2026-05-27T01:58:09.036+0000] {processor.py:208} INFO - Processing /home/airflow/.local/lib/python3.12/site-packages/airflow/example_dags/example_skip_dag.py took 0.057 seconds
[2026-05-27T01:59:15.396+0000] {processor.py:186} INFO - Started process (PID=111) to work on /home/airflow/.local/lib/python3.12/site-packages/airflow/example_dags/example_skip_dag.py
[2026-05-27T01:59:15.397+0000] {processor.py:914} INFO - Processing file /home/airflow/.local/lib/python3.12/site-packages/airflow/example_dags/example_skip_dag.py for tasks to queue
[2026-05-27T01:59:15.399+0000] {logging_mixin.py:190} INFO - [2026-05-27T01:59:15.399+0000] {dagbag.py:587} INFO - Filling up the DagBag from /home/airflow/.local/lib/python3.12/site-packages/airflow/example_dags/example_skip_dag.py
[2026-05-27T01:59:15.408+0000] {processor.py:925} INFO - DAG(s) 'example_skip_dag' retrieved from /home/airflow/.local/lib/python3.12/site-packages/airflow/example_dags/example_skip_dag.py
[2026-05-27T01:59:15.425+0000] {logging_mixin.py:190} INFO - [2026-05-27T01:59:15.425+0000] {dag.py:3211} INFO - Sync 1 DAGs
[2026-05-27T01:59:15.443+0000] {logging_mixin.py:190} INFO - [2026-05-27T01:59:15.443+0000] {dag.py:4138} INFO - Setting next_dagrun for example_skip_dag to 2026-05-26 00:00:00+00:00, run_after=2026-05-27 00:00:00+00:00
[2026-05-27T01:59:15.458+0000] {processor.py:208} INFO - Processing /home/airflow/.local/lib/python3.12/site-packages/airflow/example_dags/example_skip_dag.py took 0.066 seconds
[2026-05-27T01:59:45.519+0000] {processor.py:186} INFO - Started process (PID=207) to work on /home/airflow/.local/lib/python3.12/site-packages/airflow/example_dags/example_skip_dag.py
[2026-05-27T01:59:45.520+0000] {processor.py:914} INFO - Processing file /home/airflow/.local/lib/python3.12/site-packages/airflow/example_dags/example_skip_dag.py for tasks to queue
[2026-05-27T01:59:45.523+0000] {logging_mixin.py:190} INFO - [2026-05-27T01:59:45.522+0000] {dagbag.py:587} INFO - Filling up the DagBag from /home/airflow/.local/lib/python3.12/site-packages/airflow/example_dags/example_skip_dag.py
[2026-05-27T01:59:45.530+0000] {processor.py:925} INFO - DAG(s) 'example_skip_dag' retrieved from /home/airflow/.local/lib/python3.12/site-packages/airflow/example_dags/example_skip_dag.py
[2026-05-27T01:59:45.551+0000] {logging_mixin.py:190} INFO - [2026-05-27T01:59:45.551+0000] {dag.py:3211} INFO - Sync 1 DAGs
[2026-05-27T01:59:45.569+0000] {logging_mixin.py:190} INFO - [2026-05-27T01:59:45.569+0000] {dag.py:4138} INFO - Setting next_dagrun for example_skip_dag to 2026-05-26 00:00:00+00:00, run_after=2026-05-27 00:00:00+00:00
[2026-05-27T01:59:45.581+0000] {processor.py:208} INFO - Processing /home/airflow/.local/lib/python3.12/site-packages/airflow/example_dags/example_skip_dag.py took 0.068 seconds
[2026-05-27T02:00:16.458+0000] {processor.py:186} INFO - Started process (PID=275) to work on /home/airflow/.local/lib/python3.12/site-packages/airflow/example_dags/example_skip_dag.py
[2026-05-27T02:00:16.459+0000] {processor.py:914} INFO - Processing file /home/airflow/.local/lib/python3.12/site-packages/airflow/example_dags/example_skip_dag.py for tasks to queue
[2026-05-27T02:00:16.461+0000] {logging_mixin.py:190} INFO - [2026-05-27T02:00:16.461+0000] {dagbag.py:587} INFO - Filling up the DagBag from /home/airflow/.local/lib/python3.12/site-packages/airflow/example_dags/example_skip_dag.py
[2026-05-27T02:00:16.469+0000] {processor.py:925} INFO - DAG(s) 'example_skip_dag' retrieved from /home/airflow/.local/lib/python3.12/site-packages/airflow/example_dags/example_skip_dag.py
[2026-05-27T02:00:16.487+0000] {logging_mixin.py:190} INFO - [2026-05-27T02:00:16.487+0000] {dag.py:3211} INFO - Sync 1 DAGs
[2026-05-27T02:00:16.508+0000] {logging_mixin.py:190} INFO - [2026-05-27T02:00:16.508+0000] {dag.py:4138} INFO - Setting next_dagrun for example_skip_dag to 2026-05-26 00:00:00+00:00, run_after=2026-05-27 00:00:00+00:00
[2026-05-27T02:00:16.521+0000] {processor.py:208} INFO - Processing /home/airflow/.local/lib/python3.12/site-packages/airflow/example_dags/example_skip_dag.py took 0.069 seconds
[2026-05-27T02:00:46.579+0000] {processor.py:186} INFO - Started process (PID=337) to work on /home/airflow/.local/lib/python3.12/site-packages/airflow/example_dags/example_skip_dag.py
[2026-05-27T02:00:46.580+0000] {processor.py:914} INFO - Processing file /home/airflow/.local/lib/python3.12/site-packages/airflow/example_dags/example_skip_dag.py for tasks to queue
[2026-05-27T02:00:46.582+0000] {logging_mixin.py:190} INFO - [2026-05-27T02:00:46.582+0000] {dagbag.py:587} INFO - Filling up the DagBag from /home/airflow/.local/lib/python3.12/site-packages/airflow/example_dags/example_skip_dag.py
[2026-05-27T02:00:46.591+0000] {processor.py:925} INFO - DAG(s) 'example_skip_dag' retrieved from /home/airflow/.local/lib/python3.12/site-packages/airflow/example_dags/example_skip_dag.py
[2026-05-27T02:00:46.607+0000] {logging_mixin.py:190} INFO - [2026-05-27T02:00:46.607+0000] {dag.py:3211} INFO - Sync 1 DAGs
[2026-05-27T02:00:46.622+0000] {logging_mixin.py:190} INFO - [2026-05-27T02:00:46.622+0000] {dag.py:4138} INFO - Setting next_dagrun for example_skip_dag to 2026-05-26 00:00:00+00:00, run_after=2026-05-27 00:00:00+00:00
[2026-05-27T02:00:46.632+0000] {processor.py:208} INFO - Processing /home/airflow/.local/lib/python3.12/site-packages/airflow/example_dags/example_skip_dag.py took 0.057 seconds
[2026-05-27T02:01:16.706+0000] {processor.py:186} INFO - Started process (PID=399) to work on /home/airflow/.local/lib/python3.12/site-packages/airflow/example_dags/example_skip_dag.py
[2026-05-27T02:01:16.706+0000] {processor.py:914} INFO - Processing file /home/airflow/.local/lib/python3.12/site-packages/airflow/example_dags/example_skip_dag.py for tasks to queue
[2026-05-27T02:01:16.708+0000] {logging_mixin.py:190} INFO - [2026-05-27T02:01:16.708+0000] {dagbag.py:587} INFO - Filling up the DagBag from /home/airflow/.local/lib/python3.12/site-packages/airflow/example_dags/example_skip_dag.py
[2026-05-27T02:01:16.715+0000] {processor.py:925} INFO - DAG(s) 'example_skip_dag' retrieved from /home/airflow/.local/lib/python3.12/site-packages/airflow/example_dags/example_skip_dag.py
[2026-05-27T02:01:16.732+0000] {logging_mixin.py:190} INFO - [2026-05-27T02:01:16.732+0000] {dag.py:3211} INFO - Sync 1 DAGs
[2026-05-27T02:01:16.753+0000] {logging_mixin.py:190} INFO - [2026-05-27T02:01:16.752+0000] {dag.py:4138} INFO - Setting next_dagrun for example_skip_dag to 2026-05-26 00:00:00+00:00, run_after=2026-05-27 00:00:00+00:00
[2026-05-27T02:01:16.766+0000] {processor.py:208} INFO - Processing /home/airflow/.local/lib/python3.12/site-packages/airflow/example_dags/example_skip_dag.py took 0.066 seconds
[2026-05-27T02:01:50.472+0000] {processor.py:186} INFO - Started process (PID=95) to work on /home/airflow/.local/lib/python3.12/site-packages/airflow/example_dags/example_skip_dag.py
[2026-05-27T02:01:50.473+0000] {processor.py:914} INFO - Processing file /home/airflow/.local/lib/python3.12/site-packages/airflow/example_dags/example_skip_dag.py for tasks to queue
[2026-05-27T02:01:50.475+0000] {logging_mixin.py:190} INFO - [2026-05-27T02:01:50.474+0000] {dagbag.py:587} INFO - Filling up the DagBag from /home/airflow/.local/lib/python3.12/site-packages/airflow/example_dags/example_skip_dag.py
[2026-05-27T02:01:50.480+0000] {processor.py:925} INFO - DAG(s) 'example_skip_dag' retrieved from /home/airflow/.local/lib/python3.12/site-packages/airflow/example_dags/example_skip_dag.py
[2026-05-27T02:01:50.494+0000] {logging_mixin.py:190} INFO - [2026-05-27T02:01:50.494+0000] {dag.py:3211} INFO - Sync 1 DAGs
[2026-05-27T02:01:50.508+0000] {logging_mixin.py:190} INFO - [2026-05-27T02:01:50.508+0000] {dag.py:4138} INFO - Setting next_dagrun for example_skip_dag to 2026-05-26 00:00:00+00:00, run_after=2026-05-27 00:00:00+00:00
[2026-05-27T02:01:50.518+0000] {processor.py:208} INFO - Processing /home/airflow/.local/lib/python3.12/site-packages/airflow/example_dags/example_skip_dag.py took 0.049 seconds
[2026-05-27T02:02:20.383+0000] {processor.py:186} INFO - Started process (PID=95) to work on /home/airflow/.local/lib/python3.12/site-packages/airflow/example_dags/example_skip_dag.py
[2026-05-27T02:02:20.384+0000] {processor.py:914} INFO - Processing file /home/airflow/.local/lib/python3.12/site-packages/airflow/example_dags/example_skip_dag.py for tasks to queue
[2026-05-27T02:02:20.386+0000] {logging_mixin.py:190} INFO - [2026-05-27T02:02:20.386+0000] {dagbag.py:587} INFO - Filling up the DagBag from /home/airflow/.local/lib/python3.12/site-packages/airflow/example_dags/example_skip_dag.py
[2026-05-27T02:02:20.393+0000] {processor.py:925} INFO - DAG(s) 'example_skip_dag' retrieved from /home/airflow/.local/lib/python3.12/site-packages/airflow/example_dags/example_skip_dag.py
[2026-05-27T02:02:20.411+0000] {logging_mixin.py:190} INFO - [2026-05-27T02:02:20.411+0000] {dag.py:3211} INFO - Sync 1 DAGs
[2026-05-27T02:02:20.428+0000] {logging_mixin.py:190} INFO - [2026-05-27T02:02:20.428+0000] {dag.py:4138} INFO - Setting next_dagrun for example_skip_dag to 2026-05-26 00:00:00+00:00, run_after=2026-05-27 00:00:00+00:00
[2026-05-27T02:02:20.440+0000] {processor.py:208} INFO - Processing /home/airflow/.local/lib/python3.12/site-packages/airflow/example_dags/example_skip_dag.py took 0.062 seconds
[2026-05-27T02:03:02.233+0000] {processor.py:186} INFO - Started process (PID=101) to work on /home/airflow/.local/lib/python3.12/site-packages/airflow/example_dags/example_skip_dag.py
[2026-05-27T02:03:02.234+0000] {processor.py:914} INFO - Processing file /home/airflow/.local/lib/python3.12/site-packages/airflow/example_dags/example_skip_dag.py for tasks to queue
[2026-05-27T02:03:02.235+0000] {logging_mixin.py:190} INFO - [2026-05-27T02:03:02.235+0000] {dagbag.py:587} INFO - Filling up the DagBag from /home/airflow/.local/lib/python3.12/site-packages/airflow/example_dags/example_skip_dag.py
[2026-05-27T02:03:02.241+0000] {processor.py:925} INFO - DAG(s) 'example_skip_dag' retrieved from /home/airflow/.local/lib/python3.12/site-packages/airflow/example_dags/example_skip_dag.py
[2026-05-27T02:03:02.258+0000] {logging_mixin.py:190} INFO - [2026-05-27T02:03:02.257+0000] {dag.py:3211} INFO - Sync 1 DAGs
[2026-05-27T02:03:02.272+0000] {logging_mixin.py:190} INFO - [2026-05-27T02:03:02.272+0000] {dag.py:4138} INFO - Setting next_dagrun for example_skip_dag to 2026-05-26 00:00:00+00:00, run_after=2026-05-27 00:00:00+00:00
[2026-05-27T02:03:02.283+0000] {processor.py:208} INFO - Processing /home/airflow/.local/lib/python3.12/site-packages/airflow/example_dags/example_skip_dag.py took 0.055 seconds
