[2026-05-27T01:54:04.436+0000] {processor.py:186} INFO - Started process (PID=98) to work on /home/airflow/.local/lib/python3.12/site-packages/airflow/example_dags/example_short_circuit_decorator.py
[2026-05-27T01:54:04.437+0000] {processor.py:914} INFO - Processing file /home/airflow/.local/lib/python3.12/site-packages/airflow/example_dags/example_short_circuit_decorator.py for tasks to queue
[2026-05-27T01:54:04.439+0000] {logging_mixin.py:190} INFO - [2026-05-27T01:54:04.439+0000] {dagbag.py:587} INFO - Filling up the DagBag from /home/airflow/.local/lib/python3.12/site-packages/airflow/example_dags/example_short_circuit_decorator.py
[2026-05-27T01:54:04.447+0000] {processor.py:925} INFO - DAG(s) 'example_short_circuit_decorator' retrieved from /home/airflow/.local/lib/python3.12/site-packages/airflow/example_dags/example_short_circuit_decorator.py
[2026-05-27T01:54:04.539+0000] {logging_mixin.py:190} INFO - [2026-05-27T01:54:04.539+0000] {override.py:1858} INFO - Created Permission View: can edit on DAG:example_short_circuit_decorator
[2026-05-27T01:54:04.546+0000] {logging_mixin.py:190} INFO - [2026-05-27T01:54:04.546+0000] {override.py:1858} INFO - Created Permission View: can read on DAG:example_short_circuit_decorator
[2026-05-27T01:54:04.551+0000] {logging_mixin.py:190} INFO - [2026-05-27T01:54:04.551+0000] {override.py:1858} INFO - Created Permission View: can delete on DAG:example_short_circuit_decorator
[2026-05-27T01:54:04.552+0000] {logging_mixin.py:190} INFO - [2026-05-27T01:54:04.552+0000] {dag.py:3211} INFO - Sync 1 DAGs
[2026-05-27T01:54:04.562+0000] {logging_mixin.py:190} INFO - [2026-05-27T01:54:04.562+0000] {dag.py:3234} INFO - Creating ORM DAG for example_short_circuit_decorator
[2026-05-27T01:54:04.570+0000] {logging_mixin.py:190} INFO - [2026-05-27T01:54:04.570+0000] {dag.py:4138} INFO - Setting next_dagrun for example_short_circuit_decorator to 2026-05-26 00:00:00+00:00, run_after=2026-05-27 00:00:00+00:00
[2026-05-27T01:54:04.583+0000] {processor.py:208} INFO - Processing /home/airflow/.local/lib/python3.12/site-packages/airflow/example_dags/example_short_circuit_decorator.py took 0.152 seconds
[2026-05-27T01:54:35.312+0000] {processor.py:186} INFO - Started process (PID=170) to work on /home/airflow/.local/lib/python3.12/site-packages/airflow/example_dags/example_short_circuit_decorator.py
[2026-05-27T01:54:35.313+0000] {processor.py:914} INFO - Processing file /home/airflow/.local/lib/python3.12/site-packages/airflow/example_dags/example_short_circuit_decorator.py for tasks to queue
[2026-05-27T01:54:35.315+0000] {logging_mixin.py:190} INFO - [2026-05-27T01:54:35.314+0000] {dagbag.py:587} INFO - Filling up the DagBag from /home/airflow/.local/lib/python3.12/site-packages/airflow/example_dags/example_short_circuit_decorator.py
[2026-05-27T01:54:35.322+0000] {processor.py:925} INFO - DAG(s) 'example_short_circuit_decorator' retrieved from /home/airflow/.local/lib/python3.12/site-packages/airflow/example_dags/example_short_circuit_decorator.py
[2026-05-27T01:54:35.339+0000] {logging_mixin.py:190} INFO - [2026-05-27T01:54:35.339+0000] {dag.py:3211} INFO - Sync 1 DAGs
[2026-05-27T01:54:35.354+0000] {logging_mixin.py:190} INFO - [2026-05-27T01:54:35.354+0000] {dag.py:4138} INFO - Setting next_dagrun for example_short_circuit_decorator to 2026-05-26 00:00:00+00:00, run_after=2026-05-27 00:00:00+00:00
[2026-05-27T01:54:35.365+0000] {processor.py:208} INFO - Processing /home/airflow/.local/lib/python3.12/site-packages/airflow/example_dags/example_short_circuit_decorator.py took 0.057 seconds
[2026-05-27T01:55:05.575+0000] {processor.py:186} INFO - Started process (PID=235) to work on /home/airflow/.local/lib/python3.12/site-packages/airflow/example_dags/example_short_circuit_decorator.py
[2026-05-27T01:55:05.576+0000] {processor.py:914} INFO - Processing file /home/airflow/.local/lib/python3.12/site-packages/airflow/example_dags/example_short_circuit_decorator.py for tasks to queue
[2026-05-27T01:55:05.578+0000] {logging_mixin.py:190} INFO - [2026-05-27T01:55:05.578+0000] {dagbag.py:587} INFO - Filling up the DagBag from /home/airflow/.local/lib/python3.12/site-packages/airflow/example_dags/example_short_circuit_decorator.py
[2026-05-27T01:55:05.587+0000] {processor.py:925} INFO - DAG(s) 'example_short_circuit_decorator' retrieved from /home/airflow/.local/lib/python3.12/site-packages/airflow/example_dags/example_short_circuit_decorator.py
[2026-05-27T01:55:05.609+0000] {logging_mixin.py:190} INFO - [2026-05-27T01:55:05.608+0000] {dag.py:3211} INFO - Sync 1 DAGs
[2026-05-27T01:55:05.628+0000] {logging_mixin.py:190} INFO - [2026-05-27T01:55:05.628+0000] {dag.py:4138} INFO - Setting next_dagrun for example_short_circuit_decorator to 2026-05-26 00:00:00+00:00, run_after=2026-05-27 00:00:00+00:00
[2026-05-27T01:55:05.642+0000] {processor.py:208} INFO - Processing /home/airflow/.local/lib/python3.12/site-packages/airflow/example_dags/example_short_circuit_decorator.py took 0.072 seconds
[2026-05-27T01:55:35.975+0000] {processor.py:186} INFO - Started process (PID=297) to work on /home/airflow/.local/lib/python3.12/site-packages/airflow/example_dags/example_short_circuit_decorator.py
[2026-05-27T01:55:35.976+0000] {processor.py:914} INFO - Processing file /home/airflow/.local/lib/python3.12/site-packages/airflow/example_dags/example_short_circuit_decorator.py for tasks to queue
[2026-05-27T01:55:35.978+0000] {logging_mixin.py:190} INFO - [2026-05-27T01:55:35.978+0000] {dagbag.py:587} INFO - Filling up the DagBag from /home/airflow/.local/lib/python3.12/site-packages/airflow/example_dags/example_short_circuit_decorator.py
[2026-05-27T01:55:35.984+0000] {processor.py:925} INFO - DAG(s) 'example_short_circuit_decorator' retrieved from /home/airflow/.local/lib/python3.12/site-packages/airflow/example_dags/example_short_circuit_decorator.py
[2026-05-27T01:55:36.000+0000] {logging_mixin.py:190} INFO - [2026-05-27T01:55:36.000+0000] {dag.py:3211} INFO - Sync 1 DAGs
[2026-05-27T01:55:36.014+0000] {logging_mixin.py:190} INFO - [2026-05-27T01:55:36.014+0000] {dag.py:4138} INFO - Setting next_dagrun for example_short_circuit_decorator to 2026-05-26 00:00:00+00:00, run_after=2026-05-27 00:00:00+00:00
[2026-05-27T01:55:36.024+0000] {processor.py:208} INFO - Processing /home/airflow/.local/lib/python3.12/site-packages/airflow/example_dags/example_short_circuit_decorator.py took 0.053 seconds
[2026-05-27T01:56:06.363+0000] {processor.py:186} INFO - Started process (PID=359) to work on /home/airflow/.local/lib/python3.12/site-packages/airflow/example_dags/example_short_circuit_decorator.py
[2026-05-27T01:56:06.364+0000] {processor.py:914} INFO - Processing file /home/airflow/.local/lib/python3.12/site-packages/airflow/example_dags/example_short_circuit_decorator.py for tasks to queue
[2026-05-27T01:56:06.366+0000] {logging_mixin.py:190} INFO - [2026-05-27T01:56:06.366+0000] {dagbag.py:587} INFO - Filling up the DagBag from /home/airflow/.local/lib/python3.12/site-packages/airflow/example_dags/example_short_circuit_decorator.py
[2026-05-27T01:56:06.374+0000] {processor.py:925} INFO - DAG(s) 'example_short_circuit_decorator' retrieved from /home/airflow/.local/lib/python3.12/site-packages/airflow/example_dags/example_short_circuit_decorator.py
[2026-05-27T01:56:06.394+0000] {logging_mixin.py:190} INFO - [2026-05-27T01:56:06.394+0000] {dag.py:3211} INFO - Sync 1 DAGs
[2026-05-27T01:56:06.411+0000] {logging_mixin.py:190} INFO - [2026-05-27T01:56:06.411+0000] {dag.py:4138} INFO - Setting next_dagrun for example_short_circuit_decorator to 2026-05-26 00:00:00+00:00, run_after=2026-05-27 00:00:00+00:00
[2026-05-27T01:56:06.423+0000] {processor.py:208} INFO - Processing /home/airflow/.local/lib/python3.12/site-packages/airflow/example_dags/example_short_circuit_decorator.py took 0.067 seconds
[2026-05-27T01:56:36.817+0000] {processor.py:186} INFO - Started process (PID=421) to work on /home/airflow/.local/lib/python3.12/site-packages/airflow/example_dags/example_short_circuit_decorator.py
[2026-05-27T01:56:36.818+0000] {processor.py:914} INFO - Processing file /home/airflow/.local/lib/python3.12/site-packages/airflow/example_dags/example_short_circuit_decorator.py for tasks to queue
[2026-05-27T01:56:36.820+0000] {logging_mixin.py:190} INFO - [2026-05-27T01:56:36.820+0000] {dagbag.py:587} INFO - Filling up the DagBag from /home/airflow/.local/lib/python3.12/site-packages/airflow/example_dags/example_short_circuit_decorator.py
[2026-05-27T01:56:36.826+0000] {processor.py:925} INFO - DAG(s) 'example_short_circuit_decorator' retrieved from /home/airflow/.local/lib/python3.12/site-packages/airflow/example_dags/example_short_circuit_decorator.py
[2026-05-27T01:56:36.842+0000] {logging_mixin.py:190} INFO - [2026-05-27T01:56:36.842+0000] {dag.py:3211} INFO - Sync 1 DAGs
[2026-05-27T01:56:36.854+0000] {logging_mixin.py:190} INFO - [2026-05-27T01:56:36.854+0000] {dag.py:4138} INFO - Setting next_dagrun for example_short_circuit_decorator to 2026-05-26 00:00:00+00:00, run_after=2026-05-27 00:00:00+00:00
[2026-05-27T01:56:36.864+0000] {processor.py:208} INFO - Processing /home/airflow/.local/lib/python3.12/site-packages/airflow/example_dags/example_short_circuit_decorator.py took 0.052 seconds
[2026-05-27T01:57:07.335+0000] {processor.py:186} INFO - Started process (PID=483) to work on /home/airflow/.local/lib/python3.12/site-packages/airflow/example_dags/example_short_circuit_decorator.py
[2026-05-27T01:57:07.336+0000] {processor.py:914} INFO - Processing file /home/airflow/.local/lib/python3.12/site-packages/airflow/example_dags/example_short_circuit_decorator.py for tasks to queue
[2026-05-27T01:57:07.338+0000] {logging_mixin.py:190} INFO - [2026-05-27T01:57:07.338+0000] {dagbag.py:587} INFO - Filling up the DagBag from /home/airflow/.local/lib/python3.12/site-packages/airflow/example_dags/example_short_circuit_decorator.py
[2026-05-27T01:57:07.344+0000] {processor.py:925} INFO - DAG(s) 'example_short_circuit_decorator' retrieved from /home/airflow/.local/lib/python3.12/site-packages/airflow/example_dags/example_short_circuit_decorator.py
[2026-05-27T01:57:07.360+0000] {logging_mixin.py:190} INFO - [2026-05-27T01:57:07.360+0000] {dag.py:3211} INFO - Sync 1 DAGs
[2026-05-27T01:57:07.374+0000] {logging_mixin.py:190} INFO - [2026-05-27T01:57:07.374+0000] {dag.py:4138} INFO - Setting next_dagrun for example_short_circuit_decorator to 2026-05-26 00:00:00+00:00, run_after=2026-05-27 00:00:00+00:00
[2026-05-27T01:57:07.386+0000] {processor.py:208} INFO - Processing /home/airflow/.local/lib/python3.12/site-packages/airflow/example_dags/example_short_circuit_decorator.py took 0.055 seconds
[2026-05-27T01:57:37.830+0000] {processor.py:186} INFO - Started process (PID=545) to work on /home/airflow/.local/lib/python3.12/site-packages/airflow/example_dags/example_short_circuit_decorator.py
[2026-05-27T01:57:37.830+0000] {processor.py:914} INFO - Processing file /home/airflow/.local/lib/python3.12/site-packages/airflow/example_dags/example_short_circuit_decorator.py for tasks to queue
[2026-05-27T01:57:37.832+0000] {logging_mixin.py:190} INFO - [2026-05-27T01:57:37.832+0000] {dagbag.py:587} INFO - Filling up the DagBag from /home/airflow/.local/lib/python3.12/site-packages/airflow/example_dags/example_short_circuit_decorator.py
[2026-05-27T01:57:37.841+0000] {processor.py:925} INFO - DAG(s) 'example_short_circuit_decorator' retrieved from /home/airflow/.local/lib/python3.12/site-packages/airflow/example_dags/example_short_circuit_decorator.py
[2026-05-27T01:57:37.859+0000] {logging_mixin.py:190} INFO - [2026-05-27T01:57:37.858+0000] {dag.py:3211} INFO - Sync 1 DAGs
[2026-05-27T01:57:37.873+0000] {logging_mixin.py:190} INFO - [2026-05-27T01:57:37.873+0000] {dag.py:4138} INFO - Setting next_dagrun for example_short_circuit_decorator to 2026-05-26 00:00:00+00:00, run_after=2026-05-27 00:00:00+00:00
[2026-05-27T01:57:37.894+0000] {processor.py:208} INFO - Processing /home/airflow/.local/lib/python3.12/site-packages/airflow/example_dags/example_short_circuit_decorator.py took 0.069 seconds
[2026-05-27T01:58:08.343+0000] {processor.py:186} INFO - Started process (PID=607) to work on /home/airflow/.local/lib/python3.12/site-packages/airflow/example_dags/example_short_circuit_decorator.py
[2026-05-27T01:58:08.344+0000] {processor.py:914} INFO - Processing file /home/airflow/.local/lib/python3.12/site-packages/airflow/example_dags/example_short_circuit_decorator.py for tasks to queue
[2026-05-27T01:58:08.346+0000] {logging_mixin.py:190} INFO - [2026-05-27T01:58:08.346+0000] {dagbag.py:587} INFO - Filling up the DagBag from /home/airflow/.local/lib/python3.12/site-packages/airflow/example_dags/example_short_circuit_decorator.py
[2026-05-27T01:58:08.354+0000] {processor.py:925} INFO - DAG(s) 'example_short_circuit_decorator' retrieved from /home/airflow/.local/lib/python3.12/site-packages/airflow/example_dags/example_short_circuit_decorator.py
[2026-05-27T01:58:08.371+0000] {logging_mixin.py:190} INFO - [2026-05-27T01:58:08.371+0000] {dag.py:3211} INFO - Sync 1 DAGs
[2026-05-27T01:58:08.385+0000] {logging_mixin.py:190} INFO - [2026-05-27T01:58:08.385+0000] {dag.py:4138} INFO - Setting next_dagrun for example_short_circuit_decorator to 2026-05-26 00:00:00+00:00, run_after=2026-05-27 00:00:00+00:00
[2026-05-27T01:58:08.396+0000] {processor.py:208} INFO - Processing /home/airflow/.local/lib/python3.12/site-packages/airflow/example_dags/example_short_circuit_decorator.py took 0.058 seconds
[2026-05-27T01:59:14.816+0000] {processor.py:186} INFO - Started process (PID=101) to work on /home/airflow/.local/lib/python3.12/site-packages/airflow/example_dags/example_short_circuit_decorator.py
[2026-05-27T01:59:14.817+0000] {processor.py:914} INFO - Processing file /home/airflow/.local/lib/python3.12/site-packages/airflow/example_dags/example_short_circuit_decorator.py for tasks to queue
[2026-05-27T01:59:14.819+0000] {logging_mixin.py:190} INFO - [2026-05-27T01:59:14.819+0000] {dagbag.py:587} INFO - Filling up the DagBag from /home/airflow/.local/lib/python3.12/site-packages/airflow/example_dags/example_short_circuit_decorator.py
[2026-05-27T01:59:14.827+0000] {processor.py:925} INFO - DAG(s) 'example_short_circuit_decorator' retrieved from /home/airflow/.local/lib/python3.12/site-packages/airflow/example_dags/example_short_circuit_decorator.py
[2026-05-27T01:59:14.844+0000] {logging_mixin.py:190} INFO - [2026-05-27T01:59:14.844+0000] {dag.py:3211} INFO - Sync 1 DAGs
[2026-05-27T01:59:14.863+0000] {logging_mixin.py:190} INFO - [2026-05-27T01:59:14.862+0000] {dag.py:4138} INFO - Setting next_dagrun for example_short_circuit_decorator to 2026-05-26 00:00:00+00:00, run_after=2026-05-27 00:00:00+00:00
[2026-05-27T01:59:14.876+0000] {processor.py:208} INFO - Processing /home/airflow/.local/lib/python3.12/site-packages/airflow/example_dags/example_short_circuit_decorator.py took 0.064 seconds
[2026-05-27T01:59:45.148+0000] {processor.py:186} INFO - Started process (PID=199) to work on /home/airflow/.local/lib/python3.12/site-packages/airflow/example_dags/example_short_circuit_decorator.py
[2026-05-27T01:59:45.149+0000] {processor.py:914} INFO - Processing file /home/airflow/.local/lib/python3.12/site-packages/airflow/example_dags/example_short_circuit_decorator.py for tasks to queue
[2026-05-27T01:59:45.151+0000] {logging_mixin.py:190} INFO - [2026-05-27T01:59:45.151+0000] {dagbag.py:587} INFO - Filling up the DagBag from /home/airflow/.local/lib/python3.12/site-packages/airflow/example_dags/example_short_circuit_decorator.py
[2026-05-27T01:59:45.159+0000] {processor.py:925} INFO - DAG(s) 'example_short_circuit_decorator' retrieved from /home/airflow/.local/lib/python3.12/site-packages/airflow/example_dags/example_short_circuit_decorator.py
[2026-05-27T01:59:45.176+0000] {logging_mixin.py:190} INFO - [2026-05-27T01:59:45.176+0000] {dag.py:3211} INFO - Sync 1 DAGs
[2026-05-27T01:59:45.192+0000] {logging_mixin.py:190} INFO - [2026-05-27T01:59:45.192+0000] {dag.py:4138} INFO - Setting next_dagrun for example_short_circuit_decorator to 2026-05-26 00:00:00+00:00, run_after=2026-05-27 00:00:00+00:00
[2026-05-27T01:59:45.204+0000] {processor.py:208} INFO - Processing /home/airflow/.local/lib/python3.12/site-packages/airflow/example_dags/example_short_circuit_decorator.py took 0.061 seconds
[2026-05-27T02:00:15.976+0000] {processor.py:186} INFO - Started process (PID=268) to work on /home/airflow/.local/lib/python3.12/site-packages/airflow/example_dags/example_short_circuit_decorator.py
[2026-05-27T02:00:15.977+0000] {processor.py:914} INFO - Processing file /home/airflow/.local/lib/python3.12/site-packages/airflow/example_dags/example_short_circuit_decorator.py for tasks to queue
[2026-05-27T02:00:15.979+0000] {logging_mixin.py:190} INFO - [2026-05-27T02:00:15.979+0000] {dagbag.py:587} INFO - Filling up the DagBag from /home/airflow/.local/lib/python3.12/site-packages/airflow/example_dags/example_short_circuit_decorator.py
[2026-05-27T02:00:15.987+0000] {processor.py:925} INFO - DAG(s) 'example_short_circuit_decorator' retrieved from /home/airflow/.local/lib/python3.12/site-packages/airflow/example_dags/example_short_circuit_decorator.py
[2026-05-27T02:00:16.006+0000] {logging_mixin.py:190} INFO - [2026-05-27T02:00:16.005+0000] {dag.py:3211} INFO - Sync 1 DAGs
[2026-05-27T02:00:16.022+0000] {logging_mixin.py:190} INFO - [2026-05-27T02:00:16.022+0000] {dag.py:4138} INFO - Setting next_dagrun for example_short_circuit_decorator to 2026-05-26 00:00:00+00:00, run_after=2026-05-27 00:00:00+00:00
[2026-05-27T02:00:16.033+0000] {processor.py:208} INFO - Processing /home/airflow/.local/lib/python3.12/site-packages/airflow/example_dags/example_short_circuit_decorator.py took 0.062 seconds
[2026-05-27T02:00:46.262+0000] {processor.py:186} INFO - Started process (PID=330) to work on /home/airflow/.local/lib/python3.12/site-packages/airflow/example_dags/example_short_circuit_decorator.py
[2026-05-27T02:00:46.263+0000] {processor.py:914} INFO - Processing file /home/airflow/.local/lib/python3.12/site-packages/airflow/example_dags/example_short_circuit_decorator.py for tasks to queue
[2026-05-27T02:00:46.264+0000] {logging_mixin.py:190} INFO - [2026-05-27T02:00:46.264+0000] {dagbag.py:587} INFO - Filling up the DagBag from /home/airflow/.local/lib/python3.12/site-packages/airflow/example_dags/example_short_circuit_decorator.py
[2026-05-27T02:00:46.273+0000] {processor.py:925} INFO - DAG(s) 'example_short_circuit_decorator' retrieved from /home/airflow/.local/lib/python3.12/site-packages/airflow/example_dags/example_short_circuit_decorator.py
[2026-05-27T02:00:46.291+0000] {logging_mixin.py:190} INFO - [2026-05-27T02:00:46.291+0000] {dag.py:3211} INFO - Sync 1 DAGs
[2026-05-27T02:00:46.307+0000] {logging_mixin.py:190} INFO - [2026-05-27T02:00:46.307+0000] {dag.py:4138} INFO - Setting next_dagrun for example_short_circuit_decorator to 2026-05-26 00:00:00+00:00, run_after=2026-05-27 00:00:00+00:00
[2026-05-27T02:00:46.319+0000] {processor.py:208} INFO - Processing /home/airflow/.local/lib/python3.12/site-packages/airflow/example_dags/example_short_circuit_decorator.py took 0.061 seconds
[2026-05-27T02:01:16.428+0000] {processor.py:186} INFO - Started process (PID=392) to work on /home/airflow/.local/lib/python3.12/site-packages/airflow/example_dags/example_short_circuit_decorator.py
[2026-05-27T02:01:16.429+0000] {processor.py:914} INFO - Processing file /home/airflow/.local/lib/python3.12/site-packages/airflow/example_dags/example_short_circuit_decorator.py for tasks to queue
[2026-05-27T02:01:16.431+0000] {logging_mixin.py:190} INFO - [2026-05-27T02:01:16.430+0000] {dagbag.py:587} INFO - Filling up the DagBag from /home/airflow/.local/lib/python3.12/site-packages/airflow/example_dags/example_short_circuit_decorator.py
[2026-05-27T02:01:16.439+0000] {processor.py:925} INFO - DAG(s) 'example_short_circuit_decorator' retrieved from /home/airflow/.local/lib/python3.12/site-packages/airflow/example_dags/example_short_circuit_decorator.py
[2026-05-27T02:01:16.457+0000] {logging_mixin.py:190} INFO - [2026-05-27T02:01:16.457+0000] {dag.py:3211} INFO - Sync 1 DAGs
[2026-05-27T02:01:16.474+0000] {logging_mixin.py:190} INFO - [2026-05-27T02:01:16.473+0000] {dag.py:4138} INFO - Setting next_dagrun for example_short_circuit_decorator to 2026-05-26 00:00:00+00:00, run_after=2026-05-27 00:00:00+00:00
[2026-05-27T02:01:16.485+0000] {processor.py:208} INFO - Processing /home/airflow/.local/lib/python3.12/site-packages/airflow/example_dags/example_short_circuit_decorator.py took 0.062 seconds
[2026-05-27T02:01:50.031+0000] {processor.py:186} INFO - Started process (PID=86) to work on /home/airflow/.local/lib/python3.12/site-packages/airflow/example_dags/example_short_circuit_decorator.py
[2026-05-27T02:01:50.032+0000] {processor.py:914} INFO - Processing file /home/airflow/.local/lib/python3.12/site-packages/airflow/example_dags/example_short_circuit_decorator.py for tasks to queue
[2026-05-27T02:01:50.034+0000] {logging_mixin.py:190} INFO - [2026-05-27T02:01:50.034+0000] {dagbag.py:587} INFO - Filling up the DagBag from /home/airflow/.local/lib/python3.12/site-packages/airflow/example_dags/example_short_circuit_decorator.py
[2026-05-27T02:01:50.043+0000] {processor.py:925} INFO - DAG(s) 'example_short_circuit_decorator' retrieved from /home/airflow/.local/lib/python3.12/site-packages/airflow/example_dags/example_short_circuit_decorator.py
[2026-05-27T02:01:50.074+0000] {logging_mixin.py:190} INFO - [2026-05-27T02:01:50.073+0000] {dag.py:3211} INFO - Sync 1 DAGs
[2026-05-27T02:01:50.088+0000] {logging_mixin.py:190} INFO - [2026-05-27T02:01:50.088+0000] {dag.py:4138} INFO - Setting next_dagrun for example_short_circuit_decorator to 2026-05-26 00:00:00+00:00, run_after=2026-05-27 00:00:00+00:00
[2026-05-27T02:01:50.100+0000] {processor.py:208} INFO - Processing /home/airflow/.local/lib/python3.12/site-packages/airflow/example_dags/example_short_circuit_decorator.py took 0.073 seconds
[2026-05-27T02:02:19.877+0000] {processor.py:186} INFO - Started process (PID=86) to work on /home/airflow/.local/lib/python3.12/site-packages/airflow/example_dags/example_short_circuit_decorator.py
[2026-05-27T02:02:19.878+0000] {processor.py:914} INFO - Processing file /home/airflow/.local/lib/python3.12/site-packages/airflow/example_dags/example_short_circuit_decorator.py for tasks to queue
[2026-05-27T02:02:19.880+0000] {logging_mixin.py:190} INFO - [2026-05-27T02:02:19.880+0000] {dagbag.py:587} INFO - Filling up the DagBag from /home/airflow/.local/lib/python3.12/site-packages/airflow/example_dags/example_short_circuit_decorator.py
[2026-05-27T02:02:19.888+0000] {processor.py:925} INFO - DAG(s) 'example_short_circuit_decorator' retrieved from /home/airflow/.local/lib/python3.12/site-packages/airflow/example_dags/example_short_circuit_decorator.py
[2026-05-27T02:02:19.915+0000] {logging_mixin.py:190} INFO - [2026-05-27T02:02:19.915+0000] {dag.py:3211} INFO - Sync 1 DAGs
[2026-05-27T02:02:19.934+0000] {logging_mixin.py:190} INFO - [2026-05-27T02:02:19.933+0000] {dag.py:4138} INFO - Setting next_dagrun for example_short_circuit_decorator to 2026-05-26 00:00:00+00:00, run_after=2026-05-27 00:00:00+00:00
[2026-05-27T02:02:19.946+0000] {processor.py:208} INFO - Processing /home/airflow/.local/lib/python3.12/site-packages/airflow/example_dags/example_short_circuit_decorator.py took 0.075 seconds
[2026-05-27T02:03:01.474+0000] {processor.py:186} INFO - Started process (PID=86) to work on /home/airflow/.local/lib/python3.12/site-packages/airflow/example_dags/example_short_circuit_decorator.py
[2026-05-27T02:03:01.481+0000] {processor.py:914} INFO - Processing file /home/airflow/.local/lib/python3.12/site-packages/airflow/example_dags/example_short_circuit_decorator.py for tasks to queue
[2026-05-27T02:03:01.484+0000] {logging_mixin.py:190} INFO - [2026-05-27T02:03:01.483+0000] {dagbag.py:587} INFO - Filling up the DagBag from /home/airflow/.local/lib/python3.12/site-packages/airflow/example_dags/example_short_circuit_decorator.py
[2026-05-27T02:03:01.495+0000] {processor.py:925} INFO - DAG(s) 'example_short_circuit_decorator' retrieved from /home/airflow/.local/lib/python3.12/site-packages/airflow/example_dags/example_short_circuit_decorator.py
[2026-05-27T02:03:01.515+0000] {logging_mixin.py:190} INFO - [2026-05-27T02:03:01.515+0000] {dag.py:3211} INFO - Sync 1 DAGs
[2026-05-27T02:03:01.534+0000] {logging_mixin.py:190} INFO - [2026-05-27T02:03:01.534+0000] {dag.py:4138} INFO - Setting next_dagrun for example_short_circuit_decorator to 2026-05-26 00:00:00+00:00, run_after=2026-05-27 00:00:00+00:00
[2026-05-27T02:03:01.549+0000] {processor.py:208} INFO - Processing /home/airflow/.local/lib/python3.12/site-packages/airflow/example_dags/example_short_circuit_decorator.py took 0.083 seconds
