[2026-05-27T01:54:05.334+0000] {processor.py:186} INFO - Started process (PID=108) to work on /home/airflow/.local/lib/python3.12/site-packages/airflow/example_dags/example_subdag_operator.py
[2026-05-27T01:54:05.335+0000] {processor.py:914} INFO - Processing file /home/airflow/.local/lib/python3.12/site-packages/airflow/example_dags/example_subdag_operator.py for tasks to queue
[2026-05-27T01:54:05.337+0000] {logging_mixin.py:190} INFO - [2026-05-27T01:54:05.337+0000] {dagbag.py:587} INFO - Filling up the DagBag from /home/airflow/.local/lib/python3.12/site-packages/airflow/example_dags/example_subdag_operator.py
[2026-05-27T01:54:05.359+0000] {processor.py:925} INFO - DAG(s) 'example_subdag_operator.section-1', 'example_subdag_operator.section-2', 'example_subdag_operator' retrieved from /home/airflow/.local/lib/python3.12/site-packages/airflow/example_dags/example_subdag_operator.py
[2026-05-27T01:54:05.437+0000] {logging_mixin.py:190} INFO - [2026-05-27T01:54:05.437+0000] {override.py:1858} INFO - Created Permission View: can edit on DAG:example_subdag_operator
[2026-05-27T01:54:05.443+0000] {logging_mixin.py:190} INFO - [2026-05-27T01:54:05.443+0000] {override.py:1858} INFO - Created Permission View: can read on DAG:example_subdag_operator
[2026-05-27T01:54:05.447+0000] {logging_mixin.py:190} INFO - [2026-05-27T01:54:05.447+0000] {override.py:1858} INFO - Created Permission View: can delete on DAG:example_subdag_operator
[2026-05-27T01:54:05.448+0000] {logging_mixin.py:190} INFO - [2026-05-27T01:54:05.447+0000] {dag.py:3211} INFO - Sync 3 DAGs
[2026-05-27T01:54:05.457+0000] {logging_mixin.py:190} INFO - [2026-05-27T01:54:05.457+0000] {dag.py:3234} INFO - Creating ORM DAG for example_subdag_operator
[2026-05-27T01:54:05.458+0000] {logging_mixin.py:190} INFO - [2026-05-27T01:54:05.458+0000] {dag.py:3234} INFO - Creating ORM DAG for example_subdag_operator.section-1
[2026-05-27T01:54:05.459+0000] {logging_mixin.py:190} INFO - [2026-05-27T01:54:05.458+0000] {dag.py:3234} INFO - Creating ORM DAG for example_subdag_operator.section-2
[2026-05-27T01:54:05.465+0000] {logging_mixin.py:190} INFO - [2026-05-27T01:54:05.465+0000] {dag.py:4138} INFO - Setting next_dagrun for example_subdag_operator to 2022-01-01 00:00:00+00:00, run_after=2022-01-01 00:00:00+00:00
[2026-05-27T01:54:05.466+0000] {logging_mixin.py:190} INFO - [2026-05-27T01:54:05.466+0000] {dag.py:4138} INFO - Setting next_dagrun for example_subdag_operator.section-1 to None, run_after=None
[2026-05-27T01:54:05.467+0000] {logging_mixin.py:190} INFO - [2026-05-27T01:54:05.467+0000] {dag.py:4138} INFO - Setting next_dagrun for example_subdag_operator.section-2 to None, run_after=None
[2026-05-27T01:54:05.474+0000] {logging_mixin.py:190} INFO - [2026-05-27T01:54:05.474+0000] {dag.py:3211} INFO - Sync 2 DAGs
[2026-05-27T01:54:05.480+0000] {logging_mixin.py:190} INFO - [2026-05-27T01:54:05.480+0000] {dag.py:4138} INFO - Setting next_dagrun for example_subdag_operator.section-1 to None, run_after=None
[2026-05-27T01:54:05.483+0000] {logging_mixin.py:190} INFO - [2026-05-27T01:54:05.483+0000] {dag.py:4138} INFO - Setting next_dagrun for example_subdag_operator.section-2 to None, run_after=None
[2026-05-27T01:54:05.491+0000] {processor.py:208} INFO - Processing /home/airflow/.local/lib/python3.12/site-packages/airflow/example_dags/example_subdag_operator.py took 0.161 seconds
[2026-05-27T01:54:35.841+0000] {processor.py:186} INFO - Started process (PID=180) to work on /home/airflow/.local/lib/python3.12/site-packages/airflow/example_dags/example_subdag_operator.py
[2026-05-27T01:54:35.842+0000] {processor.py:914} INFO - Processing file /home/airflow/.local/lib/python3.12/site-packages/airflow/example_dags/example_subdag_operator.py for tasks to queue
[2026-05-27T01:54:35.843+0000] {logging_mixin.py:190} INFO - [2026-05-27T01:54:35.843+0000] {dagbag.py:587} INFO - Filling up the DagBag from /home/airflow/.local/lib/python3.12/site-packages/airflow/example_dags/example_subdag_operator.py
[2026-05-27T01:54:35.861+0000] {processor.py:925} INFO - DAG(s) 'example_subdag_operator.section-1', 'example_subdag_operator.section-2', 'example_subdag_operator' retrieved from /home/airflow/.local/lib/python3.12/site-packages/airflow/example_dags/example_subdag_operator.py
[2026-05-27T01:54:35.870+0000] {logging_mixin.py:190} INFO - [2026-05-27T01:54:35.870+0000] {dag.py:3211} INFO - Sync 3 DAGs
[2026-05-27T01:54:35.883+0000] {logging_mixin.py:190} INFO - [2026-05-27T01:54:35.883+0000] {dag.py:4138} INFO - Setting next_dagrun for example_subdag_operator to 2022-01-01 00:00:00+00:00, run_after=2022-01-01 00:00:00+00:00
[2026-05-27T01:54:35.885+0000] {logging_mixin.py:190} INFO - [2026-05-27T01:54:35.885+0000] {dag.py:4138} INFO - Setting next_dagrun for example_subdag_operator.section-1 to None, run_after=None
[2026-05-27T01:54:35.886+0000] {logging_mixin.py:190} INFO - [2026-05-27T01:54:35.886+0000] {dag.py:4138} INFO - Setting next_dagrun for example_subdag_operator.section-2 to None, run_after=None
[2026-05-27T01:54:35.890+0000] {logging_mixin.py:190} INFO - [2026-05-27T01:54:35.890+0000] {dag.py:3211} INFO - Sync 2 DAGs
[2026-05-27T01:54:35.893+0000] {logging_mixin.py:190} INFO - [2026-05-27T01:54:35.893+0000] {dag.py:4138} INFO - Setting next_dagrun for example_subdag_operator.section-1 to None, run_after=None
[2026-05-27T01:54:35.893+0000] {logging_mixin.py:190} INFO - [2026-05-27T01:54:35.893+0000] {dag.py:4138} INFO - Setting next_dagrun for example_subdag_operator.section-2 to None, run_after=None
[2026-05-27T01:54:35.899+0000] {processor.py:208} INFO - Processing /home/airflow/.local/lib/python3.12/site-packages/airflow/example_dags/example_subdag_operator.py took 0.062 seconds
[2026-05-27T01:55:06.274+0000] {processor.py:186} INFO - Started process (PID=245) to work on /home/airflow/.local/lib/python3.12/site-packages/airflow/example_dags/example_subdag_operator.py
[2026-05-27T01:55:06.275+0000] {processor.py:914} INFO - Processing file /home/airflow/.local/lib/python3.12/site-packages/airflow/example_dags/example_subdag_operator.py for tasks to queue
[2026-05-27T01:55:06.276+0000] {logging_mixin.py:190} INFO - [2026-05-27T01:55:06.276+0000] {dagbag.py:587} INFO - Filling up the DagBag from /home/airflow/.local/lib/python3.12/site-packages/airflow/example_dags/example_subdag_operator.py
[2026-05-27T01:55:06.297+0000] {processor.py:925} INFO - DAG(s) 'example_subdag_operator.section-1', 'example_subdag_operator.section-2', 'example_subdag_operator' retrieved from /home/airflow/.local/lib/python3.12/site-packages/airflow/example_dags/example_subdag_operator.py
[2026-05-27T01:55:06.309+0000] {logging_mixin.py:190} INFO - [2026-05-27T01:55:06.309+0000] {dag.py:3211} INFO - Sync 3 DAGs
[2026-05-27T01:55:06.325+0000] {logging_mixin.py:190} INFO - [2026-05-27T01:55:06.325+0000] {dag.py:4138} INFO - Setting next_dagrun for example_subdag_operator to 2022-01-01 00:00:00+00:00, run_after=2022-01-01 00:00:00+00:00
[2026-05-27T01:55:06.328+0000] {logging_mixin.py:190} INFO - [2026-05-27T01:55:06.328+0000] {dag.py:4138} INFO - Setting next_dagrun for example_subdag_operator.section-1 to None, run_after=None
[2026-05-27T01:55:06.329+0000] {logging_mixin.py:190} INFO - [2026-05-27T01:55:06.329+0000] {dag.py:4138} INFO - Setting next_dagrun for example_subdag_operator.section-2 to None, run_after=None
[2026-05-27T01:55:06.334+0000] {logging_mixin.py:190} INFO - [2026-05-27T01:55:06.334+0000] {dag.py:3211} INFO - Sync 2 DAGs
[2026-05-27T01:55:06.337+0000] {logging_mixin.py:190} INFO - [2026-05-27T01:55:06.337+0000] {dag.py:4138} INFO - Setting next_dagrun for example_subdag_operator.section-1 to None, run_after=None
[2026-05-27T01:55:06.338+0000] {logging_mixin.py:190} INFO - [2026-05-27T01:55:06.338+0000] {dag.py:4138} INFO - Setting next_dagrun for example_subdag_operator.section-2 to None, run_after=None
[2026-05-27T01:55:06.346+0000] {processor.py:208} INFO - Processing /home/airflow/.local/lib/python3.12/site-packages/airflow/example_dags/example_subdag_operator.py took 0.076 seconds
[2026-05-27T01:55:36.577+0000] {processor.py:186} INFO - Started process (PID=307) to work on /home/airflow/.local/lib/python3.12/site-packages/airflow/example_dags/example_subdag_operator.py
[2026-05-27T01:55:36.577+0000] {processor.py:914} INFO - Processing file /home/airflow/.local/lib/python3.12/site-packages/airflow/example_dags/example_subdag_operator.py for tasks to queue
[2026-05-27T01:55:36.579+0000] {logging_mixin.py:190} INFO - [2026-05-27T01:55:36.579+0000] {dagbag.py:587} INFO - Filling up the DagBag from /home/airflow/.local/lib/python3.12/site-packages/airflow/example_dags/example_subdag_operator.py
[2026-05-27T01:55:36.596+0000] {processor.py:925} INFO - DAG(s) 'example_subdag_operator.section-1', 'example_subdag_operator.section-2', 'example_subdag_operator' retrieved from /home/airflow/.local/lib/python3.12/site-packages/airflow/example_dags/example_subdag_operator.py
[2026-05-27T01:55:36.605+0000] {logging_mixin.py:190} INFO - [2026-05-27T01:55:36.605+0000] {dag.py:3211} INFO - Sync 3 DAGs
[2026-05-27T01:55:36.619+0000] {logging_mixin.py:190} INFO - [2026-05-27T01:55:36.619+0000] {dag.py:4138} INFO - Setting next_dagrun for example_subdag_operator to 2022-01-01 00:00:00+00:00, run_after=2022-01-01 00:00:00+00:00
[2026-05-27T01:55:36.621+0000] {logging_mixin.py:190} INFO - [2026-05-27T01:55:36.621+0000] {dag.py:4138} INFO - Setting next_dagrun for example_subdag_operator.section-1 to None, run_after=None
[2026-05-27T01:55:36.622+0000] {logging_mixin.py:190} INFO - [2026-05-27T01:55:36.622+0000] {dag.py:4138} INFO - Setting next_dagrun for example_subdag_operator.section-2 to None, run_after=None
[2026-05-27T01:55:36.626+0000] {logging_mixin.py:190} INFO - [2026-05-27T01:55:36.626+0000] {dag.py:3211} INFO - Sync 2 DAGs
[2026-05-27T01:55:36.630+0000] {logging_mixin.py:190} INFO - [2026-05-27T01:55:36.630+0000] {dag.py:4138} INFO - Setting next_dagrun for example_subdag_operator.section-1 to None, run_after=None
[2026-05-27T01:55:36.630+0000] {logging_mixin.py:190} INFO - [2026-05-27T01:55:36.630+0000] {dag.py:4138} INFO - Setting next_dagrun for example_subdag_operator.section-2 to None, run_after=None
[2026-05-27T01:55:36.637+0000] {processor.py:208} INFO - Processing /home/airflow/.local/lib/python3.12/site-packages/airflow/example_dags/example_subdag_operator.py took 0.064 seconds
[2026-05-27T01:56:07.067+0000] {processor.py:186} INFO - Started process (PID=369) to work on /home/airflow/.local/lib/python3.12/site-packages/airflow/example_dags/example_subdag_operator.py
[2026-05-27T01:56:07.068+0000] {processor.py:914} INFO - Processing file /home/airflow/.local/lib/python3.12/site-packages/airflow/example_dags/example_subdag_operator.py for tasks to queue
[2026-05-27T01:56:07.070+0000] {logging_mixin.py:190} INFO - [2026-05-27T01:56:07.070+0000] {dagbag.py:587} INFO - Filling up the DagBag from /home/airflow/.local/lib/python3.12/site-packages/airflow/example_dags/example_subdag_operator.py
[2026-05-27T01:56:07.090+0000] {processor.py:925} INFO - DAG(s) 'example_subdag_operator.section-1', 'example_subdag_operator.section-2', 'example_subdag_operator' retrieved from /home/airflow/.local/lib/python3.12/site-packages/airflow/example_dags/example_subdag_operator.py
[2026-05-27T01:56:07.101+0000] {logging_mixin.py:190} INFO - [2026-05-27T01:56:07.101+0000] {dag.py:3211} INFO - Sync 3 DAGs
[2026-05-27T01:56:07.117+0000] {logging_mixin.py:190} INFO - [2026-05-27T01:56:07.117+0000] {dag.py:4138} INFO - Setting next_dagrun for example_subdag_operator to 2022-01-01 00:00:00+00:00, run_after=2022-01-01 00:00:00+00:00
[2026-05-27T01:56:07.119+0000] {logging_mixin.py:190} INFO - [2026-05-27T01:56:07.119+0000] {dag.py:4138} INFO - Setting next_dagrun for example_subdag_operator.section-1 to None, run_after=None
[2026-05-27T01:56:07.120+0000] {logging_mixin.py:190} INFO - [2026-05-27T01:56:07.120+0000] {dag.py:4138} INFO - Setting next_dagrun for example_subdag_operator.section-2 to None, run_after=None
[2026-05-27T01:56:07.124+0000] {logging_mixin.py:190} INFO - [2026-05-27T01:56:07.124+0000] {dag.py:3211} INFO - Sync 2 DAGs
[2026-05-27T01:56:07.127+0000] {logging_mixin.py:190} INFO - [2026-05-27T01:56:07.127+0000] {dag.py:4138} INFO - Setting next_dagrun for example_subdag_operator.section-1 to None, run_after=None
[2026-05-27T01:56:07.127+0000] {logging_mixin.py:190} INFO - [2026-05-27T01:56:07.127+0000] {dag.py:4138} INFO - Setting next_dagrun for example_subdag_operator.section-2 to None, run_after=None
[2026-05-27T01:56:07.133+0000] {processor.py:208} INFO - Processing /home/airflow/.local/lib/python3.12/site-packages/airflow/example_dags/example_subdag_operator.py took 0.072 seconds
[2026-05-27T01:56:37.395+0000] {processor.py:186} INFO - Started process (PID=431) to work on /home/airflow/.local/lib/python3.12/site-packages/airflow/example_dags/example_subdag_operator.py
[2026-05-27T01:56:37.396+0000] {processor.py:914} INFO - Processing file /home/airflow/.local/lib/python3.12/site-packages/airflow/example_dags/example_subdag_operator.py for tasks to queue
[2026-05-27T01:56:37.398+0000] {logging_mixin.py:190} INFO - [2026-05-27T01:56:37.397+0000] {dagbag.py:587} INFO - Filling up the DagBag from /home/airflow/.local/lib/python3.12/site-packages/airflow/example_dags/example_subdag_operator.py
[2026-05-27T01:56:37.417+0000] {processor.py:925} INFO - DAG(s) 'example_subdag_operator.section-1', 'example_subdag_operator.section-2', 'example_subdag_operator' retrieved from /home/airflow/.local/lib/python3.12/site-packages/airflow/example_dags/example_subdag_operator.py
[2026-05-27T01:56:37.427+0000] {logging_mixin.py:190} INFO - [2026-05-27T01:56:37.427+0000] {dag.py:3211} INFO - Sync 3 DAGs
[2026-05-27T01:56:37.441+0000] {logging_mixin.py:190} INFO - [2026-05-27T01:56:37.440+0000] {dag.py:4138} INFO - Setting next_dagrun for example_subdag_operator to 2022-01-01 00:00:00+00:00, run_after=2022-01-01 00:00:00+00:00
[2026-05-27T01:56:37.443+0000] {logging_mixin.py:190} INFO - [2026-05-27T01:56:37.443+0000] {dag.py:4138} INFO - Setting next_dagrun for example_subdag_operator.section-1 to None, run_after=None
[2026-05-27T01:56:37.444+0000] {logging_mixin.py:190} INFO - [2026-05-27T01:56:37.444+0000] {dag.py:4138} INFO - Setting next_dagrun for example_subdag_operator.section-2 to None, run_after=None
[2026-05-27T01:56:37.448+0000] {logging_mixin.py:190} INFO - [2026-05-27T01:56:37.448+0000] {dag.py:3211} INFO - Sync 2 DAGs
[2026-05-27T01:56:37.451+0000] {logging_mixin.py:190} INFO - [2026-05-27T01:56:37.451+0000] {dag.py:4138} INFO - Setting next_dagrun for example_subdag_operator.section-1 to None, run_after=None
[2026-05-27T01:56:37.452+0000] {logging_mixin.py:190} INFO - [2026-05-27T01:56:37.452+0000] {dag.py:4138} INFO - Setting next_dagrun for example_subdag_operator.section-2 to None, run_after=None
[2026-05-27T01:56:37.459+0000] {processor.py:208} INFO - Processing /home/airflow/.local/lib/python3.12/site-packages/airflow/example_dags/example_subdag_operator.py took 0.068 seconds
[2026-05-27T01:57:07.842+0000] {processor.py:186} INFO - Started process (PID=493) to work on /home/airflow/.local/lib/python3.12/site-packages/airflow/example_dags/example_subdag_operator.py
[2026-05-27T01:57:07.843+0000] {processor.py:914} INFO - Processing file /home/airflow/.local/lib/python3.12/site-packages/airflow/example_dags/example_subdag_operator.py for tasks to queue
[2026-05-27T01:57:07.845+0000] {logging_mixin.py:190} INFO - [2026-05-27T01:57:07.844+0000] {dagbag.py:587} INFO - Filling up the DagBag from /home/airflow/.local/lib/python3.12/site-packages/airflow/example_dags/example_subdag_operator.py
[2026-05-27T01:57:07.866+0000] {processor.py:925} INFO - DAG(s) 'example_subdag_operator.section-1', 'example_subdag_operator.section-2', 'example_subdag_operator' retrieved from /home/airflow/.local/lib/python3.12/site-packages/airflow/example_dags/example_subdag_operator.py
[2026-05-27T01:57:07.875+0000] {logging_mixin.py:190} INFO - [2026-05-27T01:57:07.875+0000] {dag.py:3211} INFO - Sync 3 DAGs
[2026-05-27T01:57:07.891+0000] {logging_mixin.py:190} INFO - [2026-05-27T01:57:07.891+0000] {dag.py:4138} INFO - Setting next_dagrun for example_subdag_operator to 2022-01-01 00:00:00+00:00, run_after=2022-01-01 00:00:00+00:00
[2026-05-27T01:57:07.894+0000] {logging_mixin.py:190} INFO - [2026-05-27T01:57:07.893+0000] {dag.py:4138} INFO - Setting next_dagrun for example_subdag_operator.section-1 to None, run_after=None
[2026-05-27T01:57:07.895+0000] {logging_mixin.py:190} INFO - [2026-05-27T01:57:07.895+0000] {dag.py:4138} INFO - Setting next_dagrun for example_subdag_operator.section-2 to None, run_after=None
[2026-05-27T01:57:07.900+0000] {logging_mixin.py:190} INFO - [2026-05-27T01:57:07.900+0000] {dag.py:3211} INFO - Sync 2 DAGs
[2026-05-27T01:57:07.903+0000] {logging_mixin.py:190} INFO - [2026-05-27T01:57:07.903+0000] {dag.py:4138} INFO - Setting next_dagrun for example_subdag_operator.section-1 to None, run_after=None
[2026-05-27T01:57:07.903+0000] {logging_mixin.py:190} INFO - [2026-05-27T01:57:07.903+0000] {dag.py:4138} INFO - Setting next_dagrun for example_subdag_operator.section-2 to None, run_after=None
[2026-05-27T01:57:07.910+0000] {processor.py:208} INFO - Processing /home/airflow/.local/lib/python3.12/site-packages/airflow/example_dags/example_subdag_operator.py took 0.072 seconds
[2026-05-27T01:57:38.440+0000] {processor.py:186} INFO - Started process (PID=555) to work on /home/airflow/.local/lib/python3.12/site-packages/airflow/example_dags/example_subdag_operator.py
[2026-05-27T01:57:38.440+0000] {processor.py:914} INFO - Processing file /home/airflow/.local/lib/python3.12/site-packages/airflow/example_dags/example_subdag_operator.py for tasks to queue
[2026-05-27T01:57:38.442+0000] {logging_mixin.py:190} INFO - [2026-05-27T01:57:38.442+0000] {dagbag.py:587} INFO - Filling up the DagBag from /home/airflow/.local/lib/python3.12/site-packages/airflow/example_dags/example_subdag_operator.py
[2026-05-27T01:57:38.476+0000] {processor.py:925} INFO - DAG(s) 'example_subdag_operator.section-1', 'example_subdag_operator.section-2', 'example_subdag_operator' retrieved from /home/airflow/.local/lib/python3.12/site-packages/airflow/example_dags/example_subdag_operator.py
[2026-05-27T01:57:38.490+0000] {logging_mixin.py:190} INFO - [2026-05-27T01:57:38.489+0000] {dag.py:3211} INFO - Sync 3 DAGs
[2026-05-27T01:57:38.510+0000] {logging_mixin.py:190} INFO - [2026-05-27T01:57:38.510+0000] {dag.py:4138} INFO - Setting next_dagrun for example_subdag_operator to 2022-01-01 00:00:00+00:00, run_after=2022-01-01 00:00:00+00:00
[2026-05-27T01:57:38.512+0000] {logging_mixin.py:190} INFO - [2026-05-27T01:57:38.512+0000] {dag.py:4138} INFO - Setting next_dagrun for example_subdag_operator.section-1 to None, run_after=None
[2026-05-27T01:57:38.513+0000] {logging_mixin.py:190} INFO - [2026-05-27T01:57:38.513+0000] {dag.py:4138} INFO - Setting next_dagrun for example_subdag_operator.section-2 to None, run_after=None
[2026-05-27T01:57:38.518+0000] {logging_mixin.py:190} INFO - [2026-05-27T01:57:38.518+0000] {dag.py:3211} INFO - Sync 2 DAGs
[2026-05-27T01:57:38.522+0000] {logging_mixin.py:190} INFO - [2026-05-27T01:57:38.522+0000] {dag.py:4138} INFO - Setting next_dagrun for example_subdag_operator.section-1 to None, run_after=None
[2026-05-27T01:57:38.522+0000] {logging_mixin.py:190} INFO - [2026-05-27T01:57:38.522+0000] {dag.py:4138} INFO - Setting next_dagrun for example_subdag_operator.section-2 to None, run_after=None
[2026-05-27T01:57:38.530+0000] {processor.py:208} INFO - Processing /home/airflow/.local/lib/python3.12/site-packages/airflow/example_dags/example_subdag_operator.py took 0.095 seconds
[2026-05-27T01:58:09.004+0000] {processor.py:186} INFO - Started process (PID=617) to work on /home/airflow/.local/lib/python3.12/site-packages/airflow/example_dags/example_subdag_operator.py
[2026-05-27T01:58:09.005+0000] {processor.py:914} INFO - Processing file /home/airflow/.local/lib/python3.12/site-packages/airflow/example_dags/example_subdag_operator.py for tasks to queue
[2026-05-27T01:58:09.007+0000] {logging_mixin.py:190} INFO - [2026-05-27T01:58:09.007+0000] {dagbag.py:587} INFO - Filling up the DagBag from /home/airflow/.local/lib/python3.12/site-packages/airflow/example_dags/example_subdag_operator.py
[2026-05-27T01:58:09.026+0000] {processor.py:925} INFO - DAG(s) 'example_subdag_operator.section-1', 'example_subdag_operator.section-2', 'example_subdag_operator' retrieved from /home/airflow/.local/lib/python3.12/site-packages/airflow/example_dags/example_subdag_operator.py
[2026-05-27T01:58:09.036+0000] {logging_mixin.py:190} INFO - [2026-05-27T01:58:09.036+0000] {dag.py:3211} INFO - Sync 3 DAGs
[2026-05-27T01:58:09.057+0000] {logging_mixin.py:190} INFO - [2026-05-27T01:58:09.057+0000] {dag.py:4138} INFO - Setting next_dagrun for example_subdag_operator to 2022-01-01 00:00:00+00:00, run_after=2022-01-01 00:00:00+00:00
[2026-05-27T01:58:09.060+0000] {logging_mixin.py:190} INFO - [2026-05-27T01:58:09.060+0000] {dag.py:4138} INFO - Setting next_dagrun for example_subdag_operator.section-1 to None, run_after=None
[2026-05-27T01:58:09.061+0000] {logging_mixin.py:190} INFO - [2026-05-27T01:58:09.061+0000] {dag.py:4138} INFO - Setting next_dagrun for example_subdag_operator.section-2 to None, run_after=None
[2026-05-27T01:58:09.068+0000] {logging_mixin.py:190} INFO - [2026-05-27T01:58:09.068+0000] {dag.py:3211} INFO - Sync 2 DAGs
[2026-05-27T01:58:09.072+0000] {logging_mixin.py:190} INFO - [2026-05-27T01:58:09.072+0000] {dag.py:4138} INFO - Setting next_dagrun for example_subdag_operator.section-1 to None, run_after=None
[2026-05-27T01:58:09.073+0000] {logging_mixin.py:190} INFO - [2026-05-27T01:58:09.073+0000] {dag.py:4138} INFO - Setting next_dagrun for example_subdag_operator.section-2 to None, run_after=None
[2026-05-27T01:58:09.079+0000] {processor.py:208} INFO - Processing /home/airflow/.local/lib/python3.12/site-packages/airflow/example_dags/example_subdag_operator.py took 0.080 seconds
[2026-05-27T01:59:15.494+0000] {processor.py:186} INFO - Started process (PID=112) to work on /home/airflow/.local/lib/python3.12/site-packages/airflow/example_dags/example_subdag_operator.py
[2026-05-27T01:59:15.497+0000] {processor.py:914} INFO - Processing file /home/airflow/.local/lib/python3.12/site-packages/airflow/example_dags/example_subdag_operator.py for tasks to queue
[2026-05-27T01:59:15.499+0000] {logging_mixin.py:190} INFO - [2026-05-27T01:59:15.499+0000] {dagbag.py:587} INFO - Filling up the DagBag from /home/airflow/.local/lib/python3.12/site-packages/airflow/example_dags/example_subdag_operator.py
[2026-05-27T01:59:15.526+0000] {processor.py:925} INFO - DAG(s) 'example_subdag_operator.section-1', 'example_subdag_operator.section-2', 'example_subdag_operator' retrieved from /home/airflow/.local/lib/python3.12/site-packages/airflow/example_dags/example_subdag_operator.py
[2026-05-27T01:59:15.538+0000] {logging_mixin.py:190} INFO - [2026-05-27T01:59:15.538+0000] {dag.py:3211} INFO - Sync 3 DAGs
[2026-05-27T01:59:15.556+0000] {logging_mixin.py:190} INFO - [2026-05-27T01:59:15.556+0000] {dag.py:4138} INFO - Setting next_dagrun for example_subdag_operator to 2022-01-01 00:00:00+00:00, run_after=2022-01-01 00:00:00+00:00
[2026-05-27T01:59:15.559+0000] {logging_mixin.py:190} INFO - [2026-05-27T01:59:15.559+0000] {dag.py:4138} INFO - Setting next_dagrun for example_subdag_operator.section-1 to None, run_after=None
[2026-05-27T01:59:15.560+0000] {logging_mixin.py:190} INFO - [2026-05-27T01:59:15.560+0000] {dag.py:4138} INFO - Setting next_dagrun for example_subdag_operator.section-2 to None, run_after=None
[2026-05-27T01:59:15.565+0000] {logging_mixin.py:190} INFO - [2026-05-27T01:59:15.565+0000] {dag.py:3211} INFO - Sync 2 DAGs
[2026-05-27T01:59:15.570+0000] {logging_mixin.py:190} INFO - [2026-05-27T01:59:15.569+0000] {dag.py:4138} INFO - Setting next_dagrun for example_subdag_operator.section-1 to None, run_after=None
[2026-05-27T01:59:15.570+0000] {logging_mixin.py:190} INFO - [2026-05-27T01:59:15.570+0000] {dag.py:4138} INFO - Setting next_dagrun for example_subdag_operator.section-2 to None, run_after=None
[2026-05-27T01:59:15.578+0000] {processor.py:208} INFO - Processing /home/airflow/.local/lib/python3.12/site-packages/airflow/example_dags/example_subdag_operator.py took 0.090 seconds
[2026-05-27T01:59:45.688+0000] {processor.py:186} INFO - Started process (PID=209) to work on /home/airflow/.local/lib/python3.12/site-packages/airflow/example_dags/example_subdag_operator.py
[2026-05-27T01:59:45.688+0000] {processor.py:914} INFO - Processing file /home/airflow/.local/lib/python3.12/site-packages/airflow/example_dags/example_subdag_operator.py for tasks to queue
[2026-05-27T01:59:45.690+0000] {logging_mixin.py:190} INFO - [2026-05-27T01:59:45.690+0000] {dagbag.py:587} INFO - Filling up the DagBag from /home/airflow/.local/lib/python3.12/site-packages/airflow/example_dags/example_subdag_operator.py
[2026-05-27T01:59:45.714+0000] {processor.py:925} INFO - DAG(s) 'example_subdag_operator.section-1', 'example_subdag_operator.section-2', 'example_subdag_operator' retrieved from /home/airflow/.local/lib/python3.12/site-packages/airflow/example_dags/example_subdag_operator.py
[2026-05-27T01:59:45.727+0000] {logging_mixin.py:190} INFO - [2026-05-27T01:59:45.727+0000] {dag.py:3211} INFO - Sync 3 DAGs
[2026-05-27T01:59:45.744+0000] {logging_mixin.py:190} INFO - [2026-05-27T01:59:45.744+0000] {dag.py:4138} INFO - Setting next_dagrun for example_subdag_operator to 2022-01-01 00:00:00+00:00, run_after=2022-01-01 00:00:00+00:00
[2026-05-27T01:59:45.746+0000] {logging_mixin.py:190} INFO - [2026-05-27T01:59:45.746+0000] {dag.py:4138} INFO - Setting next_dagrun for example_subdag_operator.section-1 to None, run_after=None
[2026-05-27T01:59:45.747+0000] {logging_mixin.py:190} INFO - [2026-05-27T01:59:45.747+0000] {dag.py:4138} INFO - Setting next_dagrun for example_subdag_operator.section-2 to None, run_after=None
[2026-05-27T01:59:45.752+0000] {logging_mixin.py:190} INFO - [2026-05-27T01:59:45.752+0000] {dag.py:3211} INFO - Sync 2 DAGs
[2026-05-27T01:59:45.756+0000] {logging_mixin.py:190} INFO - [2026-05-27T01:59:45.755+0000] {dag.py:4138} INFO - Setting next_dagrun for example_subdag_operator.section-1 to None, run_after=None
[2026-05-27T01:59:45.756+0000] {logging_mixin.py:190} INFO - [2026-05-27T01:59:45.756+0000] {dag.py:4138} INFO - Setting next_dagrun for example_subdag_operator.section-2 to None, run_after=None
[2026-05-27T01:59:45.763+0000] {processor.py:208} INFO - Processing /home/airflow/.local/lib/python3.12/site-packages/airflow/example_dags/example_subdag_operator.py took 0.081 seconds
[2026-05-27T02:00:16.688+0000] {processor.py:186} INFO - Started process (PID=278) to work on /home/airflow/.local/lib/python3.12/site-packages/airflow/example_dags/example_subdag_operator.py
[2026-05-27T02:00:16.689+0000] {processor.py:914} INFO - Processing file /home/airflow/.local/lib/python3.12/site-packages/airflow/example_dags/example_subdag_operator.py for tasks to queue
[2026-05-27T02:00:16.692+0000] {logging_mixin.py:190} INFO - [2026-05-27T02:00:16.691+0000] {dagbag.py:587} INFO - Filling up the DagBag from /home/airflow/.local/lib/python3.12/site-packages/airflow/example_dags/example_subdag_operator.py
[2026-05-27T02:00:16.713+0000] {processor.py:925} INFO - DAG(s) 'example_subdag_operator.section-1', 'example_subdag_operator.section-2', 'example_subdag_operator' retrieved from /home/airflow/.local/lib/python3.12/site-packages/airflow/example_dags/example_subdag_operator.py
[2026-05-27T02:00:16.725+0000] {logging_mixin.py:190} INFO - [2026-05-27T02:00:16.725+0000] {dag.py:3211} INFO - Sync 3 DAGs
[2026-05-27T02:00:16.741+0000] {logging_mixin.py:190} INFO - [2026-05-27T02:00:16.741+0000] {dag.py:4138} INFO - Setting next_dagrun for example_subdag_operator to 2022-01-01 00:00:00+00:00, run_after=2022-01-01 00:00:00+00:00
[2026-05-27T02:00:16.744+0000] {logging_mixin.py:190} INFO - [2026-05-27T02:00:16.744+0000] {dag.py:4138} INFO - Setting next_dagrun for example_subdag_operator.section-1 to None, run_after=None
[2026-05-27T02:00:16.745+0000] {logging_mixin.py:190} INFO - [2026-05-27T02:00:16.745+0000] {dag.py:4138} INFO - Setting next_dagrun for example_subdag_operator.section-2 to None, run_after=None
[2026-05-27T02:00:16.749+0000] {logging_mixin.py:190} INFO - [2026-05-27T02:00:16.749+0000] {dag.py:3211} INFO - Sync 2 DAGs
[2026-05-27T02:00:16.753+0000] {logging_mixin.py:190} INFO - [2026-05-27T02:00:16.753+0000] {dag.py:4138} INFO - Setting next_dagrun for example_subdag_operator.section-1 to None, run_after=None
[2026-05-27T02:00:16.754+0000] {logging_mixin.py:190} INFO - [2026-05-27T02:00:16.754+0000] {dag.py:4138} INFO - Setting next_dagrun for example_subdag_operator.section-2 to None, run_after=None
[2026-05-27T02:00:16.762+0000] {processor.py:208} INFO - Processing /home/airflow/.local/lib/python3.12/site-packages/airflow/example_dags/example_subdag_operator.py took 0.078 seconds
[2026-05-27T02:00:47.932+0000] {processor.py:186} INFO - Started process (PID=340) to work on /home/airflow/.local/lib/python3.12/site-packages/airflow/example_dags/example_subdag_operator.py
[2026-05-27T02:00:47.933+0000] {processor.py:914} INFO - Processing file /home/airflow/.local/lib/python3.12/site-packages/airflow/example_dags/example_subdag_operator.py for tasks to queue
[2026-05-27T02:00:47.936+0000] {logging_mixin.py:190} INFO - [2026-05-27T02:00:47.936+0000] {dagbag.py:587} INFO - Filling up the DagBag from /home/airflow/.local/lib/python3.12/site-packages/airflow/example_dags/example_subdag_operator.py
[2026-05-27T02:00:47.965+0000] {processor.py:925} INFO - DAG(s) 'example_subdag_operator.section-1', 'example_subdag_operator.section-2', 'example_subdag_operator' retrieved from /home/airflow/.local/lib/python3.12/site-packages/airflow/example_dags/example_subdag_operator.py
[2026-05-27T02:00:47.978+0000] {logging_mixin.py:190} INFO - [2026-05-27T02:00:47.978+0000] {dag.py:3211} INFO - Sync 3 DAGs
[2026-05-27T02:00:47.997+0000] {logging_mixin.py:190} INFO - [2026-05-27T02:00:47.997+0000] {dag.py:4138} INFO - Setting next_dagrun for example_subdag_operator to 2022-01-01 00:00:00+00:00, run_after=2022-01-01 00:00:00+00:00
[2026-05-27T02:00:48.000+0000] {logging_mixin.py:190} INFO - [2026-05-27T02:00:47.999+0000] {dag.py:4138} INFO - Setting next_dagrun for example_subdag_operator.section-1 to None, run_after=None
[2026-05-27T02:00:48.000+0000] {logging_mixin.py:190} INFO - [2026-05-27T02:00:48.000+0000] {dag.py:4138} INFO - Setting next_dagrun for example_subdag_operator.section-2 to None, run_after=None
[2026-05-27T02:00:48.005+0000] {logging_mixin.py:190} INFO - [2026-05-27T02:00:48.005+0000] {dag.py:3211} INFO - Sync 2 DAGs
[2026-05-27T02:00:48.009+0000] {logging_mixin.py:190} INFO - [2026-05-27T02:00:48.009+0000] {dag.py:4138} INFO - Setting next_dagrun for example_subdag_operator.section-1 to None, run_after=None
[2026-05-27T02:00:48.010+0000] {logging_mixin.py:190} INFO - [2026-05-27T02:00:48.009+0000] {dag.py:4138} INFO - Setting next_dagrun for example_subdag_operator.section-2 to None, run_after=None
[2026-05-27T02:00:48.017+0000] {processor.py:208} INFO - Processing /home/airflow/.local/lib/python3.12/site-packages/airflow/example_dags/example_subdag_operator.py took 0.092 seconds
[2026-05-27T02:01:18.919+0000] {processor.py:186} INFO - Started process (PID=402) to work on /home/airflow/.local/lib/python3.12/site-packages/airflow/example_dags/example_subdag_operator.py
[2026-05-27T02:01:18.919+0000] {processor.py:914} INFO - Processing file /home/airflow/.local/lib/python3.12/site-packages/airflow/example_dags/example_subdag_operator.py for tasks to queue
[2026-05-27T02:01:18.921+0000] {logging_mixin.py:190} INFO - [2026-05-27T02:01:18.921+0000] {dagbag.py:587} INFO - Filling up the DagBag from /home/airflow/.local/lib/python3.12/site-packages/airflow/example_dags/example_subdag_operator.py
[2026-05-27T02:01:18.942+0000] {processor.py:925} INFO - DAG(s) 'example_subdag_operator.section-1', 'example_subdag_operator.section-2', 'example_subdag_operator' retrieved from /home/airflow/.local/lib/python3.12/site-packages/airflow/example_dags/example_subdag_operator.py
[2026-05-27T02:01:18.952+0000] {logging_mixin.py:190} INFO - [2026-05-27T02:01:18.952+0000] {dag.py:3211} INFO - Sync 3 DAGs
[2026-05-27T02:01:18.970+0000] {logging_mixin.py:190} INFO - [2026-05-27T02:01:18.970+0000] {dag.py:4138} INFO - Setting next_dagrun for example_subdag_operator to 2022-01-01 00:00:00+00:00, run_after=2022-01-01 00:00:00+00:00
[2026-05-27T02:01:18.972+0000] {logging_mixin.py:190} INFO - [2026-05-27T02:01:18.972+0000] {dag.py:4138} INFO - Setting next_dagrun for example_subdag_operator.section-1 to None, run_after=None
[2026-05-27T02:01:18.973+0000] {logging_mixin.py:190} INFO - [2026-05-27T02:01:18.973+0000] {dag.py:4138} INFO - Setting next_dagrun for example_subdag_operator.section-2 to None, run_after=None
[2026-05-27T02:01:18.978+0000] {logging_mixin.py:190} INFO - [2026-05-27T02:01:18.978+0000] {dag.py:3211} INFO - Sync 2 DAGs
[2026-05-27T02:01:18.981+0000] {logging_mixin.py:190} INFO - [2026-05-27T02:01:18.981+0000] {dag.py:4138} INFO - Setting next_dagrun for example_subdag_operator.section-1 to None, run_after=None
[2026-05-27T02:01:18.981+0000] {logging_mixin.py:190} INFO - [2026-05-27T02:01:18.981+0000] {dag.py:4138} INFO - Setting next_dagrun for example_subdag_operator.section-2 to None, run_after=None
[2026-05-27T02:01:18.989+0000] {processor.py:208} INFO - Processing /home/airflow/.local/lib/python3.12/site-packages/airflow/example_dags/example_subdag_operator.py took 0.074 seconds
[2026-05-27T02:01:50.519+0000] {processor.py:186} INFO - Started process (PID=96) to work on /home/airflow/.local/lib/python3.12/site-packages/airflow/example_dags/example_subdag_operator.py
[2026-05-27T02:01:50.520+0000] {processor.py:914} INFO - Processing file /home/airflow/.local/lib/python3.12/site-packages/airflow/example_dags/example_subdag_operator.py for tasks to queue
[2026-05-27T02:01:50.521+0000] {logging_mixin.py:190} INFO - [2026-05-27T02:01:50.521+0000] {dagbag.py:587} INFO - Filling up the DagBag from /home/airflow/.local/lib/python3.12/site-packages/airflow/example_dags/example_subdag_operator.py
[2026-05-27T02:01:50.539+0000] {processor.py:925} INFO - DAG(s) 'example_subdag_operator.section-1', 'example_subdag_operator.section-2', 'example_subdag_operator' retrieved from /home/airflow/.local/lib/python3.12/site-packages/airflow/example_dags/example_subdag_operator.py
[2026-05-27T02:01:50.551+0000] {logging_mixin.py:190} INFO - [2026-05-27T02:01:50.551+0000] {dag.py:3211} INFO - Sync 3 DAGs
[2026-05-27T02:01:50.564+0000] {logging_mixin.py:190} INFO - [2026-05-27T02:01:50.564+0000] {dag.py:4138} INFO - Setting next_dagrun for example_subdag_operator to 2022-01-01 00:00:00+00:00, run_after=2022-01-01 00:00:00+00:00
[2026-05-27T02:01:50.566+0000] {logging_mixin.py:190} INFO - [2026-05-27T02:01:50.566+0000] {dag.py:4138} INFO - Setting next_dagrun for example_subdag_operator.section-1 to None, run_after=None
[2026-05-27T02:01:50.567+0000] {logging_mixin.py:190} INFO - [2026-05-27T02:01:50.567+0000] {dag.py:4138} INFO - Setting next_dagrun for example_subdag_operator.section-2 to None, run_after=None
[2026-05-27T02:01:50.571+0000] {logging_mixin.py:190} INFO - [2026-05-27T02:01:50.571+0000] {dag.py:3211} INFO - Sync 2 DAGs
[2026-05-27T02:01:50.574+0000] {logging_mixin.py:190} INFO - [2026-05-27T02:01:50.573+0000] {dag.py:4138} INFO - Setting next_dagrun for example_subdag_operator.section-1 to None, run_after=None
[2026-05-27T02:01:50.574+0000] {logging_mixin.py:190} INFO - [2026-05-27T02:01:50.574+0000] {dag.py:4138} INFO - Setting next_dagrun for example_subdag_operator.section-2 to None, run_after=None
[2026-05-27T02:01:50.580+0000] {processor.py:208} INFO - Processing /home/airflow/.local/lib/python3.12/site-packages/airflow/example_dags/example_subdag_operator.py took 0.065 seconds
[2026-05-27T02:02:20.407+0000] {processor.py:186} INFO - Started process (PID=96) to work on /home/airflow/.local/lib/python3.12/site-packages/airflow/example_dags/example_subdag_operator.py
[2026-05-27T02:02:20.408+0000] {processor.py:914} INFO - Processing file /home/airflow/.local/lib/python3.12/site-packages/airflow/example_dags/example_subdag_operator.py for tasks to queue
[2026-05-27T02:02:20.410+0000] {logging_mixin.py:190} INFO - [2026-05-27T02:02:20.409+0000] {dagbag.py:587} INFO - Filling up the DagBag from /home/airflow/.local/lib/python3.12/site-packages/airflow/example_dags/example_subdag_operator.py
[2026-05-27T02:02:20.429+0000] {processor.py:925} INFO - DAG(s) 'example_subdag_operator.section-1', 'example_subdag_operator.section-2', 'example_subdag_operator' retrieved from /home/airflow/.local/lib/python3.12/site-packages/airflow/example_dags/example_subdag_operator.py
[2026-05-27T02:02:20.441+0000] {logging_mixin.py:190} INFO - [2026-05-27T02:02:20.441+0000] {dag.py:3211} INFO - Sync 3 DAGs
[2026-05-27T02:02:20.460+0000] {logging_mixin.py:190} INFO - [2026-05-27T02:02:20.460+0000] {dag.py:4138} INFO - Setting next_dagrun for example_subdag_operator to 2022-01-01 00:00:00+00:00, run_after=2022-01-01 00:00:00+00:00
[2026-05-27T02:02:20.462+0000] {logging_mixin.py:190} INFO - [2026-05-27T02:02:20.462+0000] {dag.py:4138} INFO - Setting next_dagrun for example_subdag_operator.section-1 to None, run_after=None
[2026-05-27T02:02:20.463+0000] {logging_mixin.py:190} INFO - [2026-05-27T02:02:20.463+0000] {dag.py:4138} INFO - Setting next_dagrun for example_subdag_operator.section-2 to None, run_after=None
[2026-05-27T02:02:20.468+0000] {logging_mixin.py:190} INFO - [2026-05-27T02:02:20.468+0000] {dag.py:3211} INFO - Sync 2 DAGs
[2026-05-27T02:02:20.472+0000] {logging_mixin.py:190} INFO - [2026-05-27T02:02:20.472+0000] {dag.py:4138} INFO - Setting next_dagrun for example_subdag_operator.section-1 to None, run_after=None
[2026-05-27T02:02:20.473+0000] {logging_mixin.py:190} INFO - [2026-05-27T02:02:20.473+0000] {dag.py:4138} INFO - Setting next_dagrun for example_subdag_operator.section-2 to None, run_after=None
[2026-05-27T02:02:20.481+0000] {processor.py:208} INFO - Processing /home/airflow/.local/lib/python3.12/site-packages/airflow/example_dags/example_subdag_operator.py took 0.078 seconds
[2026-05-27T02:03:02.269+0000] {processor.py:186} INFO - Started process (PID=102) to work on /home/airflow/.local/lib/python3.12/site-packages/airflow/example_dags/example_subdag_operator.py
[2026-05-27T02:03:02.270+0000] {processor.py:914} INFO - Processing file /home/airflow/.local/lib/python3.12/site-packages/airflow/example_dags/example_subdag_operator.py for tasks to queue
[2026-05-27T02:03:02.272+0000] {logging_mixin.py:190} INFO - [2026-05-27T02:03:02.271+0000] {dagbag.py:587} INFO - Filling up the DagBag from /home/airflow/.local/lib/python3.12/site-packages/airflow/example_dags/example_subdag_operator.py
[2026-05-27T02:03:02.291+0000] {processor.py:925} INFO - DAG(s) 'example_subdag_operator.section-1', 'example_subdag_operator.section-2', 'example_subdag_operator' retrieved from /home/airflow/.local/lib/python3.12/site-packages/airflow/example_dags/example_subdag_operator.py
[2026-05-27T02:03:02.304+0000] {logging_mixin.py:190} INFO - [2026-05-27T02:03:02.304+0000] {dag.py:3211} INFO - Sync 3 DAGs
[2026-05-27T02:03:02.322+0000] {logging_mixin.py:190} INFO - [2026-05-27T02:03:02.321+0000] {dag.py:4138} INFO - Setting next_dagrun for example_subdag_operator to 2022-01-01 00:00:00+00:00, run_after=2022-01-01 00:00:00+00:00
[2026-05-27T02:03:02.324+0000] {logging_mixin.py:190} INFO - [2026-05-27T02:03:02.324+0000] {dag.py:4138} INFO - Setting next_dagrun for example_subdag_operator.section-1 to None, run_after=None
[2026-05-27T02:03:02.325+0000] {logging_mixin.py:190} INFO - [2026-05-27T02:03:02.325+0000] {dag.py:4138} INFO - Setting next_dagrun for example_subdag_operator.section-2 to None, run_after=None
[2026-05-27T02:03:02.329+0000] {logging_mixin.py:190} INFO - [2026-05-27T02:03:02.329+0000] {dag.py:3211} INFO - Sync 2 DAGs
[2026-05-27T02:03:02.333+0000] {logging_mixin.py:190} INFO - [2026-05-27T02:03:02.333+0000] {dag.py:4138} INFO - Setting next_dagrun for example_subdag_operator.section-1 to None, run_after=None
[2026-05-27T02:03:02.333+0000] {logging_mixin.py:190} INFO - [2026-05-27T02:03:02.333+0000] {dag.py:4138} INFO - Setting next_dagrun for example_subdag_operator.section-2 to None, run_after=None
[2026-05-27T02:03:02.339+0000] {processor.py:208} INFO - Processing /home/airflow/.local/lib/python3.12/site-packages/airflow/example_dags/example_subdag_operator.py took 0.075 seconds
