[2026-05-27T01:54:05.142+0000] {processor.py:186} INFO - Started process (PID=106) to work on /home/airflow/.local/lib/python3.12/site-packages/airflow/example_dags/example_workday_timetable.py
[2026-05-27T01:54:05.142+0000] {processor.py:914} INFO - Processing file /home/airflow/.local/lib/python3.12/site-packages/airflow/example_dags/example_workday_timetable.py for tasks to queue
[2026-05-27T01:54:05.144+0000] {logging_mixin.py:190} INFO - [2026-05-27T01:54:05.144+0000] {dagbag.py:587} INFO - Filling up the DagBag from /home/airflow/.local/lib/python3.12/site-packages/airflow/example_dags/example_workday_timetable.py
[2026-05-27T01:54:05.149+0000] {processor.py:925} INFO - DAG(s) 'example_workday_timetable' retrieved from /home/airflow/.local/lib/python3.12/site-packages/airflow/example_dags/example_workday_timetable.py
[2026-05-27T01:54:05.221+0000] {logging_mixin.py:190} INFO - [2026-05-27T01:54:05.221+0000] {override.py:1858} INFO - Created Permission View: can edit on DAG:example_workday_timetable
[2026-05-27T01:54:05.227+0000] {logging_mixin.py:190} INFO - [2026-05-27T01:54:05.227+0000] {override.py:1858} INFO - Created Permission View: can read on DAG:example_workday_timetable
[2026-05-27T01:54:05.230+0000] {logging_mixin.py:190} INFO - [2026-05-27T01:54:05.230+0000] {override.py:1858} INFO - Created Permission View: can delete on DAG:example_workday_timetable
[2026-05-27T01:54:05.231+0000] {logging_mixin.py:190} INFO - [2026-05-27T01:54:05.231+0000] {dag.py:3211} INFO - Sync 1 DAGs
[2026-05-27T01:54:05.238+0000] {logging_mixin.py:190} INFO - [2026-05-27T01:54:05.238+0000] {dag.py:3234} INFO - Creating ORM DAG for example_workday_timetable
[2026-05-27T01:54:05.269+0000] {logging_mixin.py:190} INFO - [2026-05-27T01:54:05.269+0000] {dag.py:4138} INFO - Setting next_dagrun for example_workday_timetable to 2021-01-04 00:00:00+00:00, run_after=2021-01-05 00:00:00+00:00
[2026-05-27T01:54:05.280+0000] {processor.py:208} INFO - Processing /home/airflow/.local/lib/python3.12/site-packages/airflow/example_dags/example_workday_timetable.py took 0.143 seconds
[2026-05-27T01:54:35.744+0000] {processor.py:186} INFO - Started process (PID=178) to work on /home/airflow/.local/lib/python3.12/site-packages/airflow/example_dags/example_workday_timetable.py
[2026-05-27T01:54:35.745+0000] {processor.py:914} INFO - Processing file /home/airflow/.local/lib/python3.12/site-packages/airflow/example_dags/example_workday_timetable.py for tasks to queue
[2026-05-27T01:54:35.747+0000] {logging_mixin.py:190} INFO - [2026-05-27T01:54:35.747+0000] {dagbag.py:587} INFO - Filling up the DagBag from /home/airflow/.local/lib/python3.12/site-packages/airflow/example_dags/example_workday_timetable.py
[2026-05-27T01:54:35.751+0000] {processor.py:925} INFO - DAG(s) 'example_workday_timetable' retrieved from /home/airflow/.local/lib/python3.12/site-packages/airflow/example_dags/example_workday_timetable.py
[2026-05-27T01:54:35.767+0000] {logging_mixin.py:190} INFO - [2026-05-27T01:54:35.767+0000] {dag.py:3211} INFO - Sync 1 DAGs
[2026-05-27T01:54:35.801+0000] {logging_mixin.py:190} INFO - [2026-05-27T01:54:35.800+0000] {dag.py:4138} INFO - Setting next_dagrun for example_workday_timetable to 2021-01-04 00:00:00+00:00, run_after=2021-01-05 00:00:00+00:00
[2026-05-27T01:54:35.811+0000] {processor.py:208} INFO - Processing /home/airflow/.local/lib/python3.12/site-packages/airflow/example_dags/example_workday_timetable.py took 0.072 seconds
[2026-05-27T01:55:06.068+0000] {processor.py:186} INFO - Started process (PID=243) to work on /home/airflow/.local/lib/python3.12/site-packages/airflow/example_dags/example_workday_timetable.py
[2026-05-27T01:55:06.069+0000] {processor.py:914} INFO - Processing file /home/airflow/.local/lib/python3.12/site-packages/airflow/example_dags/example_workday_timetable.py for tasks to queue
[2026-05-27T01:55:06.071+0000] {logging_mixin.py:190} INFO - [2026-05-27T01:55:06.071+0000] {dagbag.py:587} INFO - Filling up the DagBag from /home/airflow/.local/lib/python3.12/site-packages/airflow/example_dags/example_workday_timetable.py
[2026-05-27T01:55:06.075+0000] {processor.py:925} INFO - DAG(s) 'example_workday_timetable' retrieved from /home/airflow/.local/lib/python3.12/site-packages/airflow/example_dags/example_workday_timetable.py
[2026-05-27T01:55:06.093+0000] {logging_mixin.py:190} INFO - [2026-05-27T01:55:06.093+0000] {dag.py:3211} INFO - Sync 1 DAGs
[2026-05-27T01:55:06.133+0000] {logging_mixin.py:190} INFO - [2026-05-27T01:55:06.133+0000] {dag.py:4138} INFO - Setting next_dagrun for example_workday_timetable to 2021-01-04 00:00:00+00:00, run_after=2021-01-05 00:00:00+00:00
[2026-05-27T01:55:06.147+0000] {processor.py:208} INFO - Processing /home/airflow/.local/lib/python3.12/site-packages/airflow/example_dags/example_workday_timetable.py took 0.083 seconds
[2026-05-27T01:55:36.377+0000] {processor.py:186} INFO - Started process (PID=304) to work on /home/airflow/.local/lib/python3.12/site-packages/airflow/example_dags/example_workday_timetable.py
[2026-05-27T01:55:36.377+0000] {processor.py:914} INFO - Processing file /home/airflow/.local/lib/python3.12/site-packages/airflow/example_dags/example_workday_timetable.py for tasks to queue
[2026-05-27T01:55:36.379+0000] {logging_mixin.py:190} INFO - [2026-05-27T01:55:36.379+0000] {dagbag.py:587} INFO - Filling up the DagBag from /home/airflow/.local/lib/python3.12/site-packages/airflow/example_dags/example_workday_timetable.py
[2026-05-27T01:55:36.383+0000] {processor.py:925} INFO - DAG(s) 'example_workday_timetable' retrieved from /home/airflow/.local/lib/python3.12/site-packages/airflow/example_dags/example_workday_timetable.py
[2026-05-27T01:55:36.397+0000] {logging_mixin.py:190} INFO - [2026-05-27T01:55:36.397+0000] {dag.py:3211} INFO - Sync 1 DAGs
[2026-05-27T01:55:36.442+0000] {logging_mixin.py:190} INFO - [2026-05-27T01:55:36.442+0000] {dag.py:4138} INFO - Setting next_dagrun for example_workday_timetable to 2021-01-04 00:00:00+00:00, run_after=2021-01-05 00:00:00+00:00
[2026-05-27T01:55:36.453+0000] {processor.py:208} INFO - Processing /home/airflow/.local/lib/python3.12/site-packages/airflow/example_dags/example_workday_timetable.py took 0.081 seconds
[2026-05-27T01:56:06.885+0000] {processor.py:186} INFO - Started process (PID=367) to work on /home/airflow/.local/lib/python3.12/site-packages/airflow/example_dags/example_workday_timetable.py
[2026-05-27T01:56:06.886+0000] {processor.py:914} INFO - Processing file /home/airflow/.local/lib/python3.12/site-packages/airflow/example_dags/example_workday_timetable.py for tasks to queue
[2026-05-27T01:56:06.887+0000] {logging_mixin.py:190} INFO - [2026-05-27T01:56:06.887+0000] {dagbag.py:587} INFO - Filling up the DagBag from /home/airflow/.local/lib/python3.12/site-packages/airflow/example_dags/example_workday_timetable.py
[2026-05-27T01:56:06.892+0000] {processor.py:925} INFO - DAG(s) 'example_workday_timetable' retrieved from /home/airflow/.local/lib/python3.12/site-packages/airflow/example_dags/example_workday_timetable.py
[2026-05-27T01:56:06.907+0000] {logging_mixin.py:190} INFO - [2026-05-27T01:56:06.907+0000] {dag.py:3211} INFO - Sync 1 DAGs
[2026-05-27T01:56:06.949+0000] {logging_mixin.py:190} INFO - [2026-05-27T01:56:06.948+0000] {dag.py:4138} INFO - Setting next_dagrun for example_workday_timetable to 2021-01-04 00:00:00+00:00, run_after=2021-01-05 00:00:00+00:00
[2026-05-27T01:56:06.963+0000] {processor.py:208} INFO - Processing /home/airflow/.local/lib/python3.12/site-packages/airflow/example_dags/example_workday_timetable.py took 0.082 seconds
[2026-05-27T01:56:37.217+0000] {processor.py:186} INFO - Started process (PID=428) to work on /home/airflow/.local/lib/python3.12/site-packages/airflow/example_dags/example_workday_timetable.py
[2026-05-27T01:56:37.218+0000] {processor.py:914} INFO - Processing file /home/airflow/.local/lib/python3.12/site-packages/airflow/example_dags/example_workday_timetable.py for tasks to queue
[2026-05-27T01:56:37.219+0000] {logging_mixin.py:190} INFO - [2026-05-27T01:56:37.219+0000] {dagbag.py:587} INFO - Filling up the DagBag from /home/airflow/.local/lib/python3.12/site-packages/airflow/example_dags/example_workday_timetable.py
[2026-05-27T01:56:37.224+0000] {processor.py:925} INFO - DAG(s) 'example_workday_timetable' retrieved from /home/airflow/.local/lib/python3.12/site-packages/airflow/example_dags/example_workday_timetable.py
[2026-05-27T01:56:37.239+0000] {logging_mixin.py:190} INFO - [2026-05-27T01:56:37.239+0000] {dag.py:3211} INFO - Sync 1 DAGs
[2026-05-27T01:56:37.271+0000] {logging_mixin.py:190} INFO - [2026-05-27T01:56:37.271+0000] {dag.py:4138} INFO - Setting next_dagrun for example_workday_timetable to 2021-01-04 00:00:00+00:00, run_after=2021-01-05 00:00:00+00:00
[2026-05-27T01:56:37.282+0000] {processor.py:208} INFO - Processing /home/airflow/.local/lib/python3.12/site-packages/airflow/example_dags/example_workday_timetable.py took 0.069 seconds
[2026-05-27T01:57:07.668+0000] {processor.py:186} INFO - Started process (PID=490) to work on /home/airflow/.local/lib/python3.12/site-packages/airflow/example_dags/example_workday_timetable.py
[2026-05-27T01:57:07.669+0000] {processor.py:914} INFO - Processing file /home/airflow/.local/lib/python3.12/site-packages/airflow/example_dags/example_workday_timetable.py for tasks to queue
[2026-05-27T01:57:07.671+0000] {logging_mixin.py:190} INFO - [2026-05-27T01:57:07.671+0000] {dagbag.py:587} INFO - Filling up the DagBag from /home/airflow/.local/lib/python3.12/site-packages/airflow/example_dags/example_workday_timetable.py
[2026-05-27T01:57:07.675+0000] {processor.py:925} INFO - DAG(s) 'example_workday_timetable' retrieved from /home/airflow/.local/lib/python3.12/site-packages/airflow/example_dags/example_workday_timetable.py
[2026-05-27T01:57:07.693+0000] {logging_mixin.py:190} INFO - [2026-05-27T01:57:07.693+0000] {dag.py:3211} INFO - Sync 1 DAGs
[2026-05-27T01:57:07.732+0000] {logging_mixin.py:190} INFO - [2026-05-27T01:57:07.732+0000] {dag.py:4138} INFO - Setting next_dagrun for example_workday_timetable to 2021-01-04 00:00:00+00:00, run_after=2021-01-05 00:00:00+00:00
[2026-05-27T01:57:07.744+0000] {processor.py:208} INFO - Processing /home/airflow/.local/lib/python3.12/site-packages/airflow/example_dags/example_workday_timetable.py took 0.082 seconds
[2026-05-27T01:57:38.346+0000] {processor.py:186} INFO - Started process (PID=553) to work on /home/airflow/.local/lib/python3.12/site-packages/airflow/example_dags/example_workday_timetable.py
[2026-05-27T01:57:38.347+0000] {processor.py:914} INFO - Processing file /home/airflow/.local/lib/python3.12/site-packages/airflow/example_dags/example_workday_timetable.py for tasks to queue
[2026-05-27T01:57:38.349+0000] {logging_mixin.py:190} INFO - [2026-05-27T01:57:38.349+0000] {dagbag.py:587} INFO - Filling up the DagBag from /home/airflow/.local/lib/python3.12/site-packages/airflow/example_dags/example_workday_timetable.py
[2026-05-27T01:57:38.353+0000] {processor.py:925} INFO - DAG(s) 'example_workday_timetable' retrieved from /home/airflow/.local/lib/python3.12/site-packages/airflow/example_dags/example_workday_timetable.py
[2026-05-27T01:57:38.368+0000] {logging_mixin.py:190} INFO - [2026-05-27T01:57:38.368+0000] {dag.py:3211} INFO - Sync 1 DAGs
[2026-05-27T01:57:38.429+0000] {logging_mixin.py:190} INFO - [2026-05-27T01:57:38.429+0000] {dag.py:4138} INFO - Setting next_dagrun for example_workday_timetable to 2021-01-04 00:00:00+00:00, run_after=2021-01-05 00:00:00+00:00
[2026-05-27T01:57:38.441+0000] {processor.py:208} INFO - Processing /home/airflow/.local/lib/python3.12/site-packages/airflow/example_dags/example_workday_timetable.py took 0.099 seconds
[2026-05-27T01:58:08.895+0000] {processor.py:186} INFO - Started process (PID=615) to work on /home/airflow/.local/lib/python3.12/site-packages/airflow/example_dags/example_workday_timetable.py
[2026-05-27T01:58:08.896+0000] {processor.py:914} INFO - Processing file /home/airflow/.local/lib/python3.12/site-packages/airflow/example_dags/example_workday_timetable.py for tasks to queue
[2026-05-27T01:58:08.897+0000] {logging_mixin.py:190} INFO - [2026-05-27T01:58:08.897+0000] {dagbag.py:587} INFO - Filling up the DagBag from /home/airflow/.local/lib/python3.12/site-packages/airflow/example_dags/example_workday_timetable.py
[2026-05-27T01:58:08.902+0000] {processor.py:925} INFO - DAG(s) 'example_workday_timetable' retrieved from /home/airflow/.local/lib/python3.12/site-packages/airflow/example_dags/example_workday_timetable.py
[2026-05-27T01:58:08.917+0000] {logging_mixin.py:190} INFO - [2026-05-27T01:58:08.917+0000] {dag.py:3211} INFO - Sync 1 DAGs
[2026-05-27T01:58:08.957+0000] {logging_mixin.py:190} INFO - [2026-05-27T01:58:08.957+0000] {dag.py:4138} INFO - Setting next_dagrun for example_workday_timetable to 2021-01-04 00:00:00+00:00, run_after=2021-01-05 00:00:00+00:00
[2026-05-27T01:58:08.970+0000] {processor.py:208} INFO - Processing /home/airflow/.local/lib/python3.12/site-packages/airflow/example_dags/example_workday_timetable.py took 0.081 seconds
[2026-05-27T01:59:15.396+0000] {processor.py:186} INFO - Started process (PID=110) to work on /home/airflow/.local/lib/python3.12/site-packages/airflow/example_dags/example_workday_timetable.py
[2026-05-27T01:59:15.397+0000] {processor.py:914} INFO - Processing file /home/airflow/.local/lib/python3.12/site-packages/airflow/example_dags/example_workday_timetable.py for tasks to queue
[2026-05-27T01:59:15.399+0000] {logging_mixin.py:190} INFO - [2026-05-27T01:59:15.399+0000] {dagbag.py:587} INFO - Filling up the DagBag from /home/airflow/.local/lib/python3.12/site-packages/airflow/example_dags/example_workday_timetable.py
[2026-05-27T01:59:15.404+0000] {processor.py:925} INFO - DAG(s) 'example_workday_timetable' retrieved from /home/airflow/.local/lib/python3.12/site-packages/airflow/example_dags/example_workday_timetable.py
[2026-05-27T01:59:15.423+0000] {logging_mixin.py:190} INFO - [2026-05-27T01:59:15.423+0000] {dag.py:3211} INFO - Sync 1 DAGs
[2026-05-27T01:59:15.474+0000] {logging_mixin.py:190} INFO - [2026-05-27T01:59:15.474+0000] {dag.py:4138} INFO - Setting next_dagrun for example_workday_timetable to 2021-01-04 00:00:00+00:00, run_after=2021-01-05 00:00:00+00:00
[2026-05-27T01:59:15.488+0000] {processor.py:208} INFO - Processing /home/airflow/.local/lib/python3.12/site-packages/airflow/example_dags/example_workday_timetable.py took 0.099 seconds
[2026-05-27T01:59:45.616+0000] {processor.py:186} INFO - Started process (PID=208) to work on /home/airflow/.local/lib/python3.12/site-packages/airflow/example_dags/example_workday_timetable.py
[2026-05-27T01:59:45.617+0000] {processor.py:914} INFO - Processing file /home/airflow/.local/lib/python3.12/site-packages/airflow/example_dags/example_workday_timetable.py for tasks to queue
[2026-05-27T01:59:45.619+0000] {logging_mixin.py:190} INFO - [2026-05-27T01:59:45.618+0000] {dagbag.py:587} INFO - Filling up the DagBag from /home/airflow/.local/lib/python3.12/site-packages/airflow/example_dags/example_workday_timetable.py
[2026-05-27T01:59:45.624+0000] {processor.py:925} INFO - DAG(s) 'example_workday_timetable' retrieved from /home/airflow/.local/lib/python3.12/site-packages/airflow/example_dags/example_workday_timetable.py
[2026-05-27T01:59:45.643+0000] {logging_mixin.py:190} INFO - [2026-05-27T01:59:45.643+0000] {dag.py:3211} INFO - Sync 1 DAGs
[2026-05-27T01:59:45.688+0000] {logging_mixin.py:190} INFO - [2026-05-27T01:59:45.688+0000] {dag.py:4138} INFO - Setting next_dagrun for example_workday_timetable to 2021-01-04 00:00:00+00:00, run_after=2021-01-05 00:00:00+00:00
[2026-05-27T01:59:45.701+0000] {processor.py:208} INFO - Processing /home/airflow/.local/lib/python3.12/site-packages/airflow/example_dags/example_workday_timetable.py took 0.090 seconds
[2026-05-27T02:00:16.565+0000] {processor.py:186} INFO - Started process (PID=277) to work on /home/airflow/.local/lib/python3.12/site-packages/airflow/example_dags/example_workday_timetable.py
[2026-05-27T02:00:16.566+0000] {processor.py:914} INFO - Processing file /home/airflow/.local/lib/python3.12/site-packages/airflow/example_dags/example_workday_timetable.py for tasks to queue
[2026-05-27T02:00:16.568+0000] {logging_mixin.py:190} INFO - [2026-05-27T02:00:16.568+0000] {dagbag.py:587} INFO - Filling up the DagBag from /home/airflow/.local/lib/python3.12/site-packages/airflow/example_dags/example_workday_timetable.py
[2026-05-27T02:00:16.573+0000] {processor.py:925} INFO - DAG(s) 'example_workday_timetable' retrieved from /home/airflow/.local/lib/python3.12/site-packages/airflow/example_dags/example_workday_timetable.py
[2026-05-27T02:00:16.591+0000] {logging_mixin.py:190} INFO - [2026-05-27T02:00:16.591+0000] {dag.py:3211} INFO - Sync 1 DAGs
[2026-05-27T02:00:16.635+0000] {logging_mixin.py:190} INFO - [2026-05-27T02:00:16.635+0000] {dag.py:4138} INFO - Setting next_dagrun for example_workday_timetable to 2021-01-04 00:00:00+00:00, run_after=2021-01-05 00:00:00+00:00
[2026-05-27T02:00:16.651+0000] {processor.py:208} INFO - Processing /home/airflow/.local/lib/python3.12/site-packages/airflow/example_dags/example_workday_timetable.py took 0.091 seconds
[2026-05-27T02:00:47.715+0000] {processor.py:186} INFO - Started process (PID=339) to work on /home/airflow/.local/lib/python3.12/site-packages/airflow/example_dags/example_workday_timetable.py
[2026-05-27T02:00:47.718+0000] {processor.py:914} INFO - Processing file /home/airflow/.local/lib/python3.12/site-packages/airflow/example_dags/example_workday_timetable.py for tasks to queue
[2026-05-27T02:00:47.729+0000] {logging_mixin.py:190} INFO - [2026-05-27T02:00:47.728+0000] {dagbag.py:587} INFO - Filling up the DagBag from /home/airflow/.local/lib/python3.12/site-packages/airflow/example_dags/example_workday_timetable.py
[2026-05-27T02:00:47.736+0000] {processor.py:925} INFO - DAG(s) 'example_workday_timetable' retrieved from /home/airflow/.local/lib/python3.12/site-packages/airflow/example_dags/example_workday_timetable.py
[2026-05-27T02:00:47.775+0000] {logging_mixin.py:190} INFO - [2026-05-27T02:00:47.775+0000] {dag.py:3211} INFO - Sync 1 DAGs
[2026-05-27T02:00:47.858+0000] {logging_mixin.py:190} INFO - [2026-05-27T02:00:47.858+0000] {dag.py:4138} INFO - Setting next_dagrun for example_workday_timetable to 2021-01-04 00:00:00+00:00, run_after=2021-01-05 00:00:00+00:00
[2026-05-27T02:00:47.879+0000] {processor.py:208} INFO - Processing /home/airflow/.local/lib/python3.12/site-packages/airflow/example_dags/example_workday_timetable.py took 0.188 seconds
[2026-05-27T02:01:18.801+0000] {processor.py:186} INFO - Started process (PID=401) to work on /home/airflow/.local/lib/python3.12/site-packages/airflow/example_dags/example_workday_timetable.py
[2026-05-27T02:01:18.802+0000] {processor.py:914} INFO - Processing file /home/airflow/.local/lib/python3.12/site-packages/airflow/example_dags/example_workday_timetable.py for tasks to queue
[2026-05-27T02:01:18.804+0000] {logging_mixin.py:190} INFO - [2026-05-27T02:01:18.804+0000] {dagbag.py:587} INFO - Filling up the DagBag from /home/airflow/.local/lib/python3.12/site-packages/airflow/example_dags/example_workday_timetable.py
[2026-05-27T02:01:18.809+0000] {processor.py:925} INFO - DAG(s) 'example_workday_timetable' retrieved from /home/airflow/.local/lib/python3.12/site-packages/airflow/example_dags/example_workday_timetable.py
[2026-05-27T02:01:18.825+0000] {logging_mixin.py:190} INFO - [2026-05-27T02:01:18.825+0000] {dag.py:3211} INFO - Sync 1 DAGs
[2026-05-27T02:01:18.870+0000] {logging_mixin.py:190} INFO - [2026-05-27T02:01:18.869+0000] {dag.py:4138} INFO - Setting next_dagrun for example_workday_timetable to 2021-01-04 00:00:00+00:00, run_after=2021-01-05 00:00:00+00:00
[2026-05-27T02:01:18.885+0000] {processor.py:208} INFO - Processing /home/airflow/.local/lib/python3.12/site-packages/airflow/example_dags/example_workday_timetable.py took 0.088 seconds
[2026-05-27T02:01:50.376+0000] {processor.py:186} INFO - Started process (PID=94) to work on /home/airflow/.local/lib/python3.12/site-packages/airflow/example_dags/example_workday_timetable.py
[2026-05-27T02:01:50.377+0000] {processor.py:914} INFO - Processing file /home/airflow/.local/lib/python3.12/site-packages/airflow/example_dags/example_workday_timetable.py for tasks to queue
[2026-05-27T02:01:50.379+0000] {logging_mixin.py:190} INFO - [2026-05-27T02:01:50.378+0000] {dagbag.py:587} INFO - Filling up the DagBag from /home/airflow/.local/lib/python3.12/site-packages/airflow/example_dags/example_workday_timetable.py
[2026-05-27T02:01:50.383+0000] {processor.py:925} INFO - DAG(s) 'example_workday_timetable' retrieved from /home/airflow/.local/lib/python3.12/site-packages/airflow/example_dags/example_workday_timetable.py
[2026-05-27T02:01:50.398+0000] {logging_mixin.py:190} INFO - [2026-05-27T02:01:50.398+0000] {dag.py:3211} INFO - Sync 1 DAGs
[2026-05-27T02:01:50.432+0000] {logging_mixin.py:190} INFO - [2026-05-27T02:01:50.432+0000] {dag.py:4138} INFO - Setting next_dagrun for example_workday_timetable to 2021-01-04 00:00:00+00:00, run_after=2021-01-05 00:00:00+00:00
[2026-05-27T02:01:50.444+0000] {processor.py:208} INFO - Processing /home/airflow/.local/lib/python3.12/site-packages/airflow/example_dags/example_workday_timetable.py took 0.072 seconds
[2026-05-27T02:02:20.256+0000] {processor.py:186} INFO - Started process (PID=94) to work on /home/airflow/.local/lib/python3.12/site-packages/airflow/example_dags/example_workday_timetable.py
[2026-05-27T02:02:20.257+0000] {processor.py:914} INFO - Processing file /home/airflow/.local/lib/python3.12/site-packages/airflow/example_dags/example_workday_timetable.py for tasks to queue
[2026-05-27T02:02:20.259+0000] {logging_mixin.py:190} INFO - [2026-05-27T02:02:20.258+0000] {dagbag.py:587} INFO - Filling up the DagBag from /home/airflow/.local/lib/python3.12/site-packages/airflow/example_dags/example_workday_timetable.py
[2026-05-27T02:02:20.263+0000] {processor.py:925} INFO - DAG(s) 'example_workday_timetable' retrieved from /home/airflow/.local/lib/python3.12/site-packages/airflow/example_dags/example_workday_timetable.py
[2026-05-27T02:02:20.283+0000] {logging_mixin.py:190} INFO - [2026-05-27T02:02:20.282+0000] {dag.py:3211} INFO - Sync 1 DAGs
[2026-05-27T02:02:20.336+0000] {logging_mixin.py:190} INFO - [2026-05-27T02:02:20.336+0000] {dag.py:4138} INFO - Setting next_dagrun for example_workday_timetable to 2021-01-04 00:00:00+00:00, run_after=2021-01-05 00:00:00+00:00
[2026-05-27T02:02:20.350+0000] {processor.py:208} INFO - Processing /home/airflow/.local/lib/python3.12/site-packages/airflow/example_dags/example_workday_timetable.py took 0.099 seconds
[2026-05-27T02:03:02.102+0000] {processor.py:186} INFO - Started process (PID=100) to work on /home/airflow/.local/lib/python3.12/site-packages/airflow/example_dags/example_workday_timetable.py
[2026-05-27T02:03:02.103+0000] {processor.py:914} INFO - Processing file /home/airflow/.local/lib/python3.12/site-packages/airflow/example_dags/example_workday_timetable.py for tasks to queue
[2026-05-27T02:03:02.106+0000] {logging_mixin.py:190} INFO - [2026-05-27T02:03:02.105+0000] {dagbag.py:587} INFO - Filling up the DagBag from /home/airflow/.local/lib/python3.12/site-packages/airflow/example_dags/example_workday_timetable.py
[2026-05-27T02:03:02.111+0000] {processor.py:925} INFO - DAG(s) 'example_workday_timetable' retrieved from /home/airflow/.local/lib/python3.12/site-packages/airflow/example_dags/example_workday_timetable.py
[2026-05-27T02:03:02.132+0000] {logging_mixin.py:190} INFO - [2026-05-27T02:03:02.132+0000] {dag.py:3211} INFO - Sync 1 DAGs
[2026-05-27T02:03:02.183+0000] {logging_mixin.py:190} INFO - [2026-05-27T02:03:02.182+0000] {dag.py:4138} INFO - Setting next_dagrun for example_workday_timetable to 2021-01-04 00:00:00+00:00, run_after=2021-01-05 00:00:00+00:00
[2026-05-27T02:03:02.199+0000] {processor.py:208} INFO - Processing /home/airflow/.local/lib/python3.12/site-packages/airflow/example_dags/example_workday_timetable.py took 0.102 seconds
