[2026-05-27T01:54:03.730+0000] {processor.py:186} INFO - Started process (PID=89) to work on /home/airflow/.local/lib/python3.12/site-packages/airflow/example_dags/example_sensor_decorator.py
[2026-05-27T01:54:03.731+0000] {processor.py:914} INFO - Processing file /home/airflow/.local/lib/python3.12/site-packages/airflow/example_dags/example_sensor_decorator.py for tasks to queue
[2026-05-27T01:54:03.733+0000] {logging_mixin.py:190} INFO - [2026-05-27T01:54:03.733+0000] {dagbag.py:587} INFO - Filling up the DagBag from /home/airflow/.local/lib/python3.12/site-packages/airflow/example_dags/example_sensor_decorator.py
[2026-05-27T01:54:03.740+0000] {processor.py:925} INFO - DAG(s) 'example_sensor_decorator' retrieved from /home/airflow/.local/lib/python3.12/site-packages/airflow/example_dags/example_sensor_decorator.py
[2026-05-27T01:54:03.812+0000] {logging_mixin.py:190} INFO - [2026-05-27T01:54:03.811+0000] {override.py:1858} INFO - Created Permission View: can edit on DAG:example_sensor_decorator
[2026-05-27T01:54:03.820+0000] {logging_mixin.py:190} INFO - [2026-05-27T01:54:03.820+0000] {override.py:1858} INFO - Created Permission View: can read on DAG:example_sensor_decorator
[2026-05-27T01:54:03.824+0000] {logging_mixin.py:190} INFO - [2026-05-27T01:54:03.824+0000] {override.py:1858} INFO - Created Permission View: can delete on DAG:example_sensor_decorator
[2026-05-27T01:54:03.824+0000] {logging_mixin.py:190} INFO - [2026-05-27T01:54:03.824+0000] {dag.py:3211} INFO - Sync 1 DAGs
[2026-05-27T01:54:03.832+0000] {logging_mixin.py:190} INFO - [2026-05-27T01:54:03.832+0000] {dag.py:3234} INFO - Creating ORM DAG for example_sensor_decorator
[2026-05-27T01:54:03.833+0000] {logging_mixin.py:190} INFO - [2026-05-27T01:54:03.833+0000] {dag.py:4138} INFO - Setting next_dagrun for example_sensor_decorator to None, run_after=None
[2026-05-27T01:54:03.843+0000] {processor.py:208} INFO - Processing /home/airflow/.local/lib/python3.12/site-packages/airflow/example_dags/example_sensor_decorator.py took 0.118 seconds
[2026-05-27T01:54:34.769+0000] {processor.py:186} INFO - Started process (PID=161) to work on /home/airflow/.local/lib/python3.12/site-packages/airflow/example_dags/example_sensor_decorator.py
[2026-05-27T01:54:34.770+0000] {processor.py:914} INFO - Processing file /home/airflow/.local/lib/python3.12/site-packages/airflow/example_dags/example_sensor_decorator.py for tasks to queue
[2026-05-27T01:54:34.772+0000] {logging_mixin.py:190} INFO - [2026-05-27T01:54:34.772+0000] {dagbag.py:587} INFO - Filling up the DagBag from /home/airflow/.local/lib/python3.12/site-packages/airflow/example_dags/example_sensor_decorator.py
[2026-05-27T01:54:34.778+0000] {processor.py:925} INFO - DAG(s) 'example_sensor_decorator' retrieved from /home/airflow/.local/lib/python3.12/site-packages/airflow/example_dags/example_sensor_decorator.py
[2026-05-27T01:54:34.794+0000] {logging_mixin.py:190} INFO - [2026-05-27T01:54:34.794+0000] {dag.py:3211} INFO - Sync 1 DAGs
[2026-05-27T01:54:34.803+0000] {logging_mixin.py:190} INFO - [2026-05-27T01:54:34.803+0000] {dag.py:4138} INFO - Setting next_dagrun for example_sensor_decorator to None, run_after=None
[2026-05-27T01:54:34.814+0000] {processor.py:208} INFO - Processing /home/airflow/.local/lib/python3.12/site-packages/airflow/example_dags/example_sensor_decorator.py took 0.050 seconds
[2026-05-27T01:55:05.024+0000] {processor.py:186} INFO - Started process (PID=226) to work on /home/airflow/.local/lib/python3.12/site-packages/airflow/example_dags/example_sensor_decorator.py
[2026-05-27T01:55:05.025+0000] {processor.py:914} INFO - Processing file /home/airflow/.local/lib/python3.12/site-packages/airflow/example_dags/example_sensor_decorator.py for tasks to queue
[2026-05-27T01:55:05.027+0000] {logging_mixin.py:190} INFO - [2026-05-27T01:55:05.027+0000] {dagbag.py:587} INFO - Filling up the DagBag from /home/airflow/.local/lib/python3.12/site-packages/airflow/example_dags/example_sensor_decorator.py
[2026-05-27T01:55:05.033+0000] {processor.py:925} INFO - DAG(s) 'example_sensor_decorator' retrieved from /home/airflow/.local/lib/python3.12/site-packages/airflow/example_dags/example_sensor_decorator.py
[2026-05-27T01:55:05.047+0000] {logging_mixin.py:190} INFO - [2026-05-27T01:55:05.047+0000] {dag.py:3211} INFO - Sync 1 DAGs
[2026-05-27T01:55:05.056+0000] {logging_mixin.py:190} INFO - [2026-05-27T01:55:05.056+0000] {dag.py:4138} INFO - Setting next_dagrun for example_sensor_decorator to None, run_after=None
[2026-05-27T01:55:05.069+0000] {processor.py:208} INFO - Processing /home/airflow/.local/lib/python3.12/site-packages/airflow/example_dags/example_sensor_decorator.py took 0.049 seconds
[2026-05-27T01:55:35.478+0000] {processor.py:186} INFO - Started process (PID=288) to work on /home/airflow/.local/lib/python3.12/site-packages/airflow/example_dags/example_sensor_decorator.py
[2026-05-27T01:55:35.479+0000] {processor.py:914} INFO - Processing file /home/airflow/.local/lib/python3.12/site-packages/airflow/example_dags/example_sensor_decorator.py for tasks to queue
[2026-05-27T01:55:35.481+0000] {logging_mixin.py:190} INFO - [2026-05-27T01:55:35.481+0000] {dagbag.py:587} INFO - Filling up the DagBag from /home/airflow/.local/lib/python3.12/site-packages/airflow/example_dags/example_sensor_decorator.py
[2026-05-27T01:55:35.486+0000] {processor.py:925} INFO - DAG(s) 'example_sensor_decorator' retrieved from /home/airflow/.local/lib/python3.12/site-packages/airflow/example_dags/example_sensor_decorator.py
[2026-05-27T01:55:35.501+0000] {logging_mixin.py:190} INFO - [2026-05-27T01:55:35.501+0000] {dag.py:3211} INFO - Sync 1 DAGs
[2026-05-27T01:55:35.511+0000] {logging_mixin.py:190} INFO - [2026-05-27T01:55:35.511+0000] {dag.py:4138} INFO - Setting next_dagrun for example_sensor_decorator to None, run_after=None
[2026-05-27T01:55:35.522+0000] {processor.py:208} INFO - Processing /home/airflow/.local/lib/python3.12/site-packages/airflow/example_dags/example_sensor_decorator.py took 0.049 seconds
[2026-05-27T01:56:05.807+0000] {processor.py:186} INFO - Started process (PID=350) to work on /home/airflow/.local/lib/python3.12/site-packages/airflow/example_dags/example_sensor_decorator.py
[2026-05-27T01:56:05.808+0000] {processor.py:914} INFO - Processing file /home/airflow/.local/lib/python3.12/site-packages/airflow/example_dags/example_sensor_decorator.py for tasks to queue
[2026-05-27T01:56:05.810+0000] {logging_mixin.py:190} INFO - [2026-05-27T01:56:05.810+0000] {dagbag.py:587} INFO - Filling up the DagBag from /home/airflow/.local/lib/python3.12/site-packages/airflow/example_dags/example_sensor_decorator.py
[2026-05-27T01:56:05.818+0000] {processor.py:925} INFO - DAG(s) 'example_sensor_decorator' retrieved from /home/airflow/.local/lib/python3.12/site-packages/airflow/example_dags/example_sensor_decorator.py
[2026-05-27T01:56:05.835+0000] {logging_mixin.py:190} INFO - [2026-05-27T01:56:05.835+0000] {dag.py:3211} INFO - Sync 1 DAGs
[2026-05-27T01:56:05.845+0000] {logging_mixin.py:190} INFO - [2026-05-27T01:56:05.844+0000] {dag.py:4138} INFO - Setting next_dagrun for example_sensor_decorator to None, run_after=None
[2026-05-27T01:56:05.856+0000] {processor.py:208} INFO - Processing /home/airflow/.local/lib/python3.12/site-packages/airflow/example_dags/example_sensor_decorator.py took 0.054 seconds
[2026-05-27T01:56:36.357+0000] {processor.py:186} INFO - Started process (PID=412) to work on /home/airflow/.local/lib/python3.12/site-packages/airflow/example_dags/example_sensor_decorator.py
[2026-05-27T01:56:36.358+0000] {processor.py:914} INFO - Processing file /home/airflow/.local/lib/python3.12/site-packages/airflow/example_dags/example_sensor_decorator.py for tasks to queue
[2026-05-27T01:56:36.361+0000] {logging_mixin.py:190} INFO - [2026-05-27T01:56:36.360+0000] {dagbag.py:587} INFO - Filling up the DagBag from /home/airflow/.local/lib/python3.12/site-packages/airflow/example_dags/example_sensor_decorator.py
[2026-05-27T01:56:36.366+0000] {processor.py:925} INFO - DAG(s) 'example_sensor_decorator' retrieved from /home/airflow/.local/lib/python3.12/site-packages/airflow/example_dags/example_sensor_decorator.py
[2026-05-27T01:56:36.380+0000] {logging_mixin.py:190} INFO - [2026-05-27T01:56:36.380+0000] {dag.py:3211} INFO - Sync 1 DAGs
[2026-05-27T01:56:36.389+0000] {logging_mixin.py:190} INFO - [2026-05-27T01:56:36.389+0000] {dag.py:4138} INFO - Setting next_dagrun for example_sensor_decorator to None, run_after=None
[2026-05-27T01:56:36.399+0000] {processor.py:208} INFO - Processing /home/airflow/.local/lib/python3.12/site-packages/airflow/example_dags/example_sensor_decorator.py took 0.047 seconds
[2026-05-27T01:57:06.739+0000] {processor.py:186} INFO - Started process (PID=474) to work on /home/airflow/.local/lib/python3.12/site-packages/airflow/example_dags/example_sensor_decorator.py
[2026-05-27T01:57:06.740+0000] {processor.py:914} INFO - Processing file /home/airflow/.local/lib/python3.12/site-packages/airflow/example_dags/example_sensor_decorator.py for tasks to queue
[2026-05-27T01:57:06.742+0000] {logging_mixin.py:190} INFO - [2026-05-27T01:57:06.742+0000] {dagbag.py:587} INFO - Filling up the DagBag from /home/airflow/.local/lib/python3.12/site-packages/airflow/example_dags/example_sensor_decorator.py
[2026-05-27T01:57:06.748+0000] {processor.py:925} INFO - DAG(s) 'example_sensor_decorator' retrieved from /home/airflow/.local/lib/python3.12/site-packages/airflow/example_dags/example_sensor_decorator.py
[2026-05-27T01:57:06.764+0000] {logging_mixin.py:190} INFO - [2026-05-27T01:57:06.764+0000] {dag.py:3211} INFO - Sync 1 DAGs
[2026-05-27T01:57:06.790+0000] {logging_mixin.py:190} INFO - [2026-05-27T01:57:06.790+0000] {dag.py:4138} INFO - Setting next_dagrun for example_sensor_decorator to None, run_after=None
[2026-05-27T01:57:06.856+0000] {processor.py:208} INFO - Processing /home/airflow/.local/lib/python3.12/site-packages/airflow/example_dags/example_sensor_decorator.py took 0.126 seconds
[2026-05-27T01:57:37.311+0000] {processor.py:186} INFO - Started process (PID=536) to work on /home/airflow/.local/lib/python3.12/site-packages/airflow/example_dags/example_sensor_decorator.py
[2026-05-27T01:57:37.311+0000] {processor.py:914} INFO - Processing file /home/airflow/.local/lib/python3.12/site-packages/airflow/example_dags/example_sensor_decorator.py for tasks to queue
[2026-05-27T01:57:37.313+0000] {logging_mixin.py:190} INFO - [2026-05-27T01:57:37.313+0000] {dagbag.py:587} INFO - Filling up the DagBag from /home/airflow/.local/lib/python3.12/site-packages/airflow/example_dags/example_sensor_decorator.py
[2026-05-27T01:57:37.319+0000] {processor.py:925} INFO - DAG(s) 'example_sensor_decorator' retrieved from /home/airflow/.local/lib/python3.12/site-packages/airflow/example_dags/example_sensor_decorator.py
[2026-05-27T01:57:37.334+0000] {logging_mixin.py:190} INFO - [2026-05-27T01:57:37.333+0000] {dag.py:3211} INFO - Sync 1 DAGs
[2026-05-27T01:57:37.342+0000] {logging_mixin.py:190} INFO - [2026-05-27T01:57:37.342+0000] {dag.py:4138} INFO - Setting next_dagrun for example_sensor_decorator to None, run_after=None
[2026-05-27T01:57:37.353+0000] {processor.py:208} INFO - Processing /home/airflow/.local/lib/python3.12/site-packages/airflow/example_dags/example_sensor_decorator.py took 0.047 seconds
[2026-05-27T01:58:07.783+0000] {processor.py:186} INFO - Started process (PID=598) to work on /home/airflow/.local/lib/python3.12/site-packages/airflow/example_dags/example_sensor_decorator.py
[2026-05-27T01:58:07.784+0000] {processor.py:914} INFO - Processing file /home/airflow/.local/lib/python3.12/site-packages/airflow/example_dags/example_sensor_decorator.py for tasks to queue
[2026-05-27T01:58:07.787+0000] {logging_mixin.py:190} INFO - [2026-05-27T01:58:07.786+0000] {dagbag.py:587} INFO - Filling up the DagBag from /home/airflow/.local/lib/python3.12/site-packages/airflow/example_dags/example_sensor_decorator.py
[2026-05-27T01:58:07.793+0000] {processor.py:925} INFO - DAG(s) 'example_sensor_decorator' retrieved from /home/airflow/.local/lib/python3.12/site-packages/airflow/example_dags/example_sensor_decorator.py
[2026-05-27T01:58:07.810+0000] {logging_mixin.py:190} INFO - [2026-05-27T01:58:07.809+0000] {dag.py:3211} INFO - Sync 1 DAGs
[2026-05-27T01:58:07.819+0000] {logging_mixin.py:190} INFO - [2026-05-27T01:58:07.819+0000] {dag.py:4138} INFO - Setting next_dagrun for example_sensor_decorator to None, run_after=None
[2026-05-27T01:58:07.831+0000] {processor.py:208} INFO - Processing /home/airflow/.local/lib/python3.12/site-packages/airflow/example_dags/example_sensor_decorator.py took 0.053 seconds
[2026-05-27T01:59:14.381+0000] {processor.py:186} INFO - Started process (PID=92) to work on /home/airflow/.local/lib/python3.12/site-packages/airflow/example_dags/example_sensor_decorator.py
[2026-05-27T01:59:14.382+0000] {processor.py:914} INFO - Processing file /home/airflow/.local/lib/python3.12/site-packages/airflow/example_dags/example_sensor_decorator.py for tasks to queue
[2026-05-27T01:59:14.384+0000] {logging_mixin.py:190} INFO - [2026-05-27T01:59:14.384+0000] {dagbag.py:587} INFO - Filling up the DagBag from /home/airflow/.local/lib/python3.12/site-packages/airflow/example_dags/example_sensor_decorator.py
[2026-05-27T01:59:14.391+0000] {processor.py:925} INFO - DAG(s) 'example_sensor_decorator' retrieved from /home/airflow/.local/lib/python3.12/site-packages/airflow/example_dags/example_sensor_decorator.py
[2026-05-27T01:59:14.407+0000] {logging_mixin.py:190} INFO - [2026-05-27T01:59:14.407+0000] {dag.py:3211} INFO - Sync 1 DAGs
[2026-05-27T01:59:14.418+0000] {logging_mixin.py:190} INFO - [2026-05-27T01:59:14.418+0000] {dag.py:4138} INFO - Setting next_dagrun for example_sensor_decorator to None, run_after=None
[2026-05-27T01:59:14.433+0000] {processor.py:208} INFO - Processing /home/airflow/.local/lib/python3.12/site-packages/airflow/example_dags/example_sensor_decorator.py took 0.057 seconds
[2026-05-27T01:59:44.745+0000] {processor.py:186} INFO - Started process (PID=190) to work on /home/airflow/.local/lib/python3.12/site-packages/airflow/example_dags/example_sensor_decorator.py
[2026-05-27T01:59:44.746+0000] {processor.py:914} INFO - Processing file /home/airflow/.local/lib/python3.12/site-packages/airflow/example_dags/example_sensor_decorator.py for tasks to queue
[2026-05-27T01:59:44.748+0000] {logging_mixin.py:190} INFO - [2026-05-27T01:59:44.748+0000] {dagbag.py:587} INFO - Filling up the DagBag from /home/airflow/.local/lib/python3.12/site-packages/airflow/example_dags/example_sensor_decorator.py
[2026-05-27T01:59:44.754+0000] {processor.py:925} INFO - DAG(s) 'example_sensor_decorator' retrieved from /home/airflow/.local/lib/python3.12/site-packages/airflow/example_dags/example_sensor_decorator.py
[2026-05-27T01:59:44.770+0000] {logging_mixin.py:190} INFO - [2026-05-27T01:59:44.770+0000] {dag.py:3211} INFO - Sync 1 DAGs
[2026-05-27T01:59:44.781+0000] {logging_mixin.py:190} INFO - [2026-05-27T01:59:44.781+0000] {dag.py:4138} INFO - Setting next_dagrun for example_sensor_decorator to None, run_after=None
[2026-05-27T01:59:44.795+0000] {processor.py:208} INFO - Processing /home/airflow/.local/lib/python3.12/site-packages/airflow/example_dags/example_sensor_decorator.py took 0.055 seconds
[2026-05-27T02:00:15.316+0000] {processor.py:186} INFO - Started process (PID=253) to work on /home/airflow/.local/lib/python3.12/site-packages/airflow/example_dags/example_sensor_decorator.py
[2026-05-27T02:00:15.317+0000] {processor.py:914} INFO - Processing file /home/airflow/.local/lib/python3.12/site-packages/airflow/example_dags/example_sensor_decorator.py for tasks to queue
[2026-05-27T02:00:15.320+0000] {logging_mixin.py:190} INFO - [2026-05-27T02:00:15.319+0000] {dagbag.py:587} INFO - Filling up the DagBag from /home/airflow/.local/lib/python3.12/site-packages/airflow/example_dags/example_sensor_decorator.py
[2026-05-27T02:00:15.327+0000] {processor.py:925} INFO - DAG(s) 'example_sensor_decorator' retrieved from /home/airflow/.local/lib/python3.12/site-packages/airflow/example_dags/example_sensor_decorator.py
[2026-05-27T02:00:15.347+0000] {logging_mixin.py:190} INFO - [2026-05-27T02:00:15.347+0000] {dag.py:3211} INFO - Sync 1 DAGs
[2026-05-27T02:00:15.359+0000] {logging_mixin.py:190} INFO - [2026-05-27T02:00:15.359+0000] {dag.py:4138} INFO - Setting next_dagrun for example_sensor_decorator to None, run_after=None
[2026-05-27T02:00:15.378+0000] {processor.py:208} INFO - Processing /home/airflow/.local/lib/python3.12/site-packages/airflow/example_dags/example_sensor_decorator.py took 0.066 seconds
[2026-05-27T02:00:45.863+0000] {processor.py:186} INFO - Started process (PID=315) to work on /home/airflow/.local/lib/python3.12/site-packages/airflow/example_dags/example_sensor_decorator.py
[2026-05-27T02:00:45.864+0000] {processor.py:914} INFO - Processing file /home/airflow/.local/lib/python3.12/site-packages/airflow/example_dags/example_sensor_decorator.py for tasks to queue
[2026-05-27T02:00:45.867+0000] {logging_mixin.py:190} INFO - [2026-05-27T02:00:45.866+0000] {dagbag.py:587} INFO - Filling up the DagBag from /home/airflow/.local/lib/python3.12/site-packages/airflow/example_dags/example_sensor_decorator.py
[2026-05-27T02:00:45.873+0000] {processor.py:925} INFO - DAG(s) 'example_sensor_decorator' retrieved from /home/airflow/.local/lib/python3.12/site-packages/airflow/example_dags/example_sensor_decorator.py
[2026-05-27T02:00:45.888+0000] {logging_mixin.py:190} INFO - [2026-05-27T02:00:45.888+0000] {dag.py:3211} INFO - Sync 1 DAGs
[2026-05-27T02:00:45.899+0000] {logging_mixin.py:190} INFO - [2026-05-27T02:00:45.899+0000] {dag.py:4138} INFO - Setting next_dagrun for example_sensor_decorator to None, run_after=None
[2026-05-27T02:00:45.912+0000] {processor.py:208} INFO - Processing /home/airflow/.local/lib/python3.12/site-packages/airflow/example_dags/example_sensor_decorator.py took 0.053 seconds
[2026-05-27T02:01:16.045+0000] {processor.py:186} INFO - Started process (PID=383) to work on /home/airflow/.local/lib/python3.12/site-packages/airflow/example_dags/example_sensor_decorator.py
[2026-05-27T02:01:16.046+0000] {processor.py:914} INFO - Processing file /home/airflow/.local/lib/python3.12/site-packages/airflow/example_dags/example_sensor_decorator.py for tasks to queue
[2026-05-27T02:01:16.049+0000] {logging_mixin.py:190} INFO - [2026-05-27T02:01:16.048+0000] {dagbag.py:587} INFO - Filling up the DagBag from /home/airflow/.local/lib/python3.12/site-packages/airflow/example_dags/example_sensor_decorator.py
[2026-05-27T02:01:16.055+0000] {processor.py:925} INFO - DAG(s) 'example_sensor_decorator' retrieved from /home/airflow/.local/lib/python3.12/site-packages/airflow/example_dags/example_sensor_decorator.py
[2026-05-27T02:01:16.070+0000] {logging_mixin.py:190} INFO - [2026-05-27T02:01:16.070+0000] {dag.py:3211} INFO - Sync 1 DAGs
[2026-05-27T02:01:16.080+0000] {logging_mixin.py:190} INFO - [2026-05-27T02:01:16.079+0000] {dag.py:4138} INFO - Setting next_dagrun for example_sensor_decorator to None, run_after=None
[2026-05-27T02:01:16.090+0000] {processor.py:208} INFO - Processing /home/airflow/.local/lib/python3.12/site-packages/airflow/example_dags/example_sensor_decorator.py took 0.050 seconds
[2026-05-27T02:01:49.591+0000] {processor.py:186} INFO - Started process (PID=77) to work on /home/airflow/.local/lib/python3.12/site-packages/airflow/example_dags/example_sensor_decorator.py
[2026-05-27T02:01:49.591+0000] {processor.py:914} INFO - Processing file /home/airflow/.local/lib/python3.12/site-packages/airflow/example_dags/example_sensor_decorator.py for tasks to queue
[2026-05-27T02:01:49.593+0000] {logging_mixin.py:190} INFO - [2026-05-27T02:01:49.593+0000] {dagbag.py:587} INFO - Filling up the DagBag from /home/airflow/.local/lib/python3.12/site-packages/airflow/example_dags/example_sensor_decorator.py
[2026-05-27T02:01:49.599+0000] {processor.py:925} INFO - DAG(s) 'example_sensor_decorator' retrieved from /home/airflow/.local/lib/python3.12/site-packages/airflow/example_dags/example_sensor_decorator.py
[2026-05-27T02:01:49.611+0000] {logging_mixin.py:190} INFO - [2026-05-27T02:01:49.611+0000] {dag.py:3211} INFO - Sync 1 DAGs
[2026-05-27T02:01:49.621+0000] {logging_mixin.py:190} INFO - [2026-05-27T02:01:49.621+0000] {dag.py:4138} INFO - Setting next_dagrun for example_sensor_decorator to None, run_after=None
[2026-05-27T02:01:49.632+0000] {processor.py:208} INFO - Processing /home/airflow/.local/lib/python3.12/site-packages/airflow/example_dags/example_sensor_decorator.py took 0.046 seconds
[2026-05-27T02:02:19.324+0000] {processor.py:186} INFO - Started process (PID=77) to work on /home/airflow/.local/lib/python3.12/site-packages/airflow/example_dags/example_sensor_decorator.py
[2026-05-27T02:02:19.325+0000] {processor.py:914} INFO - Processing file /home/airflow/.local/lib/python3.12/site-packages/airflow/example_dags/example_sensor_decorator.py for tasks to queue
[2026-05-27T02:02:19.328+0000] {logging_mixin.py:190} INFO - [2026-05-27T02:02:19.328+0000] {dagbag.py:587} INFO - Filling up the DagBag from /home/airflow/.local/lib/python3.12/site-packages/airflow/example_dags/example_sensor_decorator.py
[2026-05-27T02:02:19.335+0000] {processor.py:925} INFO - DAG(s) 'example_sensor_decorator' retrieved from /home/airflow/.local/lib/python3.12/site-packages/airflow/example_dags/example_sensor_decorator.py
[2026-05-27T02:02:19.351+0000] {logging_mixin.py:190} INFO - [2026-05-27T02:02:19.351+0000] {dag.py:3211} INFO - Sync 1 DAGs
[2026-05-27T02:02:19.363+0000] {logging_mixin.py:190} INFO - [2026-05-27T02:02:19.363+0000] {dag.py:4138} INFO - Setting next_dagrun for example_sensor_decorator to None, run_after=None
[2026-05-27T02:02:19.379+0000] {processor.py:208} INFO - Processing /home/airflow/.local/lib/python3.12/site-packages/airflow/example_dags/example_sensor_decorator.py took 0.058 seconds
[2026-05-27T02:03:00.976+0000] {processor.py:186} INFO - Started process (PID=77) to work on /home/airflow/.local/lib/python3.12/site-packages/airflow/example_dags/example_sensor_decorator.py
[2026-05-27T02:03:00.977+0000] {processor.py:914} INFO - Processing file /home/airflow/.local/lib/python3.12/site-packages/airflow/example_dags/example_sensor_decorator.py for tasks to queue
[2026-05-27T02:03:00.979+0000] {logging_mixin.py:190} INFO - [2026-05-27T02:03:00.979+0000] {dagbag.py:587} INFO - Filling up the DagBag from /home/airflow/.local/lib/python3.12/site-packages/airflow/example_dags/example_sensor_decorator.py
[2026-05-27T02:03:00.985+0000] {processor.py:925} INFO - DAG(s) 'example_sensor_decorator' retrieved from /home/airflow/.local/lib/python3.12/site-packages/airflow/example_dags/example_sensor_decorator.py
[2026-05-27T02:03:01.002+0000] {logging_mixin.py:190} INFO - [2026-05-27T02:03:01.002+0000] {dag.py:3211} INFO - Sync 1 DAGs
[2026-05-27T02:03:01.015+0000] {logging_mixin.py:190} INFO - [2026-05-27T02:03:01.015+0000] {dag.py:4138} INFO - Setting next_dagrun for example_sensor_decorator to None, run_after=None
[2026-05-27T02:03:01.030+0000] {processor.py:208} INFO - Processing /home/airflow/.local/lib/python3.12/site-packages/airflow/example_dags/example_sensor_decorator.py took 0.059 seconds
