[2026-05-27T01:54:04.748+0000] {processor.py:186} INFO - Started process (PID=101) to work on /home/airflow/.local/lib/python3.12/site-packages/airflow/example_dags/example_setup_teardown.py
[2026-05-27T01:54:04.749+0000] {processor.py:914} INFO - Processing file /home/airflow/.local/lib/python3.12/site-packages/airflow/example_dags/example_setup_teardown.py for tasks to queue
[2026-05-27T01:54:04.752+0000] {logging_mixin.py:190} INFO - [2026-05-27T01:54:04.752+0000] {dagbag.py:587} INFO - Filling up the DagBag from /home/airflow/.local/lib/python3.12/site-packages/airflow/example_dags/example_setup_teardown.py
[2026-05-27T01:54:04.762+0000] {processor.py:925} INFO - DAG(s) 'example_setup_teardown' retrieved from /home/airflow/.local/lib/python3.12/site-packages/airflow/example_dags/example_setup_teardown.py
[2026-05-27T01:54:04.850+0000] {logging_mixin.py:190} INFO - [2026-05-27T01:54:04.849+0000] {override.py:1858} INFO - Created Permission View: can edit on DAG:example_setup_teardown
[2026-05-27T01:54:04.857+0000] {logging_mixin.py:190} INFO - [2026-05-27T01:54:04.857+0000] {override.py:1858} INFO - Created Permission View: can read on DAG:example_setup_teardown
[2026-05-27T01:54:04.865+0000] {logging_mixin.py:190} INFO - [2026-05-27T01:54:04.865+0000] {override.py:1858} INFO - Created Permission View: can delete on DAG:example_setup_teardown
[2026-05-27T01:54:04.866+0000] {logging_mixin.py:190} INFO - [2026-05-27T01:54:04.866+0000] {dag.py:3211} INFO - Sync 1 DAGs
[2026-05-27T01:54:04.874+0000] {logging_mixin.py:190} INFO - [2026-05-27T01:54:04.873+0000] {dag.py:3234} INFO - Creating ORM DAG for example_setup_teardown
[2026-05-27T01:54:04.882+0000] {logging_mixin.py:190} INFO - [2026-05-27T01:54:04.881+0000] {dag.py:4138} INFO - Setting next_dagrun for example_setup_teardown to 2026-05-26 00:00:00+00:00, run_after=2026-05-27 00:00:00+00:00
[2026-05-27T01:54:04.892+0000] {processor.py:208} INFO - Processing /home/airflow/.local/lib/python3.12/site-packages/airflow/example_dags/example_setup_teardown.py took 0.151 seconds
[2026-05-27T01:54:35.486+0000] {processor.py:186} INFO - Started process (PID=173) to work on /home/airflow/.local/lib/python3.12/site-packages/airflow/example_dags/example_setup_teardown.py
[2026-05-27T01:54:35.486+0000] {processor.py:914} INFO - Processing file /home/airflow/.local/lib/python3.12/site-packages/airflow/example_dags/example_setup_teardown.py for tasks to queue
[2026-05-27T01:54:35.488+0000] {logging_mixin.py:190} INFO - [2026-05-27T01:54:35.488+0000] {dagbag.py:587} INFO - Filling up the DagBag from /home/airflow/.local/lib/python3.12/site-packages/airflow/example_dags/example_setup_teardown.py
[2026-05-27T01:54:35.495+0000] {processor.py:925} INFO - DAG(s) 'example_setup_teardown' retrieved from /home/airflow/.local/lib/python3.12/site-packages/airflow/example_dags/example_setup_teardown.py
[2026-05-27T01:54:35.511+0000] {logging_mixin.py:190} INFO - [2026-05-27T01:54:35.511+0000] {dag.py:3211} INFO - Sync 1 DAGs
[2026-05-27T01:54:35.525+0000] {logging_mixin.py:190} INFO - [2026-05-27T01:54:35.525+0000] {dag.py:4138} INFO - Setting next_dagrun for example_setup_teardown to 2026-05-26 00:00:00+00:00, run_after=2026-05-27 00:00:00+00:00
[2026-05-27T01:54:35.537+0000] {processor.py:208} INFO - Processing /home/airflow/.local/lib/python3.12/site-packages/airflow/example_dags/example_setup_teardown.py took 0.056 seconds
[2026-05-27T01:55:05.776+0000] {processor.py:186} INFO - Started process (PID=238) to work on /home/airflow/.local/lib/python3.12/site-packages/airflow/example_dags/example_setup_teardown.py
[2026-05-27T01:55:05.777+0000] {processor.py:914} INFO - Processing file /home/airflow/.local/lib/python3.12/site-packages/airflow/example_dags/example_setup_teardown.py for tasks to queue
[2026-05-27T01:55:05.779+0000] {logging_mixin.py:190} INFO - [2026-05-27T01:55:05.779+0000] {dagbag.py:587} INFO - Filling up the DagBag from /home/airflow/.local/lib/python3.12/site-packages/airflow/example_dags/example_setup_teardown.py
[2026-05-27T01:55:05.785+0000] {processor.py:925} INFO - DAG(s) 'example_setup_teardown' retrieved from /home/airflow/.local/lib/python3.12/site-packages/airflow/example_dags/example_setup_teardown.py
[2026-05-27T01:55:05.803+0000] {logging_mixin.py:190} INFO - [2026-05-27T01:55:05.803+0000] {dag.py:3211} INFO - Sync 1 DAGs
[2026-05-27T01:55:05.821+0000] {logging_mixin.py:190} INFO - [2026-05-27T01:55:05.821+0000] {dag.py:4138} INFO - Setting next_dagrun for example_setup_teardown to 2026-05-26 00:00:00+00:00, run_after=2026-05-27 00:00:00+00:00
[2026-05-27T01:55:05.835+0000] {processor.py:208} INFO - Processing /home/airflow/.local/lib/python3.12/site-packages/airflow/example_dags/example_setup_teardown.py took 0.063 seconds
[2026-05-27T01:55:36.217+0000] {processor.py:186} INFO - Started process (PID=300) to work on /home/airflow/.local/lib/python3.12/site-packages/airflow/example_dags/example_setup_teardown.py
[2026-05-27T01:55:36.218+0000] {processor.py:914} INFO - Processing file /home/airflow/.local/lib/python3.12/site-packages/airflow/example_dags/example_setup_teardown.py for tasks to queue
[2026-05-27T01:55:36.220+0000] {logging_mixin.py:190} INFO - [2026-05-27T01:55:36.220+0000] {dagbag.py:587} INFO - Filling up the DagBag from /home/airflow/.local/lib/python3.12/site-packages/airflow/example_dags/example_setup_teardown.py
[2026-05-27T01:55:36.226+0000] {processor.py:925} INFO - DAG(s) 'example_setup_teardown' retrieved from /home/airflow/.local/lib/python3.12/site-packages/airflow/example_dags/example_setup_teardown.py
[2026-05-27T01:55:36.240+0000] {logging_mixin.py:190} INFO - [2026-05-27T01:55:36.240+0000] {dag.py:3211} INFO - Sync 1 DAGs
[2026-05-27T01:55:36.254+0000] {logging_mixin.py:190} INFO - [2026-05-27T01:55:36.254+0000] {dag.py:4138} INFO - Setting next_dagrun for example_setup_teardown to 2026-05-26 00:00:00+00:00, run_after=2026-05-27 00:00:00+00:00
[2026-05-27T01:55:36.264+0000] {processor.py:208} INFO - Processing /home/airflow/.local/lib/python3.12/site-packages/airflow/example_dags/example_setup_teardown.py took 0.051 seconds
[2026-05-27T01:56:06.549+0000] {processor.py:186} INFO - Started process (PID=362) to work on /home/airflow/.local/lib/python3.12/site-packages/airflow/example_dags/example_setup_teardown.py
[2026-05-27T01:56:06.550+0000] {processor.py:914} INFO - Processing file /home/airflow/.local/lib/python3.12/site-packages/airflow/example_dags/example_setup_teardown.py for tasks to queue
[2026-05-27T01:56:06.552+0000] {logging_mixin.py:190} INFO - [2026-05-27T01:56:06.552+0000] {dagbag.py:587} INFO - Filling up the DagBag from /home/airflow/.local/lib/python3.12/site-packages/airflow/example_dags/example_setup_teardown.py
[2026-05-27T01:56:06.560+0000] {processor.py:925} INFO - DAG(s) 'example_setup_teardown' retrieved from /home/airflow/.local/lib/python3.12/site-packages/airflow/example_dags/example_setup_teardown.py
[2026-05-27T01:56:06.582+0000] {logging_mixin.py:190} INFO - [2026-05-27T01:56:06.581+0000] {dag.py:3211} INFO - Sync 1 DAGs
[2026-05-27T01:56:06.604+0000] {logging_mixin.py:190} INFO - [2026-05-27T01:56:06.604+0000] {dag.py:4138} INFO - Setting next_dagrun for example_setup_teardown to 2026-05-26 00:00:00+00:00, run_after=2026-05-27 00:00:00+00:00
[2026-05-27T01:56:06.621+0000] {processor.py:208} INFO - Processing /home/airflow/.local/lib/python3.12/site-packages/airflow/example_dags/example_setup_teardown.py took 0.078 seconds
[2026-05-27T01:56:36.972+0000] {processor.py:186} INFO - Started process (PID=424) to work on /home/airflow/.local/lib/python3.12/site-packages/airflow/example_dags/example_setup_teardown.py
[2026-05-27T01:56:36.972+0000] {processor.py:914} INFO - Processing file /home/airflow/.local/lib/python3.12/site-packages/airflow/example_dags/example_setup_teardown.py for tasks to queue
[2026-05-27T01:56:36.974+0000] {logging_mixin.py:190} INFO - [2026-05-27T01:56:36.974+0000] {dagbag.py:587} INFO - Filling up the DagBag from /home/airflow/.local/lib/python3.12/site-packages/airflow/example_dags/example_setup_teardown.py
[2026-05-27T01:56:36.980+0000] {processor.py:925} INFO - DAG(s) 'example_setup_teardown' retrieved from /home/airflow/.local/lib/python3.12/site-packages/airflow/example_dags/example_setup_teardown.py
[2026-05-27T01:56:36.994+0000] {logging_mixin.py:190} INFO - [2026-05-27T01:56:36.994+0000] {dag.py:3211} INFO - Sync 1 DAGs
[2026-05-27T01:56:37.008+0000] {logging_mixin.py:190} INFO - [2026-05-27T01:56:37.007+0000] {dag.py:4138} INFO - Setting next_dagrun for example_setup_teardown to 2026-05-26 00:00:00+00:00, run_after=2026-05-27 00:00:00+00:00
[2026-05-27T01:56:37.018+0000] {processor.py:208} INFO - Processing /home/airflow/.local/lib/python3.12/site-packages/airflow/example_dags/example_setup_teardown.py took 0.050 seconds
[2026-05-27T01:57:07.498+0000] {processor.py:186} INFO - Started process (PID=486) to work on /home/airflow/.local/lib/python3.12/site-packages/airflow/example_dags/example_setup_teardown.py
[2026-05-27T01:57:07.499+0000] {processor.py:914} INFO - Processing file /home/airflow/.local/lib/python3.12/site-packages/airflow/example_dags/example_setup_teardown.py for tasks to queue
[2026-05-27T01:57:07.501+0000] {logging_mixin.py:190} INFO - [2026-05-27T01:57:07.501+0000] {dagbag.py:587} INFO - Filling up the DagBag from /home/airflow/.local/lib/python3.12/site-packages/airflow/example_dags/example_setup_teardown.py
[2026-05-27T01:57:07.509+0000] {processor.py:925} INFO - DAG(s) 'example_setup_teardown' retrieved from /home/airflow/.local/lib/python3.12/site-packages/airflow/example_dags/example_setup_teardown.py
[2026-05-27T01:57:07.525+0000] {logging_mixin.py:190} INFO - [2026-05-27T01:57:07.525+0000] {dag.py:3211} INFO - Sync 1 DAGs
[2026-05-27T01:57:07.539+0000] {logging_mixin.py:190} INFO - [2026-05-27T01:57:07.539+0000] {dag.py:4138} INFO - Setting next_dagrun for example_setup_teardown to 2026-05-26 00:00:00+00:00, run_after=2026-05-27 00:00:00+00:00
[2026-05-27T01:57:07.550+0000] {processor.py:208} INFO - Processing /home/airflow/.local/lib/python3.12/site-packages/airflow/example_dags/example_setup_teardown.py took 0.056 seconds
[2026-05-27T01:57:37.931+0000] {processor.py:186} INFO - Started process (PID=548) to work on /home/airflow/.local/lib/python3.12/site-packages/airflow/example_dags/example_setup_teardown.py
[2026-05-27T01:57:37.932+0000] {processor.py:914} INFO - Processing file /home/airflow/.local/lib/python3.12/site-packages/airflow/example_dags/example_setup_teardown.py for tasks to queue
[2026-05-27T01:57:37.934+0000] {logging_mixin.py:190} INFO - [2026-05-27T01:57:37.934+0000] {dagbag.py:587} INFO - Filling up the DagBag from /home/airflow/.local/lib/python3.12/site-packages/airflow/example_dags/example_setup_teardown.py
[2026-05-27T01:57:37.942+0000] {processor.py:925} INFO - DAG(s) 'example_setup_teardown' retrieved from /home/airflow/.local/lib/python3.12/site-packages/airflow/example_dags/example_setup_teardown.py
[2026-05-27T01:57:37.959+0000] {logging_mixin.py:190} INFO - [2026-05-27T01:57:37.959+0000] {dag.py:3211} INFO - Sync 1 DAGs
[2026-05-27T01:57:37.974+0000] {logging_mixin.py:190} INFO - [2026-05-27T01:57:37.974+0000] {dag.py:4138} INFO - Setting next_dagrun for example_setup_teardown to 2026-05-26 00:00:00+00:00, run_after=2026-05-27 00:00:00+00:00
[2026-05-27T01:57:37.985+0000] {processor.py:208} INFO - Processing /home/airflow/.local/lib/python3.12/site-packages/airflow/example_dags/example_setup_teardown.py took 0.060 seconds
[2026-05-27T01:58:08.526+0000] {processor.py:186} INFO - Started process (PID=610) to work on /home/airflow/.local/lib/python3.12/site-packages/airflow/example_dags/example_setup_teardown.py
[2026-05-27T01:58:08.527+0000] {processor.py:914} INFO - Processing file /home/airflow/.local/lib/python3.12/site-packages/airflow/example_dags/example_setup_teardown.py for tasks to queue
[2026-05-27T01:58:08.529+0000] {logging_mixin.py:190} INFO - [2026-05-27T01:58:08.529+0000] {dagbag.py:587} INFO - Filling up the DagBag from /home/airflow/.local/lib/python3.12/site-packages/airflow/example_dags/example_setup_teardown.py
[2026-05-27T01:58:08.536+0000] {processor.py:925} INFO - DAG(s) 'example_setup_teardown' retrieved from /home/airflow/.local/lib/python3.12/site-packages/airflow/example_dags/example_setup_teardown.py
[2026-05-27T01:58:08.556+0000] {logging_mixin.py:190} INFO - [2026-05-27T01:58:08.555+0000] {dag.py:3211} INFO - Sync 1 DAGs
[2026-05-27T01:58:08.575+0000] {logging_mixin.py:190} INFO - [2026-05-27T01:58:08.574+0000] {dag.py:4138} INFO - Setting next_dagrun for example_setup_teardown to 2026-05-26 00:00:00+00:00, run_after=2026-05-27 00:00:00+00:00
[2026-05-27T01:58:08.593+0000] {processor.py:208} INFO - Processing /home/airflow/.local/lib/python3.12/site-packages/airflow/example_dags/example_setup_teardown.py took 0.072 seconds
[2026-05-27T01:59:14.946+0000] {processor.py:186} INFO - Started process (PID=104) to work on /home/airflow/.local/lib/python3.12/site-packages/airflow/example_dags/example_setup_teardown.py
[2026-05-27T01:59:14.947+0000] {processor.py:914} INFO - Processing file /home/airflow/.local/lib/python3.12/site-packages/airflow/example_dags/example_setup_teardown.py for tasks to queue
[2026-05-27T01:59:14.949+0000] {logging_mixin.py:190} INFO - [2026-05-27T01:59:14.949+0000] {dagbag.py:587} INFO - Filling up the DagBag from /home/airflow/.local/lib/python3.12/site-packages/airflow/example_dags/example_setup_teardown.py
[2026-05-27T01:59:14.957+0000] {processor.py:925} INFO - DAG(s) 'example_setup_teardown' retrieved from /home/airflow/.local/lib/python3.12/site-packages/airflow/example_dags/example_setup_teardown.py
[2026-05-27T01:59:14.975+0000] {logging_mixin.py:190} INFO - [2026-05-27T01:59:14.975+0000] {dag.py:3211} INFO - Sync 1 DAGs
[2026-05-27T01:59:14.999+0000] {logging_mixin.py:190} INFO - [2026-05-27T01:59:14.999+0000] {dag.py:4138} INFO - Setting next_dagrun for example_setup_teardown to 2026-05-26 00:00:00+00:00, run_after=2026-05-27 00:00:00+00:00
[2026-05-27T01:59:15.013+0000] {processor.py:208} INFO - Processing /home/airflow/.local/lib/python3.12/site-packages/airflow/example_dags/example_setup_teardown.py took 0.071 seconds
[2026-05-27T01:59:45.292+0000] {processor.py:186} INFO - Started process (PID=202) to work on /home/airflow/.local/lib/python3.12/site-packages/airflow/example_dags/example_setup_teardown.py
[2026-05-27T01:59:45.292+0000] {processor.py:914} INFO - Processing file /home/airflow/.local/lib/python3.12/site-packages/airflow/example_dags/example_setup_teardown.py for tasks to queue
[2026-05-27T01:59:45.294+0000] {logging_mixin.py:190} INFO - [2026-05-27T01:59:45.294+0000] {dagbag.py:587} INFO - Filling up the DagBag from /home/airflow/.local/lib/python3.12/site-packages/airflow/example_dags/example_setup_teardown.py
[2026-05-27T01:59:45.301+0000] {processor.py:925} INFO - DAG(s) 'example_setup_teardown' retrieved from /home/airflow/.local/lib/python3.12/site-packages/airflow/example_dags/example_setup_teardown.py
[2026-05-27T01:59:45.319+0000] {logging_mixin.py:190} INFO - [2026-05-27T01:59:45.319+0000] {dag.py:3211} INFO - Sync 1 DAGs
[2026-05-27T01:59:45.335+0000] {logging_mixin.py:190} INFO - [2026-05-27T01:59:45.335+0000] {dag.py:4138} INFO - Setting next_dagrun for example_setup_teardown to 2026-05-26 00:00:00+00:00, run_after=2026-05-27 00:00:00+00:00
[2026-05-27T01:59:45.348+0000] {processor.py:208} INFO - Processing /home/airflow/.local/lib/python3.12/site-packages/airflow/example_dags/example_setup_teardown.py took 0.061 seconds
[2026-05-27T02:00:16.162+0000] {processor.py:186} INFO - Started process (PID=271) to work on /home/airflow/.local/lib/python3.12/site-packages/airflow/example_dags/example_setup_teardown.py
[2026-05-27T02:00:16.163+0000] {processor.py:914} INFO - Processing file /home/airflow/.local/lib/python3.12/site-packages/airflow/example_dags/example_setup_teardown.py for tasks to queue
[2026-05-27T02:00:16.165+0000] {logging_mixin.py:190} INFO - [2026-05-27T02:00:16.165+0000] {dagbag.py:587} INFO - Filling up the DagBag from /home/airflow/.local/lib/python3.12/site-packages/airflow/example_dags/example_setup_teardown.py
[2026-05-27T02:00:16.172+0000] {processor.py:925} INFO - DAG(s) 'example_setup_teardown' retrieved from /home/airflow/.local/lib/python3.12/site-packages/airflow/example_dags/example_setup_teardown.py
[2026-05-27T02:00:16.190+0000] {logging_mixin.py:190} INFO - [2026-05-27T02:00:16.190+0000] {dag.py:3211} INFO - Sync 1 DAGs
[2026-05-27T02:00:16.206+0000] {logging_mixin.py:190} INFO - [2026-05-27T02:00:16.206+0000] {dag.py:4138} INFO - Setting next_dagrun for example_setup_teardown to 2026-05-26 00:00:00+00:00, run_after=2026-05-27 00:00:00+00:00
[2026-05-27T02:00:16.218+0000] {processor.py:208} INFO - Processing /home/airflow/.local/lib/python3.12/site-packages/airflow/example_dags/example_setup_teardown.py took 0.061 seconds
[2026-05-27T02:00:46.391+0000] {processor.py:186} INFO - Started process (PID=333) to work on /home/airflow/.local/lib/python3.12/site-packages/airflow/example_dags/example_setup_teardown.py
[2026-05-27T02:00:46.392+0000] {processor.py:914} INFO - Processing file /home/airflow/.local/lib/python3.12/site-packages/airflow/example_dags/example_setup_teardown.py for tasks to queue
[2026-05-27T02:00:46.394+0000] {logging_mixin.py:190} INFO - [2026-05-27T02:00:46.394+0000] {dagbag.py:587} INFO - Filling up the DagBag from /home/airflow/.local/lib/python3.12/site-packages/airflow/example_dags/example_setup_teardown.py
[2026-05-27T02:00:46.406+0000] {processor.py:925} INFO - DAG(s) 'example_setup_teardown' retrieved from /home/airflow/.local/lib/python3.12/site-packages/airflow/example_dags/example_setup_teardown.py
[2026-05-27T02:00:46.426+0000] {logging_mixin.py:190} INFO - [2026-05-27T02:00:46.426+0000] {dag.py:3211} INFO - Sync 1 DAGs
[2026-05-27T02:00:46.445+0000] {logging_mixin.py:190} INFO - [2026-05-27T02:00:46.444+0000] {dag.py:4138} INFO - Setting next_dagrun for example_setup_teardown to 2026-05-26 00:00:00+00:00, run_after=2026-05-27 00:00:00+00:00
[2026-05-27T02:00:46.456+0000] {processor.py:208} INFO - Processing /home/airflow/.local/lib/python3.12/site-packages/airflow/example_dags/example_setup_teardown.py took 0.070 seconds
[2026-05-27T02:01:16.542+0000] {processor.py:186} INFO - Started process (PID=395) to work on /home/airflow/.local/lib/python3.12/site-packages/airflow/example_dags/example_setup_teardown.py
[2026-05-27T02:01:16.543+0000] {processor.py:914} INFO - Processing file /home/airflow/.local/lib/python3.12/site-packages/airflow/example_dags/example_setup_teardown.py for tasks to queue
[2026-05-27T02:01:16.545+0000] {logging_mixin.py:190} INFO - [2026-05-27T02:01:16.545+0000] {dagbag.py:587} INFO - Filling up the DagBag from /home/airflow/.local/lib/python3.12/site-packages/airflow/example_dags/example_setup_teardown.py
[2026-05-27T02:01:16.552+0000] {processor.py:925} INFO - DAG(s) 'example_setup_teardown' retrieved from /home/airflow/.local/lib/python3.12/site-packages/airflow/example_dags/example_setup_teardown.py
[2026-05-27T02:01:16.568+0000] {logging_mixin.py:190} INFO - [2026-05-27T02:01:16.568+0000] {dag.py:3211} INFO - Sync 1 DAGs
[2026-05-27T02:01:16.583+0000] {logging_mixin.py:190} INFO - [2026-05-27T02:01:16.583+0000] {dag.py:4138} INFO - Setting next_dagrun for example_setup_teardown to 2026-05-26 00:00:00+00:00, run_after=2026-05-27 00:00:00+00:00
[2026-05-27T02:01:16.594+0000] {processor.py:208} INFO - Processing /home/airflow/.local/lib/python3.12/site-packages/airflow/example_dags/example_setup_teardown.py took 0.059 seconds
[2026-05-27T02:01:50.155+0000] {processor.py:186} INFO - Started process (PID=89) to work on /home/airflow/.local/lib/python3.12/site-packages/airflow/example_dags/example_setup_teardown.py
[2026-05-27T02:01:50.155+0000] {processor.py:914} INFO - Processing file /home/airflow/.local/lib/python3.12/site-packages/airflow/example_dags/example_setup_teardown.py for tasks to queue
[2026-05-27T02:01:50.157+0000] {logging_mixin.py:190} INFO - [2026-05-27T02:01:50.157+0000] {dagbag.py:587} INFO - Filling up the DagBag from /home/airflow/.local/lib/python3.12/site-packages/airflow/example_dags/example_setup_teardown.py
[2026-05-27T02:01:50.163+0000] {processor.py:925} INFO - DAG(s) 'example_setup_teardown' retrieved from /home/airflow/.local/lib/python3.12/site-packages/airflow/example_dags/example_setup_teardown.py
[2026-05-27T02:01:50.177+0000] {logging_mixin.py:190} INFO - [2026-05-27T02:01:50.177+0000] {dag.py:3211} INFO - Sync 1 DAGs
[2026-05-27T02:01:50.190+0000] {logging_mixin.py:190} INFO - [2026-05-27T02:01:50.190+0000] {dag.py:4138} INFO - Setting next_dagrun for example_setup_teardown to 2026-05-26 00:00:00+00:00, run_after=2026-05-27 00:00:00+00:00
[2026-05-27T02:01:50.201+0000] {processor.py:208} INFO - Processing /home/airflow/.local/lib/python3.12/site-packages/airflow/example_dags/example_setup_teardown.py took 0.050 seconds
[2026-05-27T02:02:20.019+0000] {processor.py:186} INFO - Started process (PID=89) to work on /home/airflow/.local/lib/python3.12/site-packages/airflow/example_dags/example_setup_teardown.py
[2026-05-27T02:02:20.020+0000] {processor.py:914} INFO - Processing file /home/airflow/.local/lib/python3.12/site-packages/airflow/example_dags/example_setup_teardown.py for tasks to queue
[2026-05-27T02:02:20.022+0000] {logging_mixin.py:190} INFO - [2026-05-27T02:02:20.021+0000] {dagbag.py:587} INFO - Filling up the DagBag from /home/airflow/.local/lib/python3.12/site-packages/airflow/example_dags/example_setup_teardown.py
[2026-05-27T02:02:20.028+0000] {processor.py:925} INFO - DAG(s) 'example_setup_teardown' retrieved from /home/airflow/.local/lib/python3.12/site-packages/airflow/example_dags/example_setup_teardown.py
[2026-05-27T02:02:20.048+0000] {logging_mixin.py:190} INFO - [2026-05-27T02:02:20.048+0000] {dag.py:3211} INFO - Sync 1 DAGs
[2026-05-27T02:02:20.068+0000] {logging_mixin.py:190} INFO - [2026-05-27T02:02:20.067+0000] {dag.py:4138} INFO - Setting next_dagrun for example_setup_teardown to 2026-05-26 00:00:00+00:00, run_after=2026-05-27 00:00:00+00:00
[2026-05-27T02:02:20.081+0000] {processor.py:208} INFO - Processing /home/airflow/.local/lib/python3.12/site-packages/airflow/example_dags/example_setup_teardown.py took 0.067 seconds
[2026-05-27T02:03:01.765+0000] {processor.py:186} INFO - Started process (PID=95) to work on /home/airflow/.local/lib/python3.12/site-packages/airflow/example_dags/example_setup_teardown.py
[2026-05-27T02:03:01.767+0000] {processor.py:914} INFO - Processing file /home/airflow/.local/lib/python3.12/site-packages/airflow/example_dags/example_setup_teardown.py for tasks to queue
[2026-05-27T02:03:01.770+0000] {logging_mixin.py:190} INFO - [2026-05-27T02:03:01.770+0000] {dagbag.py:587} INFO - Filling up the DagBag from /home/airflow/.local/lib/python3.12/site-packages/airflow/example_dags/example_setup_teardown.py
[2026-05-27T02:03:01.783+0000] {processor.py:925} INFO - DAG(s) 'example_setup_teardown' retrieved from /home/airflow/.local/lib/python3.12/site-packages/airflow/example_dags/example_setup_teardown.py
[2026-05-27T02:03:01.816+0000] {logging_mixin.py:190} INFO - [2026-05-27T02:03:01.816+0000] {dag.py:3211} INFO - Sync 1 DAGs
[2026-05-27T02:03:01.849+0000] {logging_mixin.py:190} INFO - [2026-05-27T02:03:01.849+0000] {dag.py:4138} INFO - Setting next_dagrun for example_setup_teardown to 2026-05-26 00:00:00+00:00, run_after=2026-05-27 00:00:00+00:00
[2026-05-27T02:03:01.869+0000] {processor.py:208} INFO - Processing /home/airflow/.local/lib/python3.12/site-packages/airflow/example_dags/example_setup_teardown.py took 0.111 seconds
