[2026-05-27T01:54:01.735+0000] {processor.py:186} INFO - Started process (PID=64) to work on /home/airflow/.local/lib/python3.12/site-packages/airflow/example_dags/example_kubernetes_executor.py
[2026-05-27T01:54:01.736+0000] {processor.py:914} INFO - Processing file /home/airflow/.local/lib/python3.12/site-packages/airflow/example_dags/example_kubernetes_executor.py for tasks to queue
[2026-05-27T01:54:01.738+0000] {logging_mixin.py:190} INFO - [2026-05-27T01:54:01.738+0000] {dagbag.py:587} INFO - Filling up the DagBag from /home/airflow/.local/lib/python3.12/site-packages/airflow/example_dags/example_kubernetes_executor.py
[2026-05-27T01:54:01.749+0000] {processor.py:925} INFO - DAG(s) 'example_kubernetes_executor' retrieved from /home/airflow/.local/lib/python3.12/site-packages/airflow/example_dags/example_kubernetes_executor.py
[2026-05-27T01:54:01.841+0000] {logging_mixin.py:190} INFO - [2026-05-27T01:54:01.840+0000] {override.py:1858} INFO - Created Permission View: can edit on DAG:example_kubernetes_executor
[2026-05-27T01:54:01.848+0000] {logging_mixin.py:190} INFO - [2026-05-27T01:54:01.848+0000] {override.py:1858} INFO - Created Permission View: can read on DAG:example_kubernetes_executor
[2026-05-27T01:54:01.854+0000] {logging_mixin.py:190} INFO - [2026-05-27T01:54:01.854+0000] {override.py:1858} INFO - Created Permission View: can delete on DAG:example_kubernetes_executor
[2026-05-27T01:54:01.855+0000] {logging_mixin.py:190} INFO - [2026-05-27T01:54:01.854+0000] {dag.py:3211} INFO - Sync 1 DAGs
[2026-05-27T01:54:01.867+0000] {logging_mixin.py:190} INFO - [2026-05-27T01:54:01.867+0000] {dag.py:3234} INFO - Creating ORM DAG for example_kubernetes_executor
[2026-05-27T01:54:01.868+0000] {logging_mixin.py:190} INFO - [2026-05-27T01:54:01.867+0000] {dag.py:4138} INFO - Setting next_dagrun for example_kubernetes_executor to None, run_after=None
[2026-05-27T01:54:01.879+0000] {processor.py:208} INFO - Processing /home/airflow/.local/lib/python3.12/site-packages/airflow/example_dags/example_kubernetes_executor.py took 0.149 seconds
[2026-05-27T01:54:32.605+0000] {processor.py:186} INFO - Started process (PID=136) to work on /home/airflow/.local/lib/python3.12/site-packages/airflow/example_dags/example_kubernetes_executor.py
[2026-05-27T01:54:32.606+0000] {processor.py:914} INFO - Processing file /home/airflow/.local/lib/python3.12/site-packages/airflow/example_dags/example_kubernetes_executor.py for tasks to queue
[2026-05-27T01:54:32.608+0000] {logging_mixin.py:190} INFO - [2026-05-27T01:54:32.608+0000] {dagbag.py:587} INFO - Filling up the DagBag from /home/airflow/.local/lib/python3.12/site-packages/airflow/example_dags/example_kubernetes_executor.py
[2026-05-27T01:54:32.621+0000] {processor.py:925} INFO - DAG(s) 'example_kubernetes_executor' retrieved from /home/airflow/.local/lib/python3.12/site-packages/airflow/example_dags/example_kubernetes_executor.py
[2026-05-27T01:54:32.659+0000] {logging_mixin.py:190} INFO - [2026-05-27T01:54:32.659+0000] {dag.py:3211} INFO - Sync 1 DAGs
[2026-05-27T01:54:32.669+0000] {logging_mixin.py:190} INFO - [2026-05-27T01:54:32.669+0000] {dag.py:4138} INFO - Setting next_dagrun for example_kubernetes_executor to None, run_after=None
[2026-05-27T01:54:32.685+0000] {processor.py:208} INFO - Processing /home/airflow/.local/lib/python3.12/site-packages/airflow/example_dags/example_kubernetes_executor.py took 0.086 seconds
[2026-05-27T01:55:03.008+0000] {processor.py:186} INFO - Started process (PID=201) to work on /home/airflow/.local/lib/python3.12/site-packages/airflow/example_dags/example_kubernetes_executor.py
[2026-05-27T01:55:03.009+0000] {processor.py:914} INFO - Processing file /home/airflow/.local/lib/python3.12/site-packages/airflow/example_dags/example_kubernetes_executor.py for tasks to queue
[2026-05-27T01:55:03.011+0000] {logging_mixin.py:190} INFO - [2026-05-27T01:55:03.011+0000] {dagbag.py:587} INFO - Filling up the DagBag from /home/airflow/.local/lib/python3.12/site-packages/airflow/example_dags/example_kubernetes_executor.py
[2026-05-27T01:55:03.021+0000] {processor.py:925} INFO - DAG(s) 'example_kubernetes_executor' retrieved from /home/airflow/.local/lib/python3.12/site-packages/airflow/example_dags/example_kubernetes_executor.py
[2026-05-27T01:55:03.051+0000] {logging_mixin.py:190} INFO - [2026-05-27T01:55:03.051+0000] {dag.py:3211} INFO - Sync 1 DAGs
[2026-05-27T01:55:03.060+0000] {logging_mixin.py:190} INFO - [2026-05-27T01:55:03.059+0000] {dag.py:4138} INFO - Setting next_dagrun for example_kubernetes_executor to None, run_after=None
[2026-05-27T01:55:03.072+0000] {processor.py:208} INFO - Processing /home/airflow/.local/lib/python3.12/site-packages/airflow/example_dags/example_kubernetes_executor.py took 0.069 seconds
[2026-05-27T01:55:33.369+0000] {processor.py:186} INFO - Started process (PID=263) to work on /home/airflow/.local/lib/python3.12/site-packages/airflow/example_dags/example_kubernetes_executor.py
[2026-05-27T01:55:33.369+0000] {processor.py:914} INFO - Processing file /home/airflow/.local/lib/python3.12/site-packages/airflow/example_dags/example_kubernetes_executor.py for tasks to queue
[2026-05-27T01:55:33.371+0000] {logging_mixin.py:190} INFO - [2026-05-27T01:55:33.371+0000] {dagbag.py:587} INFO - Filling up the DagBag from /home/airflow/.local/lib/python3.12/site-packages/airflow/example_dags/example_kubernetes_executor.py
[2026-05-27T01:55:33.382+0000] {processor.py:925} INFO - DAG(s) 'example_kubernetes_executor' retrieved from /home/airflow/.local/lib/python3.12/site-packages/airflow/example_dags/example_kubernetes_executor.py
[2026-05-27T01:55:33.411+0000] {logging_mixin.py:190} INFO - [2026-05-27T01:55:33.411+0000] {dag.py:3211} INFO - Sync 1 DAGs
[2026-05-27T01:55:33.420+0000] {logging_mixin.py:190} INFO - [2026-05-27T01:55:33.420+0000] {dag.py:4138} INFO - Setting next_dagrun for example_kubernetes_executor to None, run_after=None
[2026-05-27T01:55:33.432+0000] {processor.py:208} INFO - Processing /home/airflow/.local/lib/python3.12/site-packages/airflow/example_dags/example_kubernetes_executor.py took 0.068 seconds
[2026-05-27T01:56:03.863+0000] {processor.py:186} INFO - Started process (PID=331) to work on /home/airflow/.local/lib/python3.12/site-packages/airflow/example_dags/example_kubernetes_executor.py
[2026-05-27T01:56:03.864+0000] {processor.py:914} INFO - Processing file /home/airflow/.local/lib/python3.12/site-packages/airflow/example_dags/example_kubernetes_executor.py for tasks to queue
[2026-05-27T01:56:03.866+0000] {logging_mixin.py:190} INFO - [2026-05-27T01:56:03.865+0000] {dagbag.py:587} INFO - Filling up the DagBag from /home/airflow/.local/lib/python3.12/site-packages/airflow/example_dags/example_kubernetes_executor.py
[2026-05-27T01:56:03.876+0000] {processor.py:925} INFO - DAG(s) 'example_kubernetes_executor' retrieved from /home/airflow/.local/lib/python3.12/site-packages/airflow/example_dags/example_kubernetes_executor.py
[2026-05-27T01:56:03.904+0000] {logging_mixin.py:190} INFO - [2026-05-27T01:56:03.904+0000] {dag.py:3211} INFO - Sync 1 DAGs
[2026-05-27T01:56:03.917+0000] {logging_mixin.py:190} INFO - [2026-05-27T01:56:03.916+0000] {dag.py:4138} INFO - Setting next_dagrun for example_kubernetes_executor to None, run_after=None
[2026-05-27T01:56:03.932+0000] {processor.py:208} INFO - Processing /home/airflow/.local/lib/python3.12/site-packages/airflow/example_dags/example_kubernetes_executor.py took 0.073 seconds
[2026-05-27T01:56:34.224+0000] {processor.py:186} INFO - Started process (PID=393) to work on /home/airflow/.local/lib/python3.12/site-packages/airflow/example_dags/example_kubernetes_executor.py
[2026-05-27T01:56:34.224+0000] {processor.py:914} INFO - Processing file /home/airflow/.local/lib/python3.12/site-packages/airflow/example_dags/example_kubernetes_executor.py for tasks to queue
[2026-05-27T01:56:34.226+0000] {logging_mixin.py:190} INFO - [2026-05-27T01:56:34.226+0000] {dagbag.py:587} INFO - Filling up the DagBag from /home/airflow/.local/lib/python3.12/site-packages/airflow/example_dags/example_kubernetes_executor.py
[2026-05-27T01:56:34.237+0000] {processor.py:925} INFO - DAG(s) 'example_kubernetes_executor' retrieved from /home/airflow/.local/lib/python3.12/site-packages/airflow/example_dags/example_kubernetes_executor.py
[2026-05-27T01:56:34.268+0000] {logging_mixin.py:190} INFO - [2026-05-27T01:56:34.268+0000] {dag.py:3211} INFO - Sync 1 DAGs
[2026-05-27T01:56:34.277+0000] {logging_mixin.py:190} INFO - [2026-05-27T01:56:34.277+0000] {dag.py:4138} INFO - Setting next_dagrun for example_kubernetes_executor to None, run_after=None
[2026-05-27T01:56:34.288+0000] {processor.py:208} INFO - Processing /home/airflow/.local/lib/python3.12/site-packages/airflow/example_dags/example_kubernetes_executor.py took 0.070 seconds
[2026-05-27T01:57:04.463+0000] {processor.py:186} INFO - Started process (PID=455) to work on /home/airflow/.local/lib/python3.12/site-packages/airflow/example_dags/example_kubernetes_executor.py
[2026-05-27T01:57:04.464+0000] {processor.py:914} INFO - Processing file /home/airflow/.local/lib/python3.12/site-packages/airflow/example_dags/example_kubernetes_executor.py for tasks to queue
[2026-05-27T01:57:04.471+0000] {logging_mixin.py:190} INFO - [2026-05-27T01:57:04.471+0000] {dagbag.py:587} INFO - Filling up the DagBag from /home/airflow/.local/lib/python3.12/site-packages/airflow/example_dags/example_kubernetes_executor.py
[2026-05-27T01:57:04.482+0000] {processor.py:925} INFO - DAG(s) 'example_kubernetes_executor' retrieved from /home/airflow/.local/lib/python3.12/site-packages/airflow/example_dags/example_kubernetes_executor.py
[2026-05-27T01:57:04.507+0000] {logging_mixin.py:190} INFO - [2026-05-27T01:57:04.507+0000] {dag.py:3211} INFO - Sync 1 DAGs
[2026-05-27T01:57:04.516+0000] {logging_mixin.py:190} INFO - [2026-05-27T01:57:04.516+0000] {dag.py:4138} INFO - Setting next_dagrun for example_kubernetes_executor to None, run_after=None
[2026-05-27T01:57:04.526+0000] {processor.py:208} INFO - Processing /home/airflow/.local/lib/python3.12/site-packages/airflow/example_dags/example_kubernetes_executor.py took 0.067 seconds
[2026-05-27T01:57:35.192+0000] {processor.py:186} INFO - Started process (PID=517) to work on /home/airflow/.local/lib/python3.12/site-packages/airflow/example_dags/example_kubernetes_executor.py
[2026-05-27T01:57:35.193+0000] {processor.py:914} INFO - Processing file /home/airflow/.local/lib/python3.12/site-packages/airflow/example_dags/example_kubernetes_executor.py for tasks to queue
[2026-05-27T01:57:35.195+0000] {logging_mixin.py:190} INFO - [2026-05-27T01:57:35.195+0000] {dagbag.py:587} INFO - Filling up the DagBag from /home/airflow/.local/lib/python3.12/site-packages/airflow/example_dags/example_kubernetes_executor.py
[2026-05-27T01:57:35.205+0000] {processor.py:925} INFO - DAG(s) 'example_kubernetes_executor' retrieved from /home/airflow/.local/lib/python3.12/site-packages/airflow/example_dags/example_kubernetes_executor.py
[2026-05-27T01:57:35.232+0000] {logging_mixin.py:190} INFO - [2026-05-27T01:57:35.232+0000] {dag.py:3211} INFO - Sync 1 DAGs
[2026-05-27T01:57:35.241+0000] {logging_mixin.py:190} INFO - [2026-05-27T01:57:35.241+0000] {dag.py:4138} INFO - Setting next_dagrun for example_kubernetes_executor to None, run_after=None
[2026-05-27T01:57:35.252+0000] {processor.py:208} INFO - Processing /home/airflow/.local/lib/python3.12/site-packages/airflow/example_dags/example_kubernetes_executor.py took 0.066 seconds
[2026-05-27T01:58:05.725+0000] {processor.py:186} INFO - Started process (PID=579) to work on /home/airflow/.local/lib/python3.12/site-packages/airflow/example_dags/example_kubernetes_executor.py
[2026-05-27T01:58:05.726+0000] {processor.py:914} INFO - Processing file /home/airflow/.local/lib/python3.12/site-packages/airflow/example_dags/example_kubernetes_executor.py for tasks to queue
[2026-05-27T01:58:05.728+0000] {logging_mixin.py:190} INFO - [2026-05-27T01:58:05.728+0000] {dagbag.py:587} INFO - Filling up the DagBag from /home/airflow/.local/lib/python3.12/site-packages/airflow/example_dags/example_kubernetes_executor.py
[2026-05-27T01:58:05.740+0000] {processor.py:925} INFO - DAG(s) 'example_kubernetes_executor' retrieved from /home/airflow/.local/lib/python3.12/site-packages/airflow/example_dags/example_kubernetes_executor.py
[2026-05-27T01:58:05.771+0000] {logging_mixin.py:190} INFO - [2026-05-27T01:58:05.770+0000] {dag.py:3211} INFO - Sync 1 DAGs
[2026-05-27T01:58:05.779+0000] {logging_mixin.py:190} INFO - [2026-05-27T01:58:05.779+0000] {dag.py:4138} INFO - Setting next_dagrun for example_kubernetes_executor to None, run_after=None
[2026-05-27T01:58:05.790+0000] {processor.py:208} INFO - Processing /home/airflow/.local/lib/python3.12/site-packages/airflow/example_dags/example_kubernetes_executor.py took 0.070 seconds
[2026-05-27T01:59:13.133+0000] {processor.py:186} INFO - Started process (PID=73) to work on /home/airflow/.local/lib/python3.12/site-packages/airflow/example_dags/example_kubernetes_executor.py
[2026-05-27T01:59:13.134+0000] {processor.py:914} INFO - Processing file /home/airflow/.local/lib/python3.12/site-packages/airflow/example_dags/example_kubernetes_executor.py for tasks to queue
[2026-05-27T01:59:13.136+0000] {logging_mixin.py:190} INFO - [2026-05-27T01:59:13.136+0000] {dagbag.py:587} INFO - Filling up the DagBag from /home/airflow/.local/lib/python3.12/site-packages/airflow/example_dags/example_kubernetes_executor.py
[2026-05-27T01:59:13.153+0000] {processor.py:925} INFO - DAG(s) 'example_kubernetes_executor' retrieved from /home/airflow/.local/lib/python3.12/site-packages/airflow/example_dags/example_kubernetes_executor.py
[2026-05-27T01:59:13.201+0000] {logging_mixin.py:190} INFO - [2026-05-27T01:59:13.201+0000] {dag.py:3211} INFO - Sync 1 DAGs
[2026-05-27T01:59:13.216+0000] {logging_mixin.py:190} INFO - [2026-05-27T01:59:13.215+0000] {dag.py:4138} INFO - Setting next_dagrun for example_kubernetes_executor to None, run_after=None
[2026-05-27T01:59:13.230+0000] {processor.py:208} INFO - Processing /home/airflow/.local/lib/python3.12/site-packages/airflow/example_dags/example_kubernetes_executor.py took 0.103 seconds
[2026-05-27T01:59:43.649+0000] {processor.py:186} INFO - Started process (PID=171) to work on /home/airflow/.local/lib/python3.12/site-packages/airflow/example_dags/example_kubernetes_executor.py
[2026-05-27T01:59:43.650+0000] {processor.py:914} INFO - Processing file /home/airflow/.local/lib/python3.12/site-packages/airflow/example_dags/example_kubernetes_executor.py for tasks to queue
[2026-05-27T01:59:43.652+0000] {logging_mixin.py:190} INFO - [2026-05-27T01:59:43.652+0000] {dagbag.py:587} INFO - Filling up the DagBag from /home/airflow/.local/lib/python3.12/site-packages/airflow/example_dags/example_kubernetes_executor.py
[2026-05-27T01:59:43.662+0000] {processor.py:925} INFO - DAG(s) 'example_kubernetes_executor' retrieved from /home/airflow/.local/lib/python3.12/site-packages/airflow/example_dags/example_kubernetes_executor.py
[2026-05-27T01:59:43.695+0000] {logging_mixin.py:190} INFO - [2026-05-27T01:59:43.695+0000] {dag.py:3211} INFO - Sync 1 DAGs
[2026-05-27T01:59:43.707+0000] {logging_mixin.py:190} INFO - [2026-05-27T01:59:43.707+0000] {dag.py:4138} INFO - Setting next_dagrun for example_kubernetes_executor to None, run_after=None
[2026-05-27T01:59:43.730+0000] {processor.py:208} INFO - Processing /home/airflow/.local/lib/python3.12/site-packages/airflow/example_dags/example_kubernetes_executor.py took 0.085 seconds
[2026-05-27T02:00:13.986+0000] {processor.py:186} INFO - Started process (PID=234) to work on /home/airflow/.local/lib/python3.12/site-packages/airflow/example_dags/example_kubernetes_executor.py
[2026-05-27T02:00:13.987+0000] {processor.py:914} INFO - Processing file /home/airflow/.local/lib/python3.12/site-packages/airflow/example_dags/example_kubernetes_executor.py for tasks to queue
[2026-05-27T02:00:13.989+0000] {logging_mixin.py:190} INFO - [2026-05-27T02:00:13.989+0000] {dagbag.py:587} INFO - Filling up the DagBag from /home/airflow/.local/lib/python3.12/site-packages/airflow/example_dags/example_kubernetes_executor.py
[2026-05-27T02:00:13.999+0000] {processor.py:925} INFO - DAG(s) 'example_kubernetes_executor' retrieved from /home/airflow/.local/lib/python3.12/site-packages/airflow/example_dags/example_kubernetes_executor.py
[2026-05-27T02:00:14.028+0000] {logging_mixin.py:190} INFO - [2026-05-27T02:00:14.028+0000] {dag.py:3211} INFO - Sync 1 DAGs
[2026-05-27T02:00:14.039+0000] {logging_mixin.py:190} INFO - [2026-05-27T02:00:14.038+0000] {dag.py:4138} INFO - Setting next_dagrun for example_kubernetes_executor to None, run_after=None
[2026-05-27T02:00:14.050+0000] {processor.py:208} INFO - Processing /home/airflow/.local/lib/python3.12/site-packages/airflow/example_dags/example_kubernetes_executor.py took 0.068 seconds
[2026-05-27T02:00:44.777+0000] {processor.py:186} INFO - Started process (PID=296) to work on /home/airflow/.local/lib/python3.12/site-packages/airflow/example_dags/example_kubernetes_executor.py
[2026-05-27T02:00:44.778+0000] {processor.py:914} INFO - Processing file /home/airflow/.local/lib/python3.12/site-packages/airflow/example_dags/example_kubernetes_executor.py for tasks to queue
[2026-05-27T02:00:44.780+0000] {logging_mixin.py:190} INFO - [2026-05-27T02:00:44.780+0000] {dagbag.py:587} INFO - Filling up the DagBag from /home/airflow/.local/lib/python3.12/site-packages/airflow/example_dags/example_kubernetes_executor.py
[2026-05-27T02:00:44.791+0000] {processor.py:925} INFO - DAG(s) 'example_kubernetes_executor' retrieved from /home/airflow/.local/lib/python3.12/site-packages/airflow/example_dags/example_kubernetes_executor.py
[2026-05-27T02:00:44.818+0000] {logging_mixin.py:190} INFO - [2026-05-27T02:00:44.817+0000] {dag.py:3211} INFO - Sync 1 DAGs
[2026-05-27T02:00:44.826+0000] {logging_mixin.py:190} INFO - [2026-05-27T02:00:44.826+0000] {dag.py:4138} INFO - Setting next_dagrun for example_kubernetes_executor to None, run_after=None
[2026-05-27T02:00:44.838+0000] {processor.py:208} INFO - Processing /home/airflow/.local/lib/python3.12/site-packages/airflow/example_dags/example_kubernetes_executor.py took 0.066 seconds
[2026-05-27T02:01:15.000+0000] {processor.py:186} INFO - Started process (PID=358) to work on /home/airflow/.local/lib/python3.12/site-packages/airflow/example_dags/example_kubernetes_executor.py
[2026-05-27T02:01:15.001+0000] {processor.py:914} INFO - Processing file /home/airflow/.local/lib/python3.12/site-packages/airflow/example_dags/example_kubernetes_executor.py for tasks to queue
[2026-05-27T02:01:15.003+0000] {logging_mixin.py:190} INFO - [2026-05-27T02:01:15.003+0000] {dagbag.py:587} INFO - Filling up the DagBag from /home/airflow/.local/lib/python3.12/site-packages/airflow/example_dags/example_kubernetes_executor.py
[2026-05-27T02:01:15.012+0000] {processor.py:925} INFO - DAG(s) 'example_kubernetes_executor' retrieved from /home/airflow/.local/lib/python3.12/site-packages/airflow/example_dags/example_kubernetes_executor.py
[2026-05-27T02:01:15.038+0000] {logging_mixin.py:190} INFO - [2026-05-27T02:01:15.038+0000] {dag.py:3211} INFO - Sync 1 DAGs
[2026-05-27T02:01:15.046+0000] {logging_mixin.py:190} INFO - [2026-05-27T02:01:15.046+0000] {dag.py:4138} INFO - Setting next_dagrun for example_kubernetes_executor to None, run_after=None
[2026-05-27T02:01:15.056+0000] {processor.py:208} INFO - Processing /home/airflow/.local/lib/python3.12/site-packages/airflow/example_dags/example_kubernetes_executor.py took 0.060 seconds
[2026-05-27T02:01:48.374+0000] {processor.py:186} INFO - Started process (PID=58) to work on /home/airflow/.local/lib/python3.12/site-packages/airflow/example_dags/example_kubernetes_executor.py
[2026-05-27T02:01:48.375+0000] {processor.py:914} INFO - Processing file /home/airflow/.local/lib/python3.12/site-packages/airflow/example_dags/example_kubernetes_executor.py for tasks to queue
[2026-05-27T02:01:48.378+0000] {logging_mixin.py:190} INFO - [2026-05-27T02:01:48.377+0000] {dagbag.py:587} INFO - Filling up the DagBag from /home/airflow/.local/lib/python3.12/site-packages/airflow/example_dags/example_kubernetes_executor.py
[2026-05-27T02:01:48.392+0000] {processor.py:925} INFO - DAG(s) 'example_kubernetes_executor' retrieved from /home/airflow/.local/lib/python3.12/site-packages/airflow/example_dags/example_kubernetes_executor.py
[2026-05-27T02:01:48.428+0000] {logging_mixin.py:190} INFO - [2026-05-27T02:01:48.428+0000] {dag.py:3211} INFO - Sync 1 DAGs
[2026-05-27T02:01:48.440+0000] {logging_mixin.py:190} INFO - [2026-05-27T02:01:48.440+0000] {dag.py:4138} INFO - Setting next_dagrun for example_kubernetes_executor to None, run_after=None
[2026-05-27T02:01:48.452+0000] {processor.py:208} INFO - Processing /home/airflow/.local/lib/python3.12/site-packages/airflow/example_dags/example_kubernetes_executor.py took 0.083 seconds
[2026-05-27T02:02:18.047+0000] {processor.py:186} INFO - Started process (PID=58) to work on /home/airflow/.local/lib/python3.12/site-packages/airflow/example_dags/example_kubernetes_executor.py
[2026-05-27T02:02:18.047+0000] {processor.py:914} INFO - Processing file /home/airflow/.local/lib/python3.12/site-packages/airflow/example_dags/example_kubernetes_executor.py for tasks to queue
[2026-05-27T02:02:18.049+0000] {logging_mixin.py:190} INFO - [2026-05-27T02:02:18.049+0000] {dagbag.py:587} INFO - Filling up the DagBag from /home/airflow/.local/lib/python3.12/site-packages/airflow/example_dags/example_kubernetes_executor.py
[2026-05-27T02:02:18.062+0000] {processor.py:925} INFO - DAG(s) 'example_kubernetes_executor' retrieved from /home/airflow/.local/lib/python3.12/site-packages/airflow/example_dags/example_kubernetes_executor.py
[2026-05-27T02:02:18.096+0000] {logging_mixin.py:190} INFO - [2026-05-27T02:02:18.096+0000] {dag.py:3211} INFO - Sync 1 DAGs
[2026-05-27T02:02:18.110+0000] {logging_mixin.py:190} INFO - [2026-05-27T02:02:18.110+0000] {dag.py:4138} INFO - Setting next_dagrun for example_kubernetes_executor to None, run_after=None
[2026-05-27T02:02:18.128+0000] {processor.py:208} INFO - Processing /home/airflow/.local/lib/python3.12/site-packages/airflow/example_dags/example_kubernetes_executor.py took 0.085 seconds
[2026-05-27T02:02:59.476+0000] {processor.py:186} INFO - Started process (PID=58) to work on /home/airflow/.local/lib/python3.12/site-packages/airflow/example_dags/example_kubernetes_executor.py
[2026-05-27T02:02:59.477+0000] {processor.py:914} INFO - Processing file /home/airflow/.local/lib/python3.12/site-packages/airflow/example_dags/example_kubernetes_executor.py for tasks to queue
[2026-05-27T02:02:59.480+0000] {logging_mixin.py:190} INFO - [2026-05-27T02:02:59.480+0000] {dagbag.py:587} INFO - Filling up the DagBag from /home/airflow/.local/lib/python3.12/site-packages/airflow/example_dags/example_kubernetes_executor.py
[2026-05-27T02:02:59.494+0000] {processor.py:925} INFO - DAG(s) 'example_kubernetes_executor' retrieved from /home/airflow/.local/lib/python3.12/site-packages/airflow/example_dags/example_kubernetes_executor.py
[2026-05-27T02:02:59.532+0000] {logging_mixin.py:190} INFO - [2026-05-27T02:02:59.531+0000] {dag.py:3211} INFO - Sync 1 DAGs
[2026-05-27T02:02:59.545+0000] {logging_mixin.py:190} INFO - [2026-05-27T02:02:59.545+0000] {dag.py:4138} INFO - Setting next_dagrun for example_kubernetes_executor to None, run_after=None
[2026-05-27T02:02:59.559+0000] {processor.py:208} INFO - Processing /home/airflow/.local/lib/python3.12/site-packages/airflow/example_dags/example_kubernetes_executor.py took 0.089 seconds
