[2026-05-27T01:54:00.750+0000] {processor.py:186} INFO - Started process (PID=58) to work on /home/airflow/.local/lib/python3.12/site-packages/airflow/example_dags/example_complex.py
[2026-05-27T01:54:00.751+0000] {processor.py:914} INFO - Processing file /home/airflow/.local/lib/python3.12/site-packages/airflow/example_dags/example_complex.py for tasks to queue
[2026-05-27T01:54:00.753+0000] {logging_mixin.py:190} INFO - [2026-05-27T01:54:00.752+0000] {dagbag.py:587} INFO - Filling up the DagBag from /home/airflow/.local/lib/python3.12/site-packages/airflow/example_dags/example_complex.py
[2026-05-27T01:54:00.764+0000] {processor.py:925} INFO - DAG(s) 'example_complex' retrieved from /home/airflow/.local/lib/python3.12/site-packages/airflow/example_dags/example_complex.py
[2026-05-27T01:54:00.871+0000] {logging_mixin.py:190} INFO - [2026-05-27T01:54:00.870+0000] {override.py:1858} INFO - Created Permission View: can edit on DAG:example_complex
[2026-05-27T01:54:00.880+0000] {logging_mixin.py:190} INFO - [2026-05-27T01:54:00.880+0000] {override.py:1858} INFO - Created Permission View: can read on DAG:example_complex
[2026-05-27T01:54:00.886+0000] {logging_mixin.py:190} INFO - [2026-05-27T01:54:00.886+0000] {override.py:1858} INFO - Created Permission View: can delete on DAG:example_complex
[2026-05-27T01:54:00.887+0000] {logging_mixin.py:190} INFO - [2026-05-27T01:54:00.886+0000] {dag.py:3211} INFO - Sync 1 DAGs
[2026-05-27T01:54:00.896+0000] {logging_mixin.py:190} INFO - [2026-05-27T01:54:00.896+0000] {dag.py:3234} INFO - Creating ORM DAG for example_complex
[2026-05-27T01:54:00.897+0000] {logging_mixin.py:190} INFO - [2026-05-27T01:54:00.897+0000] {dag.py:4138} INFO - Setting next_dagrun for example_complex to None, run_after=None
[2026-05-27T01:54:00.908+0000] {processor.py:208} INFO - Processing /home/airflow/.local/lib/python3.12/site-packages/airflow/example_dags/example_complex.py took 0.163 seconds
[2026-05-27T01:54:31.116+0000] {processor.py:186} INFO - Started process (PID=130) to work on /home/airflow/.local/lib/python3.12/site-packages/airflow/example_dags/example_complex.py
[2026-05-27T01:54:31.116+0000] {processor.py:914} INFO - Processing file /home/airflow/.local/lib/python3.12/site-packages/airflow/example_dags/example_complex.py for tasks to queue
[2026-05-27T01:54:31.118+0000] {logging_mixin.py:190} INFO - [2026-05-27T01:54:31.118+0000] {dagbag.py:587} INFO - Filling up the DagBag from /home/airflow/.local/lib/python3.12/site-packages/airflow/example_dags/example_complex.py
[2026-05-27T01:54:31.126+0000] {processor.py:925} INFO - DAG(s) 'example_complex' retrieved from /home/airflow/.local/lib/python3.12/site-packages/airflow/example_dags/example_complex.py
[2026-05-27T01:54:31.147+0000] {logging_mixin.py:190} INFO - [2026-05-27T01:54:31.147+0000] {dag.py:3211} INFO - Sync 1 DAGs
[2026-05-27T01:54:31.156+0000] {logging_mixin.py:190} INFO - [2026-05-27T01:54:31.156+0000] {dag.py:4138} INFO - Setting next_dagrun for example_complex to None, run_after=None
[2026-05-27T01:54:31.166+0000] {processor.py:208} INFO - Processing /home/airflow/.local/lib/python3.12/site-packages/airflow/example_dags/example_complex.py took 0.055 seconds
[2026-05-27T01:55:01.460+0000] {processor.py:186} INFO - Started process (PID=195) to work on /home/airflow/.local/lib/python3.12/site-packages/airflow/example_dags/example_complex.py
[2026-05-27T01:55:01.460+0000] {processor.py:914} INFO - Processing file /home/airflow/.local/lib/python3.12/site-packages/airflow/example_dags/example_complex.py for tasks to queue
[2026-05-27T01:55:01.462+0000] {logging_mixin.py:190} INFO - [2026-05-27T01:55:01.462+0000] {dagbag.py:587} INFO - Filling up the DagBag from /home/airflow/.local/lib/python3.12/site-packages/airflow/example_dags/example_complex.py
[2026-05-27T01:55:01.472+0000] {processor.py:925} INFO - DAG(s) 'example_complex' retrieved from /home/airflow/.local/lib/python3.12/site-packages/airflow/example_dags/example_complex.py
[2026-05-27T01:55:01.493+0000] {logging_mixin.py:190} INFO - [2026-05-27T01:55:01.493+0000] {dag.py:3211} INFO - Sync 1 DAGs
[2026-05-27T01:55:01.502+0000] {logging_mixin.py:190} INFO - [2026-05-27T01:55:01.501+0000] {dag.py:4138} INFO - Setting next_dagrun for example_complex to None, run_after=None
[2026-05-27T01:55:01.513+0000] {processor.py:208} INFO - Processing /home/airflow/.local/lib/python3.12/site-packages/airflow/example_dags/example_complex.py took 0.057 seconds
[2026-05-27T01:55:31.990+0000] {processor.py:186} INFO - Started process (PID=257) to work on /home/airflow/.local/lib/python3.12/site-packages/airflow/example_dags/example_complex.py
[2026-05-27T01:55:31.991+0000] {processor.py:914} INFO - Processing file /home/airflow/.local/lib/python3.12/site-packages/airflow/example_dags/example_complex.py for tasks to queue
[2026-05-27T01:55:31.992+0000] {logging_mixin.py:190} INFO - [2026-05-27T01:55:31.992+0000] {dagbag.py:587} INFO - Filling up the DagBag from /home/airflow/.local/lib/python3.12/site-packages/airflow/example_dags/example_complex.py
[2026-05-27T01:55:32.000+0000] {processor.py:925} INFO - DAG(s) 'example_complex' retrieved from /home/airflow/.local/lib/python3.12/site-packages/airflow/example_dags/example_complex.py
[2026-05-27T01:55:32.021+0000] {logging_mixin.py:190} INFO - [2026-05-27T01:55:32.021+0000] {dag.py:3211} INFO - Sync 1 DAGs
[2026-05-27T01:55:32.031+0000] {logging_mixin.py:190} INFO - [2026-05-27T01:55:32.031+0000] {dag.py:4138} INFO - Setting next_dagrun for example_complex to None, run_after=None
[2026-05-27T01:55:32.042+0000] {processor.py:208} INFO - Processing /home/airflow/.local/lib/python3.12/site-packages/airflow/example_dags/example_complex.py took 0.056 seconds
[2026-05-27T01:56:02.271+0000] {processor.py:186} INFO - Started process (PID=319) to work on /home/airflow/.local/lib/python3.12/site-packages/airflow/example_dags/example_complex.py
[2026-05-27T01:56:02.272+0000] {processor.py:914} INFO - Processing file /home/airflow/.local/lib/python3.12/site-packages/airflow/example_dags/example_complex.py for tasks to queue
[2026-05-27T01:56:02.274+0000] {logging_mixin.py:190} INFO - [2026-05-27T01:56:02.274+0000] {dagbag.py:587} INFO - Filling up the DagBag from /home/airflow/.local/lib/python3.12/site-packages/airflow/example_dags/example_complex.py
[2026-05-27T01:56:02.283+0000] {processor.py:925} INFO - DAG(s) 'example_complex' retrieved from /home/airflow/.local/lib/python3.12/site-packages/airflow/example_dags/example_complex.py
[2026-05-27T01:56:02.305+0000] {logging_mixin.py:190} INFO - [2026-05-27T01:56:02.305+0000] {dag.py:3211} INFO - Sync 1 DAGs
[2026-05-27T01:56:02.314+0000] {logging_mixin.py:190} INFO - [2026-05-27T01:56:02.314+0000] {dag.py:4138} INFO - Setting next_dagrun for example_complex to None, run_after=None
[2026-05-27T01:56:02.326+0000] {processor.py:208} INFO - Processing /home/airflow/.local/lib/python3.12/site-packages/airflow/example_dags/example_complex.py took 0.060 seconds
[2026-05-27T01:56:32.788+0000] {processor.py:186} INFO - Started process (PID=381) to work on /home/airflow/.local/lib/python3.12/site-packages/airflow/example_dags/example_complex.py
[2026-05-27T01:56:32.789+0000] {processor.py:914} INFO - Processing file /home/airflow/.local/lib/python3.12/site-packages/airflow/example_dags/example_complex.py for tasks to queue
[2026-05-27T01:56:32.791+0000] {logging_mixin.py:190} INFO - [2026-05-27T01:56:32.790+0000] {dagbag.py:587} INFO - Filling up the DagBag from /home/airflow/.local/lib/python3.12/site-packages/airflow/example_dags/example_complex.py
[2026-05-27T01:56:32.799+0000] {processor.py:925} INFO - DAG(s) 'example_complex' retrieved from /home/airflow/.local/lib/python3.12/site-packages/airflow/example_dags/example_complex.py
[2026-05-27T01:56:32.823+0000] {logging_mixin.py:190} INFO - [2026-05-27T01:56:32.823+0000] {dag.py:3211} INFO - Sync 1 DAGs
[2026-05-27T01:56:32.833+0000] {logging_mixin.py:190} INFO - [2026-05-27T01:56:32.833+0000] {dag.py:4138} INFO - Setting next_dagrun for example_complex to None, run_after=None
[2026-05-27T01:56:32.844+0000] {processor.py:208} INFO - Processing /home/airflow/.local/lib/python3.12/site-packages/airflow/example_dags/example_complex.py took 0.061 seconds
[2026-05-27T01:57:03.075+0000] {processor.py:186} INFO - Started process (PID=443) to work on /home/airflow/.local/lib/python3.12/site-packages/airflow/example_dags/example_complex.py
[2026-05-27T01:57:03.076+0000] {processor.py:914} INFO - Processing file /home/airflow/.local/lib/python3.12/site-packages/airflow/example_dags/example_complex.py for tasks to queue
[2026-05-27T01:57:03.078+0000] {logging_mixin.py:190} INFO - [2026-05-27T01:57:03.078+0000] {dagbag.py:587} INFO - Filling up the DagBag from /home/airflow/.local/lib/python3.12/site-packages/airflow/example_dags/example_complex.py
[2026-05-27T01:57:03.088+0000] {processor.py:925} INFO - DAG(s) 'example_complex' retrieved from /home/airflow/.local/lib/python3.12/site-packages/airflow/example_dags/example_complex.py
[2026-05-27T01:57:03.108+0000] {logging_mixin.py:190} INFO - [2026-05-27T01:57:03.108+0000] {dag.py:3211} INFO - Sync 1 DAGs
[2026-05-27T01:57:03.118+0000] {logging_mixin.py:190} INFO - [2026-05-27T01:57:03.118+0000] {dag.py:4138} INFO - Setting next_dagrun for example_complex to None, run_after=None
[2026-05-27T01:57:03.129+0000] {processor.py:208} INFO - Processing /home/airflow/.local/lib/python3.12/site-packages/airflow/example_dags/example_complex.py took 0.058 seconds
[2026-05-27T01:57:33.636+0000] {processor.py:186} INFO - Started process (PID=505) to work on /home/airflow/.local/lib/python3.12/site-packages/airflow/example_dags/example_complex.py
[2026-05-27T01:57:33.637+0000] {processor.py:914} INFO - Processing file /home/airflow/.local/lib/python3.12/site-packages/airflow/example_dags/example_complex.py for tasks to queue
[2026-05-27T01:57:33.639+0000] {logging_mixin.py:190} INFO - [2026-05-27T01:57:33.639+0000] {dagbag.py:587} INFO - Filling up the DagBag from /home/airflow/.local/lib/python3.12/site-packages/airflow/example_dags/example_complex.py
[2026-05-27T01:57:33.648+0000] {processor.py:925} INFO - DAG(s) 'example_complex' retrieved from /home/airflow/.local/lib/python3.12/site-packages/airflow/example_dags/example_complex.py
[2026-05-27T01:57:33.673+0000] {logging_mixin.py:190} INFO - [2026-05-27T01:57:33.673+0000] {dag.py:3211} INFO - Sync 1 DAGs
[2026-05-27T01:57:33.684+0000] {logging_mixin.py:190} INFO - [2026-05-27T01:57:33.684+0000] {dag.py:4138} INFO - Setting next_dagrun for example_complex to None, run_after=None
[2026-05-27T01:57:33.696+0000] {processor.py:208} INFO - Processing /home/airflow/.local/lib/python3.12/site-packages/airflow/example_dags/example_complex.py took 0.065 seconds
[2026-05-27T01:58:04.160+0000] {processor.py:186} INFO - Started process (PID=573) to work on /home/airflow/.local/lib/python3.12/site-packages/airflow/example_dags/example_complex.py
[2026-05-27T01:58:04.161+0000] {processor.py:914} INFO - Processing file /home/airflow/.local/lib/python3.12/site-packages/airflow/example_dags/example_complex.py for tasks to queue
[2026-05-27T01:58:04.163+0000] {logging_mixin.py:190} INFO - [2026-05-27T01:58:04.163+0000] {dagbag.py:587} INFO - Filling up the DagBag from /home/airflow/.local/lib/python3.12/site-packages/airflow/example_dags/example_complex.py
[2026-05-27T01:58:04.170+0000] {processor.py:925} INFO - DAG(s) 'example_complex' retrieved from /home/airflow/.local/lib/python3.12/site-packages/airflow/example_dags/example_complex.py
[2026-05-27T01:58:04.193+0000] {logging_mixin.py:190} INFO - [2026-05-27T01:58:04.193+0000] {dag.py:3211} INFO - Sync 1 DAGs
[2026-05-27T01:58:04.203+0000] {logging_mixin.py:190} INFO - [2026-05-27T01:58:04.203+0000] {dag.py:4138} INFO - Setting next_dagrun for example_complex to None, run_after=None
[2026-05-27T01:58:04.214+0000] {processor.py:208} INFO - Processing /home/airflow/.local/lib/python3.12/site-packages/airflow/example_dags/example_complex.py took 0.059 seconds
[2026-05-27T01:59:12.546+0000] {processor.py:186} INFO - Started process (PID=67) to work on /home/airflow/.local/lib/python3.12/site-packages/airflow/example_dags/example_complex.py
[2026-05-27T01:59:12.547+0000] {processor.py:914} INFO - Processing file /home/airflow/.local/lib/python3.12/site-packages/airflow/example_dags/example_complex.py for tasks to queue
[2026-05-27T01:59:12.549+0000] {logging_mixin.py:190} INFO - [2026-05-27T01:59:12.548+0000] {dagbag.py:587} INFO - Filling up the DagBag from /home/airflow/.local/lib/python3.12/site-packages/airflow/example_dags/example_complex.py
[2026-05-27T01:59:12.560+0000] {processor.py:925} INFO - DAG(s) 'example_complex' retrieved from /home/airflow/.local/lib/python3.12/site-packages/airflow/example_dags/example_complex.py
[2026-05-27T01:59:12.595+0000] {logging_mixin.py:190} INFO - [2026-05-27T01:59:12.595+0000] {dag.py:3211} INFO - Sync 1 DAGs
[2026-05-27T01:59:12.616+0000] {logging_mixin.py:190} INFO - [2026-05-27T01:59:12.615+0000] {dag.py:4138} INFO - Setting next_dagrun for example_complex to None, run_after=None
[2026-05-27T01:59:12.634+0000] {processor.py:208} INFO - Processing /home/airflow/.local/lib/python3.12/site-packages/airflow/example_dags/example_complex.py took 0.094 seconds
[2026-05-27T01:59:43.235+0000] {processor.py:186} INFO - Started process (PID=165) to work on /home/airflow/.local/lib/python3.12/site-packages/airflow/example_dags/example_complex.py
[2026-05-27T01:59:43.236+0000] {processor.py:914} INFO - Processing file /home/airflow/.local/lib/python3.12/site-packages/airflow/example_dags/example_complex.py for tasks to queue
[2026-05-27T01:59:43.238+0000] {logging_mixin.py:190} INFO - [2026-05-27T01:59:43.238+0000] {dagbag.py:587} INFO - Filling up the DagBag from /home/airflow/.local/lib/python3.12/site-packages/airflow/example_dags/example_complex.py
[2026-05-27T01:59:43.247+0000] {processor.py:925} INFO - DAG(s) 'example_complex' retrieved from /home/airflow/.local/lib/python3.12/site-packages/airflow/example_dags/example_complex.py
[2026-05-27T01:59:43.270+0000] {logging_mixin.py:190} INFO - [2026-05-27T01:59:43.270+0000] {dag.py:3211} INFO - Sync 1 DAGs
[2026-05-27T01:59:43.280+0000] {logging_mixin.py:190} INFO - [2026-05-27T01:59:43.280+0000] {dag.py:4138} INFO - Setting next_dagrun for example_complex to None, run_after=None
[2026-05-27T01:59:43.291+0000] {processor.py:208} INFO - Processing /home/airflow/.local/lib/python3.12/site-packages/airflow/example_dags/example_complex.py took 0.060 seconds
[2026-05-27T02:00:13.489+0000] {processor.py:186} INFO - Started process (PID=228) to work on /home/airflow/.local/lib/python3.12/site-packages/airflow/example_dags/example_complex.py
[2026-05-27T02:00:13.490+0000] {processor.py:914} INFO - Processing file /home/airflow/.local/lib/python3.12/site-packages/airflow/example_dags/example_complex.py for tasks to queue
[2026-05-27T02:00:13.492+0000] {logging_mixin.py:190} INFO - [2026-05-27T02:00:13.491+0000] {dagbag.py:587} INFO - Filling up the DagBag from /home/airflow/.local/lib/python3.12/site-packages/airflow/example_dags/example_complex.py
[2026-05-27T02:00:13.500+0000] {processor.py:925} INFO - DAG(s) 'example_complex' retrieved from /home/airflow/.local/lib/python3.12/site-packages/airflow/example_dags/example_complex.py
[2026-05-27T02:00:13.523+0000] {logging_mixin.py:190} INFO - [2026-05-27T02:00:13.523+0000] {dag.py:3211} INFO - Sync 1 DAGs
[2026-05-27T02:00:13.532+0000] {logging_mixin.py:190} INFO - [2026-05-27T02:00:13.532+0000] {dag.py:4138} INFO - Setting next_dagrun for example_complex to None, run_after=None
[2026-05-27T02:00:13.545+0000] {processor.py:208} INFO - Processing /home/airflow/.local/lib/python3.12/site-packages/airflow/example_dags/example_complex.py took 0.061 seconds
[2026-05-27T02:00:44.361+0000] {processor.py:186} INFO - Started process (PID=290) to work on /home/airflow/.local/lib/python3.12/site-packages/airflow/example_dags/example_complex.py
[2026-05-27T02:00:44.362+0000] {processor.py:914} INFO - Processing file /home/airflow/.local/lib/python3.12/site-packages/airflow/example_dags/example_complex.py for tasks to queue
[2026-05-27T02:00:44.365+0000] {logging_mixin.py:190} INFO - [2026-05-27T02:00:44.364+0000] {dagbag.py:587} INFO - Filling up the DagBag from /home/airflow/.local/lib/python3.12/site-packages/airflow/example_dags/example_complex.py
[2026-05-27T02:00:44.373+0000] {processor.py:925} INFO - DAG(s) 'example_complex' retrieved from /home/airflow/.local/lib/python3.12/site-packages/airflow/example_dags/example_complex.py
[2026-05-27T02:00:44.395+0000] {logging_mixin.py:190} INFO - [2026-05-27T02:00:44.395+0000] {dag.py:3211} INFO - Sync 1 DAGs
[2026-05-27T02:00:44.408+0000] {logging_mixin.py:190} INFO - [2026-05-27T02:00:44.407+0000] {dag.py:4138} INFO - Setting next_dagrun for example_complex to None, run_after=None
[2026-05-27T02:00:44.418+0000] {processor.py:208} INFO - Processing /home/airflow/.local/lib/python3.12/site-packages/airflow/example_dags/example_complex.py took 0.061 seconds
[2026-05-27T02:01:14.607+0000] {processor.py:186} INFO - Started process (PID=352) to work on /home/airflow/.local/lib/python3.12/site-packages/airflow/example_dags/example_complex.py
[2026-05-27T02:01:14.608+0000] {processor.py:914} INFO - Processing file /home/airflow/.local/lib/python3.12/site-packages/airflow/example_dags/example_complex.py for tasks to queue
[2026-05-27T02:01:14.610+0000] {logging_mixin.py:190} INFO - [2026-05-27T02:01:14.609+0000] {dagbag.py:587} INFO - Filling up the DagBag from /home/airflow/.local/lib/python3.12/site-packages/airflow/example_dags/example_complex.py
[2026-05-27T02:01:14.618+0000] {processor.py:925} INFO - DAG(s) 'example_complex' retrieved from /home/airflow/.local/lib/python3.12/site-packages/airflow/example_dags/example_complex.py
[2026-05-27T02:01:14.643+0000] {logging_mixin.py:190} INFO - [2026-05-27T02:01:14.643+0000] {dag.py:3211} INFO - Sync 1 DAGs
[2026-05-27T02:01:14.655+0000] {logging_mixin.py:190} INFO - [2026-05-27T02:01:14.655+0000] {dag.py:4138} INFO - Setting next_dagrun for example_complex to None, run_after=None
[2026-05-27T02:01:14.667+0000] {processor.py:208} INFO - Processing /home/airflow/.local/lib/python3.12/site-packages/airflow/example_dags/example_complex.py took 0.064 seconds
[2026-05-27T02:01:47.748+0000] {processor.py:186} INFO - Started process (PID=52) to work on /home/airflow/.local/lib/python3.12/site-packages/airflow/example_dags/example_complex.py
[2026-05-27T02:01:47.750+0000] {processor.py:914} INFO - Processing file /home/airflow/.local/lib/python3.12/site-packages/airflow/example_dags/example_complex.py for tasks to queue
[2026-05-27T02:01:47.753+0000] {logging_mixin.py:190} INFO - [2026-05-27T02:01:47.753+0000] {dagbag.py:587} INFO - Filling up the DagBag from /home/airflow/.local/lib/python3.12/site-packages/airflow/example_dags/example_complex.py
[2026-05-27T02:01:47.767+0000] {processor.py:925} INFO - DAG(s) 'example_complex' retrieved from /home/airflow/.local/lib/python3.12/site-packages/airflow/example_dags/example_complex.py
[2026-05-27T02:01:47.824+0000] {logging_mixin.py:190} INFO - [2026-05-27T02:01:47.824+0000] {dag.py:3211} INFO - Sync 1 DAGs
[2026-05-27T02:01:47.846+0000] {logging_mixin.py:190} INFO - [2026-05-27T02:01:47.846+0000] {dag.py:4138} INFO - Setting next_dagrun for example_complex to None, run_after=None
[2026-05-27T02:01:47.869+0000] {processor.py:208} INFO - Processing /home/airflow/.local/lib/python3.12/site-packages/airflow/example_dags/example_complex.py took 0.127 seconds
[2026-05-27T02:02:17.373+0000] {processor.py:186} INFO - Started process (PID=52) to work on /home/airflow/.local/lib/python3.12/site-packages/airflow/example_dags/example_complex.py
[2026-05-27T02:02:17.374+0000] {processor.py:914} INFO - Processing file /home/airflow/.local/lib/python3.12/site-packages/airflow/example_dags/example_complex.py for tasks to queue
[2026-05-27T02:02:17.376+0000] {logging_mixin.py:190} INFO - [2026-05-27T02:02:17.375+0000] {dagbag.py:587} INFO - Filling up the DagBag from /home/airflow/.local/lib/python3.12/site-packages/airflow/example_dags/example_complex.py
[2026-05-27T02:02:17.384+0000] {processor.py:925} INFO - DAG(s) 'example_complex' retrieved from /home/airflow/.local/lib/python3.12/site-packages/airflow/example_dags/example_complex.py
[2026-05-27T02:02:17.413+0000] {logging_mixin.py:190} INFO - [2026-05-27T02:02:17.413+0000] {dag.py:3211} INFO - Sync 1 DAGs
[2026-05-27T02:02:17.423+0000] {logging_mixin.py:190} INFO - [2026-05-27T02:02:17.423+0000] {dag.py:4138} INFO - Setting next_dagrun for example_complex to None, run_after=None
[2026-05-27T02:02:17.433+0000] {processor.py:208} INFO - Processing /home/airflow/.local/lib/python3.12/site-packages/airflow/example_dags/example_complex.py took 0.064 seconds
[2026-05-27T02:02:58.877+0000] {processor.py:186} INFO - Started process (PID=52) to work on /home/airflow/.local/lib/python3.12/site-packages/airflow/example_dags/example_complex.py
[2026-05-27T02:02:58.878+0000] {processor.py:914} INFO - Processing file /home/airflow/.local/lib/python3.12/site-packages/airflow/example_dags/example_complex.py for tasks to queue
[2026-05-27T02:02:58.880+0000] {logging_mixin.py:190} INFO - [2026-05-27T02:02:58.880+0000] {dagbag.py:587} INFO - Filling up the DagBag from /home/airflow/.local/lib/python3.12/site-packages/airflow/example_dags/example_complex.py
[2026-05-27T02:02:58.888+0000] {processor.py:925} INFO - DAG(s) 'example_complex' retrieved from /home/airflow/.local/lib/python3.12/site-packages/airflow/example_dags/example_complex.py
[2026-05-27T02:02:58.916+0000] {logging_mixin.py:190} INFO - [2026-05-27T02:02:58.916+0000] {dag.py:3211} INFO - Sync 1 DAGs
[2026-05-27T02:02:58.926+0000] {logging_mixin.py:190} INFO - [2026-05-27T02:02:58.926+0000] {dag.py:4138} INFO - Setting next_dagrun for example_complex to None, run_after=None
[2026-05-27T02:02:58.939+0000] {processor.py:208} INFO - Processing /home/airflow/.local/lib/python3.12/site-packages/airflow/example_dags/example_complex.py took 0.067 seconds
