[2026-05-27T01:54:04.060+0000] {processor.py:186} INFO - Started process (PID=93) to work on /home/airflow/.local/lib/python3.12/site-packages/airflow/example_dags/example_branch_python_dop_operator_3.py
[2026-05-27T01:54:04.061+0000] {processor.py:914} INFO - Processing file /home/airflow/.local/lib/python3.12/site-packages/airflow/example_dags/example_branch_python_dop_operator_3.py for tasks to queue
[2026-05-27T01:54:04.063+0000] {logging_mixin.py:190} INFO - [2026-05-27T01:54:04.063+0000] {dagbag.py:587} INFO - Filling up the DagBag from /home/airflow/.local/lib/python3.12/site-packages/airflow/example_dags/example_branch_python_dop_operator_3.py
[2026-05-27T01:54:04.071+0000] {processor.py:925} INFO - DAG(s) 'example_branch_dop_operator_v3' retrieved from /home/airflow/.local/lib/python3.12/site-packages/airflow/example_dags/example_branch_python_dop_operator_3.py
[2026-05-27T01:54:04.150+0000] {logging_mixin.py:190} INFO - [2026-05-27T01:54:04.150+0000] {override.py:1858} INFO - Created Permission View: can edit on DAG:example_branch_dop_operator_v3
[2026-05-27T01:54:04.158+0000] {logging_mixin.py:190} INFO - [2026-05-27T01:54:04.158+0000] {override.py:1858} INFO - Created Permission View: can read on DAG:example_branch_dop_operator_v3
[2026-05-27T01:54:04.162+0000] {logging_mixin.py:190} INFO - [2026-05-27T01:54:04.162+0000] {override.py:1858} INFO - Created Permission View: can delete on DAG:example_branch_dop_operator_v3
[2026-05-27T01:54:04.163+0000] {logging_mixin.py:190} INFO - [2026-05-27T01:54:04.163+0000] {dag.py:3211} INFO - Sync 1 DAGs
[2026-05-27T01:54:04.173+0000] {logging_mixin.py:190} INFO - [2026-05-27T01:54:04.173+0000] {dag.py:3234} INFO - Creating ORM DAG for example_branch_dop_operator_v3
[2026-05-27T01:54:04.181+0000] {logging_mixin.py:190} INFO - [2026-05-27T01:54:04.181+0000] {dag.py:4138} INFO - Setting next_dagrun for example_branch_dop_operator_v3 to 2026-05-27 01:53:00+00:00, run_after=2026-05-27 01:54:00+00:00
[2026-05-27T01:54:04.192+0000] {processor.py:208} INFO - Processing /home/airflow/.local/lib/python3.12/site-packages/airflow/example_dags/example_branch_python_dop_operator_3.py took 0.137 seconds
[2026-05-27T01:54:35.034+0000] {processor.py:186} INFO - Started process (PID=165) to work on /home/airflow/.local/lib/python3.12/site-packages/airflow/example_dags/example_branch_python_dop_operator_3.py
[2026-05-27T01:54:35.035+0000] {processor.py:914} INFO - Processing file /home/airflow/.local/lib/python3.12/site-packages/airflow/example_dags/example_branch_python_dop_operator_3.py for tasks to queue
[2026-05-27T01:54:35.037+0000] {logging_mixin.py:190} INFO - [2026-05-27T01:54:35.037+0000] {dagbag.py:587} INFO - Filling up the DagBag from /home/airflow/.local/lib/python3.12/site-packages/airflow/example_dags/example_branch_python_dop_operator_3.py
[2026-05-27T01:54:35.044+0000] {processor.py:925} INFO - DAG(s) 'example_branch_dop_operator_v3' retrieved from /home/airflow/.local/lib/python3.12/site-packages/airflow/example_dags/example_branch_python_dop_operator_3.py
[2026-05-27T01:54:35.063+0000] {logging_mixin.py:190} INFO - [2026-05-27T01:54:35.063+0000] {dag.py:3211} INFO - Sync 1 DAGs
[2026-05-27T01:54:35.083+0000] {logging_mixin.py:190} INFO - [2026-05-27T01:54:35.083+0000] {dag.py:4138} INFO - Setting next_dagrun for example_branch_dop_operator_v3 to 2026-05-27 01:53:00+00:00, run_after=2026-05-27 01:54:00+00:00
[2026-05-27T01:54:35.095+0000] {processor.py:208} INFO - Processing /home/airflow/.local/lib/python3.12/site-packages/airflow/example_dags/example_branch_python_dop_operator_3.py took 0.066 seconds
[2026-05-27T01:55:05.289+0000] {processor.py:186} INFO - Started process (PID=230) to work on /home/airflow/.local/lib/python3.12/site-packages/airflow/example_dags/example_branch_python_dop_operator_3.py
[2026-05-27T01:55:05.290+0000] {processor.py:914} INFO - Processing file /home/airflow/.local/lib/python3.12/site-packages/airflow/example_dags/example_branch_python_dop_operator_3.py for tasks to queue
[2026-05-27T01:55:05.293+0000] {logging_mixin.py:190} INFO - [2026-05-27T01:55:05.293+0000] {dagbag.py:587} INFO - Filling up the DagBag from /home/airflow/.local/lib/python3.12/site-packages/airflow/example_dags/example_branch_python_dop_operator_3.py
[2026-05-27T01:55:05.301+0000] {processor.py:925} INFO - DAG(s) 'example_branch_dop_operator_v3' retrieved from /home/airflow/.local/lib/python3.12/site-packages/airflow/example_dags/example_branch_python_dop_operator_3.py
[2026-05-27T01:55:05.321+0000] {logging_mixin.py:190} INFO - [2026-05-27T01:55:05.321+0000] {dag.py:3211} INFO - Sync 1 DAGs
[2026-05-27T01:55:05.338+0000] {logging_mixin.py:190} INFO - [2026-05-27T01:55:05.338+0000] {dag.py:4138} INFO - Setting next_dagrun for example_branch_dop_operator_v3 to 2026-05-27 01:54:00+00:00, run_after=2026-05-27 01:55:00+00:00
[2026-05-27T01:55:05.348+0000] {processor.py:208} INFO - Processing /home/airflow/.local/lib/python3.12/site-packages/airflow/example_dags/example_branch_python_dop_operator_3.py took 0.066 seconds
[2026-05-27T01:55:35.810+0000] {processor.py:186} INFO - Started process (PID=293) to work on /home/airflow/.local/lib/python3.12/site-packages/airflow/example_dags/example_branch_python_dop_operator_3.py
[2026-05-27T01:55:35.811+0000] {processor.py:914} INFO - Processing file /home/airflow/.local/lib/python3.12/site-packages/airflow/example_dags/example_branch_python_dop_operator_3.py for tasks to queue
[2026-05-27T01:55:35.813+0000] {logging_mixin.py:190} INFO - [2026-05-27T01:55:35.813+0000] {dagbag.py:587} INFO - Filling up the DagBag from /home/airflow/.local/lib/python3.12/site-packages/airflow/example_dags/example_branch_python_dop_operator_3.py
[2026-05-27T01:55:35.820+0000] {processor.py:925} INFO - DAG(s) 'example_branch_dop_operator_v3' retrieved from /home/airflow/.local/lib/python3.12/site-packages/airflow/example_dags/example_branch_python_dop_operator_3.py
[2026-05-27T01:55:35.834+0000] {logging_mixin.py:190} INFO - [2026-05-27T01:55:35.834+0000] {dag.py:3211} INFO - Sync 1 DAGs
[2026-05-27T01:55:35.849+0000] {logging_mixin.py:190} INFO - [2026-05-27T01:55:35.849+0000] {dag.py:4138} INFO - Setting next_dagrun for example_branch_dop_operator_v3 to 2026-05-27 01:54:00+00:00, run_after=2026-05-27 01:55:00+00:00
[2026-05-27T01:55:35.859+0000] {processor.py:208} INFO - Processing /home/airflow/.local/lib/python3.12/site-packages/airflow/example_dags/example_branch_python_dop_operator_3.py took 0.053 seconds
[2026-05-27T01:56:06.098+0000] {processor.py:186} INFO - Started process (PID=354) to work on /home/airflow/.local/lib/python3.12/site-packages/airflow/example_dags/example_branch_python_dop_operator_3.py
[2026-05-27T01:56:06.098+0000] {processor.py:914} INFO - Processing file /home/airflow/.local/lib/python3.12/site-packages/airflow/example_dags/example_branch_python_dop_operator_3.py for tasks to queue
[2026-05-27T01:56:06.100+0000] {logging_mixin.py:190} INFO - [2026-05-27T01:56:06.100+0000] {dagbag.py:587} INFO - Filling up the DagBag from /home/airflow/.local/lib/python3.12/site-packages/airflow/example_dags/example_branch_python_dop_operator_3.py
[2026-05-27T01:56:06.107+0000] {processor.py:925} INFO - DAG(s) 'example_branch_dop_operator_v3' retrieved from /home/airflow/.local/lib/python3.12/site-packages/airflow/example_dags/example_branch_python_dop_operator_3.py
[2026-05-27T01:56:06.122+0000] {logging_mixin.py:190} INFO - [2026-05-27T01:56:06.122+0000] {dag.py:3211} INFO - Sync 1 DAGs
[2026-05-27T01:56:06.139+0000] {logging_mixin.py:190} INFO - [2026-05-27T01:56:06.139+0000] {dag.py:4138} INFO - Setting next_dagrun for example_branch_dop_operator_v3 to 2026-05-27 01:55:00+00:00, run_after=2026-05-27 01:56:00+00:00
[2026-05-27T01:56:06.151+0000] {processor.py:208} INFO - Processing /home/airflow/.local/lib/python3.12/site-packages/airflow/example_dags/example_branch_python_dop_operator_3.py took 0.058 seconds
[2026-05-27T01:56:36.625+0000] {processor.py:186} INFO - Started process (PID=416) to work on /home/airflow/.local/lib/python3.12/site-packages/airflow/example_dags/example_branch_python_dop_operator_3.py
[2026-05-27T01:56:36.626+0000] {processor.py:914} INFO - Processing file /home/airflow/.local/lib/python3.12/site-packages/airflow/example_dags/example_branch_python_dop_operator_3.py for tasks to queue
[2026-05-27T01:56:36.628+0000] {logging_mixin.py:190} INFO - [2026-05-27T01:56:36.628+0000] {dagbag.py:587} INFO - Filling up the DagBag from /home/airflow/.local/lib/python3.12/site-packages/airflow/example_dags/example_branch_python_dop_operator_3.py
[2026-05-27T01:56:36.635+0000] {processor.py:925} INFO - DAG(s) 'example_branch_dop_operator_v3' retrieved from /home/airflow/.local/lib/python3.12/site-packages/airflow/example_dags/example_branch_python_dop_operator_3.py
[2026-05-27T01:56:36.649+0000] {logging_mixin.py:190} INFO - [2026-05-27T01:56:36.649+0000] {dag.py:3211} INFO - Sync 1 DAGs
[2026-05-27T01:56:36.664+0000] {logging_mixin.py:190} INFO - [2026-05-27T01:56:36.664+0000] {dag.py:4138} INFO - Setting next_dagrun for example_branch_dop_operator_v3 to 2026-05-27 01:55:00+00:00, run_after=2026-05-27 01:56:00+00:00
[2026-05-27T01:56:36.673+0000] {processor.py:208} INFO - Processing /home/airflow/.local/lib/python3.12/site-packages/airflow/example_dags/example_branch_python_dop_operator_3.py took 0.052 seconds
[2026-05-27T01:57:07.087+0000] {processor.py:186} INFO - Started process (PID=478) to work on /home/airflow/.local/lib/python3.12/site-packages/airflow/example_dags/example_branch_python_dop_operator_3.py
[2026-05-27T01:57:07.088+0000] {processor.py:914} INFO - Processing file /home/airflow/.local/lib/python3.12/site-packages/airflow/example_dags/example_branch_python_dop_operator_3.py for tasks to queue
[2026-05-27T01:57:07.090+0000] {logging_mixin.py:190} INFO - [2026-05-27T01:57:07.090+0000] {dagbag.py:587} INFO - Filling up the DagBag from /home/airflow/.local/lib/python3.12/site-packages/airflow/example_dags/example_branch_python_dop_operator_3.py
[2026-05-27T01:57:07.096+0000] {processor.py:925} INFO - DAG(s) 'example_branch_dop_operator_v3' retrieved from /home/airflow/.local/lib/python3.12/site-packages/airflow/example_dags/example_branch_python_dop_operator_3.py
[2026-05-27T01:57:07.110+0000] {logging_mixin.py:190} INFO - [2026-05-27T01:57:07.110+0000] {dag.py:3211} INFO - Sync 1 DAGs
[2026-05-27T01:57:07.125+0000] {logging_mixin.py:190} INFO - [2026-05-27T01:57:07.124+0000] {dag.py:4138} INFO - Setting next_dagrun for example_branch_dop_operator_v3 to 2026-05-27 01:56:00+00:00, run_after=2026-05-27 01:57:00+00:00
[2026-05-27T01:57:07.134+0000] {processor.py:208} INFO - Processing /home/airflow/.local/lib/python3.12/site-packages/airflow/example_dags/example_branch_python_dop_operator_3.py took 0.051 seconds
[2026-05-27T01:57:37.568+0000] {processor.py:186} INFO - Started process (PID=540) to work on /home/airflow/.local/lib/python3.12/site-packages/airflow/example_dags/example_branch_python_dop_operator_3.py
[2026-05-27T01:57:37.569+0000] {processor.py:914} INFO - Processing file /home/airflow/.local/lib/python3.12/site-packages/airflow/example_dags/example_branch_python_dop_operator_3.py for tasks to queue
[2026-05-27T01:57:37.571+0000] {logging_mixin.py:190} INFO - [2026-05-27T01:57:37.571+0000] {dagbag.py:587} INFO - Filling up the DagBag from /home/airflow/.local/lib/python3.12/site-packages/airflow/example_dags/example_branch_python_dop_operator_3.py
[2026-05-27T01:57:37.578+0000] {processor.py:925} INFO - DAG(s) 'example_branch_dop_operator_v3' retrieved from /home/airflow/.local/lib/python3.12/site-packages/airflow/example_dags/example_branch_python_dop_operator_3.py
[2026-05-27T01:57:37.592+0000] {logging_mixin.py:190} INFO - [2026-05-27T01:57:37.592+0000] {dag.py:3211} INFO - Sync 1 DAGs
[2026-05-27T01:57:37.608+0000] {logging_mixin.py:190} INFO - [2026-05-27T01:57:37.608+0000] {dag.py:4138} INFO - Setting next_dagrun for example_branch_dop_operator_v3 to 2026-05-27 01:56:00+00:00, run_after=2026-05-27 01:57:00+00:00
[2026-05-27T01:57:37.621+0000] {processor.py:208} INFO - Processing /home/airflow/.local/lib/python3.12/site-packages/airflow/example_dags/example_branch_python_dop_operator_3.py took 0.058 seconds
[2026-05-27T01:58:07.967+0000] {processor.py:186} INFO - Started process (PID=602) to work on /home/airflow/.local/lib/python3.12/site-packages/airflow/example_dags/example_branch_python_dop_operator_3.py
[2026-05-27T01:58:07.968+0000] {processor.py:914} INFO - Processing file /home/airflow/.local/lib/python3.12/site-packages/airflow/example_dags/example_branch_python_dop_operator_3.py for tasks to queue
[2026-05-27T01:58:07.970+0000] {logging_mixin.py:190} INFO - [2026-05-27T01:58:07.970+0000] {dagbag.py:587} INFO - Filling up the DagBag from /home/airflow/.local/lib/python3.12/site-packages/airflow/example_dags/example_branch_python_dop_operator_3.py
[2026-05-27T01:58:07.977+0000] {processor.py:925} INFO - DAG(s) 'example_branch_dop_operator_v3' retrieved from /home/airflow/.local/lib/python3.12/site-packages/airflow/example_dags/example_branch_python_dop_operator_3.py
[2026-05-27T01:58:07.994+0000] {logging_mixin.py:190} INFO - [2026-05-27T01:58:07.994+0000] {dag.py:3211} INFO - Sync 1 DAGs
[2026-05-27T01:58:08.010+0000] {logging_mixin.py:190} INFO - [2026-05-27T01:58:08.010+0000] {dag.py:4138} INFO - Setting next_dagrun for example_branch_dop_operator_v3 to 2026-05-27 01:57:00+00:00, run_after=2026-05-27 01:58:00+00:00
[2026-05-27T01:58:08.022+0000] {processor.py:208} INFO - Processing /home/airflow/.local/lib/python3.12/site-packages/airflow/example_dags/example_branch_python_dop_operator_3.py took 0.059 seconds
[2026-05-27T01:59:14.569+0000] {processor.py:186} INFO - Started process (PID=96) to work on /home/airflow/.local/lib/python3.12/site-packages/airflow/example_dags/example_branch_python_dop_operator_3.py
[2026-05-27T01:59:14.569+0000] {processor.py:914} INFO - Processing file /home/airflow/.local/lib/python3.12/site-packages/airflow/example_dags/example_branch_python_dop_operator_3.py for tasks to queue
[2026-05-27T01:59:14.571+0000] {logging_mixin.py:190} INFO - [2026-05-27T01:59:14.571+0000] {dagbag.py:587} INFO - Filling up the DagBag from /home/airflow/.local/lib/python3.12/site-packages/airflow/example_dags/example_branch_python_dop_operator_3.py
[2026-05-27T01:59:14.581+0000] {processor.py:925} INFO - DAG(s) 'example_branch_dop_operator_v3' retrieved from /home/airflow/.local/lib/python3.12/site-packages/airflow/example_dags/example_branch_python_dop_operator_3.py
[2026-05-27T01:59:14.601+0000] {logging_mixin.py:190} INFO - [2026-05-27T01:59:14.601+0000] {dag.py:3211} INFO - Sync 1 DAGs
[2026-05-27T01:59:14.625+0000] {logging_mixin.py:190} INFO - [2026-05-27T01:59:14.625+0000] {dag.py:4138} INFO - Setting next_dagrun for example_branch_dop_operator_v3 to 2026-05-27 01:58:00+00:00, run_after=2026-05-27 01:59:00+00:00
[2026-05-27T01:59:14.642+0000] {processor.py:208} INFO - Processing /home/airflow/.local/lib/python3.12/site-packages/airflow/example_dags/example_branch_python_dop_operator_3.py took 0.078 seconds
[2026-05-27T01:59:44.935+0000] {processor.py:186} INFO - Started process (PID=194) to work on /home/airflow/.local/lib/python3.12/site-packages/airflow/example_dags/example_branch_python_dop_operator_3.py
[2026-05-27T01:59:44.937+0000] {processor.py:914} INFO - Processing file /home/airflow/.local/lib/python3.12/site-packages/airflow/example_dags/example_branch_python_dop_operator_3.py for tasks to queue
[2026-05-27T01:59:44.940+0000] {logging_mixin.py:190} INFO - [2026-05-27T01:59:44.940+0000] {dagbag.py:587} INFO - Filling up the DagBag from /home/airflow/.local/lib/python3.12/site-packages/airflow/example_dags/example_branch_python_dop_operator_3.py
[2026-05-27T01:59:44.950+0000] {processor.py:925} INFO - DAG(s) 'example_branch_dop_operator_v3' retrieved from /home/airflow/.local/lib/python3.12/site-packages/airflow/example_dags/example_branch_python_dop_operator_3.py
[2026-05-27T01:59:44.970+0000] {logging_mixin.py:190} INFO - [2026-05-27T01:59:44.970+0000] {dag.py:3211} INFO - Sync 1 DAGs
[2026-05-27T01:59:44.994+0000] {logging_mixin.py:190} INFO - [2026-05-27T01:59:44.994+0000] {dag.py:4138} INFO - Setting next_dagrun for example_branch_dop_operator_v3 to 2026-05-27 01:58:00+00:00, run_after=2026-05-27 01:59:00+00:00
[2026-05-27T01:59:45.007+0000] {processor.py:208} INFO - Processing /home/airflow/.local/lib/python3.12/site-packages/airflow/example_dags/example_branch_python_dop_operator_3.py took 0.078 seconds
[2026-05-27T02:00:15.648+0000] {processor.py:186} INFO - Started process (PID=257) to work on /home/airflow/.local/lib/python3.12/site-packages/airflow/example_dags/example_branch_python_dop_operator_3.py
[2026-05-27T02:00:15.649+0000] {processor.py:914} INFO - Processing file /home/airflow/.local/lib/python3.12/site-packages/airflow/example_dags/example_branch_python_dop_operator_3.py for tasks to queue
[2026-05-27T02:00:15.652+0000] {logging_mixin.py:190} INFO - [2026-05-27T02:00:15.652+0000] {dagbag.py:587} INFO - Filling up the DagBag from /home/airflow/.local/lib/python3.12/site-packages/airflow/example_dags/example_branch_python_dop_operator_3.py
[2026-05-27T02:00:15.661+0000] {processor.py:925} INFO - DAG(s) 'example_branch_dop_operator_v3' retrieved from /home/airflow/.local/lib/python3.12/site-packages/airflow/example_dags/example_branch_python_dop_operator_3.py
[2026-05-27T02:00:15.682+0000] {logging_mixin.py:190} INFO - [2026-05-27T02:00:15.682+0000] {dag.py:3211} INFO - Sync 1 DAGs
[2026-05-27T02:00:15.708+0000] {logging_mixin.py:190} INFO - [2026-05-27T02:00:15.708+0000] {dag.py:4138} INFO - Setting next_dagrun for example_branch_dop_operator_v3 to 2026-05-27 01:59:00+00:00, run_after=2026-05-27 02:00:00+00:00
[2026-05-27T02:00:15.725+0000] {processor.py:208} INFO - Processing /home/airflow/.local/lib/python3.12/site-packages/airflow/example_dags/example_branch_python_dop_operator_3.py took 0.081 seconds
[2026-05-27T02:00:46.050+0000] {processor.py:186} INFO - Started process (PID=325) to work on /home/airflow/.local/lib/python3.12/site-packages/airflow/example_dags/example_branch_python_dop_operator_3.py
[2026-05-27T02:00:46.051+0000] {processor.py:914} INFO - Processing file /home/airflow/.local/lib/python3.12/site-packages/airflow/example_dags/example_branch_python_dop_operator_3.py for tasks to queue
[2026-05-27T02:00:46.054+0000] {logging_mixin.py:190} INFO - [2026-05-27T02:00:46.053+0000] {dagbag.py:587} INFO - Filling up the DagBag from /home/airflow/.local/lib/python3.12/site-packages/airflow/example_dags/example_branch_python_dop_operator_3.py
[2026-05-27T02:00:46.062+0000] {processor.py:925} INFO - DAG(s) 'example_branch_dop_operator_v3' retrieved from /home/airflow/.local/lib/python3.12/site-packages/airflow/example_dags/example_branch_python_dop_operator_3.py
[2026-05-27T02:00:46.080+0000] {logging_mixin.py:190} INFO - [2026-05-27T02:00:46.080+0000] {dag.py:3211} INFO - Sync 1 DAGs
[2026-05-27T02:00:46.102+0000] {logging_mixin.py:190} INFO - [2026-05-27T02:00:46.102+0000] {dag.py:4138} INFO - Setting next_dagrun for example_branch_dop_operator_v3 to 2026-05-27 01:59:00+00:00, run_after=2026-05-27 02:00:00+00:00
[2026-05-27T02:00:46.114+0000] {processor.py:208} INFO - Processing /home/airflow/.local/lib/python3.12/site-packages/airflow/example_dags/example_branch_python_dop_operator_3.py took 0.068 seconds
[2026-05-27T02:01:16.205+0000] {processor.py:186} INFO - Started process (PID=387) to work on /home/airflow/.local/lib/python3.12/site-packages/airflow/example_dags/example_branch_python_dop_operator_3.py
[2026-05-27T02:01:16.206+0000] {processor.py:914} INFO - Processing file /home/airflow/.local/lib/python3.12/site-packages/airflow/example_dags/example_branch_python_dop_operator_3.py for tasks to queue
[2026-05-27T02:01:16.208+0000] {logging_mixin.py:190} INFO - [2026-05-27T02:01:16.208+0000] {dagbag.py:587} INFO - Filling up the DagBag from /home/airflow/.local/lib/python3.12/site-packages/airflow/example_dags/example_branch_python_dop_operator_3.py
[2026-05-27T02:01:16.216+0000] {processor.py:925} INFO - DAG(s) 'example_branch_dop_operator_v3' retrieved from /home/airflow/.local/lib/python3.12/site-packages/airflow/example_dags/example_branch_python_dop_operator_3.py
[2026-05-27T02:01:16.232+0000] {logging_mixin.py:190} INFO - [2026-05-27T02:01:16.232+0000] {dag.py:3211} INFO - Sync 1 DAGs
[2026-05-27T02:01:16.249+0000] {logging_mixin.py:190} INFO - [2026-05-27T02:01:16.249+0000] {dag.py:4138} INFO - Setting next_dagrun for example_branch_dop_operator_v3 to 2026-05-27 02:00:00+00:00, run_after=2026-05-27 02:01:00+00:00
[2026-05-27T02:01:16.261+0000] {processor.py:208} INFO - Processing /home/airflow/.local/lib/python3.12/site-packages/airflow/example_dags/example_branch_python_dop_operator_3.py took 0.061 seconds
[2026-05-27T02:01:49.743+0000] {processor.py:186} INFO - Started process (PID=81) to work on /home/airflow/.local/lib/python3.12/site-packages/airflow/example_dags/example_branch_python_dop_operator_3.py
[2026-05-27T02:01:49.744+0000] {processor.py:914} INFO - Processing file /home/airflow/.local/lib/python3.12/site-packages/airflow/example_dags/example_branch_python_dop_operator_3.py for tasks to queue
[2026-05-27T02:01:49.747+0000] {logging_mixin.py:190} INFO - [2026-05-27T02:01:49.746+0000] {dagbag.py:587} INFO - Filling up the DagBag from /home/airflow/.local/lib/python3.12/site-packages/airflow/example_dags/example_branch_python_dop_operator_3.py
[2026-05-27T02:01:49.755+0000] {processor.py:925} INFO - DAG(s) 'example_branch_dop_operator_v3' retrieved from /home/airflow/.local/lib/python3.12/site-packages/airflow/example_dags/example_branch_python_dop_operator_3.py
[2026-05-27T02:01:49.772+0000] {logging_mixin.py:190} INFO - [2026-05-27T02:01:49.772+0000] {dag.py:3211} INFO - Sync 1 DAGs
[2026-05-27T02:01:49.793+0000] {logging_mixin.py:190} INFO - [2026-05-27T02:01:49.793+0000] {dag.py:4138} INFO - Setting next_dagrun for example_branch_dop_operator_v3 to 2026-05-27 02:00:00+00:00, run_after=2026-05-27 02:01:00+00:00
[2026-05-27T02:01:49.806+0000] {processor.py:208} INFO - Processing /home/airflow/.local/lib/python3.12/site-packages/airflow/example_dags/example_branch_python_dop_operator_3.py took 0.067 seconds
[2026-05-27T02:02:19.539+0000] {processor.py:186} INFO - Started process (PID=81) to work on /home/airflow/.local/lib/python3.12/site-packages/airflow/example_dags/example_branch_python_dop_operator_3.py
[2026-05-27T02:02:19.540+0000] {processor.py:914} INFO - Processing file /home/airflow/.local/lib/python3.12/site-packages/airflow/example_dags/example_branch_python_dop_operator_3.py for tasks to queue
[2026-05-27T02:02:19.542+0000] {logging_mixin.py:190} INFO - [2026-05-27T02:02:19.542+0000] {dagbag.py:587} INFO - Filling up the DagBag from /home/airflow/.local/lib/python3.12/site-packages/airflow/example_dags/example_branch_python_dop_operator_3.py
[2026-05-27T02:02:19.563+0000] {processor.py:925} INFO - DAG(s) 'example_branch_dop_operator_v3' retrieved from /home/airflow/.local/lib/python3.12/site-packages/airflow/example_dags/example_branch_python_dop_operator_3.py
[2026-05-27T02:02:19.600+0000] {logging_mixin.py:190} INFO - [2026-05-27T02:02:19.599+0000] {dag.py:3211} INFO - Sync 1 DAGs
[2026-05-27T02:02:19.638+0000] {logging_mixin.py:190} INFO - [2026-05-27T02:02:19.638+0000] {dag.py:4138} INFO - Setting next_dagrun for example_branch_dop_operator_v3 to 2026-05-27 02:01:00+00:00, run_after=2026-05-27 02:02:00+00:00
[2026-05-27T02:02:19.660+0000] {processor.py:208} INFO - Processing /home/airflow/.local/lib/python3.12/site-packages/airflow/example_dags/example_branch_python_dop_operator_3.py took 0.125 seconds
[2026-05-27T02:03:01.180+0000] {processor.py:186} INFO - Started process (PID=81) to work on /home/airflow/.local/lib/python3.12/site-packages/airflow/example_dags/example_branch_python_dop_operator_3.py
[2026-05-27T02:03:01.180+0000] {processor.py:914} INFO - Processing file /home/airflow/.local/lib/python3.12/site-packages/airflow/example_dags/example_branch_python_dop_operator_3.py for tasks to queue
[2026-05-27T02:03:01.182+0000] {logging_mixin.py:190} INFO - [2026-05-27T02:03:01.182+0000] {dagbag.py:587} INFO - Filling up the DagBag from /home/airflow/.local/lib/python3.12/site-packages/airflow/example_dags/example_branch_python_dop_operator_3.py
[2026-05-27T02:03:01.191+0000] {processor.py:925} INFO - DAG(s) 'example_branch_dop_operator_v3' retrieved from /home/airflow/.local/lib/python3.12/site-packages/airflow/example_dags/example_branch_python_dop_operator_3.py
[2026-05-27T02:03:01.212+0000] {logging_mixin.py:190} INFO - [2026-05-27T02:03:01.212+0000] {dag.py:3211} INFO - Sync 1 DAGs
[2026-05-27T02:03:01.235+0000] {logging_mixin.py:190} INFO - [2026-05-27T02:03:01.235+0000] {dag.py:4138} INFO - Setting next_dagrun for example_branch_dop_operator_v3 to 2026-05-27 02:02:00+00:00, run_after=2026-05-27 02:03:00+00:00
[2026-05-27T02:03:01.250+0000] {processor.py:208} INFO - Processing /home/airflow/.local/lib/python3.12/site-packages/airflow/example_dags/example_branch_python_dop_operator_3.py took 0.075 seconds
