[2026-05-27T01:54:03.049+0000] {processor.py:186} INFO - Started process (PID=76) to work on /home/airflow/.local/lib/python3.12/site-packages/airflow/example_dags/example_external_task_marker_dag.py
[2026-05-27T01:54:03.050+0000] {processor.py:914} INFO - Processing file /home/airflow/.local/lib/python3.12/site-packages/airflow/example_dags/example_external_task_marker_dag.py for tasks to queue
[2026-05-27T01:54:03.053+0000] {logging_mixin.py:190} INFO - [2026-05-27T01:54:03.053+0000] {dagbag.py:587} INFO - Filling up the DagBag from /home/airflow/.local/lib/python3.12/site-packages/airflow/example_dags/example_external_task_marker_dag.py
[2026-05-27T01:54:03.060+0000] {processor.py:925} INFO - DAG(s) 'example_external_task_marker_parent', 'example_external_task_marker_child' retrieved from /home/airflow/.local/lib/python3.12/site-packages/airflow/example_dags/example_external_task_marker_dag.py
[2026-05-27T01:54:03.139+0000] {logging_mixin.py:190} INFO - [2026-05-27T01:54:03.138+0000] {override.py:1858} INFO - Created Permission View: can edit on DAG:example_external_task_marker_parent
[2026-05-27T01:54:03.146+0000] {logging_mixin.py:190} INFO - [2026-05-27T01:54:03.146+0000] {override.py:1858} INFO - Created Permission View: can read on DAG:example_external_task_marker_parent
[2026-05-27T01:54:03.151+0000] {logging_mixin.py:190} INFO - [2026-05-27T01:54:03.151+0000] {override.py:1858} INFO - Created Permission View: can delete on DAG:example_external_task_marker_parent
[2026-05-27T01:54:03.161+0000] {logging_mixin.py:190} INFO - [2026-05-27T01:54:03.161+0000] {override.py:1858} INFO - Created Permission View: can edit on DAG:example_external_task_marker_child
[2026-05-27T01:54:03.165+0000] {logging_mixin.py:190} INFO - [2026-05-27T01:54:03.165+0000] {override.py:1858} INFO - Created Permission View: can read on DAG:example_external_task_marker_child
[2026-05-27T01:54:03.169+0000] {logging_mixin.py:190} INFO - [2026-05-27T01:54:03.169+0000] {override.py:1858} INFO - Created Permission View: can delete on DAG:example_external_task_marker_child
[2026-05-27T01:54:03.170+0000] {logging_mixin.py:190} INFO - [2026-05-27T01:54:03.170+0000] {dag.py:3211} INFO - Sync 2 DAGs
[2026-05-27T01:54:03.180+0000] {logging_mixin.py:190} INFO - [2026-05-27T01:54:03.180+0000] {dag.py:3234} INFO - Creating ORM DAG for example_external_task_marker_child
[2026-05-27T01:54:03.180+0000] {logging_mixin.py:190} INFO - [2026-05-27T01:54:03.180+0000] {dag.py:3234} INFO - Creating ORM DAG for example_external_task_marker_parent
[2026-05-27T01:54:03.181+0000] {logging_mixin.py:190} INFO - [2026-05-27T01:54:03.181+0000] {dag.py:4138} INFO - Setting next_dagrun for example_external_task_marker_child to None, run_after=None
[2026-05-27T01:54:03.181+0000] {logging_mixin.py:190} INFO - [2026-05-27T01:54:03.181+0000] {dag.py:4138} INFO - Setting next_dagrun for example_external_task_marker_parent to None, run_after=None
[2026-05-27T01:54:03.194+0000] {processor.py:208} INFO - Processing /home/airflow/.local/lib/python3.12/site-packages/airflow/example_dags/example_external_task_marker_dag.py took 0.150 seconds
[2026-05-27T01:54:33.233+0000] {processor.py:186} INFO - Started process (PID=148) to work on /home/airflow/.local/lib/python3.12/site-packages/airflow/example_dags/example_external_task_marker_dag.py
[2026-05-27T01:54:33.234+0000] {processor.py:914} INFO - Processing file /home/airflow/.local/lib/python3.12/site-packages/airflow/example_dags/example_external_task_marker_dag.py for tasks to queue
[2026-05-27T01:54:33.236+0000] {logging_mixin.py:190} INFO - [2026-05-27T01:54:33.236+0000] {dagbag.py:587} INFO - Filling up the DagBag from /home/airflow/.local/lib/python3.12/site-packages/airflow/example_dags/example_external_task_marker_dag.py
[2026-05-27T01:54:33.241+0000] {processor.py:925} INFO - DAG(s) 'example_external_task_marker_child', 'example_external_task_marker_parent' retrieved from /home/airflow/.local/lib/python3.12/site-packages/airflow/example_dags/example_external_task_marker_dag.py
[2026-05-27T01:54:33.270+0000] {logging_mixin.py:190} INFO - [2026-05-27T01:54:33.270+0000] {dag.py:3211} INFO - Sync 2 DAGs
[2026-05-27T01:54:33.283+0000] {logging_mixin.py:190} INFO - [2026-05-27T01:54:33.283+0000] {dag.py:4138} INFO - Setting next_dagrun for example_external_task_marker_child to None, run_after=None
[2026-05-27T01:54:33.286+0000] {logging_mixin.py:190} INFO - [2026-05-27T01:54:33.286+0000] {dag.py:4138} INFO - Setting next_dagrun for example_external_task_marker_parent to None, run_after=None
[2026-05-27T01:54:33.297+0000] {processor.py:208} INFO - Processing /home/airflow/.local/lib/python3.12/site-packages/airflow/example_dags/example_external_task_marker_dag.py took 0.068 seconds
[2026-05-27T01:55:03.695+0000] {processor.py:186} INFO - Started process (PID=219) to work on /home/airflow/.local/lib/python3.12/site-packages/airflow/example_dags/example_external_task_marker_dag.py
[2026-05-27T01:55:03.696+0000] {processor.py:914} INFO - Processing file /home/airflow/.local/lib/python3.12/site-packages/airflow/example_dags/example_external_task_marker_dag.py for tasks to queue
[2026-05-27T01:55:03.698+0000] {logging_mixin.py:190} INFO - [2026-05-27T01:55:03.697+0000] {dagbag.py:587} INFO - Filling up the DagBag from /home/airflow/.local/lib/python3.12/site-packages/airflow/example_dags/example_external_task_marker_dag.py
[2026-05-27T01:55:03.703+0000] {processor.py:925} INFO - DAG(s) 'example_external_task_marker_child', 'example_external_task_marker_parent' retrieved from /home/airflow/.local/lib/python3.12/site-packages/airflow/example_dags/example_external_task_marker_dag.py
[2026-05-27T01:55:03.720+0000] {logging_mixin.py:190} INFO - [2026-05-27T01:55:03.720+0000] {dag.py:3211} INFO - Sync 2 DAGs
[2026-05-27T01:55:03.730+0000] {logging_mixin.py:190} INFO - [2026-05-27T01:55:03.730+0000] {dag.py:4138} INFO - Setting next_dagrun for example_external_task_marker_child to None, run_after=None
[2026-05-27T01:55:03.733+0000] {logging_mixin.py:190} INFO - [2026-05-27T01:55:03.733+0000] {dag.py:4138} INFO - Setting next_dagrun for example_external_task_marker_parent to None, run_after=None
[2026-05-27T01:55:03.742+0000] {processor.py:208} INFO - Processing /home/airflow/.local/lib/python3.12/site-packages/airflow/example_dags/example_external_task_marker_dag.py took 0.051 seconds
[2026-05-27T01:55:34.049+0000] {processor.py:186} INFO - Started process (PID=281) to work on /home/airflow/.local/lib/python3.12/site-packages/airflow/example_dags/example_external_task_marker_dag.py
[2026-05-27T01:55:34.050+0000] {processor.py:914} INFO - Processing file /home/airflow/.local/lib/python3.12/site-packages/airflow/example_dags/example_external_task_marker_dag.py for tasks to queue
[2026-05-27T01:55:34.051+0000] {logging_mixin.py:190} INFO - [2026-05-27T01:55:34.051+0000] {dagbag.py:587} INFO - Filling up the DagBag from /home/airflow/.local/lib/python3.12/site-packages/airflow/example_dags/example_external_task_marker_dag.py
[2026-05-27T01:55:34.058+0000] {processor.py:925} INFO - DAG(s) 'example_external_task_marker_parent', 'example_external_task_marker_child' retrieved from /home/airflow/.local/lib/python3.12/site-packages/airflow/example_dags/example_external_task_marker_dag.py
[2026-05-27T01:55:34.077+0000] {logging_mixin.py:190} INFO - [2026-05-27T01:55:34.077+0000] {dag.py:3211} INFO - Sync 2 DAGs
[2026-05-27T01:55:34.087+0000] {logging_mixin.py:190} INFO - [2026-05-27T01:55:34.087+0000] {dag.py:4138} INFO - Setting next_dagrun for example_external_task_marker_child to None, run_after=None
[2026-05-27T01:55:34.091+0000] {logging_mixin.py:190} INFO - [2026-05-27T01:55:34.091+0000] {dag.py:4138} INFO - Setting next_dagrun for example_external_task_marker_parent to None, run_after=None
[2026-05-27T01:55:34.102+0000] {processor.py:208} INFO - Processing /home/airflow/.local/lib/python3.12/site-packages/airflow/example_dags/example_external_task_marker_dag.py took 0.058 seconds
[2026-05-27T01:56:04.514+0000] {processor.py:186} INFO - Started process (PID=343) to work on /home/airflow/.local/lib/python3.12/site-packages/airflow/example_dags/example_external_task_marker_dag.py
[2026-05-27T01:56:04.515+0000] {processor.py:914} INFO - Processing file /home/airflow/.local/lib/python3.12/site-packages/airflow/example_dags/example_external_task_marker_dag.py for tasks to queue
[2026-05-27T01:56:04.517+0000] {logging_mixin.py:190} INFO - [2026-05-27T01:56:04.517+0000] {dagbag.py:587} INFO - Filling up the DagBag from /home/airflow/.local/lib/python3.12/site-packages/airflow/example_dags/example_external_task_marker_dag.py
[2026-05-27T01:56:04.522+0000] {processor.py:925} INFO - DAG(s) 'example_external_task_marker_child', 'example_external_task_marker_parent' retrieved from /home/airflow/.local/lib/python3.12/site-packages/airflow/example_dags/example_external_task_marker_dag.py
[2026-05-27T01:56:04.538+0000] {logging_mixin.py:190} INFO - [2026-05-27T01:56:04.537+0000] {dag.py:3211} INFO - Sync 2 DAGs
[2026-05-27T01:56:04.547+0000] {logging_mixin.py:190} INFO - [2026-05-27T01:56:04.546+0000] {dag.py:4138} INFO - Setting next_dagrun for example_external_task_marker_child to None, run_after=None
[2026-05-27T01:56:04.548+0000] {logging_mixin.py:190} INFO - [2026-05-27T01:56:04.548+0000] {dag.py:4138} INFO - Setting next_dagrun for example_external_task_marker_parent to None, run_after=None
[2026-05-27T01:56:04.558+0000] {processor.py:208} INFO - Processing /home/airflow/.local/lib/python3.12/site-packages/airflow/example_dags/example_external_task_marker_dag.py took 0.049 seconds
[2026-05-27T01:56:35.043+0000] {processor.py:186} INFO - Started process (PID=405) to work on /home/airflow/.local/lib/python3.12/site-packages/airflow/example_dags/example_external_task_marker_dag.py
[2026-05-27T01:56:35.044+0000] {processor.py:914} INFO - Processing file /home/airflow/.local/lib/python3.12/site-packages/airflow/example_dags/example_external_task_marker_dag.py for tasks to queue
[2026-05-27T01:56:35.046+0000] {logging_mixin.py:190} INFO - [2026-05-27T01:56:35.045+0000] {dagbag.py:587} INFO - Filling up the DagBag from /home/airflow/.local/lib/python3.12/site-packages/airflow/example_dags/example_external_task_marker_dag.py
[2026-05-27T01:56:35.052+0000] {processor.py:925} INFO - DAG(s) 'example_external_task_marker_parent', 'example_external_task_marker_child' retrieved from /home/airflow/.local/lib/python3.12/site-packages/airflow/example_dags/example_external_task_marker_dag.py
[2026-05-27T01:56:35.071+0000] {logging_mixin.py:190} INFO - [2026-05-27T01:56:35.071+0000] {dag.py:3211} INFO - Sync 2 DAGs
[2026-05-27T01:56:35.080+0000] {logging_mixin.py:190} INFO - [2026-05-27T01:56:35.080+0000] {dag.py:4138} INFO - Setting next_dagrun for example_external_task_marker_child to None, run_after=None
[2026-05-27T01:56:35.082+0000] {logging_mixin.py:190} INFO - [2026-05-27T01:56:35.082+0000] {dag.py:4138} INFO - Setting next_dagrun for example_external_task_marker_parent to None, run_after=None
[2026-05-27T01:56:35.092+0000] {processor.py:208} INFO - Processing /home/airflow/.local/lib/python3.12/site-packages/airflow/example_dags/example_external_task_marker_dag.py took 0.055 seconds
[2026-05-27T01:57:05.373+0000] {processor.py:186} INFO - Started process (PID=467) to work on /home/airflow/.local/lib/python3.12/site-packages/airflow/example_dags/example_external_task_marker_dag.py
[2026-05-27T01:57:05.374+0000] {processor.py:914} INFO - Processing file /home/airflow/.local/lib/python3.12/site-packages/airflow/example_dags/example_external_task_marker_dag.py for tasks to queue
[2026-05-27T01:57:05.375+0000] {logging_mixin.py:190} INFO - [2026-05-27T01:57:05.375+0000] {dagbag.py:587} INFO - Filling up the DagBag from /home/airflow/.local/lib/python3.12/site-packages/airflow/example_dags/example_external_task_marker_dag.py
[2026-05-27T01:57:05.382+0000] {processor.py:925} INFO - DAG(s) 'example_external_task_marker_parent', 'example_external_task_marker_child' retrieved from /home/airflow/.local/lib/python3.12/site-packages/airflow/example_dags/example_external_task_marker_dag.py
[2026-05-27T01:57:05.399+0000] {logging_mixin.py:190} INFO - [2026-05-27T01:57:05.399+0000] {dag.py:3211} INFO - Sync 2 DAGs
[2026-05-27T01:57:05.410+0000] {logging_mixin.py:190} INFO - [2026-05-27T01:57:05.410+0000] {dag.py:4138} INFO - Setting next_dagrun for example_external_task_marker_child to None, run_after=None
[2026-05-27T01:57:05.412+0000] {logging_mixin.py:190} INFO - [2026-05-27T01:57:05.412+0000] {dag.py:4138} INFO - Setting next_dagrun for example_external_task_marker_parent to None, run_after=None
[2026-05-27T01:57:05.422+0000] {processor.py:208} INFO - Processing /home/airflow/.local/lib/python3.12/site-packages/airflow/example_dags/example_external_task_marker_dag.py took 0.054 seconds
[2026-05-27T01:57:35.993+0000] {processor.py:186} INFO - Started process (PID=529) to work on /home/airflow/.local/lib/python3.12/site-packages/airflow/example_dags/example_external_task_marker_dag.py
[2026-05-27T01:57:35.994+0000] {processor.py:914} INFO - Processing file /home/airflow/.local/lib/python3.12/site-packages/airflow/example_dags/example_external_task_marker_dag.py for tasks to queue
[2026-05-27T01:57:35.996+0000] {logging_mixin.py:190} INFO - [2026-05-27T01:57:35.996+0000] {dagbag.py:587} INFO - Filling up the DagBag from /home/airflow/.local/lib/python3.12/site-packages/airflow/example_dags/example_external_task_marker_dag.py
[2026-05-27T01:57:36.002+0000] {processor.py:925} INFO - DAG(s) 'example_external_task_marker_child', 'example_external_task_marker_parent' retrieved from /home/airflow/.local/lib/python3.12/site-packages/airflow/example_dags/example_external_task_marker_dag.py
[2026-05-27T01:57:36.018+0000] {logging_mixin.py:190} INFO - [2026-05-27T01:57:36.018+0000] {dag.py:3211} INFO - Sync 2 DAGs
[2026-05-27T01:57:36.026+0000] {logging_mixin.py:190} INFO - [2026-05-27T01:57:36.026+0000] {dag.py:4138} INFO - Setting next_dagrun for example_external_task_marker_child to None, run_after=None
[2026-05-27T01:57:36.028+0000] {logging_mixin.py:190} INFO - [2026-05-27T01:57:36.028+0000] {dag.py:4138} INFO - Setting next_dagrun for example_external_task_marker_parent to None, run_after=None
[2026-05-27T01:57:36.037+0000] {processor.py:208} INFO - Processing /home/airflow/.local/lib/python3.12/site-packages/airflow/example_dags/example_external_task_marker_dag.py took 0.048 seconds
[2026-05-27T01:58:06.419+0000] {processor.py:186} INFO - Started process (PID=591) to work on /home/airflow/.local/lib/python3.12/site-packages/airflow/example_dags/example_external_task_marker_dag.py
[2026-05-27T01:58:06.420+0000] {processor.py:914} INFO - Processing file /home/airflow/.local/lib/python3.12/site-packages/airflow/example_dags/example_external_task_marker_dag.py for tasks to queue
[2026-05-27T01:58:06.423+0000] {logging_mixin.py:190} INFO - [2026-05-27T01:58:06.423+0000] {dagbag.py:587} INFO - Filling up the DagBag from /home/airflow/.local/lib/python3.12/site-packages/airflow/example_dags/example_external_task_marker_dag.py
[2026-05-27T01:58:06.429+0000] {processor.py:925} INFO - DAG(s) 'example_external_task_marker_parent', 'example_external_task_marker_child' retrieved from /home/airflow/.local/lib/python3.12/site-packages/airflow/example_dags/example_external_task_marker_dag.py
[2026-05-27T01:58:06.446+0000] {logging_mixin.py:190} INFO - [2026-05-27T01:58:06.446+0000] {dag.py:3211} INFO - Sync 2 DAGs
[2026-05-27T01:58:06.455+0000] {logging_mixin.py:190} INFO - [2026-05-27T01:58:06.455+0000] {dag.py:4138} INFO - Setting next_dagrun for example_external_task_marker_child to None, run_after=None
[2026-05-27T01:58:06.457+0000] {logging_mixin.py:190} INFO - [2026-05-27T01:58:06.457+0000] {dag.py:4138} INFO - Setting next_dagrun for example_external_task_marker_parent to None, run_after=None
[2026-05-27T01:58:06.466+0000] {processor.py:208} INFO - Processing /home/airflow/.local/lib/python3.12/site-packages/airflow/example_dags/example_external_task_marker_dag.py took 0.051 seconds
[2026-05-27T01:59:14.001+0000] {processor.py:186} INFO - Started process (PID=85) to work on /home/airflow/.local/lib/python3.12/site-packages/airflow/example_dags/example_external_task_marker_dag.py
[2026-05-27T01:59:14.002+0000] {processor.py:914} INFO - Processing file /home/airflow/.local/lib/python3.12/site-packages/airflow/example_dags/example_external_task_marker_dag.py for tasks to queue
[2026-05-27T01:59:14.005+0000] {logging_mixin.py:190} INFO - [2026-05-27T01:59:14.004+0000] {dagbag.py:587} INFO - Filling up the DagBag from /home/airflow/.local/lib/python3.12/site-packages/airflow/example_dags/example_external_task_marker_dag.py
[2026-05-27T01:59:14.015+0000] {processor.py:925} INFO - DAG(s) 'example_external_task_marker_parent', 'example_external_task_marker_child' retrieved from /home/airflow/.local/lib/python3.12/site-packages/airflow/example_dags/example_external_task_marker_dag.py
[2026-05-27T01:59:14.047+0000] {logging_mixin.py:190} INFO - [2026-05-27T01:59:14.047+0000] {dag.py:3211} INFO - Sync 2 DAGs
[2026-05-27T01:59:14.061+0000] {logging_mixin.py:190} INFO - [2026-05-27T01:59:14.061+0000] {dag.py:4138} INFO - Setting next_dagrun for example_external_task_marker_child to None, run_after=None
[2026-05-27T01:59:14.064+0000] {logging_mixin.py:190} INFO - [2026-05-27T01:59:14.064+0000] {dag.py:4138} INFO - Setting next_dagrun for example_external_task_marker_parent to None, run_after=None
[2026-05-27T01:59:14.078+0000] {processor.py:208} INFO - Processing /home/airflow/.local/lib/python3.12/site-packages/airflow/example_dags/example_external_task_marker_dag.py took 0.085 seconds
[2026-05-27T01:59:44.344+0000] {processor.py:186} INFO - Started process (PID=183) to work on /home/airflow/.local/lib/python3.12/site-packages/airflow/example_dags/example_external_task_marker_dag.py
[2026-05-27T01:59:44.345+0000] {processor.py:914} INFO - Processing file /home/airflow/.local/lib/python3.12/site-packages/airflow/example_dags/example_external_task_marker_dag.py for tasks to queue
[2026-05-27T01:59:44.346+0000] {logging_mixin.py:190} INFO - [2026-05-27T01:59:44.346+0000] {dagbag.py:587} INFO - Filling up the DagBag from /home/airflow/.local/lib/python3.12/site-packages/airflow/example_dags/example_external_task_marker_dag.py
[2026-05-27T01:59:44.352+0000] {processor.py:925} INFO - DAG(s) 'example_external_task_marker_parent', 'example_external_task_marker_child' retrieved from /home/airflow/.local/lib/python3.12/site-packages/airflow/example_dags/example_external_task_marker_dag.py
[2026-05-27T01:59:44.370+0000] {logging_mixin.py:190} INFO - [2026-05-27T01:59:44.370+0000] {dag.py:3211} INFO - Sync 2 DAGs
[2026-05-27T01:59:44.383+0000] {logging_mixin.py:190} INFO - [2026-05-27T01:59:44.383+0000] {dag.py:4138} INFO - Setting next_dagrun for example_external_task_marker_child to None, run_after=None
[2026-05-27T01:59:44.386+0000] {logging_mixin.py:190} INFO - [2026-05-27T01:59:44.386+0000] {dag.py:4138} INFO - Setting next_dagrun for example_external_task_marker_parent to None, run_after=None
[2026-05-27T01:59:44.397+0000] {processor.py:208} INFO - Processing /home/airflow/.local/lib/python3.12/site-packages/airflow/example_dags/example_external_task_marker_dag.py took 0.058 seconds
[2026-05-27T02:00:14.558+0000] {processor.py:186} INFO - Started process (PID=245) to work on /home/airflow/.local/lib/python3.12/site-packages/airflow/example_dags/example_external_task_marker_dag.py
[2026-05-27T02:00:14.559+0000] {processor.py:914} INFO - Processing file /home/airflow/.local/lib/python3.12/site-packages/airflow/example_dags/example_external_task_marker_dag.py for tasks to queue
[2026-05-27T02:00:14.561+0000] {logging_mixin.py:190} INFO - [2026-05-27T02:00:14.561+0000] {dagbag.py:587} INFO - Filling up the DagBag from /home/airflow/.local/lib/python3.12/site-packages/airflow/example_dags/example_external_task_marker_dag.py
[2026-05-27T02:00:14.568+0000] {processor.py:925} INFO - DAG(s) 'example_external_task_marker_parent', 'example_external_task_marker_child' retrieved from /home/airflow/.local/lib/python3.12/site-packages/airflow/example_dags/example_external_task_marker_dag.py
[2026-05-27T02:00:14.587+0000] {logging_mixin.py:190} INFO - [2026-05-27T02:00:14.587+0000] {dag.py:3211} INFO - Sync 2 DAGs
[2026-05-27T02:00:14.600+0000] {logging_mixin.py:190} INFO - [2026-05-27T02:00:14.600+0000] {dag.py:4138} INFO - Setting next_dagrun for example_external_task_marker_child to None, run_after=None
[2026-05-27T02:00:14.602+0000] {logging_mixin.py:190} INFO - [2026-05-27T02:00:14.602+0000] {dag.py:4138} INFO - Setting next_dagrun for example_external_task_marker_parent to None, run_after=None
[2026-05-27T02:00:14.615+0000] {processor.py:208} INFO - Processing /home/airflow/.local/lib/python3.12/site-packages/airflow/example_dags/example_external_task_marker_dag.py took 0.063 seconds
[2026-05-27T02:00:45.417+0000] {processor.py:186} INFO - Started process (PID=307) to work on /home/airflow/.local/lib/python3.12/site-packages/airflow/example_dags/example_external_task_marker_dag.py
[2026-05-27T02:00:45.418+0000] {processor.py:914} INFO - Processing file /home/airflow/.local/lib/python3.12/site-packages/airflow/example_dags/example_external_task_marker_dag.py for tasks to queue
[2026-05-27T02:00:45.420+0000] {logging_mixin.py:190} INFO - [2026-05-27T02:00:45.420+0000] {dagbag.py:587} INFO - Filling up the DagBag from /home/airflow/.local/lib/python3.12/site-packages/airflow/example_dags/example_external_task_marker_dag.py
[2026-05-27T02:00:45.426+0000] {processor.py:925} INFO - DAG(s) 'example_external_task_marker_child', 'example_external_task_marker_parent' retrieved from /home/airflow/.local/lib/python3.12/site-packages/airflow/example_dags/example_external_task_marker_dag.py
[2026-05-27T02:00:45.444+0000] {logging_mixin.py:190} INFO - [2026-05-27T02:00:45.444+0000] {dag.py:3211} INFO - Sync 2 DAGs
[2026-05-27T02:00:45.455+0000] {logging_mixin.py:190} INFO - [2026-05-27T02:00:45.455+0000] {dag.py:4138} INFO - Setting next_dagrun for example_external_task_marker_child to None, run_after=None
[2026-05-27T02:00:45.458+0000] {logging_mixin.py:190} INFO - [2026-05-27T02:00:45.458+0000] {dag.py:4138} INFO - Setting next_dagrun for example_external_task_marker_parent to None, run_after=None
[2026-05-27T02:00:45.470+0000] {processor.py:208} INFO - Processing /home/airflow/.local/lib/python3.12/site-packages/airflow/example_dags/example_external_task_marker_dag.py took 0.059 seconds
[2026-05-27T02:01:15.635+0000] {processor.py:186} INFO - Started process (PID=369) to work on /home/airflow/.local/lib/python3.12/site-packages/airflow/example_dags/example_external_task_marker_dag.py
[2026-05-27T02:01:15.636+0000] {processor.py:914} INFO - Processing file /home/airflow/.local/lib/python3.12/site-packages/airflow/example_dags/example_external_task_marker_dag.py for tasks to queue
[2026-05-27T02:01:15.638+0000] {logging_mixin.py:190} INFO - [2026-05-27T02:01:15.637+0000] {dagbag.py:587} INFO - Filling up the DagBag from /home/airflow/.local/lib/python3.12/site-packages/airflow/example_dags/example_external_task_marker_dag.py
[2026-05-27T02:01:15.645+0000] {processor.py:925} INFO - DAG(s) 'example_external_task_marker_parent', 'example_external_task_marker_child' retrieved from /home/airflow/.local/lib/python3.12/site-packages/airflow/example_dags/example_external_task_marker_dag.py
[2026-05-27T02:01:15.663+0000] {logging_mixin.py:190} INFO - [2026-05-27T02:01:15.662+0000] {dag.py:3211} INFO - Sync 2 DAGs
[2026-05-27T02:01:15.672+0000] {logging_mixin.py:190} INFO - [2026-05-27T02:01:15.672+0000] {dag.py:4138} INFO - Setting next_dagrun for example_external_task_marker_child to None, run_after=None
[2026-05-27T02:01:15.675+0000] {logging_mixin.py:190} INFO - [2026-05-27T02:01:15.675+0000] {dag.py:4138} INFO - Setting next_dagrun for example_external_task_marker_parent to None, run_after=None
[2026-05-27T02:01:15.686+0000] {processor.py:208} INFO - Processing /home/airflow/.local/lib/python3.12/site-packages/airflow/example_dags/example_external_task_marker_dag.py took 0.056 seconds
[2026-05-27T02:01:49.203+0000] {processor.py:186} INFO - Started process (PID=70) to work on /home/airflow/.local/lib/python3.12/site-packages/airflow/example_dags/example_external_task_marker_dag.py
[2026-05-27T02:01:49.204+0000] {processor.py:914} INFO - Processing file /home/airflow/.local/lib/python3.12/site-packages/airflow/example_dags/example_external_task_marker_dag.py for tasks to queue
[2026-05-27T02:01:49.206+0000] {logging_mixin.py:190} INFO - [2026-05-27T02:01:49.206+0000] {dagbag.py:587} INFO - Filling up the DagBag from /home/airflow/.local/lib/python3.12/site-packages/airflow/example_dags/example_external_task_marker_dag.py
[2026-05-27T02:01:49.213+0000] {processor.py:925} INFO - DAG(s) 'example_external_task_marker_child', 'example_external_task_marker_parent' retrieved from /home/airflow/.local/lib/python3.12/site-packages/airflow/example_dags/example_external_task_marker_dag.py
[2026-05-27T02:01:49.235+0000] {logging_mixin.py:190} INFO - [2026-05-27T02:01:49.235+0000] {dag.py:3211} INFO - Sync 2 DAGs
[2026-05-27T02:01:49.249+0000] {logging_mixin.py:190} INFO - [2026-05-27T02:01:49.249+0000] {dag.py:4138} INFO - Setting next_dagrun for example_external_task_marker_child to None, run_after=None
[2026-05-27T02:01:49.252+0000] {logging_mixin.py:190} INFO - [2026-05-27T02:01:49.252+0000] {dag.py:4138} INFO - Setting next_dagrun for example_external_task_marker_parent to None, run_after=None
[2026-05-27T02:01:49.264+0000] {processor.py:208} INFO - Processing /home/airflow/.local/lib/python3.12/site-packages/airflow/example_dags/example_external_task_marker_dag.py took 0.067 seconds
[2026-05-27T02:02:18.874+0000] {processor.py:186} INFO - Started process (PID=70) to work on /home/airflow/.local/lib/python3.12/site-packages/airflow/example_dags/example_external_task_marker_dag.py
[2026-05-27T02:02:18.875+0000] {processor.py:914} INFO - Processing file /home/airflow/.local/lib/python3.12/site-packages/airflow/example_dags/example_external_task_marker_dag.py for tasks to queue
[2026-05-27T02:02:18.878+0000] {logging_mixin.py:190} INFO - [2026-05-27T02:02:18.878+0000] {dagbag.py:587} INFO - Filling up the DagBag from /home/airflow/.local/lib/python3.12/site-packages/airflow/example_dags/example_external_task_marker_dag.py
[2026-05-27T02:02:18.887+0000] {processor.py:925} INFO - DAG(s) 'example_external_task_marker_child', 'example_external_task_marker_parent' retrieved from /home/airflow/.local/lib/python3.12/site-packages/airflow/example_dags/example_external_task_marker_dag.py
[2026-05-27T02:02:18.912+0000] {logging_mixin.py:190} INFO - [2026-05-27T02:02:18.912+0000] {dag.py:3211} INFO - Sync 2 DAGs
[2026-05-27T02:02:18.926+0000] {logging_mixin.py:190} INFO - [2026-05-27T02:02:18.926+0000] {dag.py:4138} INFO - Setting next_dagrun for example_external_task_marker_child to None, run_after=None
[2026-05-27T02:02:18.929+0000] {logging_mixin.py:190} INFO - [2026-05-27T02:02:18.929+0000] {dag.py:4138} INFO - Setting next_dagrun for example_external_task_marker_parent to None, run_after=None
[2026-05-27T02:02:18.942+0000] {processor.py:208} INFO - Processing /home/airflow/.local/lib/python3.12/site-packages/airflow/example_dags/example_external_task_marker_dag.py took 0.076 seconds
[2026-05-27T02:03:00.548+0000] {processor.py:186} INFO - Started process (PID=70) to work on /home/airflow/.local/lib/python3.12/site-packages/airflow/example_dags/example_external_task_marker_dag.py
[2026-05-27T02:03:00.549+0000] {processor.py:914} INFO - Processing file /home/airflow/.local/lib/python3.12/site-packages/airflow/example_dags/example_external_task_marker_dag.py for tasks to queue
[2026-05-27T02:03:00.551+0000] {logging_mixin.py:190} INFO - [2026-05-27T02:03:00.550+0000] {dagbag.py:587} INFO - Filling up the DagBag from /home/airflow/.local/lib/python3.12/site-packages/airflow/example_dags/example_external_task_marker_dag.py
[2026-05-27T02:03:00.556+0000] {processor.py:925} INFO - DAG(s) 'example_external_task_marker_parent', 'example_external_task_marker_child' retrieved from /home/airflow/.local/lib/python3.12/site-packages/airflow/example_dags/example_external_task_marker_dag.py
[2026-05-27T02:03:00.579+0000] {logging_mixin.py:190} INFO - [2026-05-27T02:03:00.578+0000] {dag.py:3211} INFO - Sync 2 DAGs
[2026-05-27T02:03:00.593+0000] {logging_mixin.py:190} INFO - [2026-05-27T02:03:00.592+0000] {dag.py:4138} INFO - Setting next_dagrun for example_external_task_marker_child to None, run_after=None
[2026-05-27T02:03:00.596+0000] {logging_mixin.py:190} INFO - [2026-05-27T02:03:00.596+0000] {dag.py:4138} INFO - Setting next_dagrun for example_external_task_marker_parent to None, run_after=None
[2026-05-27T02:03:00.610+0000] {processor.py:208} INFO - Processing /home/airflow/.local/lib/python3.12/site-packages/airflow/example_dags/example_external_task_marker_dag.py took 0.067 seconds
