[2026-05-27T01:53:59.956+0000] {processor.py:186} INFO - Started process (PID=53) to work on /home/airflow/.local/lib/python3.12/site-packages/airflow/example_dags/example_dataset_alias_with_no_taskflow.py
[2026-05-27T01:53:59.957+0000] {processor.py:914} INFO - Processing file /home/airflow/.local/lib/python3.12/site-packages/airflow/example_dags/example_dataset_alias_with_no_taskflow.py for tasks to queue
[2026-05-27T01:53:59.961+0000] {logging_mixin.py:190} INFO - [2026-05-27T01:53:59.960+0000] {dagbag.py:587} INFO - Filling up the DagBag from /home/airflow/.local/lib/python3.12/site-packages/airflow/example_dags/example_dataset_alias_with_no_taskflow.py
[2026-05-27T01:54:00.419+0000] {processor.py:925} INFO - DAG(s) 'dataset_s3_bucket_producer_with_no_taskflow', 'dataset_s3_bucket_consumer_with_no_taskflow', 'dataset_alias_example_alias_consumer_with_no_taskflow', 'dataset_alias_example_alias_producer_with_no_taskflow' retrieved from /home/airflow/.local/lib/python3.12/site-packages/airflow/example_dags/example_dataset_alias_with_no_taskflow.py
[2026-05-27T01:54:00.494+0000] {logging_mixin.py:190} INFO - [2026-05-27T01:54:00.494+0000] {override.py:1858} INFO - Created Permission View: can edit on DAG:dataset_s3_bucket_producer_with_no_taskflow
[2026-05-27T01:54:00.501+0000] {logging_mixin.py:190} INFO - [2026-05-27T01:54:00.501+0000] {override.py:1858} INFO - Created Permission View: can read on DAG:dataset_s3_bucket_producer_with_no_taskflow
[2026-05-27T01:54:00.505+0000] {logging_mixin.py:190} INFO - [2026-05-27T01:54:00.505+0000] {override.py:1858} INFO - Created Permission View: can delete on DAG:dataset_s3_bucket_producer_with_no_taskflow
[2026-05-27T01:54:00.513+0000] {logging_mixin.py:190} INFO - [2026-05-27T01:54:00.513+0000] {override.py:1858} INFO - Created Permission View: can edit on DAG:dataset_s3_bucket_consumer_with_no_taskflow
[2026-05-27T01:54:00.517+0000] {logging_mixin.py:190} INFO - [2026-05-27T01:54:00.517+0000] {override.py:1858} INFO - Created Permission View: can read on DAG:dataset_s3_bucket_consumer_with_no_taskflow
[2026-05-27T01:54:00.521+0000] {logging_mixin.py:190} INFO - [2026-05-27T01:54:00.521+0000] {override.py:1858} INFO - Created Permission View: can delete on DAG:dataset_s3_bucket_consumer_with_no_taskflow
[2026-05-27T01:54:00.530+0000] {logging_mixin.py:190} INFO - [2026-05-27T01:54:00.530+0000] {override.py:1858} INFO - Created Permission View: can edit on DAG:dataset_alias_example_alias_consumer_with_no_taskflow
[2026-05-27T01:54:00.534+0000] {logging_mixin.py:190} INFO - [2026-05-27T01:54:00.534+0000] {override.py:1858} INFO - Created Permission View: can read on DAG:dataset_alias_example_alias_consumer_with_no_taskflow
[2026-05-27T01:54:00.538+0000] {logging_mixin.py:190} INFO - [2026-05-27T01:54:00.538+0000] {override.py:1858} INFO - Created Permission View: can delete on DAG:dataset_alias_example_alias_consumer_with_no_taskflow
[2026-05-27T01:54:00.548+0000] {logging_mixin.py:190} INFO - [2026-05-27T01:54:00.548+0000] {override.py:1858} INFO - Created Permission View: can edit on DAG:dataset_alias_example_alias_producer_with_no_taskflow
[2026-05-27T01:54:00.560+0000] {logging_mixin.py:190} INFO - [2026-05-27T01:54:00.559+0000] {override.py:1858} INFO - Created Permission View: can read on DAG:dataset_alias_example_alias_producer_with_no_taskflow
[2026-05-27T01:54:00.567+0000] {logging_mixin.py:190} INFO - [2026-05-27T01:54:00.567+0000] {override.py:1858} INFO - Created Permission View: can delete on DAG:dataset_alias_example_alias_producer_with_no_taskflow
[2026-05-27T01:54:00.568+0000] {logging_mixin.py:190} INFO - [2026-05-27T01:54:00.568+0000] {dag.py:3211} INFO - Sync 4 DAGs
[2026-05-27T01:54:00.584+0000] {logging_mixin.py:190} INFO - [2026-05-27T01:54:00.584+0000] {dag.py:3234} INFO - Creating ORM DAG for dataset_s3_bucket_consumer_with_no_taskflow
[2026-05-27T01:54:00.586+0000] {logging_mixin.py:190} INFO - [2026-05-27T01:54:00.586+0000] {dag.py:3234} INFO - Creating ORM DAG for dataset_alias_example_alias_consumer_with_no_taskflow
[2026-05-27T01:54:00.586+0000] {logging_mixin.py:190} INFO - [2026-05-27T01:54:00.586+0000] {dag.py:3234} INFO - Creating ORM DAG for dataset_alias_example_alias_producer_with_no_taskflow
[2026-05-27T01:54:00.588+0000] {logging_mixin.py:190} INFO - [2026-05-27T01:54:00.588+0000] {dag.py:3234} INFO - Creating ORM DAG for dataset_s3_bucket_producer_with_no_taskflow
[2026-05-27T01:54:00.599+0000] {logging_mixin.py:190} INFO - [2026-05-27T01:54:00.598+0000] {dag.py:4138} INFO - Setting next_dagrun for dataset_alias_example_alias_consumer_with_no_taskflow to None, run_after=None
[2026-05-27T01:54:00.600+0000] {logging_mixin.py:190} INFO - [2026-05-27T01:54:00.600+0000] {dag.py:4138} INFO - Setting next_dagrun for dataset_alias_example_alias_producer_with_no_taskflow to None, run_after=None
[2026-05-27T01:54:00.600+0000] {logging_mixin.py:190} INFO - [2026-05-27T01:54:00.600+0000] {dag.py:4138} INFO - Setting next_dagrun for dataset_s3_bucket_consumer_with_no_taskflow to None, run_after=None
[2026-05-27T01:54:00.601+0000] {logging_mixin.py:190} INFO - [2026-05-27T01:54:00.601+0000] {dag.py:4138} INFO - Setting next_dagrun for dataset_s3_bucket_producer_with_no_taskflow to None, run_after=None
[2026-05-27T01:54:00.631+0000] {processor.py:208} INFO - Processing /home/airflow/.local/lib/python3.12/site-packages/airflow/example_dags/example_dataset_alias_with_no_taskflow.py took 0.682 seconds
[2026-05-27T01:54:30.825+0000] {processor.py:186} INFO - Started process (PID=125) to work on /home/airflow/.local/lib/python3.12/site-packages/airflow/example_dags/example_dataset_alias_with_no_taskflow.py
[2026-05-27T01:54:30.826+0000] {processor.py:914} INFO - Processing file /home/airflow/.local/lib/python3.12/site-packages/airflow/example_dags/example_dataset_alias_with_no_taskflow.py for tasks to queue
[2026-05-27T01:54:30.829+0000] {logging_mixin.py:190} INFO - [2026-05-27T01:54:30.828+0000] {dagbag.py:587} INFO - Filling up the DagBag from /home/airflow/.local/lib/python3.12/site-packages/airflow/example_dags/example_dataset_alias_with_no_taskflow.py
[2026-05-27T01:54:30.945+0000] {processor.py:925} INFO - DAG(s) 'dataset_s3_bucket_producer_with_no_taskflow', 'dataset_alias_example_alias_consumer_with_no_taskflow', 'dataset_s3_bucket_consumer_with_no_taskflow', 'dataset_alias_example_alias_producer_with_no_taskflow' retrieved from /home/airflow/.local/lib/python3.12/site-packages/airflow/example_dags/example_dataset_alias_with_no_taskflow.py
[2026-05-27T01:54:30.961+0000] {logging_mixin.py:190} INFO - [2026-05-27T01:54:30.961+0000] {dag.py:3211} INFO - Sync 4 DAGs
[2026-05-27T01:54:30.978+0000] {logging_mixin.py:190} INFO - [2026-05-27T01:54:30.978+0000] {dag.py:4138} INFO - Setting next_dagrun for dataset_alias_example_alias_consumer_with_no_taskflow to None, run_after=None
[2026-05-27T01:54:30.980+0000] {logging_mixin.py:190} INFO - [2026-05-27T01:54:30.980+0000] {dag.py:4138} INFO - Setting next_dagrun for dataset_alias_example_alias_producer_with_no_taskflow to None, run_after=None
[2026-05-27T01:54:30.981+0000] {logging_mixin.py:190} INFO - [2026-05-27T01:54:30.981+0000] {dag.py:4138} INFO - Setting next_dagrun for dataset_s3_bucket_consumer_with_no_taskflow to None, run_after=None
[2026-05-27T01:54:30.982+0000] {logging_mixin.py:190} INFO - [2026-05-27T01:54:30.982+0000] {dag.py:4138} INFO - Setting next_dagrun for dataset_s3_bucket_producer_with_no_taskflow to None, run_after=None
[2026-05-27T01:54:31.000+0000] {processor.py:208} INFO - Processing /home/airflow/.local/lib/python3.12/site-packages/airflow/example_dags/example_dataset_alias_with_no_taskflow.py took 0.180 seconds
[2026-05-27T01:55:01.199+0000] {processor.py:186} INFO - Started process (PID=190) to work on /home/airflow/.local/lib/python3.12/site-packages/airflow/example_dags/example_dataset_alias_with_no_taskflow.py
[2026-05-27T01:55:01.200+0000] {processor.py:914} INFO - Processing file /home/airflow/.local/lib/python3.12/site-packages/airflow/example_dags/example_dataset_alias_with_no_taskflow.py for tasks to queue
[2026-05-27T01:55:01.203+0000] {logging_mixin.py:190} INFO - [2026-05-27T01:55:01.202+0000] {dagbag.py:587} INFO - Filling up the DagBag from /home/airflow/.local/lib/python3.12/site-packages/airflow/example_dags/example_dataset_alias_with_no_taskflow.py
[2026-05-27T01:55:01.321+0000] {processor.py:925} INFO - DAG(s) 'dataset_s3_bucket_producer_with_no_taskflow', 'dataset_s3_bucket_consumer_with_no_taskflow', 'dataset_alias_example_alias_consumer_with_no_taskflow', 'dataset_alias_example_alias_producer_with_no_taskflow' retrieved from /home/airflow/.local/lib/python3.12/site-packages/airflow/example_dags/example_dataset_alias_with_no_taskflow.py
[2026-05-27T01:55:01.335+0000] {logging_mixin.py:190} INFO - [2026-05-27T01:55:01.334+0000] {dag.py:3211} INFO - Sync 4 DAGs
[2026-05-27T01:55:01.351+0000] {logging_mixin.py:190} INFO - [2026-05-27T01:55:01.351+0000] {dag.py:4138} INFO - Setting next_dagrun for dataset_alias_example_alias_consumer_with_no_taskflow to None, run_after=None
[2026-05-27T01:55:01.352+0000] {logging_mixin.py:190} INFO - [2026-05-27T01:55:01.352+0000] {dag.py:4138} INFO - Setting next_dagrun for dataset_alias_example_alias_producer_with_no_taskflow to None, run_after=None
[2026-05-27T01:55:01.353+0000] {logging_mixin.py:190} INFO - [2026-05-27T01:55:01.353+0000] {dag.py:4138} INFO - Setting next_dagrun for dataset_s3_bucket_consumer_with_no_taskflow to None, run_after=None
[2026-05-27T01:55:01.354+0000] {logging_mixin.py:190} INFO - [2026-05-27T01:55:01.354+0000] {dag.py:4138} INFO - Setting next_dagrun for dataset_s3_bucket_producer_with_no_taskflow to None, run_after=None
[2026-05-27T01:55:01.367+0000] {processor.py:208} INFO - Processing /home/airflow/.local/lib/python3.12/site-packages/airflow/example_dags/example_dataset_alias_with_no_taskflow.py took 0.173 seconds
[2026-05-27T01:55:31.684+0000] {processor.py:186} INFO - Started process (PID=252) to work on /home/airflow/.local/lib/python3.12/site-packages/airflow/example_dags/example_dataset_alias_with_no_taskflow.py
[2026-05-27T01:55:31.685+0000] {processor.py:914} INFO - Processing file /home/airflow/.local/lib/python3.12/site-packages/airflow/example_dags/example_dataset_alias_with_no_taskflow.py for tasks to queue
[2026-05-27T01:55:31.688+0000] {logging_mixin.py:190} INFO - [2026-05-27T01:55:31.687+0000] {dagbag.py:587} INFO - Filling up the DagBag from /home/airflow/.local/lib/python3.12/site-packages/airflow/example_dags/example_dataset_alias_with_no_taskflow.py
[2026-05-27T01:55:31.853+0000] {processor.py:925} INFO - DAG(s) 'dataset_s3_bucket_producer_with_no_taskflow', 'dataset_s3_bucket_consumer_with_no_taskflow', 'dataset_alias_example_alias_producer_with_no_taskflow', 'dataset_alias_example_alias_consumer_with_no_taskflow' retrieved from /home/airflow/.local/lib/python3.12/site-packages/airflow/example_dags/example_dataset_alias_with_no_taskflow.py
[2026-05-27T01:55:31.867+0000] {logging_mixin.py:190} INFO - [2026-05-27T01:55:31.867+0000] {dag.py:3211} INFO - Sync 4 DAGs
[2026-05-27T01:55:31.886+0000] {logging_mixin.py:190} INFO - [2026-05-27T01:55:31.886+0000] {dag.py:4138} INFO - Setting next_dagrun for dataset_alias_example_alias_consumer_with_no_taskflow to None, run_after=None
[2026-05-27T01:55:31.888+0000] {logging_mixin.py:190} INFO - [2026-05-27T01:55:31.888+0000] {dag.py:4138} INFO - Setting next_dagrun for dataset_alias_example_alias_producer_with_no_taskflow to None, run_after=None
[2026-05-27T01:55:31.889+0000] {logging_mixin.py:190} INFO - [2026-05-27T01:55:31.889+0000] {dag.py:4138} INFO - Setting next_dagrun for dataset_s3_bucket_consumer_with_no_taskflow to None, run_after=None
[2026-05-27T01:55:31.890+0000] {logging_mixin.py:190} INFO - [2026-05-27T01:55:31.889+0000] {dag.py:4138} INFO - Setting next_dagrun for dataset_s3_bucket_producer_with_no_taskflow to None, run_after=None
[2026-05-27T01:55:31.903+0000] {processor.py:208} INFO - Processing /home/airflow/.local/lib/python3.12/site-packages/airflow/example_dags/example_dataset_alias_with_no_taskflow.py took 0.232 seconds
[2026-05-27T01:56:02.000+0000] {processor.py:186} INFO - Started process (PID=316) to work on /home/airflow/.local/lib/python3.12/site-packages/airflow/example_dags/example_dataset_alias_with_no_taskflow.py
[2026-05-27T01:56:02.000+0000] {processor.py:914} INFO - Processing file /home/airflow/.local/lib/python3.12/site-packages/airflow/example_dags/example_dataset_alias_with_no_taskflow.py for tasks to queue
[2026-05-27T01:56:02.002+0000] {logging_mixin.py:190} INFO - [2026-05-27T01:56:02.002+0000] {dagbag.py:587} INFO - Filling up the DagBag from /home/airflow/.local/lib/python3.12/site-packages/airflow/example_dags/example_dataset_alias_with_no_taskflow.py
[2026-05-27T01:56:02.111+0000] {processor.py:925} INFO - DAG(s) 'dataset_alias_example_alias_producer_with_no_taskflow', 'dataset_alias_example_alias_consumer_with_no_taskflow', 'dataset_s3_bucket_producer_with_no_taskflow', 'dataset_s3_bucket_consumer_with_no_taskflow' retrieved from /home/airflow/.local/lib/python3.12/site-packages/airflow/example_dags/example_dataset_alias_with_no_taskflow.py
[2026-05-27T01:56:02.124+0000] {logging_mixin.py:190} INFO - [2026-05-27T01:56:02.124+0000] {dag.py:3211} INFO - Sync 4 DAGs
[2026-05-27T01:56:02.137+0000] {logging_mixin.py:190} INFO - [2026-05-27T01:56:02.137+0000] {dag.py:4138} INFO - Setting next_dagrun for dataset_alias_example_alias_consumer_with_no_taskflow to None, run_after=None
[2026-05-27T01:56:02.139+0000] {logging_mixin.py:190} INFO - [2026-05-27T01:56:02.139+0000] {dag.py:4138} INFO - Setting next_dagrun for dataset_alias_example_alias_producer_with_no_taskflow to None, run_after=None
[2026-05-27T01:56:02.140+0000] {logging_mixin.py:190} INFO - [2026-05-27T01:56:02.140+0000] {dag.py:4138} INFO - Setting next_dagrun for dataset_s3_bucket_consumer_with_no_taskflow to None, run_after=None
[2026-05-27T01:56:02.141+0000] {logging_mixin.py:190} INFO - [2026-05-27T01:56:02.141+0000] {dag.py:4138} INFO - Setting next_dagrun for dataset_s3_bucket_producer_with_no_taskflow to None, run_after=None
[2026-05-27T01:56:02.154+0000] {processor.py:208} INFO - Processing /home/airflow/.local/lib/python3.12/site-packages/airflow/example_dags/example_dataset_alias_with_no_taskflow.py took 0.158 seconds
[2026-05-27T01:56:32.439+0000] {processor.py:186} INFO - Started process (PID=376) to work on /home/airflow/.local/lib/python3.12/site-packages/airflow/example_dags/example_dataset_alias_with_no_taskflow.py
[2026-05-27T01:56:32.446+0000] {processor.py:914} INFO - Processing file /home/airflow/.local/lib/python3.12/site-packages/airflow/example_dags/example_dataset_alias_with_no_taskflow.py for tasks to queue
[2026-05-27T01:56:32.449+0000] {logging_mixin.py:190} INFO - [2026-05-27T01:56:32.448+0000] {dagbag.py:587} INFO - Filling up the DagBag from /home/airflow/.local/lib/python3.12/site-packages/airflow/example_dags/example_dataset_alias_with_no_taskflow.py
[2026-05-27T01:56:32.597+0000] {processor.py:925} INFO - DAG(s) 'dataset_s3_bucket_consumer_with_no_taskflow', 'dataset_alias_example_alias_producer_with_no_taskflow', 'dataset_alias_example_alias_consumer_with_no_taskflow', 'dataset_s3_bucket_producer_with_no_taskflow' retrieved from /home/airflow/.local/lib/python3.12/site-packages/airflow/example_dags/example_dataset_alias_with_no_taskflow.py
[2026-05-27T01:56:32.625+0000] {logging_mixin.py:190} INFO - [2026-05-27T01:56:32.625+0000] {dag.py:3211} INFO - Sync 4 DAGs
[2026-05-27T01:56:32.649+0000] {logging_mixin.py:190} INFO - [2026-05-27T01:56:32.649+0000] {dag.py:4138} INFO - Setting next_dagrun for dataset_alias_example_alias_consumer_with_no_taskflow to None, run_after=None
[2026-05-27T01:56:32.654+0000] {logging_mixin.py:190} INFO - [2026-05-27T01:56:32.654+0000] {dag.py:4138} INFO - Setting next_dagrun for dataset_alias_example_alias_producer_with_no_taskflow to None, run_after=None
[2026-05-27T01:56:32.655+0000] {logging_mixin.py:190} INFO - [2026-05-27T01:56:32.654+0000] {dag.py:4138} INFO - Setting next_dagrun for dataset_s3_bucket_consumer_with_no_taskflow to None, run_after=None
[2026-05-27T01:56:32.656+0000] {logging_mixin.py:190} INFO - [2026-05-27T01:56:32.655+0000] {dag.py:4138} INFO - Setting next_dagrun for dataset_s3_bucket_producer_with_no_taskflow to None, run_after=None
[2026-05-27T01:56:32.670+0000] {processor.py:208} INFO - Processing /home/airflow/.local/lib/python3.12/site-packages/airflow/example_dags/example_dataset_alias_with_no_taskflow.py took 0.238 seconds
[2026-05-27T01:57:02.820+0000] {processor.py:186} INFO - Started process (PID=438) to work on /home/airflow/.local/lib/python3.12/site-packages/airflow/example_dags/example_dataset_alias_with_no_taskflow.py
[2026-05-27T01:57:02.821+0000] {processor.py:914} INFO - Processing file /home/airflow/.local/lib/python3.12/site-packages/airflow/example_dags/example_dataset_alias_with_no_taskflow.py for tasks to queue
[2026-05-27T01:57:02.824+0000] {logging_mixin.py:190} INFO - [2026-05-27T01:57:02.824+0000] {dagbag.py:587} INFO - Filling up the DagBag from /home/airflow/.local/lib/python3.12/site-packages/airflow/example_dags/example_dataset_alias_with_no_taskflow.py
[2026-05-27T01:57:02.945+0000] {processor.py:925} INFO - DAG(s) 'dataset_s3_bucket_producer_with_no_taskflow', 'dataset_alias_example_alias_consumer_with_no_taskflow', 'dataset_alias_example_alias_producer_with_no_taskflow', 'dataset_s3_bucket_consumer_with_no_taskflow' retrieved from /home/airflow/.local/lib/python3.12/site-packages/airflow/example_dags/example_dataset_alias_with_no_taskflow.py
[2026-05-27T01:57:02.962+0000] {logging_mixin.py:190} INFO - [2026-05-27T01:57:02.961+0000] {dag.py:3211} INFO - Sync 4 DAGs
[2026-05-27T01:57:02.984+0000] {logging_mixin.py:190} INFO - [2026-05-27T01:57:02.984+0000] {dag.py:4138} INFO - Setting next_dagrun for dataset_alias_example_alias_consumer_with_no_taskflow to None, run_after=None
[2026-05-27T01:57:02.987+0000] {logging_mixin.py:190} INFO - [2026-05-27T01:57:02.986+0000] {dag.py:4138} INFO - Setting next_dagrun for dataset_alias_example_alias_producer_with_no_taskflow to None, run_after=None
[2026-05-27T01:57:02.988+0000] {logging_mixin.py:190} INFO - [2026-05-27T01:57:02.988+0000] {dag.py:4138} INFO - Setting next_dagrun for dataset_s3_bucket_consumer_with_no_taskflow to None, run_after=None
[2026-05-27T01:57:02.989+0000] {logging_mixin.py:190} INFO - [2026-05-27T01:57:02.989+0000] {dag.py:4138} INFO - Setting next_dagrun for dataset_s3_bucket_producer_with_no_taskflow to None, run_after=None
[2026-05-27T01:57:03.002+0000] {processor.py:208} INFO - Processing /home/airflow/.local/lib/python3.12/site-packages/airflow/example_dags/example_dataset_alias_with_no_taskflow.py took 0.189 seconds
[2026-05-27T01:57:33.320+0000] {processor.py:186} INFO - Started process (PID=500) to work on /home/airflow/.local/lib/python3.12/site-packages/airflow/example_dags/example_dataset_alias_with_no_taskflow.py
[2026-05-27T01:57:33.321+0000] {processor.py:914} INFO - Processing file /home/airflow/.local/lib/python3.12/site-packages/airflow/example_dags/example_dataset_alias_with_no_taskflow.py for tasks to queue
[2026-05-27T01:57:33.325+0000] {logging_mixin.py:190} INFO - [2026-05-27T01:57:33.325+0000] {dagbag.py:587} INFO - Filling up the DagBag from /home/airflow/.local/lib/python3.12/site-packages/airflow/example_dags/example_dataset_alias_with_no_taskflow.py
[2026-05-27T01:57:33.496+0000] {processor.py:925} INFO - DAG(s) 'dataset_s3_bucket_producer_with_no_taskflow', 'dataset_alias_example_alias_consumer_with_no_taskflow', 'dataset_s3_bucket_consumer_with_no_taskflow', 'dataset_alias_example_alias_producer_with_no_taskflow' retrieved from /home/airflow/.local/lib/python3.12/site-packages/airflow/example_dags/example_dataset_alias_with_no_taskflow.py
[2026-05-27T01:57:33.516+0000] {logging_mixin.py:190} INFO - [2026-05-27T01:57:33.516+0000] {dag.py:3211} INFO - Sync 4 DAGs
[2026-05-27T01:57:33.536+0000] {logging_mixin.py:190} INFO - [2026-05-27T01:57:33.536+0000] {dag.py:4138} INFO - Setting next_dagrun for dataset_alias_example_alias_consumer_with_no_taskflow to None, run_after=None
[2026-05-27T01:57:33.538+0000] {logging_mixin.py:190} INFO - [2026-05-27T01:57:33.538+0000] {dag.py:4138} INFO - Setting next_dagrun for dataset_alias_example_alias_producer_with_no_taskflow to None, run_after=None
[2026-05-27T01:57:33.539+0000] {logging_mixin.py:190} INFO - [2026-05-27T01:57:33.539+0000] {dag.py:4138} INFO - Setting next_dagrun for dataset_s3_bucket_consumer_with_no_taskflow to None, run_after=None
[2026-05-27T01:57:33.540+0000] {logging_mixin.py:190} INFO - [2026-05-27T01:57:33.540+0000] {dag.py:4138} INFO - Setting next_dagrun for dataset_s3_bucket_producer_with_no_taskflow to None, run_after=None
[2026-05-27T01:57:33.552+0000] {processor.py:208} INFO - Processing /home/airflow/.local/lib/python3.12/site-packages/airflow/example_dags/example_dataset_alias_with_no_taskflow.py took 0.239 seconds
[2026-05-27T01:58:03.840+0000] {processor.py:186} INFO - Started process (PID=562) to work on /home/airflow/.local/lib/python3.12/site-packages/airflow/example_dags/example_dataset_alias_with_no_taskflow.py
[2026-05-27T01:58:03.841+0000] {processor.py:914} INFO - Processing file /home/airflow/.local/lib/python3.12/site-packages/airflow/example_dags/example_dataset_alias_with_no_taskflow.py for tasks to queue
[2026-05-27T01:58:03.844+0000] {logging_mixin.py:190} INFO - [2026-05-27T01:58:03.844+0000] {dagbag.py:587} INFO - Filling up the DagBag from /home/airflow/.local/lib/python3.12/site-packages/airflow/example_dags/example_dataset_alias_with_no_taskflow.py
[2026-05-27T01:58:04.026+0000] {processor.py:925} INFO - DAG(s) 'dataset_alias_example_alias_producer_with_no_taskflow', 'dataset_s3_bucket_consumer_with_no_taskflow', 'dataset_alias_example_alias_consumer_with_no_taskflow', 'dataset_s3_bucket_producer_with_no_taskflow' retrieved from /home/airflow/.local/lib/python3.12/site-packages/airflow/example_dags/example_dataset_alias_with_no_taskflow.py
[2026-05-27T01:58:04.043+0000] {logging_mixin.py:190} INFO - [2026-05-27T01:58:04.043+0000] {dag.py:3211} INFO - Sync 4 DAGs
[2026-05-27T01:58:04.063+0000] {logging_mixin.py:190} INFO - [2026-05-27T01:58:04.063+0000] {dag.py:4138} INFO - Setting next_dagrun for dataset_alias_example_alias_consumer_with_no_taskflow to None, run_after=None
[2026-05-27T01:58:04.065+0000] {logging_mixin.py:190} INFO - [2026-05-27T01:58:04.065+0000] {dag.py:4138} INFO - Setting next_dagrun for dataset_alias_example_alias_producer_with_no_taskflow to None, run_after=None
[2026-05-27T01:58:04.066+0000] {logging_mixin.py:190} INFO - [2026-05-27T01:58:04.066+0000] {dag.py:4138} INFO - Setting next_dagrun for dataset_s3_bucket_consumer_with_no_taskflow to None, run_after=None
[2026-05-27T01:58:04.067+0000] {logging_mixin.py:190} INFO - [2026-05-27T01:58:04.067+0000] {dag.py:4138} INFO - Setting next_dagrun for dataset_s3_bucket_producer_with_no_taskflow to None, run_after=None
[2026-05-27T01:58:04.081+0000] {processor.py:208} INFO - Processing /home/airflow/.local/lib/python3.12/site-packages/airflow/example_dags/example_dataset_alias_with_no_taskflow.py took 0.249 seconds
[2026-05-27T01:59:11.880+0000] {processor.py:186} INFO - Started process (PID=62) to work on /home/airflow/.local/lib/python3.12/site-packages/airflow/example_dags/example_dataset_alias_with_no_taskflow.py
[2026-05-27T01:59:11.882+0000] {processor.py:914} INFO - Processing file /home/airflow/.local/lib/python3.12/site-packages/airflow/example_dags/example_dataset_alias_with_no_taskflow.py for tasks to queue
[2026-05-27T01:59:11.885+0000] {logging_mixin.py:190} INFO - [2026-05-27T01:59:11.885+0000] {dagbag.py:587} INFO - Filling up the DagBag from /home/airflow/.local/lib/python3.12/site-packages/airflow/example_dags/example_dataset_alias_with_no_taskflow.py
[2026-05-27T01:59:12.393+0000] {processor.py:925} INFO - DAG(s) 'dataset_alias_example_alias_consumer_with_no_taskflow', 'dataset_alias_example_alias_producer_with_no_taskflow', 'dataset_s3_bucket_producer_with_no_taskflow', 'dataset_s3_bucket_consumer_with_no_taskflow' retrieved from /home/airflow/.local/lib/python3.12/site-packages/airflow/example_dags/example_dataset_alias_with_no_taskflow.py
[2026-05-27T01:59:12.412+0000] {logging_mixin.py:190} INFO - [2026-05-27T01:59:12.411+0000] {dag.py:3211} INFO - Sync 4 DAGs
[2026-05-27T01:59:12.429+0000] {logging_mixin.py:190} INFO - [2026-05-27T01:59:12.429+0000] {dag.py:4138} INFO - Setting next_dagrun for dataset_alias_example_alias_consumer_with_no_taskflow to None, run_after=None
[2026-05-27T01:59:12.431+0000] {logging_mixin.py:190} INFO - [2026-05-27T01:59:12.431+0000] {dag.py:4138} INFO - Setting next_dagrun for dataset_alias_example_alias_producer_with_no_taskflow to None, run_after=None
[2026-05-27T01:59:12.432+0000] {logging_mixin.py:190} INFO - [2026-05-27T01:59:12.432+0000] {dag.py:4138} INFO - Setting next_dagrun for dataset_s3_bucket_consumer_with_no_taskflow to None, run_after=None
[2026-05-27T01:59:12.433+0000] {logging_mixin.py:190} INFO - [2026-05-27T01:59:12.433+0000] {dag.py:4138} INFO - Setting next_dagrun for dataset_s3_bucket_producer_with_no_taskflow to None, run_after=None
[2026-05-27T01:59:12.449+0000] {processor.py:208} INFO - Processing /home/airflow/.local/lib/python3.12/site-packages/airflow/example_dags/example_dataset_alias_with_no_taskflow.py took 0.577 seconds
[2026-05-27T01:59:42.930+0000] {processor.py:186} INFO - Started process (PID=160) to work on /home/airflow/.local/lib/python3.12/site-packages/airflow/example_dags/example_dataset_alias_with_no_taskflow.py
[2026-05-27T01:59:42.933+0000] {processor.py:914} INFO - Processing file /home/airflow/.local/lib/python3.12/site-packages/airflow/example_dags/example_dataset_alias_with_no_taskflow.py for tasks to queue
[2026-05-27T01:59:42.939+0000] {logging_mixin.py:190} INFO - [2026-05-27T01:59:42.939+0000] {dagbag.py:587} INFO - Filling up the DagBag from /home/airflow/.local/lib/python3.12/site-packages/airflow/example_dags/example_dataset_alias_with_no_taskflow.py
[2026-05-27T01:59:43.085+0000] {processor.py:925} INFO - DAG(s) 'dataset_s3_bucket_consumer_with_no_taskflow', 'dataset_s3_bucket_producer_with_no_taskflow', 'dataset_alias_example_alias_consumer_with_no_taskflow', 'dataset_alias_example_alias_producer_with_no_taskflow' retrieved from /home/airflow/.local/lib/python3.12/site-packages/airflow/example_dags/example_dataset_alias_with_no_taskflow.py
[2026-05-27T01:59:43.101+0000] {logging_mixin.py:190} INFO - [2026-05-27T01:59:43.101+0000] {dag.py:3211} INFO - Sync 4 DAGs
[2026-05-27T01:59:43.120+0000] {logging_mixin.py:190} INFO - [2026-05-27T01:59:43.120+0000] {dag.py:4138} INFO - Setting next_dagrun for dataset_alias_example_alias_consumer_with_no_taskflow to None, run_after=None
[2026-05-27T01:59:43.122+0000] {logging_mixin.py:190} INFO - [2026-05-27T01:59:43.122+0000] {dag.py:4138} INFO - Setting next_dagrun for dataset_alias_example_alias_producer_with_no_taskflow to None, run_after=None
[2026-05-27T01:59:43.123+0000] {logging_mixin.py:190} INFO - [2026-05-27T01:59:43.123+0000] {dag.py:4138} INFO - Setting next_dagrun for dataset_s3_bucket_consumer_with_no_taskflow to None, run_after=None
[2026-05-27T01:59:43.124+0000] {logging_mixin.py:190} INFO - [2026-05-27T01:59:43.123+0000] {dag.py:4138} INFO - Setting next_dagrun for dataset_s3_bucket_producer_with_no_taskflow to None, run_after=None
[2026-05-27T01:59:43.140+0000] {processor.py:208} INFO - Processing /home/airflow/.local/lib/python3.12/site-packages/airflow/example_dags/example_dataset_alias_with_no_taskflow.py took 0.225 seconds
[2026-05-27T02:00:13.262+0000] {processor.py:186} INFO - Started process (PID=225) to work on /home/airflow/.local/lib/python3.12/site-packages/airflow/example_dags/example_dataset_alias_with_no_taskflow.py
[2026-05-27T02:00:13.263+0000] {processor.py:914} INFO - Processing file /home/airflow/.local/lib/python3.12/site-packages/airflow/example_dags/example_dataset_alias_with_no_taskflow.py for tasks to queue
[2026-05-27T02:00:13.266+0000] {logging_mixin.py:190} INFO - [2026-05-27T02:00:13.265+0000] {dagbag.py:587} INFO - Filling up the DagBag from /home/airflow/.local/lib/python3.12/site-packages/airflow/example_dags/example_dataset_alias_with_no_taskflow.py
[2026-05-27T02:00:13.391+0000] {processor.py:925} INFO - DAG(s) 'dataset_alias_example_alias_producer_with_no_taskflow', 'dataset_s3_bucket_producer_with_no_taskflow', 'dataset_s3_bucket_consumer_with_no_taskflow', 'dataset_alias_example_alias_consumer_with_no_taskflow' retrieved from /home/airflow/.local/lib/python3.12/site-packages/airflow/example_dags/example_dataset_alias_with_no_taskflow.py
[2026-05-27T02:00:13.406+0000] {logging_mixin.py:190} INFO - [2026-05-27T02:00:13.406+0000] {dag.py:3211} INFO - Sync 4 DAGs
[2026-05-27T02:00:13.427+0000] {logging_mixin.py:190} INFO - [2026-05-27T02:00:13.427+0000] {dag.py:4138} INFO - Setting next_dagrun for dataset_alias_example_alias_consumer_with_no_taskflow to None, run_after=None
[2026-05-27T02:00:13.430+0000] {logging_mixin.py:190} INFO - [2026-05-27T02:00:13.429+0000] {dag.py:4138} INFO - Setting next_dagrun for dataset_alias_example_alias_producer_with_no_taskflow to None, run_after=None
[2026-05-27T02:00:13.431+0000] {logging_mixin.py:190} INFO - [2026-05-27T02:00:13.430+0000] {dag.py:4138} INFO - Setting next_dagrun for dataset_s3_bucket_consumer_with_no_taskflow to None, run_after=None
[2026-05-27T02:00:13.433+0000] {logging_mixin.py:190} INFO - [2026-05-27T02:00:13.433+0000] {dag.py:4138} INFO - Setting next_dagrun for dataset_s3_bucket_producer_with_no_taskflow to None, run_after=None
[2026-05-27T02:00:13.447+0000] {processor.py:208} INFO - Processing /home/airflow/.local/lib/python3.12/site-packages/airflow/example_dags/example_dataset_alias_with_no_taskflow.py took 0.192 seconds
[2026-05-27T02:00:44.100+0000] {processor.py:186} INFO - Started process (PID=285) to work on /home/airflow/.local/lib/python3.12/site-packages/airflow/example_dags/example_dataset_alias_with_no_taskflow.py
[2026-05-27T02:00:44.103+0000] {processor.py:914} INFO - Processing file /home/airflow/.local/lib/python3.12/site-packages/airflow/example_dags/example_dataset_alias_with_no_taskflow.py for tasks to queue
[2026-05-27T02:00:44.107+0000] {logging_mixin.py:190} INFO - [2026-05-27T02:00:44.107+0000] {dagbag.py:587} INFO - Filling up the DagBag from /home/airflow/.local/lib/python3.12/site-packages/airflow/example_dags/example_dataset_alias_with_no_taskflow.py
[2026-05-27T02:00:44.221+0000] {processor.py:925} INFO - DAG(s) 'dataset_s3_bucket_consumer_with_no_taskflow', 'dataset_alias_example_alias_producer_with_no_taskflow', 'dataset_s3_bucket_producer_with_no_taskflow', 'dataset_alias_example_alias_consumer_with_no_taskflow' retrieved from /home/airflow/.local/lib/python3.12/site-packages/airflow/example_dags/example_dataset_alias_with_no_taskflow.py
[2026-05-27T02:00:44.236+0000] {logging_mixin.py:190} INFO - [2026-05-27T02:00:44.236+0000] {dag.py:3211} INFO - Sync 4 DAGs
[2026-05-27T02:00:44.254+0000] {logging_mixin.py:190} INFO - [2026-05-27T02:00:44.254+0000] {dag.py:4138} INFO - Setting next_dagrun for dataset_alias_example_alias_consumer_with_no_taskflow to None, run_after=None
[2026-05-27T02:00:44.256+0000] {logging_mixin.py:190} INFO - [2026-05-27T02:00:44.256+0000] {dag.py:4138} INFO - Setting next_dagrun for dataset_alias_example_alias_producer_with_no_taskflow to None, run_after=None
[2026-05-27T02:00:44.258+0000] {logging_mixin.py:190} INFO - [2026-05-27T02:00:44.258+0000] {dag.py:4138} INFO - Setting next_dagrun for dataset_s3_bucket_consumer_with_no_taskflow to None, run_after=None
[2026-05-27T02:00:44.261+0000] {logging_mixin.py:190} INFO - [2026-05-27T02:00:44.260+0000] {dag.py:4138} INFO - Setting next_dagrun for dataset_s3_bucket_producer_with_no_taskflow to None, run_after=None
[2026-05-27T02:00:44.276+0000] {processor.py:208} INFO - Processing /home/airflow/.local/lib/python3.12/site-packages/airflow/example_dags/example_dataset_alias_with_no_taskflow.py took 0.207 seconds
[2026-05-27T02:01:14.336+0000] {processor.py:186} INFO - Started process (PID=347) to work on /home/airflow/.local/lib/python3.12/site-packages/airflow/example_dags/example_dataset_alias_with_no_taskflow.py
[2026-05-27T02:01:14.337+0000] {processor.py:914} INFO - Processing file /home/airflow/.local/lib/python3.12/site-packages/airflow/example_dags/example_dataset_alias_with_no_taskflow.py for tasks to queue
[2026-05-27T02:01:14.340+0000] {logging_mixin.py:190} INFO - [2026-05-27T02:01:14.339+0000] {dagbag.py:587} INFO - Filling up the DagBag from /home/airflow/.local/lib/python3.12/site-packages/airflow/example_dags/example_dataset_alias_with_no_taskflow.py
[2026-05-27T02:01:14.469+0000] {processor.py:925} INFO - DAG(s) 'dataset_alias_example_alias_producer_with_no_taskflow', 'dataset_alias_example_alias_consumer_with_no_taskflow', 'dataset_s3_bucket_producer_with_no_taskflow', 'dataset_s3_bucket_consumer_with_no_taskflow' retrieved from /home/airflow/.local/lib/python3.12/site-packages/airflow/example_dags/example_dataset_alias_with_no_taskflow.py
[2026-05-27T02:01:14.483+0000] {logging_mixin.py:190} INFO - [2026-05-27T02:01:14.483+0000] {dag.py:3211} INFO - Sync 4 DAGs
[2026-05-27T02:01:14.498+0000] {logging_mixin.py:190} INFO - [2026-05-27T02:01:14.498+0000] {dag.py:4138} INFO - Setting next_dagrun for dataset_alias_example_alias_consumer_with_no_taskflow to None, run_after=None
[2026-05-27T02:01:14.500+0000] {logging_mixin.py:190} INFO - [2026-05-27T02:01:14.500+0000] {dag.py:4138} INFO - Setting next_dagrun for dataset_alias_example_alias_producer_with_no_taskflow to None, run_after=None
[2026-05-27T02:01:14.501+0000] {logging_mixin.py:190} INFO - [2026-05-27T02:01:14.501+0000] {dag.py:4138} INFO - Setting next_dagrun for dataset_s3_bucket_consumer_with_no_taskflow to None, run_after=None
[2026-05-27T02:01:14.505+0000] {logging_mixin.py:190} INFO - [2026-05-27T02:01:14.504+0000] {dag.py:4138} INFO - Setting next_dagrun for dataset_s3_bucket_producer_with_no_taskflow to None, run_after=None
[2026-05-27T02:01:14.519+0000] {processor.py:208} INFO - Processing /home/airflow/.local/lib/python3.12/site-packages/airflow/example_dags/example_dataset_alias_with_no_taskflow.py took 0.191 seconds
[2026-05-27T02:01:47.300+0000] {processor.py:186} INFO - Started process (PID=47) to work on /home/airflow/.local/lib/python3.12/site-packages/airflow/example_dags/example_dataset_alias_with_no_taskflow.py
[2026-05-27T02:01:47.302+0000] {processor.py:914} INFO - Processing file /home/airflow/.local/lib/python3.12/site-packages/airflow/example_dags/example_dataset_alias_with_no_taskflow.py for tasks to queue
[2026-05-27T02:01:47.305+0000] {logging_mixin.py:190} INFO - [2026-05-27T02:01:47.304+0000] {dagbag.py:587} INFO - Filling up the DagBag from /home/airflow/.local/lib/python3.12/site-packages/airflow/example_dags/example_dataset_alias_with_no_taskflow.py
[2026-05-27T02:01:47.430+0000] {processor.py:925} INFO - DAG(s) 'dataset_alias_example_alias_consumer_with_no_taskflow', 'dataset_alias_example_alias_producer_with_no_taskflow', 'dataset_s3_bucket_consumer_with_no_taskflow', 'dataset_s3_bucket_producer_with_no_taskflow' retrieved from /home/airflow/.local/lib/python3.12/site-packages/airflow/example_dags/example_dataset_alias_with_no_taskflow.py
[2026-05-27T02:01:47.446+0000] {logging_mixin.py:190} INFO - [2026-05-27T02:01:47.445+0000] {dag.py:3211} INFO - Sync 4 DAGs
[2026-05-27T02:01:47.460+0000] {logging_mixin.py:190} INFO - [2026-05-27T02:01:47.460+0000] {dag.py:4138} INFO - Setting next_dagrun for dataset_alias_example_alias_consumer_with_no_taskflow to None, run_after=None
[2026-05-27T02:01:47.462+0000] {logging_mixin.py:190} INFO - [2026-05-27T02:01:47.462+0000] {dag.py:4138} INFO - Setting next_dagrun for dataset_alias_example_alias_producer_with_no_taskflow to None, run_after=None
[2026-05-27T02:01:47.463+0000] {logging_mixin.py:190} INFO - [2026-05-27T02:01:47.463+0000] {dag.py:4138} INFO - Setting next_dagrun for dataset_s3_bucket_consumer_with_no_taskflow to None, run_after=None
[2026-05-27T02:01:47.464+0000] {logging_mixin.py:190} INFO - [2026-05-27T02:01:47.464+0000] {dag.py:4138} INFO - Setting next_dagrun for dataset_s3_bucket_producer_with_no_taskflow to None, run_after=None
[2026-05-27T02:01:47.479+0000] {processor.py:208} INFO - Processing /home/airflow/.local/lib/python3.12/site-packages/airflow/example_dags/example_dataset_alias_with_no_taskflow.py took 0.185 seconds
[2026-05-27T02:02:17.037+0000] {processor.py:186} INFO - Started process (PID=47) to work on /home/airflow/.local/lib/python3.12/site-packages/airflow/example_dags/example_dataset_alias_with_no_taskflow.py
[2026-05-27T02:02:17.039+0000] {processor.py:914} INFO - Processing file /home/airflow/.local/lib/python3.12/site-packages/airflow/example_dags/example_dataset_alias_with_no_taskflow.py for tasks to queue
[2026-05-27T02:02:17.042+0000] {logging_mixin.py:190} INFO - [2026-05-27T02:02:17.042+0000] {dagbag.py:587} INFO - Filling up the DagBag from /home/airflow/.local/lib/python3.12/site-packages/airflow/example_dags/example_dataset_alias_with_no_taskflow.py
[2026-05-27T02:02:17.199+0000] {processor.py:925} INFO - DAG(s) 'dataset_s3_bucket_consumer_with_no_taskflow', 'dataset_alias_example_alias_consumer_with_no_taskflow', 'dataset_s3_bucket_producer_with_no_taskflow', 'dataset_alias_example_alias_producer_with_no_taskflow' retrieved from /home/airflow/.local/lib/python3.12/site-packages/airflow/example_dags/example_dataset_alias_with_no_taskflow.py
[2026-05-27T02:02:17.218+0000] {logging_mixin.py:190} INFO - [2026-05-27T02:02:17.218+0000] {dag.py:3211} INFO - Sync 4 DAGs
[2026-05-27T02:02:17.237+0000] {logging_mixin.py:190} INFO - [2026-05-27T02:02:17.237+0000] {dag.py:4138} INFO - Setting next_dagrun for dataset_alias_example_alias_consumer_with_no_taskflow to None, run_after=None
[2026-05-27T02:02:17.239+0000] {logging_mixin.py:190} INFO - [2026-05-27T02:02:17.239+0000] {dag.py:4138} INFO - Setting next_dagrun for dataset_alias_example_alias_producer_with_no_taskflow to None, run_after=None
[2026-05-27T02:02:17.240+0000] {logging_mixin.py:190} INFO - [2026-05-27T02:02:17.239+0000] {dag.py:4138} INFO - Setting next_dagrun for dataset_s3_bucket_consumer_with_no_taskflow to None, run_after=None
[2026-05-27T02:02:17.240+0000] {logging_mixin.py:190} INFO - [2026-05-27T02:02:17.240+0000] {dag.py:4138} INFO - Setting next_dagrun for dataset_s3_bucket_producer_with_no_taskflow to None, run_after=None
[2026-05-27T02:02:17.253+0000] {processor.py:208} INFO - Processing /home/airflow/.local/lib/python3.12/site-packages/airflow/example_dags/example_dataset_alias_with_no_taskflow.py took 0.222 seconds
[2026-05-27T02:02:58.480+0000] {processor.py:186} INFO - Started process (PID=47) to work on /home/airflow/.local/lib/python3.12/site-packages/airflow/example_dags/example_dataset_alias_with_no_taskflow.py
[2026-05-27T02:02:58.481+0000] {processor.py:914} INFO - Processing file /home/airflow/.local/lib/python3.12/site-packages/airflow/example_dags/example_dataset_alias_with_no_taskflow.py for tasks to queue
[2026-05-27T02:02:58.484+0000] {logging_mixin.py:190} INFO - [2026-05-27T02:02:58.484+0000] {dagbag.py:587} INFO - Filling up the DagBag from /home/airflow/.local/lib/python3.12/site-packages/airflow/example_dags/example_dataset_alias_with_no_taskflow.py
[2026-05-27T02:02:58.626+0000] {processor.py:925} INFO - DAG(s) 'dataset_s3_bucket_consumer_with_no_taskflow', 'dataset_alias_example_alias_consumer_with_no_taskflow', 'dataset_s3_bucket_producer_with_no_taskflow', 'dataset_alias_example_alias_producer_with_no_taskflow' retrieved from /home/airflow/.local/lib/python3.12/site-packages/airflow/example_dags/example_dataset_alias_with_no_taskflow.py
[2026-05-27T02:02:58.644+0000] {logging_mixin.py:190} INFO - [2026-05-27T02:02:58.644+0000] {dag.py:3211} INFO - Sync 4 DAGs
[2026-05-27T02:02:58.661+0000] {logging_mixin.py:190} INFO - [2026-05-27T02:02:58.661+0000] {dag.py:4138} INFO - Setting next_dagrun for dataset_alias_example_alias_consumer_with_no_taskflow to None, run_after=None
[2026-05-27T02:02:58.662+0000] {logging_mixin.py:190} INFO - [2026-05-27T02:02:58.662+0000] {dag.py:4138} INFO - Setting next_dagrun for dataset_alias_example_alias_producer_with_no_taskflow to None, run_after=None
[2026-05-27T02:02:58.664+0000] {logging_mixin.py:190} INFO - [2026-05-27T02:02:58.663+0000] {dag.py:4138} INFO - Setting next_dagrun for dataset_s3_bucket_consumer_with_no_taskflow to None, run_after=None
[2026-05-27T02:02:58.664+0000] {logging_mixin.py:190} INFO - [2026-05-27T02:02:58.664+0000] {dag.py:4138} INFO - Setting next_dagrun for dataset_s3_bucket_producer_with_no_taskflow to None, run_after=None
[2026-05-27T02:02:58.677+0000] {processor.py:208} INFO - Processing /home/airflow/.local/lib/python3.12/site-packages/airflow/example_dags/example_dataset_alias_with_no_taskflow.py took 0.205 seconds
