[2026-05-27T01:54:04.275+0000] {processor.py:186} INFO - Started process (PID=96) to work on /home/airflow/.local/lib/python3.12/site-packages/airflow/example_dags/example_sla_dag.py
[2026-05-27T01:54:04.276+0000] {processor.py:914} INFO - Processing file /home/airflow/.local/lib/python3.12/site-packages/airflow/example_dags/example_sla_dag.py for tasks to queue
[2026-05-27T01:54:04.278+0000] {logging_mixin.py:190} INFO - [2026-05-27T01:54:04.277+0000] {dagbag.py:587} INFO - Filling up the DagBag from /home/airflow/.local/lib/python3.12/site-packages/airflow/example_dags/example_sla_dag.py
[2026-05-27T01:54:04.287+0000] {processor.py:925} INFO - DAG(s) 'example_sla_dag' retrieved from /home/airflow/.local/lib/python3.12/site-packages/airflow/example_dags/example_sla_dag.py
[2026-05-27T01:54:04.364+0000] {logging_mixin.py:190} INFO - [2026-05-27T01:54:04.364+0000] {override.py:1858} INFO - Created Permission View: can edit on DAG:example_sla_dag
[2026-05-27T01:54:04.371+0000] {logging_mixin.py:190} INFO - [2026-05-27T01:54:04.371+0000] {override.py:1858} INFO - Created Permission View: can read on DAG:example_sla_dag
[2026-05-27T01:54:04.375+0000] {logging_mixin.py:190} INFO - [2026-05-27T01:54:04.375+0000] {override.py:1858} INFO - Created Permission View: can delete on DAG:example_sla_dag
[2026-05-27T01:54:04.375+0000] {logging_mixin.py:190} INFO - [2026-05-27T01:54:04.375+0000] {dag.py:3211} INFO - Sync 1 DAGs
[2026-05-27T01:54:04.385+0000] {logging_mixin.py:190} INFO - [2026-05-27T01:54:04.385+0000] {dag.py:3234} INFO - Creating ORM DAG for example_sla_dag
[2026-05-27T01:54:04.394+0000] {logging_mixin.py:190} INFO - [2026-05-27T01:54:04.394+0000] {dag.py:4138} INFO - Setting next_dagrun for example_sla_dag to 2026-05-27 01:52:00+00:00, run_after=2026-05-27 01:54:00+00:00
[2026-05-27T01:54:04.404+0000] {processor.py:208} INFO - Processing /home/airflow/.local/lib/python3.12/site-packages/airflow/example_dags/example_sla_dag.py took 0.134 seconds
[2026-05-27T01:54:35.136+0000] {processor.py:186} INFO - Started process (PID=168) to work on /home/airflow/.local/lib/python3.12/site-packages/airflow/example_dags/example_sla_dag.py
[2026-05-27T01:54:35.137+0000] {processor.py:914} INFO - Processing file /home/airflow/.local/lib/python3.12/site-packages/airflow/example_dags/example_sla_dag.py for tasks to queue
[2026-05-27T01:54:35.139+0000] {logging_mixin.py:190} INFO - [2026-05-27T01:54:35.139+0000] {dagbag.py:587} INFO - Filling up the DagBag from /home/airflow/.local/lib/python3.12/site-packages/airflow/example_dags/example_sla_dag.py
[2026-05-27T01:54:35.146+0000] {processor.py:925} INFO - DAG(s) 'example_sla_dag' retrieved from /home/airflow/.local/lib/python3.12/site-packages/airflow/example_dags/example_sla_dag.py
[2026-05-27T01:54:35.160+0000] {logging_mixin.py:190} INFO - [2026-05-27T01:54:35.160+0000] {dag.py:3211} INFO - Sync 1 DAGs
[2026-05-27T01:54:35.176+0000] {logging_mixin.py:190} INFO - [2026-05-27T01:54:35.176+0000] {dag.py:4138} INFO - Setting next_dagrun for example_sla_dag to 2026-05-27 01:52:00+00:00, run_after=2026-05-27 01:54:00+00:00
[2026-05-27T01:54:35.186+0000] {processor.py:208} INFO - Processing /home/airflow/.local/lib/python3.12/site-packages/airflow/example_dags/example_sla_dag.py took 0.055 seconds
[2026-05-27T01:55:05.471+0000] {processor.py:186} INFO - Started process (PID=233) to work on /home/airflow/.local/lib/python3.12/site-packages/airflow/example_dags/example_sla_dag.py
[2026-05-27T01:55:05.472+0000] {processor.py:914} INFO - Processing file /home/airflow/.local/lib/python3.12/site-packages/airflow/example_dags/example_sla_dag.py for tasks to queue
[2026-05-27T01:55:05.473+0000] {logging_mixin.py:190} INFO - [2026-05-27T01:55:05.473+0000] {dagbag.py:587} INFO - Filling up the DagBag from /home/airflow/.local/lib/python3.12/site-packages/airflow/example_dags/example_sla_dag.py
[2026-05-27T01:55:05.480+0000] {processor.py:925} INFO - DAG(s) 'example_sla_dag' retrieved from /home/airflow/.local/lib/python3.12/site-packages/airflow/example_dags/example_sla_dag.py
[2026-05-27T01:55:05.496+0000] {logging_mixin.py:190} INFO - [2026-05-27T01:55:05.496+0000] {dag.py:3211} INFO - Sync 1 DAGs
[2026-05-27T01:55:05.512+0000] {logging_mixin.py:190} INFO - [2026-05-27T01:55:05.512+0000] {dag.py:4138} INFO - Setting next_dagrun for example_sla_dag to 2026-05-27 01:52:00+00:00, run_after=2026-05-27 01:54:00+00:00
[2026-05-27T01:55:05.523+0000] {processor.py:208} INFO - Processing /home/airflow/.local/lib/python3.12/site-packages/airflow/example_dags/example_sla_dag.py took 0.057 seconds
[2026-05-27T01:55:35.890+0000] {processor.py:186} INFO - Started process (PID=295) to work on /home/airflow/.local/lib/python3.12/site-packages/airflow/example_dags/example_sla_dag.py
[2026-05-27T01:55:35.891+0000] {processor.py:914} INFO - Processing file /home/airflow/.local/lib/python3.12/site-packages/airflow/example_dags/example_sla_dag.py for tasks to queue
[2026-05-27T01:55:35.893+0000] {logging_mixin.py:190} INFO - [2026-05-27T01:55:35.893+0000] {dagbag.py:587} INFO - Filling up the DagBag from /home/airflow/.local/lib/python3.12/site-packages/airflow/example_dags/example_sla_dag.py
[2026-05-27T01:55:35.900+0000] {processor.py:925} INFO - DAG(s) 'example_sla_dag' retrieved from /home/airflow/.local/lib/python3.12/site-packages/airflow/example_dags/example_sla_dag.py
[2026-05-27T01:55:35.915+0000] {logging_mixin.py:190} INFO - [2026-05-27T01:55:35.915+0000] {dag.py:3211} INFO - Sync 1 DAGs
[2026-05-27T01:55:35.930+0000] {logging_mixin.py:190} INFO - [2026-05-27T01:55:35.930+0000] {dag.py:4138} INFO - Setting next_dagrun for example_sla_dag to 2026-05-27 01:52:00+00:00, run_after=2026-05-27 01:54:00+00:00
[2026-05-27T01:55:35.940+0000] {processor.py:208} INFO - Processing /home/airflow/.local/lib/python3.12/site-packages/airflow/example_dags/example_sla_dag.py took 0.054 seconds
[2026-05-27T01:56:06.267+0000] {processor.py:186} INFO - Started process (PID=357) to work on /home/airflow/.local/lib/python3.12/site-packages/airflow/example_dags/example_sla_dag.py
[2026-05-27T01:56:06.268+0000] {processor.py:914} INFO - Processing file /home/airflow/.local/lib/python3.12/site-packages/airflow/example_dags/example_sla_dag.py for tasks to queue
[2026-05-27T01:56:06.270+0000] {logging_mixin.py:190} INFO - [2026-05-27T01:56:06.270+0000] {dagbag.py:587} INFO - Filling up the DagBag from /home/airflow/.local/lib/python3.12/site-packages/airflow/example_dags/example_sla_dag.py
[2026-05-27T01:56:06.277+0000] {processor.py:925} INFO - DAG(s) 'example_sla_dag' retrieved from /home/airflow/.local/lib/python3.12/site-packages/airflow/example_dags/example_sla_dag.py
[2026-05-27T01:56:06.295+0000] {logging_mixin.py:190} INFO - [2026-05-27T01:56:06.295+0000] {dag.py:3211} INFO - Sync 1 DAGs
[2026-05-27T01:56:06.312+0000] {logging_mixin.py:190} INFO - [2026-05-27T01:56:06.312+0000] {dag.py:4138} INFO - Setting next_dagrun for example_sla_dag to 2026-05-27 01:54:00+00:00, run_after=2026-05-27 01:56:00+00:00
[2026-05-27T01:56:06.323+0000] {processor.py:208} INFO - Processing /home/airflow/.local/lib/python3.12/site-packages/airflow/example_dags/example_sla_dag.py took 0.060 seconds
[2026-05-27T01:56:36.727+0000] {processor.py:186} INFO - Started process (PID=419) to work on /home/airflow/.local/lib/python3.12/site-packages/airflow/example_dags/example_sla_dag.py
[2026-05-27T01:56:36.728+0000] {processor.py:914} INFO - Processing file /home/airflow/.local/lib/python3.12/site-packages/airflow/example_dags/example_sla_dag.py for tasks to queue
[2026-05-27T01:56:36.732+0000] {logging_mixin.py:190} INFO - [2026-05-27T01:56:36.732+0000] {dagbag.py:587} INFO - Filling up the DagBag from /home/airflow/.local/lib/python3.12/site-packages/airflow/example_dags/example_sla_dag.py
[2026-05-27T01:56:36.742+0000] {processor.py:925} INFO - DAG(s) 'example_sla_dag' retrieved from /home/airflow/.local/lib/python3.12/site-packages/airflow/example_dags/example_sla_dag.py
[2026-05-27T01:56:36.756+0000] {logging_mixin.py:190} INFO - [2026-05-27T01:56:36.756+0000] {dag.py:3211} INFO - Sync 1 DAGs
[2026-05-27T01:56:36.771+0000] {logging_mixin.py:190} INFO - [2026-05-27T01:56:36.771+0000] {dag.py:4138} INFO - Setting next_dagrun for example_sla_dag to 2026-05-27 01:54:00+00:00, run_after=2026-05-27 01:56:00+00:00
[2026-05-27T01:56:36.781+0000] {processor.py:208} INFO - Processing /home/airflow/.local/lib/python3.12/site-packages/airflow/example_dags/example_sla_dag.py took 0.066 seconds
[2026-05-27T01:57:07.251+0000] {processor.py:186} INFO - Started process (PID=481) to work on /home/airflow/.local/lib/python3.12/site-packages/airflow/example_dags/example_sla_dag.py
[2026-05-27T01:57:07.252+0000] {processor.py:914} INFO - Processing file /home/airflow/.local/lib/python3.12/site-packages/airflow/example_dags/example_sla_dag.py for tasks to queue
[2026-05-27T01:57:07.254+0000] {logging_mixin.py:190} INFO - [2026-05-27T01:57:07.253+0000] {dagbag.py:587} INFO - Filling up the DagBag from /home/airflow/.local/lib/python3.12/site-packages/airflow/example_dags/example_sla_dag.py
[2026-05-27T01:57:07.260+0000] {processor.py:925} INFO - DAG(s) 'example_sla_dag' retrieved from /home/airflow/.local/lib/python3.12/site-packages/airflow/example_dags/example_sla_dag.py
[2026-05-27T01:57:07.275+0000] {logging_mixin.py:190} INFO - [2026-05-27T01:57:07.275+0000] {dag.py:3211} INFO - Sync 1 DAGs
[2026-05-27T01:57:07.289+0000] {logging_mixin.py:190} INFO - [2026-05-27T01:57:07.289+0000] {dag.py:4138} INFO - Setting next_dagrun for example_sla_dag to 2026-05-27 01:54:00+00:00, run_after=2026-05-27 01:56:00+00:00
[2026-05-27T01:57:07.299+0000] {processor.py:208} INFO - Processing /home/airflow/.local/lib/python3.12/site-packages/airflow/example_dags/example_sla_dag.py took 0.052 seconds
[2026-05-27T01:57:37.658+0000] {processor.py:186} INFO - Started process (PID=543) to work on /home/airflow/.local/lib/python3.12/site-packages/airflow/example_dags/example_sla_dag.py
[2026-05-27T01:57:37.659+0000] {processor.py:914} INFO - Processing file /home/airflow/.local/lib/python3.12/site-packages/airflow/example_dags/example_sla_dag.py for tasks to queue
[2026-05-27T01:57:37.661+0000] {logging_mixin.py:190} INFO - [2026-05-27T01:57:37.661+0000] {dagbag.py:587} INFO - Filling up the DagBag from /home/airflow/.local/lib/python3.12/site-packages/airflow/example_dags/example_sla_dag.py
[2026-05-27T01:57:37.667+0000] {processor.py:925} INFO - DAG(s) 'example_sla_dag' retrieved from /home/airflow/.local/lib/python3.12/site-packages/airflow/example_dags/example_sla_dag.py
[2026-05-27T01:57:37.683+0000] {logging_mixin.py:190} INFO - [2026-05-27T01:57:37.682+0000] {dag.py:3211} INFO - Sync 1 DAGs
[2026-05-27T01:57:37.699+0000] {logging_mixin.py:190} INFO - [2026-05-27T01:57:37.699+0000] {dag.py:4138} INFO - Setting next_dagrun for example_sla_dag to 2026-05-27 01:54:00+00:00, run_after=2026-05-27 01:56:00+00:00
[2026-05-27T01:57:37.710+0000] {processor.py:208} INFO - Processing /home/airflow/.local/lib/python3.12/site-packages/airflow/example_dags/example_sla_dag.py took 0.056 seconds
[2026-05-27T01:58:08.157+0000] {processor.py:186} INFO - Started process (PID=605) to work on /home/airflow/.local/lib/python3.12/site-packages/airflow/example_dags/example_sla_dag.py
[2026-05-27T01:58:08.158+0000] {processor.py:914} INFO - Processing file /home/airflow/.local/lib/python3.12/site-packages/airflow/example_dags/example_sla_dag.py for tasks to queue
[2026-05-27T01:58:08.162+0000] {logging_mixin.py:190} INFO - [2026-05-27T01:58:08.162+0000] {dagbag.py:587} INFO - Filling up the DagBag from /home/airflow/.local/lib/python3.12/site-packages/airflow/example_dags/example_sla_dag.py
[2026-05-27T01:58:08.170+0000] {processor.py:925} INFO - DAG(s) 'example_sla_dag' retrieved from /home/airflow/.local/lib/python3.12/site-packages/airflow/example_dags/example_sla_dag.py
[2026-05-27T01:58:08.186+0000] {logging_mixin.py:190} INFO - [2026-05-27T01:58:08.186+0000] {dag.py:3211} INFO - Sync 1 DAGs
[2026-05-27T01:58:08.202+0000] {logging_mixin.py:190} INFO - [2026-05-27T01:58:08.202+0000] {dag.py:4138} INFO - Setting next_dagrun for example_sla_dag to 2026-05-27 01:56:00+00:00, run_after=2026-05-27 01:58:00+00:00
[2026-05-27T01:58:08.213+0000] {processor.py:208} INFO - Processing /home/airflow/.local/lib/python3.12/site-packages/airflow/example_dags/example_sla_dag.py took 0.060 seconds
[2026-05-27T01:59:14.724+0000] {processor.py:186} INFO - Started process (PID=99) to work on /home/airflow/.local/lib/python3.12/site-packages/airflow/example_dags/example_sla_dag.py
[2026-05-27T01:59:14.725+0000] {processor.py:914} INFO - Processing file /home/airflow/.local/lib/python3.12/site-packages/airflow/example_dags/example_sla_dag.py for tasks to queue
[2026-05-27T01:59:14.728+0000] {logging_mixin.py:190} INFO - [2026-05-27T01:59:14.727+0000] {dagbag.py:587} INFO - Filling up the DagBag from /home/airflow/.local/lib/python3.12/site-packages/airflow/example_dags/example_sla_dag.py
[2026-05-27T01:59:14.738+0000] {processor.py:925} INFO - DAG(s) 'example_sla_dag' retrieved from /home/airflow/.local/lib/python3.12/site-packages/airflow/example_dags/example_sla_dag.py
[2026-05-27T01:59:14.755+0000] {logging_mixin.py:190} INFO - [2026-05-27T01:59:14.755+0000] {dag.py:3211} INFO - Sync 1 DAGs
[2026-05-27T01:59:14.773+0000] {logging_mixin.py:190} INFO - [2026-05-27T01:59:14.773+0000] {dag.py:4138} INFO - Setting next_dagrun for example_sla_dag to 2026-05-27 01:56:00+00:00, run_after=2026-05-27 01:58:00+00:00
[2026-05-27T01:59:14.783+0000] {processor.py:208} INFO - Processing /home/airflow/.local/lib/python3.12/site-packages/airflow/example_dags/example_sla_dag.py took 0.065 seconds
[2026-05-27T01:59:45.060+0000] {processor.py:186} INFO - Started process (PID=197) to work on /home/airflow/.local/lib/python3.12/site-packages/airflow/example_dags/example_sla_dag.py
[2026-05-27T01:59:45.061+0000] {processor.py:914} INFO - Processing file /home/airflow/.local/lib/python3.12/site-packages/airflow/example_dags/example_sla_dag.py for tasks to queue
[2026-05-27T01:59:45.063+0000] {logging_mixin.py:190} INFO - [2026-05-27T01:59:45.063+0000] {dagbag.py:587} INFO - Filling up the DagBag from /home/airflow/.local/lib/python3.12/site-packages/airflow/example_dags/example_sla_dag.py
[2026-05-27T01:59:45.071+0000] {processor.py:925} INFO - DAG(s) 'example_sla_dag' retrieved from /home/airflow/.local/lib/python3.12/site-packages/airflow/example_dags/example_sla_dag.py
[2026-05-27T01:59:45.088+0000] {logging_mixin.py:190} INFO - [2026-05-27T01:59:45.088+0000] {dag.py:3211} INFO - Sync 1 DAGs
[2026-05-27T01:59:45.106+0000] {logging_mixin.py:190} INFO - [2026-05-27T01:59:45.105+0000] {dag.py:4138} INFO - Setting next_dagrun for example_sla_dag to 2026-05-27 01:56:00+00:00, run_after=2026-05-27 01:58:00+00:00
[2026-05-27T01:59:45.117+0000] {processor.py:208} INFO - Processing /home/airflow/.local/lib/python3.12/site-packages/airflow/example_dags/example_sla_dag.py took 0.061 seconds
[2026-05-27T02:00:15.867+0000] {processor.py:186} INFO - Started process (PID=260) to work on /home/airflow/.local/lib/python3.12/site-packages/airflow/example_dags/example_sla_dag.py
[2026-05-27T02:00:15.868+0000] {processor.py:914} INFO - Processing file /home/airflow/.local/lib/python3.12/site-packages/airflow/example_dags/example_sla_dag.py for tasks to queue
[2026-05-27T02:00:15.870+0000] {logging_mixin.py:190} INFO - [2026-05-27T02:00:15.870+0000] {dagbag.py:587} INFO - Filling up the DagBag from /home/airflow/.local/lib/python3.12/site-packages/airflow/example_dags/example_sla_dag.py
[2026-05-27T02:00:15.879+0000] {processor.py:925} INFO - DAG(s) 'example_sla_dag' retrieved from /home/airflow/.local/lib/python3.12/site-packages/airflow/example_dags/example_sla_dag.py
[2026-05-27T02:00:15.899+0000] {logging_mixin.py:190} INFO - [2026-05-27T02:00:15.899+0000] {dag.py:3211} INFO - Sync 1 DAGs
[2026-05-27T02:00:15.918+0000] {logging_mixin.py:190} INFO - [2026-05-27T02:00:15.918+0000] {dag.py:4138} INFO - Setting next_dagrun for example_sla_dag to 2026-05-27 01:58:00+00:00, run_after=2026-05-27 02:00:00+00:00
[2026-05-27T02:00:15.934+0000] {processor.py:208} INFO - Processing /home/airflow/.local/lib/python3.12/site-packages/airflow/example_dags/example_sla_dag.py took 0.072 seconds
[2026-05-27T02:00:46.175+0000] {processor.py:186} INFO - Started process (PID=328) to work on /home/airflow/.local/lib/python3.12/site-packages/airflow/example_dags/example_sla_dag.py
[2026-05-27T02:00:46.175+0000] {processor.py:914} INFO - Processing file /home/airflow/.local/lib/python3.12/site-packages/airflow/example_dags/example_sla_dag.py for tasks to queue
[2026-05-27T02:00:46.177+0000] {logging_mixin.py:190} INFO - [2026-05-27T02:00:46.177+0000] {dagbag.py:587} INFO - Filling up the DagBag from /home/airflow/.local/lib/python3.12/site-packages/airflow/example_dags/example_sla_dag.py
[2026-05-27T02:00:46.184+0000] {processor.py:925} INFO - DAG(s) 'example_sla_dag' retrieved from /home/airflow/.local/lib/python3.12/site-packages/airflow/example_dags/example_sla_dag.py
[2026-05-27T02:00:46.200+0000] {logging_mixin.py:190} INFO - [2026-05-27T02:00:46.200+0000] {dag.py:3211} INFO - Sync 1 DAGs
[2026-05-27T02:00:46.221+0000] {logging_mixin.py:190} INFO - [2026-05-27T02:00:46.221+0000] {dag.py:4138} INFO - Setting next_dagrun for example_sla_dag to 2026-05-27 01:58:00+00:00, run_after=2026-05-27 02:00:00+00:00
[2026-05-27T02:00:46.231+0000] {processor.py:208} INFO - Processing /home/airflow/.local/lib/python3.12/site-packages/airflow/example_dags/example_sla_dag.py took 0.063 seconds
[2026-05-27T02:01:16.347+0000] {processor.py:186} INFO - Started process (PID=390) to work on /home/airflow/.local/lib/python3.12/site-packages/airflow/example_dags/example_sla_dag.py
[2026-05-27T02:01:16.348+0000] {processor.py:914} INFO - Processing file /home/airflow/.local/lib/python3.12/site-packages/airflow/example_dags/example_sla_dag.py for tasks to queue
[2026-05-27T02:01:16.349+0000] {logging_mixin.py:190} INFO - [2026-05-27T02:01:16.349+0000] {dagbag.py:587} INFO - Filling up the DagBag from /home/airflow/.local/lib/python3.12/site-packages/airflow/example_dags/example_sla_dag.py
[2026-05-27T02:01:16.357+0000] {processor.py:925} INFO - DAG(s) 'example_sla_dag' retrieved from /home/airflow/.local/lib/python3.12/site-packages/airflow/example_dags/example_sla_dag.py
[2026-05-27T02:01:16.371+0000] {logging_mixin.py:190} INFO - [2026-05-27T02:01:16.371+0000] {dag.py:3211} INFO - Sync 1 DAGs
[2026-05-27T02:01:16.388+0000] {logging_mixin.py:190} INFO - [2026-05-27T02:01:16.388+0000] {dag.py:4138} INFO - Setting next_dagrun for example_sla_dag to 2026-05-27 01:58:00+00:00, run_after=2026-05-27 02:00:00+00:00
[2026-05-27T02:01:16.398+0000] {processor.py:208} INFO - Processing /home/airflow/.local/lib/python3.12/site-packages/airflow/example_dags/example_sla_dag.py took 0.056 seconds
[2026-05-27T02:01:49.918+0000] {processor.py:186} INFO - Started process (PID=84) to work on /home/airflow/.local/lib/python3.12/site-packages/airflow/example_dags/example_sla_dag.py
[2026-05-27T02:01:49.919+0000] {processor.py:914} INFO - Processing file /home/airflow/.local/lib/python3.12/site-packages/airflow/example_dags/example_sla_dag.py for tasks to queue
[2026-05-27T02:01:49.924+0000] {logging_mixin.py:190} INFO - [2026-05-27T02:01:49.921+0000] {dagbag.py:587} INFO - Filling up the DagBag from /home/airflow/.local/lib/python3.12/site-packages/airflow/example_dags/example_sla_dag.py
[2026-05-27T02:01:49.937+0000] {processor.py:925} INFO - DAG(s) 'example_sla_dag' retrieved from /home/airflow/.local/lib/python3.12/site-packages/airflow/example_dags/example_sla_dag.py
[2026-05-27T02:01:49.955+0000] {logging_mixin.py:190} INFO - [2026-05-27T02:01:49.954+0000] {dag.py:3211} INFO - Sync 1 DAGs
[2026-05-27T02:01:49.978+0000] {logging_mixin.py:190} INFO - [2026-05-27T02:01:49.977+0000] {dag.py:4138} INFO - Setting next_dagrun for example_sla_dag to 2026-05-27 01:58:00+00:00, run_after=2026-05-27 02:00:00+00:00
[2026-05-27T02:01:49.995+0000] {processor.py:208} INFO - Processing /home/airflow/.local/lib/python3.12/site-packages/airflow/example_dags/example_sla_dag.py took 0.081 seconds
[2026-05-27T02:02:19.760+0000] {processor.py:186} INFO - Started process (PID=84) to work on /home/airflow/.local/lib/python3.12/site-packages/airflow/example_dags/example_sla_dag.py
[2026-05-27T02:02:19.760+0000] {processor.py:914} INFO - Processing file /home/airflow/.local/lib/python3.12/site-packages/airflow/example_dags/example_sla_dag.py for tasks to queue
[2026-05-27T02:02:19.762+0000] {logging_mixin.py:190} INFO - [2026-05-27T02:02:19.762+0000] {dagbag.py:587} INFO - Filling up the DagBag from /home/airflow/.local/lib/python3.12/site-packages/airflow/example_dags/example_sla_dag.py
[2026-05-27T02:02:19.774+0000] {processor.py:925} INFO - DAG(s) 'example_sla_dag' retrieved from /home/airflow/.local/lib/python3.12/site-packages/airflow/example_dags/example_sla_dag.py
[2026-05-27T02:02:19.793+0000] {logging_mixin.py:190} INFO - [2026-05-27T02:02:19.793+0000] {dag.py:3211} INFO - Sync 1 DAGs
[2026-05-27T02:02:19.817+0000] {logging_mixin.py:190} INFO - [2026-05-27T02:02:19.816+0000] {dag.py:4138} INFO - Setting next_dagrun for example_sla_dag to 2026-05-27 02:00:00+00:00, run_after=2026-05-27 02:02:00+00:00
[2026-05-27T02:02:19.832+0000] {processor.py:208} INFO - Processing /home/airflow/.local/lib/python3.12/site-packages/airflow/example_dags/example_sla_dag.py took 0.078 seconds
[2026-05-27T02:03:01.364+0000] {processor.py:186} INFO - Started process (PID=84) to work on /home/airflow/.local/lib/python3.12/site-packages/airflow/example_dags/example_sla_dag.py
[2026-05-27T02:03:01.369+0000] {processor.py:914} INFO - Processing file /home/airflow/.local/lib/python3.12/site-packages/airflow/example_dags/example_sla_dag.py for tasks to queue
[2026-05-27T02:03:01.371+0000] {logging_mixin.py:190} INFO - [2026-05-27T02:03:01.371+0000] {dagbag.py:587} INFO - Filling up the DagBag from /home/airflow/.local/lib/python3.12/site-packages/airflow/example_dags/example_sla_dag.py
[2026-05-27T02:03:01.382+0000] {processor.py:925} INFO - DAG(s) 'example_sla_dag' retrieved from /home/airflow/.local/lib/python3.12/site-packages/airflow/example_dags/example_sla_dag.py
[2026-05-27T02:03:01.401+0000] {logging_mixin.py:190} INFO - [2026-05-27T02:03:01.401+0000] {dag.py:3211} INFO - Sync 1 DAGs
[2026-05-27T02:03:01.423+0000] {logging_mixin.py:190} INFO - [2026-05-27T02:03:01.422+0000] {dag.py:4138} INFO - Setting next_dagrun for example_sla_dag to 2026-05-27 02:00:00+00:00, run_after=2026-05-27 02:02:00+00:00
[2026-05-27T02:03:01.435+0000] {processor.py:208} INFO - Processing /home/airflow/.local/lib/python3.12/site-packages/airflow/example_dags/example_sla_dag.py took 0.077 seconds
