[2026-05-27T01:54:00.891+0000] {processor.py:186} INFO - Started process (PID=59) to work on /home/airflow/.local/lib/python3.12/site-packages/airflow/example_dags/example_branch_labels.py
[2026-05-27T01:54:00.892+0000] {processor.py:914} INFO - Processing file /home/airflow/.local/lib/python3.12/site-packages/airflow/example_dags/example_branch_labels.py for tasks to queue
[2026-05-27T01:54:00.894+0000] {logging_mixin.py:190} INFO - [2026-05-27T01:54:00.894+0000] {dagbag.py:587} INFO - Filling up the DagBag from /home/airflow/.local/lib/python3.12/site-packages/airflow/example_dags/example_branch_labels.py
[2026-05-27T01:54:00.904+0000] {processor.py:925} INFO - DAG(s) 'example_branch_labels' retrieved from /home/airflow/.local/lib/python3.12/site-packages/airflow/example_dags/example_branch_labels.py
[2026-05-27T01:54:01.030+0000] {logging_mixin.py:190} INFO - [2026-05-27T01:54:01.030+0000] {override.py:1858} INFO - Created Permission View: can edit on DAG:example_branch_labels
[2026-05-27T01:54:01.039+0000] {logging_mixin.py:190} INFO - [2026-05-27T01:54:01.039+0000] {override.py:1858} INFO - Created Permission View: can read on DAG:example_branch_labels
[2026-05-27T01:54:01.045+0000] {logging_mixin.py:190} INFO - [2026-05-27T01:54:01.044+0000] {override.py:1858} INFO - Created Permission View: can delete on DAG:example_branch_labels
[2026-05-27T01:54:01.045+0000] {logging_mixin.py:190} INFO - [2026-05-27T01:54:01.045+0000] {dag.py:3211} INFO - Sync 1 DAGs
[2026-05-27T01:54:01.056+0000] {logging_mixin.py:190} INFO - [2026-05-27T01:54:01.055+0000] {dag.py:3234} INFO - Creating ORM DAG for example_branch_labels
[2026-05-27T01:54:01.064+0000] {logging_mixin.py:190} INFO - [2026-05-27T01:54:01.064+0000] {dag.py:4138} INFO - Setting next_dagrun for example_branch_labels to 2026-05-26 00:00:00+00:00, run_after=2026-05-27 00:00:00+00:00
[2026-05-27T01:54:01.075+0000] {processor.py:208} INFO - Processing /home/airflow/.local/lib/python3.12/site-packages/airflow/example_dags/example_branch_labels.py took 0.188 seconds
[2026-05-27T01:54:31.154+0000] {processor.py:186} INFO - Started process (PID=131) to work on /home/airflow/.local/lib/python3.12/site-packages/airflow/example_dags/example_branch_labels.py
[2026-05-27T01:54:31.154+0000] {processor.py:914} INFO - Processing file /home/airflow/.local/lib/python3.12/site-packages/airflow/example_dags/example_branch_labels.py for tasks to queue
[2026-05-27T01:54:31.156+0000] {logging_mixin.py:190} INFO - [2026-05-27T01:54:31.156+0000] {dagbag.py:587} INFO - Filling up the DagBag from /home/airflow/.local/lib/python3.12/site-packages/airflow/example_dags/example_branch_labels.py
[2026-05-27T01:54:31.163+0000] {processor.py:925} INFO - DAG(s) 'example_branch_labels' retrieved from /home/airflow/.local/lib/python3.12/site-packages/airflow/example_dags/example_branch_labels.py
[2026-05-27T01:54:31.179+0000] {logging_mixin.py:190} INFO - [2026-05-27T01:54:31.179+0000] {dag.py:3211} INFO - Sync 1 DAGs
[2026-05-27T01:54:31.194+0000] {logging_mixin.py:190} INFO - [2026-05-27T01:54:31.193+0000] {dag.py:4138} INFO - Setting next_dagrun for example_branch_labels to 2026-05-26 00:00:00+00:00, run_after=2026-05-27 00:00:00+00:00
[2026-05-27T01:54:31.204+0000] {processor.py:208} INFO - Processing /home/airflow/.local/lib/python3.12/site-packages/airflow/example_dags/example_branch_labels.py took 0.055 seconds
[2026-05-27T01:55:01.495+0000] {processor.py:186} INFO - Started process (PID=196) to work on /home/airflow/.local/lib/python3.12/site-packages/airflow/example_dags/example_branch_labels.py
[2026-05-27T01:55:01.496+0000] {processor.py:914} INFO - Processing file /home/airflow/.local/lib/python3.12/site-packages/airflow/example_dags/example_branch_labels.py for tasks to queue
[2026-05-27T01:55:01.497+0000] {logging_mixin.py:190} INFO - [2026-05-27T01:55:01.497+0000] {dagbag.py:587} INFO - Filling up the DagBag from /home/airflow/.local/lib/python3.12/site-packages/airflow/example_dags/example_branch_labels.py
[2026-05-27T01:55:01.504+0000] {processor.py:925} INFO - DAG(s) 'example_branch_labels' retrieved from /home/airflow/.local/lib/python3.12/site-packages/airflow/example_dags/example_branch_labels.py
[2026-05-27T01:55:01.520+0000] {logging_mixin.py:190} INFO - [2026-05-27T01:55:01.520+0000] {dag.py:3211} INFO - Sync 1 DAGs
[2026-05-27T01:55:01.534+0000] {logging_mixin.py:190} INFO - [2026-05-27T01:55:01.534+0000] {dag.py:4138} INFO - Setting next_dagrun for example_branch_labels to 2026-05-26 00:00:00+00:00, run_after=2026-05-27 00:00:00+00:00
[2026-05-27T01:55:01.544+0000] {processor.py:208} INFO - Processing /home/airflow/.local/lib/python3.12/site-packages/airflow/example_dags/example_branch_labels.py took 0.054 seconds
[2026-05-27T01:55:32.031+0000] {processor.py:186} INFO - Started process (PID=258) to work on /home/airflow/.local/lib/python3.12/site-packages/airflow/example_dags/example_branch_labels.py
[2026-05-27T01:55:32.031+0000] {processor.py:914} INFO - Processing file /home/airflow/.local/lib/python3.12/site-packages/airflow/example_dags/example_branch_labels.py for tasks to queue
[2026-05-27T01:55:32.033+0000] {logging_mixin.py:190} INFO - [2026-05-27T01:55:32.033+0000] {dagbag.py:587} INFO - Filling up the DagBag from /home/airflow/.local/lib/python3.12/site-packages/airflow/example_dags/example_branch_labels.py
[2026-05-27T01:55:32.040+0000] {processor.py:925} INFO - DAG(s) 'example_branch_labels' retrieved from /home/airflow/.local/lib/python3.12/site-packages/airflow/example_dags/example_branch_labels.py
[2026-05-27T01:55:32.056+0000] {logging_mixin.py:190} INFO - [2026-05-27T01:55:32.056+0000] {dag.py:3211} INFO - Sync 1 DAGs
[2026-05-27T01:55:32.070+0000] {logging_mixin.py:190} INFO - [2026-05-27T01:55:32.070+0000] {dag.py:4138} INFO - Setting next_dagrun for example_branch_labels to 2026-05-26 00:00:00+00:00, run_after=2026-05-27 00:00:00+00:00
[2026-05-27T01:55:32.080+0000] {processor.py:208} INFO - Processing /home/airflow/.local/lib/python3.12/site-packages/airflow/example_dags/example_branch_labels.py took 0.055 seconds
[2026-05-27T01:56:02.284+0000] {processor.py:186} INFO - Started process (PID=320) to work on /home/airflow/.local/lib/python3.12/site-packages/airflow/example_dags/example_branch_labels.py
[2026-05-27T01:56:02.285+0000] {processor.py:914} INFO - Processing file /home/airflow/.local/lib/python3.12/site-packages/airflow/example_dags/example_branch_labels.py for tasks to queue
[2026-05-27T01:56:02.288+0000] {logging_mixin.py:190} INFO - [2026-05-27T01:56:02.287+0000] {dagbag.py:587} INFO - Filling up the DagBag from /home/airflow/.local/lib/python3.12/site-packages/airflow/example_dags/example_branch_labels.py
[2026-05-27T01:56:02.294+0000] {processor.py:925} INFO - DAG(s) 'example_branch_labels' retrieved from /home/airflow/.local/lib/python3.12/site-packages/airflow/example_dags/example_branch_labels.py
[2026-05-27T01:56:02.310+0000] {logging_mixin.py:190} INFO - [2026-05-27T01:56:02.310+0000] {dag.py:3211} INFO - Sync 1 DAGs
[2026-05-27T01:56:02.325+0000] {logging_mixin.py:190} INFO - [2026-05-27T01:56:02.325+0000] {dag.py:4138} INFO - Setting next_dagrun for example_branch_labels to 2026-05-26 00:00:00+00:00, run_after=2026-05-27 00:00:00+00:00
[2026-05-27T01:56:02.336+0000] {processor.py:208} INFO - Processing /home/airflow/.local/lib/python3.12/site-packages/airflow/example_dags/example_branch_labels.py took 0.057 seconds
[2026-05-27T01:56:32.838+0000] {processor.py:186} INFO - Started process (PID=382) to work on /home/airflow/.local/lib/python3.12/site-packages/airflow/example_dags/example_branch_labels.py
[2026-05-27T01:56:32.838+0000] {processor.py:914} INFO - Processing file /home/airflow/.local/lib/python3.12/site-packages/airflow/example_dags/example_branch_labels.py for tasks to queue
[2026-05-27T01:56:32.840+0000] {logging_mixin.py:190} INFO - [2026-05-27T01:56:32.840+0000] {dagbag.py:587} INFO - Filling up the DagBag from /home/airflow/.local/lib/python3.12/site-packages/airflow/example_dags/example_branch_labels.py
[2026-05-27T01:56:32.848+0000] {processor.py:925} INFO - DAG(s) 'example_branch_labels' retrieved from /home/airflow/.local/lib/python3.12/site-packages/airflow/example_dags/example_branch_labels.py
[2026-05-27T01:56:32.863+0000] {logging_mixin.py:190} INFO - [2026-05-27T01:56:32.863+0000] {dag.py:3211} INFO - Sync 1 DAGs
[2026-05-27T01:56:32.878+0000] {logging_mixin.py:190} INFO - [2026-05-27T01:56:32.878+0000] {dag.py:4138} INFO - Setting next_dagrun for example_branch_labels to 2026-05-26 00:00:00+00:00, run_after=2026-05-27 00:00:00+00:00
[2026-05-27T01:56:32.888+0000] {processor.py:208} INFO - Processing /home/airflow/.local/lib/python3.12/site-packages/airflow/example_dags/example_branch_labels.py took 0.054 seconds
[2026-05-27T01:57:03.127+0000] {processor.py:186} INFO - Started process (PID=444) to work on /home/airflow/.local/lib/python3.12/site-packages/airflow/example_dags/example_branch_labels.py
[2026-05-27T01:57:03.128+0000] {processor.py:914} INFO - Processing file /home/airflow/.local/lib/python3.12/site-packages/airflow/example_dags/example_branch_labels.py for tasks to queue
[2026-05-27T01:57:03.129+0000] {logging_mixin.py:190} INFO - [2026-05-27T01:57:03.129+0000] {dagbag.py:587} INFO - Filling up the DagBag from /home/airflow/.local/lib/python3.12/site-packages/airflow/example_dags/example_branch_labels.py
[2026-05-27T01:57:03.136+0000] {processor.py:925} INFO - DAG(s) 'example_branch_labels' retrieved from /home/airflow/.local/lib/python3.12/site-packages/airflow/example_dags/example_branch_labels.py
[2026-05-27T01:57:03.151+0000] {logging_mixin.py:190} INFO - [2026-05-27T01:57:03.150+0000] {dag.py:3211} INFO - Sync 1 DAGs
[2026-05-27T01:57:03.165+0000] {logging_mixin.py:190} INFO - [2026-05-27T01:57:03.165+0000] {dag.py:4138} INFO - Setting next_dagrun for example_branch_labels to 2026-05-26 00:00:00+00:00, run_after=2026-05-27 00:00:00+00:00
[2026-05-27T01:57:03.175+0000] {processor.py:208} INFO - Processing /home/airflow/.local/lib/python3.12/site-packages/airflow/example_dags/example_branch_labels.py took 0.053 seconds
[2026-05-27T01:57:33.684+0000] {processor.py:186} INFO - Started process (PID=506) to work on /home/airflow/.local/lib/python3.12/site-packages/airflow/example_dags/example_branch_labels.py
[2026-05-27T01:57:33.685+0000] {processor.py:914} INFO - Processing file /home/airflow/.local/lib/python3.12/site-packages/airflow/example_dags/example_branch_labels.py for tasks to queue
[2026-05-27T01:57:33.687+0000] {logging_mixin.py:190} INFO - [2026-05-27T01:57:33.686+0000] {dagbag.py:587} INFO - Filling up the DagBag from /home/airflow/.local/lib/python3.12/site-packages/airflow/example_dags/example_branch_labels.py
[2026-05-27T01:57:33.695+0000] {processor.py:925} INFO - DAG(s) 'example_branch_labels' retrieved from /home/airflow/.local/lib/python3.12/site-packages/airflow/example_dags/example_branch_labels.py
[2026-05-27T01:57:33.712+0000] {logging_mixin.py:190} INFO - [2026-05-27T01:57:33.712+0000] {dag.py:3211} INFO - Sync 1 DAGs
[2026-05-27T01:57:33.728+0000] {logging_mixin.py:190} INFO - [2026-05-27T01:57:33.728+0000] {dag.py:4138} INFO - Setting next_dagrun for example_branch_labels to 2026-05-26 00:00:00+00:00, run_after=2026-05-27 00:00:00+00:00
[2026-05-27T01:57:33.739+0000] {processor.py:208} INFO - Processing /home/airflow/.local/lib/python3.12/site-packages/airflow/example_dags/example_branch_labels.py took 0.060 seconds
[2026-05-27T01:58:04.209+0000] {processor.py:186} INFO - Started process (PID=574) to work on /home/airflow/.local/lib/python3.12/site-packages/airflow/example_dags/example_branch_labels.py
[2026-05-27T01:58:04.210+0000] {processor.py:914} INFO - Processing file /home/airflow/.local/lib/python3.12/site-packages/airflow/example_dags/example_branch_labels.py for tasks to queue
[2026-05-27T01:58:04.212+0000] {logging_mixin.py:190} INFO - [2026-05-27T01:58:04.212+0000] {dagbag.py:587} INFO - Filling up the DagBag from /home/airflow/.local/lib/python3.12/site-packages/airflow/example_dags/example_branch_labels.py
[2026-05-27T01:58:04.219+0000] {processor.py:925} INFO - DAG(s) 'example_branch_labels' retrieved from /home/airflow/.local/lib/python3.12/site-packages/airflow/example_dags/example_branch_labels.py
[2026-05-27T01:58:04.234+0000] {logging_mixin.py:190} INFO - [2026-05-27T01:58:04.233+0000] {dag.py:3211} INFO - Sync 1 DAGs
[2026-05-27T01:58:04.248+0000] {logging_mixin.py:190} INFO - [2026-05-27T01:58:04.247+0000] {dag.py:4138} INFO - Setting next_dagrun for example_branch_labels to 2026-05-26 00:00:00+00:00, run_after=2026-05-27 00:00:00+00:00
[2026-05-27T01:58:04.259+0000] {processor.py:208} INFO - Processing /home/airflow/.local/lib/python3.12/site-packages/airflow/example_dags/example_branch_labels.py took 0.054 seconds
[2026-05-27T01:59:12.675+0000] {processor.py:186} INFO - Started process (PID=68) to work on /home/airflow/.local/lib/python3.12/site-packages/airflow/example_dags/example_branch_labels.py
[2026-05-27T01:59:12.676+0000] {processor.py:914} INFO - Processing file /home/airflow/.local/lib/python3.12/site-packages/airflow/example_dags/example_branch_labels.py for tasks to queue
[2026-05-27T01:59:12.680+0000] {logging_mixin.py:190} INFO - [2026-05-27T01:59:12.679+0000] {dagbag.py:587} INFO - Filling up the DagBag from /home/airflow/.local/lib/python3.12/site-packages/airflow/example_dags/example_branch_labels.py
[2026-05-27T01:59:12.691+0000] {processor.py:925} INFO - DAG(s) 'example_branch_labels' retrieved from /home/airflow/.local/lib/python3.12/site-packages/airflow/example_dags/example_branch_labels.py
[2026-05-27T01:59:12.722+0000] {logging_mixin.py:190} INFO - [2026-05-27T01:59:12.722+0000] {dag.py:3211} INFO - Sync 1 DAGs
[2026-05-27T01:59:12.742+0000] {logging_mixin.py:190} INFO - [2026-05-27T01:59:12.742+0000] {dag.py:4138} INFO - Setting next_dagrun for example_branch_labels to 2026-05-26 00:00:00+00:00, run_after=2026-05-27 00:00:00+00:00
[2026-05-27T01:59:12.755+0000] {processor.py:208} INFO - Processing /home/airflow/.local/lib/python3.12/site-packages/airflow/example_dags/example_branch_labels.py took 0.087 seconds
[2026-05-27T01:59:43.273+0000] {processor.py:186} INFO - Started process (PID=166) to work on /home/airflow/.local/lib/python3.12/site-packages/airflow/example_dags/example_branch_labels.py
[2026-05-27T01:59:43.273+0000] {processor.py:914} INFO - Processing file /home/airflow/.local/lib/python3.12/site-packages/airflow/example_dags/example_branch_labels.py for tasks to queue
[2026-05-27T01:59:43.275+0000] {logging_mixin.py:190} INFO - [2026-05-27T01:59:43.275+0000] {dagbag.py:587} INFO - Filling up the DagBag from /home/airflow/.local/lib/python3.12/site-packages/airflow/example_dags/example_branch_labels.py
[2026-05-27T01:59:43.282+0000] {processor.py:925} INFO - DAG(s) 'example_branch_labels' retrieved from /home/airflow/.local/lib/python3.12/site-packages/airflow/example_dags/example_branch_labels.py
[2026-05-27T01:59:43.298+0000] {logging_mixin.py:190} INFO - [2026-05-27T01:59:43.298+0000] {dag.py:3211} INFO - Sync 1 DAGs
[2026-05-27T01:59:43.313+0000] {logging_mixin.py:190} INFO - [2026-05-27T01:59:43.312+0000] {dag.py:4138} INFO - Setting next_dagrun for example_branch_labels to 2026-05-26 00:00:00+00:00, run_after=2026-05-27 00:00:00+00:00
[2026-05-27T01:59:43.323+0000] {processor.py:208} INFO - Processing /home/airflow/.local/lib/python3.12/site-packages/airflow/example_dags/example_branch_labels.py took 0.055 seconds
[2026-05-27T02:00:13.579+0000] {processor.py:186} INFO - Started process (PID=229) to work on /home/airflow/.local/lib/python3.12/site-packages/airflow/example_dags/example_branch_labels.py
[2026-05-27T02:00:13.580+0000] {processor.py:914} INFO - Processing file /home/airflow/.local/lib/python3.12/site-packages/airflow/example_dags/example_branch_labels.py for tasks to queue
[2026-05-27T02:00:13.582+0000] {logging_mixin.py:190} INFO - [2026-05-27T02:00:13.581+0000] {dagbag.py:587} INFO - Filling up the DagBag from /home/airflow/.local/lib/python3.12/site-packages/airflow/example_dags/example_branch_labels.py
[2026-05-27T02:00:13.589+0000] {processor.py:925} INFO - DAG(s) 'example_branch_labels' retrieved from /home/airflow/.local/lib/python3.12/site-packages/airflow/example_dags/example_branch_labels.py
[2026-05-27T02:00:13.604+0000] {logging_mixin.py:190} INFO - [2026-05-27T02:00:13.604+0000] {dag.py:3211} INFO - Sync 1 DAGs
[2026-05-27T02:00:13.619+0000] {logging_mixin.py:190} INFO - [2026-05-27T02:00:13.619+0000] {dag.py:4138} INFO - Setting next_dagrun for example_branch_labels to 2026-05-26 00:00:00+00:00, run_after=2026-05-27 00:00:00+00:00
[2026-05-27T02:00:13.629+0000] {processor.py:208} INFO - Processing /home/airflow/.local/lib/python3.12/site-packages/airflow/example_dags/example_branch_labels.py took 0.054 seconds
[2026-05-27T02:00:44.409+0000] {processor.py:186} INFO - Started process (PID=291) to work on /home/airflow/.local/lib/python3.12/site-packages/airflow/example_dags/example_branch_labels.py
[2026-05-27T02:00:44.409+0000] {processor.py:914} INFO - Processing file /home/airflow/.local/lib/python3.12/site-packages/airflow/example_dags/example_branch_labels.py for tasks to queue
[2026-05-27T02:00:44.411+0000] {logging_mixin.py:190} INFO - [2026-05-27T02:00:44.411+0000] {dagbag.py:587} INFO - Filling up the DagBag from /home/airflow/.local/lib/python3.12/site-packages/airflow/example_dags/example_branch_labels.py
[2026-05-27T02:00:44.418+0000] {processor.py:925} INFO - DAG(s) 'example_branch_labels' retrieved from /home/airflow/.local/lib/python3.12/site-packages/airflow/example_dags/example_branch_labels.py
[2026-05-27T02:00:44.436+0000] {logging_mixin.py:190} INFO - [2026-05-27T02:00:44.435+0000] {dag.py:3211} INFO - Sync 1 DAGs
[2026-05-27T02:00:44.452+0000] {logging_mixin.py:190} INFO - [2026-05-27T02:00:44.452+0000] {dag.py:4138} INFO - Setting next_dagrun for example_branch_labels to 2026-05-26 00:00:00+00:00, run_after=2026-05-27 00:00:00+00:00
[2026-05-27T02:00:44.462+0000] {processor.py:208} INFO - Processing /home/airflow/.local/lib/python3.12/site-packages/airflow/example_dags/example_branch_labels.py took 0.057 seconds
[2026-05-27T02:01:14.661+0000] {processor.py:186} INFO - Started process (PID=353) to work on /home/airflow/.local/lib/python3.12/site-packages/airflow/example_dags/example_branch_labels.py
[2026-05-27T02:01:14.662+0000] {processor.py:914} INFO - Processing file /home/airflow/.local/lib/python3.12/site-packages/airflow/example_dags/example_branch_labels.py for tasks to queue
[2026-05-27T02:01:14.664+0000] {logging_mixin.py:190} INFO - [2026-05-27T02:01:14.664+0000] {dagbag.py:587} INFO - Filling up the DagBag from /home/airflow/.local/lib/python3.12/site-packages/airflow/example_dags/example_branch_labels.py
[2026-05-27T02:01:14.672+0000] {processor.py:925} INFO - DAG(s) 'example_branch_labels' retrieved from /home/airflow/.local/lib/python3.12/site-packages/airflow/example_dags/example_branch_labels.py
[2026-05-27T02:01:14.690+0000] {logging_mixin.py:190} INFO - [2026-05-27T02:01:14.690+0000] {dag.py:3211} INFO - Sync 1 DAGs
[2026-05-27T02:01:14.706+0000] {logging_mixin.py:190} INFO - [2026-05-27T02:01:14.706+0000] {dag.py:4138} INFO - Setting next_dagrun for example_branch_labels to 2026-05-26 00:00:00+00:00, run_after=2026-05-27 00:00:00+00:00
[2026-05-27T02:01:14.717+0000] {processor.py:208} INFO - Processing /home/airflow/.local/lib/python3.12/site-packages/airflow/example_dags/example_branch_labels.py took 0.062 seconds
[2026-05-27T02:01:47.911+0000] {processor.py:186} INFO - Started process (PID=53) to work on /home/airflow/.local/lib/python3.12/site-packages/airflow/example_dags/example_branch_labels.py
[2026-05-27T02:01:47.913+0000] {processor.py:914} INFO - Processing file /home/airflow/.local/lib/python3.12/site-packages/airflow/example_dags/example_branch_labels.py for tasks to queue
[2026-05-27T02:01:47.916+0000] {logging_mixin.py:190} INFO - [2026-05-27T02:01:47.915+0000] {dagbag.py:587} INFO - Filling up the DagBag from /home/airflow/.local/lib/python3.12/site-packages/airflow/example_dags/example_branch_labels.py
[2026-05-27T02:01:47.927+0000] {processor.py:925} INFO - DAG(s) 'example_branch_labels' retrieved from /home/airflow/.local/lib/python3.12/site-packages/airflow/example_dags/example_branch_labels.py
[2026-05-27T02:01:47.953+0000] {logging_mixin.py:190} INFO - [2026-05-27T02:01:47.953+0000] {dag.py:3211} INFO - Sync 1 DAGs
[2026-05-27T02:01:47.968+0000] {logging_mixin.py:190} INFO - [2026-05-27T02:01:47.968+0000] {dag.py:4138} INFO - Setting next_dagrun for example_branch_labels to 2026-05-26 00:00:00+00:00, run_after=2026-05-27 00:00:00+00:00
[2026-05-27T02:01:47.980+0000] {processor.py:208} INFO - Processing /home/airflow/.local/lib/python3.12/site-packages/airflow/example_dags/example_branch_labels.py took 0.075 seconds
[2026-05-27T02:02:17.476+0000] {processor.py:186} INFO - Started process (PID=53) to work on /home/airflow/.local/lib/python3.12/site-packages/airflow/example_dags/example_branch_labels.py
[2026-05-27T02:02:17.477+0000] {processor.py:914} INFO - Processing file /home/airflow/.local/lib/python3.12/site-packages/airflow/example_dags/example_branch_labels.py for tasks to queue
[2026-05-27T02:02:17.479+0000] {logging_mixin.py:190} INFO - [2026-05-27T02:02:17.479+0000] {dagbag.py:587} INFO - Filling up the DagBag from /home/airflow/.local/lib/python3.12/site-packages/airflow/example_dags/example_branch_labels.py
[2026-05-27T02:02:17.490+0000] {processor.py:925} INFO - DAG(s) 'example_branch_labels' retrieved from /home/airflow/.local/lib/python3.12/site-packages/airflow/example_dags/example_branch_labels.py
[2026-05-27T02:02:17.513+0000] {logging_mixin.py:190} INFO - [2026-05-27T02:02:17.513+0000] {dag.py:3211} INFO - Sync 1 DAGs
[2026-05-27T02:02:17.541+0000] {logging_mixin.py:190} INFO - [2026-05-27T02:02:17.541+0000] {dag.py:4138} INFO - Setting next_dagrun for example_branch_labels to 2026-05-26 00:00:00+00:00, run_after=2026-05-27 00:00:00+00:00
[2026-05-27T02:02:17.557+0000] {processor.py:208} INFO - Processing /home/airflow/.local/lib/python3.12/site-packages/airflow/example_dags/example_branch_labels.py took 0.087 seconds
[2026-05-27T02:02:58.971+0000] {processor.py:186} INFO - Started process (PID=53) to work on /home/airflow/.local/lib/python3.12/site-packages/airflow/example_dags/example_branch_labels.py
[2026-05-27T02:02:58.972+0000] {processor.py:914} INFO - Processing file /home/airflow/.local/lib/python3.12/site-packages/airflow/example_dags/example_branch_labels.py for tasks to queue
[2026-05-27T02:02:58.974+0000] {logging_mixin.py:190} INFO - [2026-05-27T02:02:58.973+0000] {dagbag.py:587} INFO - Filling up the DagBag from /home/airflow/.local/lib/python3.12/site-packages/airflow/example_dags/example_branch_labels.py
[2026-05-27T02:02:58.983+0000] {processor.py:925} INFO - DAG(s) 'example_branch_labels' retrieved from /home/airflow/.local/lib/python3.12/site-packages/airflow/example_dags/example_branch_labels.py
[2026-05-27T02:02:59.009+0000] {logging_mixin.py:190} INFO - [2026-05-27T02:02:59.009+0000] {dag.py:3211} INFO - Sync 1 DAGs
[2026-05-27T02:02:59.025+0000] {logging_mixin.py:190} INFO - [2026-05-27T02:02:59.025+0000] {dag.py:4138} INFO - Setting next_dagrun for example_branch_labels to 2026-05-26 00:00:00+00:00, run_after=2026-05-27 00:00:00+00:00
[2026-05-27T02:02:59.037+0000] {processor.py:208} INFO - Processing /home/airflow/.local/lib/python3.12/site-packages/airflow/example_dags/example_branch_labels.py took 0.070 seconds
