[2026-05-27T01:54:04.807+0000] {processor.py:186} INFO - Started process (PID=102) to work on /home/airflow/.local/lib/python3.12/site-packages/airflow/example_dags/example_xcomargs.py
[2026-05-27T01:54:04.808+0000] {processor.py:914} INFO - Processing file /home/airflow/.local/lib/python3.12/site-packages/airflow/example_dags/example_xcomargs.py for tasks to queue
[2026-05-27T01:54:04.810+0000] {logging_mixin.py:190} INFO - [2026-05-27T01:54:04.810+0000] {dagbag.py:587} INFO - Filling up the DagBag from /home/airflow/.local/lib/python3.12/site-packages/airflow/example_dags/example_xcomargs.py
[2026-05-27T01:54:04.820+0000] {processor.py:925} INFO - DAG(s) 'example_xcom_args', 'example_xcom_args_with_operators' retrieved from /home/airflow/.local/lib/python3.12/site-packages/airflow/example_dags/example_xcomargs.py
[2026-05-27T01:54:04.899+0000] {logging_mixin.py:190} INFO - [2026-05-27T01:54:04.898+0000] {override.py:1858} INFO - Created Permission View: can edit on DAG:example_xcom_args
[2026-05-27T01:54:04.906+0000] {logging_mixin.py:190} INFO - [2026-05-27T01:54:04.906+0000] {override.py:1858} INFO - Created Permission View: can read on DAG:example_xcom_args
[2026-05-27T01:54:04.910+0000] {logging_mixin.py:190} INFO - [2026-05-27T01:54:04.910+0000] {override.py:1858} INFO - Created Permission View: can delete on DAG:example_xcom_args
[2026-05-27T01:54:04.920+0000] {logging_mixin.py:190} INFO - [2026-05-27T01:54:04.920+0000] {override.py:1858} INFO - Created Permission View: can edit on DAG:example_xcom_args_with_operators
[2026-05-27T01:54:04.924+0000] {logging_mixin.py:190} INFO - [2026-05-27T01:54:04.924+0000] {override.py:1858} INFO - Created Permission View: can read on DAG:example_xcom_args_with_operators
[2026-05-27T01:54:04.928+0000] {logging_mixin.py:190} INFO - [2026-05-27T01:54:04.928+0000] {override.py:1858} INFO - Created Permission View: can delete on DAG:example_xcom_args_with_operators
[2026-05-27T01:54:04.929+0000] {logging_mixin.py:190} INFO - [2026-05-27T01:54:04.929+0000] {dag.py:3211} INFO - Sync 2 DAGs
[2026-05-27T01:54:04.938+0000] {logging_mixin.py:190} INFO - [2026-05-27T01:54:04.938+0000] {dag.py:3234} INFO - Creating ORM DAG for example_xcom_args_with_operators
[2026-05-27T01:54:04.938+0000] {logging_mixin.py:190} INFO - [2026-05-27T01:54:04.938+0000] {dag.py:3234} INFO - Creating ORM DAG for example_xcom_args
[2026-05-27T01:54:04.939+0000] {logging_mixin.py:190} INFO - [2026-05-27T01:54:04.939+0000] {dag.py:4138} INFO - Setting next_dagrun for example_xcom_args to None, run_after=None
[2026-05-27T01:54:04.939+0000] {logging_mixin.py:190} INFO - [2026-05-27T01:54:04.939+0000] {dag.py:4138} INFO - Setting next_dagrun for example_xcom_args_with_operators to None, run_after=None
[2026-05-27T01:54:04.951+0000] {processor.py:208} INFO - Processing /home/airflow/.local/lib/python3.12/site-packages/airflow/example_dags/example_xcomargs.py took 0.149 seconds
[2026-05-27T01:54:35.572+0000] {processor.py:186} INFO - Started process (PID=174) to work on /home/airflow/.local/lib/python3.12/site-packages/airflow/example_dags/example_xcomargs.py
[2026-05-27T01:54:35.573+0000] {processor.py:914} INFO - Processing file /home/airflow/.local/lib/python3.12/site-packages/airflow/example_dags/example_xcomargs.py for tasks to queue
[2026-05-27T01:54:35.575+0000] {logging_mixin.py:190} INFO - [2026-05-27T01:54:35.575+0000] {dagbag.py:587} INFO - Filling up the DagBag from /home/airflow/.local/lib/python3.12/site-packages/airflow/example_dags/example_xcomargs.py
[2026-05-27T01:54:35.583+0000] {processor.py:925} INFO - DAG(s) 'example_xcom_args', 'example_xcom_args_with_operators' retrieved from /home/airflow/.local/lib/python3.12/site-packages/airflow/example_dags/example_xcomargs.py
[2026-05-27T01:54:35.600+0000] {logging_mixin.py:190} INFO - [2026-05-27T01:54:35.600+0000] {dag.py:3211} INFO - Sync 2 DAGs
[2026-05-27T01:54:35.610+0000] {logging_mixin.py:190} INFO - [2026-05-27T01:54:35.610+0000] {dag.py:4138} INFO - Setting next_dagrun for example_xcom_args to None, run_after=None
[2026-05-27T01:54:35.612+0000] {logging_mixin.py:190} INFO - [2026-05-27T01:54:35.612+0000] {dag.py:4138} INFO - Setting next_dagrun for example_xcom_args_with_operators to None, run_after=None
[2026-05-27T01:54:35.621+0000] {processor.py:208} INFO - Processing /home/airflow/.local/lib/python3.12/site-packages/airflow/example_dags/example_xcomargs.py took 0.054 seconds
[2026-05-27T01:55:05.877+0000] {processor.py:186} INFO - Started process (PID=239) to work on /home/airflow/.local/lib/python3.12/site-packages/airflow/example_dags/example_xcomargs.py
[2026-05-27T01:55:05.877+0000] {processor.py:914} INFO - Processing file /home/airflow/.local/lib/python3.12/site-packages/airflow/example_dags/example_xcomargs.py for tasks to queue
[2026-05-27T01:55:05.879+0000] {logging_mixin.py:190} INFO - [2026-05-27T01:55:05.879+0000] {dagbag.py:587} INFO - Filling up the DagBag from /home/airflow/.local/lib/python3.12/site-packages/airflow/example_dags/example_xcomargs.py
[2026-05-27T01:55:05.889+0000] {processor.py:925} INFO - DAG(s) 'example_xcom_args', 'example_xcom_args_with_operators' retrieved from /home/airflow/.local/lib/python3.12/site-packages/airflow/example_dags/example_xcomargs.py
[2026-05-27T01:55:05.912+0000] {logging_mixin.py:190} INFO - [2026-05-27T01:55:05.912+0000] {dag.py:3211} INFO - Sync 2 DAGs
[2026-05-27T01:55:05.923+0000] {logging_mixin.py:190} INFO - [2026-05-27T01:55:05.923+0000] {dag.py:4138} INFO - Setting next_dagrun for example_xcom_args to None, run_after=None
[2026-05-27T01:55:05.927+0000] {logging_mixin.py:190} INFO - [2026-05-27T01:55:05.927+0000] {dag.py:4138} INFO - Setting next_dagrun for example_xcom_args_with_operators to None, run_after=None
[2026-05-27T01:55:05.940+0000] {processor.py:208} INFO - Processing /home/airflow/.local/lib/python3.12/site-packages/airflow/example_dags/example_xcomargs.py took 0.069 seconds
[2026-05-27T01:55:36.218+0000] {processor.py:186} INFO - Started process (PID=301) to work on /home/airflow/.local/lib/python3.12/site-packages/airflow/example_dags/example_xcomargs.py
[2026-05-27T01:55:36.218+0000] {processor.py:914} INFO - Processing file /home/airflow/.local/lib/python3.12/site-packages/airflow/example_dags/example_xcomargs.py for tasks to queue
[2026-05-27T01:55:36.220+0000] {logging_mixin.py:190} INFO - [2026-05-27T01:55:36.220+0000] {dagbag.py:587} INFO - Filling up the DagBag from /home/airflow/.local/lib/python3.12/site-packages/airflow/example_dags/example_xcomargs.py
[2026-05-27T01:55:36.227+0000] {processor.py:925} INFO - DAG(s) 'example_xcom_args', 'example_xcom_args_with_operators' retrieved from /home/airflow/.local/lib/python3.12/site-packages/airflow/example_dags/example_xcomargs.py
[2026-05-27T01:55:36.242+0000] {logging_mixin.py:190} INFO - [2026-05-27T01:55:36.242+0000] {dag.py:3211} INFO - Sync 2 DAGs
[2026-05-27T01:55:36.250+0000] {logging_mixin.py:190} INFO - [2026-05-27T01:55:36.250+0000] {dag.py:4138} INFO - Setting next_dagrun for example_xcom_args to None, run_after=None
[2026-05-27T01:55:36.252+0000] {logging_mixin.py:190} INFO - [2026-05-27T01:55:36.252+0000] {dag.py:4138} INFO - Setting next_dagrun for example_xcom_args_with_operators to None, run_after=None
[2026-05-27T01:55:36.261+0000] {processor.py:208} INFO - Processing /home/airflow/.local/lib/python3.12/site-packages/airflow/example_dags/example_xcomargs.py took 0.047 seconds
[2026-05-27T01:56:06.672+0000] {processor.py:186} INFO - Started process (PID=363) to work on /home/airflow/.local/lib/python3.12/site-packages/airflow/example_dags/example_xcomargs.py
[2026-05-27T01:56:06.673+0000] {processor.py:914} INFO - Processing file /home/airflow/.local/lib/python3.12/site-packages/airflow/example_dags/example_xcomargs.py for tasks to queue
[2026-05-27T01:56:06.675+0000] {logging_mixin.py:190} INFO - [2026-05-27T01:56:06.675+0000] {dagbag.py:587} INFO - Filling up the DagBag from /home/airflow/.local/lib/python3.12/site-packages/airflow/example_dags/example_xcomargs.py
[2026-05-27T01:56:06.684+0000] {processor.py:925} INFO - DAG(s) 'example_xcom_args', 'example_xcom_args_with_operators' retrieved from /home/airflow/.local/lib/python3.12/site-packages/airflow/example_dags/example_xcomargs.py
[2026-05-27T01:56:06.705+0000] {logging_mixin.py:190} INFO - [2026-05-27T01:56:06.705+0000] {dag.py:3211} INFO - Sync 2 DAGs
[2026-05-27T01:56:06.718+0000] {logging_mixin.py:190} INFO - [2026-05-27T01:56:06.718+0000] {dag.py:4138} INFO - Setting next_dagrun for example_xcom_args to None, run_after=None
[2026-05-27T01:56:06.721+0000] {logging_mixin.py:190} INFO - [2026-05-27T01:56:06.721+0000] {dag.py:4138} INFO - Setting next_dagrun for example_xcom_args_with_operators to None, run_after=None
[2026-05-27T01:56:06.732+0000] {processor.py:208} INFO - Processing /home/airflow/.local/lib/python3.12/site-packages/airflow/example_dags/example_xcomargs.py took 0.066 seconds
[2026-05-27T01:56:37.052+0000] {processor.py:186} INFO - Started process (PID=425) to work on /home/airflow/.local/lib/python3.12/site-packages/airflow/example_dags/example_xcomargs.py
[2026-05-27T01:56:37.053+0000] {processor.py:914} INFO - Processing file /home/airflow/.local/lib/python3.12/site-packages/airflow/example_dags/example_xcomargs.py for tasks to queue
[2026-05-27T01:56:37.054+0000] {logging_mixin.py:190} INFO - [2026-05-27T01:56:37.054+0000] {dagbag.py:587} INFO - Filling up the DagBag from /home/airflow/.local/lib/python3.12/site-packages/airflow/example_dags/example_xcomargs.py
[2026-05-27T01:56:37.061+0000] {processor.py:925} INFO - DAG(s) 'example_xcom_args_with_operators', 'example_xcom_args' retrieved from /home/airflow/.local/lib/python3.12/site-packages/airflow/example_dags/example_xcomargs.py
[2026-05-27T01:56:37.077+0000] {logging_mixin.py:190} INFO - [2026-05-27T01:56:37.077+0000] {dag.py:3211} INFO - Sync 2 DAGs
[2026-05-27T01:56:37.086+0000] {logging_mixin.py:190} INFO - [2026-05-27T01:56:37.086+0000] {dag.py:4138} INFO - Setting next_dagrun for example_xcom_args to None, run_after=None
[2026-05-27T01:56:37.089+0000] {logging_mixin.py:190} INFO - [2026-05-27T01:56:37.089+0000] {dag.py:4138} INFO - Setting next_dagrun for example_xcom_args_with_operators to None, run_after=None
[2026-05-27T01:56:37.097+0000] {processor.py:208} INFO - Processing /home/airflow/.local/lib/python3.12/site-packages/airflow/example_dags/example_xcomargs.py took 0.050 seconds
[2026-05-27T01:57:07.499+0000] {processor.py:186} INFO - Started process (PID=487) to work on /home/airflow/.local/lib/python3.12/site-packages/airflow/example_dags/example_xcomargs.py
[2026-05-27T01:57:07.499+0000] {processor.py:914} INFO - Processing file /home/airflow/.local/lib/python3.12/site-packages/airflow/example_dags/example_xcomargs.py for tasks to queue
[2026-05-27T01:57:07.502+0000] {logging_mixin.py:190} INFO - [2026-05-27T01:57:07.501+0000] {dagbag.py:587} INFO - Filling up the DagBag from /home/airflow/.local/lib/python3.12/site-packages/airflow/example_dags/example_xcomargs.py
[2026-05-27T01:57:07.511+0000] {processor.py:925} INFO - DAG(s) 'example_xcom_args_with_operators', 'example_xcom_args' retrieved from /home/airflow/.local/lib/python3.12/site-packages/airflow/example_dags/example_xcomargs.py
[2026-05-27T01:57:07.527+0000] {logging_mixin.py:190} INFO - [2026-05-27T01:57:07.527+0000] {dag.py:3211} INFO - Sync 2 DAGs
[2026-05-27T01:57:07.537+0000] {logging_mixin.py:190} INFO - [2026-05-27T01:57:07.537+0000] {dag.py:4138} INFO - Setting next_dagrun for example_xcom_args to None, run_after=None
[2026-05-27T01:57:07.539+0000] {logging_mixin.py:190} INFO - [2026-05-27T01:57:07.539+0000] {dag.py:4138} INFO - Setting next_dagrun for example_xcom_args_with_operators to None, run_after=None
[2026-05-27T01:57:07.549+0000] {processor.py:208} INFO - Processing /home/airflow/.local/lib/python3.12/site-packages/airflow/example_dags/example_xcomargs.py took 0.054 seconds
[2026-05-27T01:57:38.018+0000] {processor.py:186} INFO - Started process (PID=549) to work on /home/airflow/.local/lib/python3.12/site-packages/airflow/example_dags/example_xcomargs.py
[2026-05-27T01:57:38.018+0000] {processor.py:914} INFO - Processing file /home/airflow/.local/lib/python3.12/site-packages/airflow/example_dags/example_xcomargs.py for tasks to queue
[2026-05-27T01:57:38.020+0000] {logging_mixin.py:190} INFO - [2026-05-27T01:57:38.020+0000] {dagbag.py:587} INFO - Filling up the DagBag from /home/airflow/.local/lib/python3.12/site-packages/airflow/example_dags/example_xcomargs.py
[2026-05-27T01:57:38.028+0000] {processor.py:925} INFO - DAG(s) 'example_xcom_args', 'example_xcom_args_with_operators' retrieved from /home/airflow/.local/lib/python3.12/site-packages/airflow/example_dags/example_xcomargs.py
[2026-05-27T01:57:38.045+0000] {logging_mixin.py:190} INFO - [2026-05-27T01:57:38.045+0000] {dag.py:3211} INFO - Sync 2 DAGs
[2026-05-27T01:57:38.056+0000] {logging_mixin.py:190} INFO - [2026-05-27T01:57:38.056+0000] {dag.py:4138} INFO - Setting next_dagrun for example_xcom_args to None, run_after=None
[2026-05-27T01:57:38.058+0000] {logging_mixin.py:190} INFO - [2026-05-27T01:57:38.058+0000] {dag.py:4138} INFO - Setting next_dagrun for example_xcom_args_with_operators to None, run_after=None
[2026-05-27T01:57:38.068+0000] {processor.py:208} INFO - Processing /home/airflow/.local/lib/python3.12/site-packages/airflow/example_dags/example_xcomargs.py took 0.055 seconds
[2026-05-27T01:58:08.527+0000] {processor.py:186} INFO - Started process (PID=611) to work on /home/airflow/.local/lib/python3.12/site-packages/airflow/example_dags/example_xcomargs.py
[2026-05-27T01:58:08.528+0000] {processor.py:914} INFO - Processing file /home/airflow/.local/lib/python3.12/site-packages/airflow/example_dags/example_xcomargs.py for tasks to queue
[2026-05-27T01:58:08.529+0000] {logging_mixin.py:190} INFO - [2026-05-27T01:58:08.529+0000] {dagbag.py:587} INFO - Filling up the DagBag from /home/airflow/.local/lib/python3.12/site-packages/airflow/example_dags/example_xcomargs.py
[2026-05-27T01:58:08.537+0000] {processor.py:925} INFO - DAG(s) 'example_xcom_args', 'example_xcom_args_with_operators' retrieved from /home/airflow/.local/lib/python3.12/site-packages/airflow/example_dags/example_xcomargs.py
[2026-05-27T01:58:08.557+0000] {logging_mixin.py:190} INFO - [2026-05-27T01:58:08.557+0000] {dag.py:3211} INFO - Sync 2 DAGs
[2026-05-27T01:58:08.569+0000] {logging_mixin.py:190} INFO - [2026-05-27T01:58:08.569+0000] {dag.py:4138} INFO - Setting next_dagrun for example_xcom_args to None, run_after=None
[2026-05-27T01:58:08.572+0000] {logging_mixin.py:190} INFO - [2026-05-27T01:58:08.572+0000] {dag.py:4138} INFO - Setting next_dagrun for example_xcom_args_with_operators to None, run_after=None
[2026-05-27T01:58:08.586+0000] {processor.py:208} INFO - Processing /home/airflow/.local/lib/python3.12/site-packages/airflow/example_dags/example_xcomargs.py took 0.063 seconds
[2026-05-27T01:59:15.006+0000] {processor.py:186} INFO - Started process (PID=105) to work on /home/airflow/.local/lib/python3.12/site-packages/airflow/example_dags/example_xcomargs.py
[2026-05-27T01:59:15.007+0000] {processor.py:914} INFO - Processing file /home/airflow/.local/lib/python3.12/site-packages/airflow/example_dags/example_xcomargs.py for tasks to queue
[2026-05-27T01:59:15.009+0000] {logging_mixin.py:190} INFO - [2026-05-27T01:59:15.009+0000] {dagbag.py:587} INFO - Filling up the DagBag from /home/airflow/.local/lib/python3.12/site-packages/airflow/example_dags/example_xcomargs.py
[2026-05-27T01:59:15.018+0000] {processor.py:925} INFO - DAG(s) 'example_xcom_args', 'example_xcom_args_with_operators' retrieved from /home/airflow/.local/lib/python3.12/site-packages/airflow/example_dags/example_xcomargs.py
[2026-05-27T01:59:15.040+0000] {logging_mixin.py:190} INFO - [2026-05-27T01:59:15.040+0000] {dag.py:3211} INFO - Sync 2 DAGs
[2026-05-27T01:59:15.051+0000] {logging_mixin.py:190} INFO - [2026-05-27T01:59:15.051+0000] {dag.py:4138} INFO - Setting next_dagrun for example_xcom_args to None, run_after=None
[2026-05-27T01:59:15.054+0000] {logging_mixin.py:190} INFO - [2026-05-27T01:59:15.054+0000] {dag.py:4138} INFO - Setting next_dagrun for example_xcom_args_with_operators to None, run_after=None
[2026-05-27T01:59:15.065+0000] {processor.py:208} INFO - Processing /home/airflow/.local/lib/python3.12/site-packages/airflow/example_dags/example_xcomargs.py took 0.064 seconds
[2026-05-27T01:59:45.329+0000] {processor.py:186} INFO - Started process (PID=203) to work on /home/airflow/.local/lib/python3.12/site-packages/airflow/example_dags/example_xcomargs.py
[2026-05-27T01:59:45.330+0000] {processor.py:914} INFO - Processing file /home/airflow/.local/lib/python3.12/site-packages/airflow/example_dags/example_xcomargs.py for tasks to queue
[2026-05-27T01:59:45.332+0000] {logging_mixin.py:190} INFO - [2026-05-27T01:59:45.331+0000] {dagbag.py:587} INFO - Filling up the DagBag from /home/airflow/.local/lib/python3.12/site-packages/airflow/example_dags/example_xcomargs.py
[2026-05-27T01:59:45.341+0000] {processor.py:925} INFO - DAG(s) 'example_xcom_args', 'example_xcom_args_with_operators' retrieved from /home/airflow/.local/lib/python3.12/site-packages/airflow/example_dags/example_xcomargs.py
[2026-05-27T01:59:45.360+0000] {logging_mixin.py:190} INFO - [2026-05-27T01:59:45.359+0000] {dag.py:3211} INFO - Sync 2 DAGs
[2026-05-27T01:59:45.372+0000] {logging_mixin.py:190} INFO - [2026-05-27T01:59:45.371+0000] {dag.py:4138} INFO - Setting next_dagrun for example_xcom_args to None, run_after=None
[2026-05-27T01:59:45.374+0000] {logging_mixin.py:190} INFO - [2026-05-27T01:59:45.374+0000] {dag.py:4138} INFO - Setting next_dagrun for example_xcom_args_with_operators to None, run_after=None
[2026-05-27T01:59:45.386+0000] {processor.py:208} INFO - Processing /home/airflow/.local/lib/python3.12/site-packages/airflow/example_dags/example_xcomargs.py took 0.062 seconds
[2026-05-27T02:00:16.256+0000] {processor.py:186} INFO - Started process (PID=272) to work on /home/airflow/.local/lib/python3.12/site-packages/airflow/example_dags/example_xcomargs.py
[2026-05-27T02:00:16.257+0000] {processor.py:914} INFO - Processing file /home/airflow/.local/lib/python3.12/site-packages/airflow/example_dags/example_xcomargs.py for tasks to queue
[2026-05-27T02:00:16.259+0000] {logging_mixin.py:190} INFO - [2026-05-27T02:00:16.259+0000] {dagbag.py:587} INFO - Filling up the DagBag from /home/airflow/.local/lib/python3.12/site-packages/airflow/example_dags/example_xcomargs.py
[2026-05-27T02:00:16.267+0000] {processor.py:925} INFO - DAG(s) 'example_xcom_args_with_operators', 'example_xcom_args' retrieved from /home/airflow/.local/lib/python3.12/site-packages/airflow/example_dags/example_xcomargs.py
[2026-05-27T02:00:16.285+0000] {logging_mixin.py:190} INFO - [2026-05-27T02:00:16.285+0000] {dag.py:3211} INFO - Sync 2 DAGs
[2026-05-27T02:00:16.295+0000] {logging_mixin.py:190} INFO - [2026-05-27T02:00:16.295+0000] {dag.py:4138} INFO - Setting next_dagrun for example_xcom_args to None, run_after=None
[2026-05-27T02:00:16.298+0000] {logging_mixin.py:190} INFO - [2026-05-27T02:00:16.297+0000] {dag.py:4138} INFO - Setting next_dagrun for example_xcom_args_with_operators to None, run_after=None
[2026-05-27T02:00:16.309+0000] {processor.py:208} INFO - Processing /home/airflow/.local/lib/python3.12/site-packages/airflow/example_dags/example_xcomargs.py took 0.057 seconds
[2026-05-27T02:00:46.446+0000] {processor.py:186} INFO - Started process (PID=334) to work on /home/airflow/.local/lib/python3.12/site-packages/airflow/example_dags/example_xcomargs.py
[2026-05-27T02:00:46.446+0000] {processor.py:914} INFO - Processing file /home/airflow/.local/lib/python3.12/site-packages/airflow/example_dags/example_xcomargs.py for tasks to queue
[2026-05-27T02:00:46.449+0000] {logging_mixin.py:190} INFO - [2026-05-27T02:00:46.448+0000] {dagbag.py:587} INFO - Filling up the DagBag from /home/airflow/.local/lib/python3.12/site-packages/airflow/example_dags/example_xcomargs.py
[2026-05-27T02:00:46.460+0000] {processor.py:925} INFO - DAG(s) 'example_xcom_args_with_operators', 'example_xcom_args' retrieved from /home/airflow/.local/lib/python3.12/site-packages/airflow/example_dags/example_xcomargs.py
[2026-05-27T02:00:46.478+0000] {logging_mixin.py:190} INFO - [2026-05-27T02:00:46.478+0000] {dag.py:3211} INFO - Sync 2 DAGs
[2026-05-27T02:00:46.488+0000] {logging_mixin.py:190} INFO - [2026-05-27T02:00:46.488+0000] {dag.py:4138} INFO - Setting next_dagrun for example_xcom_args to None, run_after=None
[2026-05-27T02:00:46.491+0000] {logging_mixin.py:190} INFO - [2026-05-27T02:00:46.490+0000] {dag.py:4138} INFO - Setting next_dagrun for example_xcom_args_with_operators to None, run_after=None
[2026-05-27T02:00:46.501+0000] {processor.py:208} INFO - Processing /home/airflow/.local/lib/python3.12/site-packages/airflow/example_dags/example_xcomargs.py took 0.060 seconds
[2026-05-27T02:01:16.602+0000] {processor.py:186} INFO - Started process (PID=396) to work on /home/airflow/.local/lib/python3.12/site-packages/airflow/example_dags/example_xcomargs.py
[2026-05-27T02:01:16.603+0000] {processor.py:914} INFO - Processing file /home/airflow/.local/lib/python3.12/site-packages/airflow/example_dags/example_xcomargs.py for tasks to queue
[2026-05-27T02:01:16.605+0000] {logging_mixin.py:190} INFO - [2026-05-27T02:01:16.605+0000] {dagbag.py:587} INFO - Filling up the DagBag from /home/airflow/.local/lib/python3.12/site-packages/airflow/example_dags/example_xcomargs.py
[2026-05-27T02:01:16.612+0000] {processor.py:925} INFO - DAG(s) 'example_xcom_args_with_operators', 'example_xcom_args' retrieved from /home/airflow/.local/lib/python3.12/site-packages/airflow/example_dags/example_xcomargs.py
[2026-05-27T02:01:16.628+0000] {logging_mixin.py:190} INFO - [2026-05-27T02:01:16.628+0000] {dag.py:3211} INFO - Sync 2 DAGs
[2026-05-27T02:01:16.637+0000] {logging_mixin.py:190} INFO - [2026-05-27T02:01:16.637+0000] {dag.py:4138} INFO - Setting next_dagrun for example_xcom_args to None, run_after=None
[2026-05-27T02:01:16.639+0000] {logging_mixin.py:190} INFO - [2026-05-27T02:01:16.639+0000] {dag.py:4138} INFO - Setting next_dagrun for example_xcom_args_with_operators to None, run_after=None
[2026-05-27T02:01:16.648+0000] {processor.py:208} INFO - Processing /home/airflow/.local/lib/python3.12/site-packages/airflow/example_dags/example_xcomargs.py took 0.050 seconds
[2026-05-27T02:01:50.214+0000] {processor.py:186} INFO - Started process (PID=90) to work on /home/airflow/.local/lib/python3.12/site-packages/airflow/example_dags/example_xcomargs.py
[2026-05-27T02:01:50.215+0000] {processor.py:914} INFO - Processing file /home/airflow/.local/lib/python3.12/site-packages/airflow/example_dags/example_xcomargs.py for tasks to queue
[2026-05-27T02:01:50.216+0000] {logging_mixin.py:190} INFO - [2026-05-27T02:01:50.216+0000] {dagbag.py:587} INFO - Filling up the DagBag from /home/airflow/.local/lib/python3.12/site-packages/airflow/example_dags/example_xcomargs.py
[2026-05-27T02:01:50.223+0000] {processor.py:925} INFO - DAG(s) 'example_xcom_args_with_operators', 'example_xcom_args' retrieved from /home/airflow/.local/lib/python3.12/site-packages/airflow/example_dags/example_xcomargs.py
[2026-05-27T02:01:50.238+0000] {logging_mixin.py:190} INFO - [2026-05-27T02:01:50.238+0000] {dag.py:3211} INFO - Sync 2 DAGs
[2026-05-27T02:01:50.247+0000] {logging_mixin.py:190} INFO - [2026-05-27T02:01:50.247+0000] {dag.py:4138} INFO - Setting next_dagrun for example_xcom_args to None, run_after=None
[2026-05-27T02:01:50.249+0000] {logging_mixin.py:190} INFO - [2026-05-27T02:01:50.249+0000] {dag.py:4138} INFO - Setting next_dagrun for example_xcom_args_with_operators to None, run_after=None
[2026-05-27T02:01:50.258+0000] {processor.py:208} INFO - Processing /home/airflow/.local/lib/python3.12/site-packages/airflow/example_dags/example_xcomargs.py took 0.048 seconds
[2026-05-27T02:02:20.072+0000] {processor.py:186} INFO - Started process (PID=90) to work on /home/airflow/.local/lib/python3.12/site-packages/airflow/example_dags/example_xcomargs.py
[2026-05-27T02:02:20.073+0000] {processor.py:914} INFO - Processing file /home/airflow/.local/lib/python3.12/site-packages/airflow/example_dags/example_xcomargs.py for tasks to queue
[2026-05-27T02:02:20.075+0000] {logging_mixin.py:190} INFO - [2026-05-27T02:02:20.075+0000] {dagbag.py:587} INFO - Filling up the DagBag from /home/airflow/.local/lib/python3.12/site-packages/airflow/example_dags/example_xcomargs.py
[2026-05-27T02:02:20.084+0000] {processor.py:925} INFO - DAG(s) 'example_xcom_args_with_operators', 'example_xcom_args' retrieved from /home/airflow/.local/lib/python3.12/site-packages/airflow/example_dags/example_xcomargs.py
[2026-05-27T02:02:20.105+0000] {logging_mixin.py:190} INFO - [2026-05-27T02:02:20.105+0000] {dag.py:3211} INFO - Sync 2 DAGs
[2026-05-27T02:02:20.115+0000] {logging_mixin.py:190} INFO - [2026-05-27T02:02:20.115+0000] {dag.py:4138} INFO - Setting next_dagrun for example_xcom_args to None, run_after=None
[2026-05-27T02:02:20.118+0000] {logging_mixin.py:190} INFO - [2026-05-27T02:02:20.118+0000] {dag.py:4138} INFO - Setting next_dagrun for example_xcom_args_with_operators to None, run_after=None
[2026-05-27T02:02:20.129+0000] {processor.py:208} INFO - Processing /home/airflow/.local/lib/python3.12/site-packages/airflow/example_dags/example_xcomargs.py took 0.063 seconds
[2026-05-27T02:03:01.773+0000] {processor.py:186} INFO - Started process (PID=96) to work on /home/airflow/.local/lib/python3.12/site-packages/airflow/example_dags/example_xcomargs.py
[2026-05-27T02:03:01.775+0000] {processor.py:914} INFO - Processing file /home/airflow/.local/lib/python3.12/site-packages/airflow/example_dags/example_xcomargs.py for tasks to queue
[2026-05-27T02:03:01.777+0000] {logging_mixin.py:190} INFO - [2026-05-27T02:03:01.777+0000] {dagbag.py:587} INFO - Filling up the DagBag from /home/airflow/.local/lib/python3.12/site-packages/airflow/example_dags/example_xcomargs.py
[2026-05-27T02:03:01.787+0000] {processor.py:925} INFO - DAG(s) 'example_xcom_args', 'example_xcom_args_with_operators' retrieved from /home/airflow/.local/lib/python3.12/site-packages/airflow/example_dags/example_xcomargs.py
[2026-05-27T02:03:01.826+0000] {logging_mixin.py:190} INFO - [2026-05-27T02:03:01.826+0000] {dag.py:3211} INFO - Sync 2 DAGs
[2026-05-27T02:03:01.849+0000] {logging_mixin.py:190} INFO - [2026-05-27T02:03:01.848+0000] {dag.py:4138} INFO - Setting next_dagrun for example_xcom_args to None, run_after=None
[2026-05-27T02:03:01.853+0000] {logging_mixin.py:190} INFO - [2026-05-27T02:03:01.853+0000] {dag.py:4138} INFO - Setting next_dagrun for example_xcom_args_with_operators to None, run_after=None
[2026-05-27T02:03:01.869+0000] {processor.py:208} INFO - Processing /home/airflow/.local/lib/python3.12/site-packages/airflow/example_dags/example_xcomargs.py took 0.102 seconds
