[2026-05-27T01:54:01.980+0000] {processor.py:186} INFO - Started process (PID=67) to work on /home/airflow/.local/lib/python3.12/site-packages/airflow/example_dags/example_params_trigger_ui.py
[2026-05-27T01:54:01.981+0000] {processor.py:914} INFO - Processing file /home/airflow/.local/lib/python3.12/site-packages/airflow/example_dags/example_params_trigger_ui.py for tasks to queue
[2026-05-27T01:54:01.985+0000] {logging_mixin.py:190} INFO - [2026-05-27T01:54:01.984+0000] {dagbag.py:587} INFO - Filling up the DagBag from /home/airflow/.local/lib/python3.12/site-packages/airflow/example_dags/example_params_trigger_ui.py
[2026-05-27T01:54:02.001+0000] {processor.py:925} INFO - DAG(s) 'example_params_trigger_ui' retrieved from /home/airflow/.local/lib/python3.12/site-packages/airflow/example_dags/example_params_trigger_ui.py
[2026-05-27T01:54:02.147+0000] {logging_mixin.py:190} INFO - [2026-05-27T01:54:02.147+0000] {override.py:1858} INFO - Created Permission View: can edit on DAG:example_params_trigger_ui
[2026-05-27T01:54:02.155+0000] {logging_mixin.py:190} INFO - [2026-05-27T01:54:02.154+0000] {override.py:1858} INFO - Created Permission View: can read on DAG:example_params_trigger_ui
[2026-05-27T01:54:02.161+0000] {logging_mixin.py:190} INFO - [2026-05-27T01:54:02.161+0000] {override.py:1858} INFO - Created Permission View: can delete on DAG:example_params_trigger_ui
[2026-05-27T01:54:02.162+0000] {logging_mixin.py:190} INFO - [2026-05-27T01:54:02.162+0000] {dag.py:3211} INFO - Sync 1 DAGs
[2026-05-27T01:54:02.175+0000] {logging_mixin.py:190} INFO - [2026-05-27T01:54:02.174+0000] {dag.py:3234} INFO - Creating ORM DAG for example_params_trigger_ui
[2026-05-27T01:54:02.176+0000] {logging_mixin.py:190} INFO - [2026-05-27T01:54:02.175+0000] {dag.py:4138} INFO - Setting next_dagrun for example_params_trigger_ui to None, run_after=None
[2026-05-27T01:54:02.191+0000] {processor.py:208} INFO - Processing /home/airflow/.local/lib/python3.12/site-packages/airflow/example_dags/example_params_trigger_ui.py took 0.218 seconds
[2026-05-27T01:54:32.763+0000] {processor.py:186} INFO - Started process (PID=139) to work on /home/airflow/.local/lib/python3.12/site-packages/airflow/example_dags/example_params_trigger_ui.py
[2026-05-27T01:54:32.764+0000] {processor.py:914} INFO - Processing file /home/airflow/.local/lib/python3.12/site-packages/airflow/example_dags/example_params_trigger_ui.py for tasks to queue
[2026-05-27T01:54:32.766+0000] {logging_mixin.py:190} INFO - [2026-05-27T01:54:32.765+0000] {dagbag.py:587} INFO - Filling up the DagBag from /home/airflow/.local/lib/python3.12/site-packages/airflow/example_dags/example_params_trigger_ui.py
[2026-05-27T01:54:32.774+0000] {processor.py:925} INFO - DAG(s) 'example_params_trigger_ui' retrieved from /home/airflow/.local/lib/python3.12/site-packages/airflow/example_dags/example_params_trigger_ui.py
[2026-05-27T01:54:32.800+0000] {logging_mixin.py:190} INFO - [2026-05-27T01:54:32.800+0000] {dag.py:3211} INFO - Sync 1 DAGs
[2026-05-27T01:54:32.809+0000] {logging_mixin.py:190} INFO - [2026-05-27T01:54:32.809+0000] {dag.py:4138} INFO - Setting next_dagrun for example_params_trigger_ui to None, run_after=None
[2026-05-27T01:54:32.820+0000] {processor.py:208} INFO - Processing /home/airflow/.local/lib/python3.12/site-packages/airflow/example_dags/example_params_trigger_ui.py took 0.062 seconds
[2026-05-27T01:55:03.207+0000] {processor.py:186} INFO - Started process (PID=204) to work on /home/airflow/.local/lib/python3.12/site-packages/airflow/example_dags/example_params_trigger_ui.py
[2026-05-27T01:55:03.208+0000] {processor.py:914} INFO - Processing file /home/airflow/.local/lib/python3.12/site-packages/airflow/example_dags/example_params_trigger_ui.py for tasks to queue
[2026-05-27T01:55:03.210+0000] {logging_mixin.py:190} INFO - [2026-05-27T01:55:03.209+0000] {dagbag.py:587} INFO - Filling up the DagBag from /home/airflow/.local/lib/python3.12/site-packages/airflow/example_dags/example_params_trigger_ui.py
[2026-05-27T01:55:03.217+0000] {processor.py:925} INFO - DAG(s) 'example_params_trigger_ui' retrieved from /home/airflow/.local/lib/python3.12/site-packages/airflow/example_dags/example_params_trigger_ui.py
[2026-05-27T01:55:03.247+0000] {logging_mixin.py:190} INFO - [2026-05-27T01:55:03.247+0000] {dag.py:3211} INFO - Sync 1 DAGs
[2026-05-27T01:55:03.256+0000] {logging_mixin.py:190} INFO - [2026-05-27T01:55:03.255+0000] {dag.py:4138} INFO - Setting next_dagrun for example_params_trigger_ui to None, run_after=None
[2026-05-27T01:55:03.266+0000] {processor.py:208} INFO - Processing /home/airflow/.local/lib/python3.12/site-packages/airflow/example_dags/example_params_trigger_ui.py took 0.064 seconds
[2026-05-27T01:55:33.489+0000] {processor.py:186} INFO - Started process (PID=266) to work on /home/airflow/.local/lib/python3.12/site-packages/airflow/example_dags/example_params_trigger_ui.py
[2026-05-27T01:55:33.490+0000] {processor.py:914} INFO - Processing file /home/airflow/.local/lib/python3.12/site-packages/airflow/example_dags/example_params_trigger_ui.py for tasks to queue
[2026-05-27T01:55:33.492+0000] {logging_mixin.py:190} INFO - [2026-05-27T01:55:33.492+0000] {dagbag.py:587} INFO - Filling up the DagBag from /home/airflow/.local/lib/python3.12/site-packages/airflow/example_dags/example_params_trigger_ui.py
[2026-05-27T01:55:33.499+0000] {processor.py:925} INFO - DAG(s) 'example_params_trigger_ui' retrieved from /home/airflow/.local/lib/python3.12/site-packages/airflow/example_dags/example_params_trigger_ui.py
[2026-05-27T01:55:33.526+0000] {logging_mixin.py:190} INFO - [2026-05-27T01:55:33.526+0000] {dag.py:3211} INFO - Sync 1 DAGs
[2026-05-27T01:55:33.535+0000] {logging_mixin.py:190} INFO - [2026-05-27T01:55:33.535+0000] {dag.py:4138} INFO - Setting next_dagrun for example_params_trigger_ui to None, run_after=None
[2026-05-27T01:55:33.550+0000] {processor.py:208} INFO - Processing /home/airflow/.local/lib/python3.12/site-packages/airflow/example_dags/example_params_trigger_ui.py took 0.065 seconds
[2026-05-27T01:56:03.989+0000] {processor.py:186} INFO - Started process (PID=334) to work on /home/airflow/.local/lib/python3.12/site-packages/airflow/example_dags/example_params_trigger_ui.py
[2026-05-27T01:56:03.990+0000] {processor.py:914} INFO - Processing file /home/airflow/.local/lib/python3.12/site-packages/airflow/example_dags/example_params_trigger_ui.py for tasks to queue
[2026-05-27T01:56:03.992+0000] {logging_mixin.py:190} INFO - [2026-05-27T01:56:03.992+0000] {dagbag.py:587} INFO - Filling up the DagBag from /home/airflow/.local/lib/python3.12/site-packages/airflow/example_dags/example_params_trigger_ui.py
[2026-05-27T01:56:03.999+0000] {processor.py:925} INFO - DAG(s) 'example_params_trigger_ui' retrieved from /home/airflow/.local/lib/python3.12/site-packages/airflow/example_dags/example_params_trigger_ui.py
[2026-05-27T01:56:04.025+0000] {logging_mixin.py:190} INFO - [2026-05-27T01:56:04.025+0000] {dag.py:3211} INFO - Sync 1 DAGs
[2026-05-27T01:56:04.035+0000] {logging_mixin.py:190} INFO - [2026-05-27T01:56:04.035+0000] {dag.py:4138} INFO - Setting next_dagrun for example_params_trigger_ui to None, run_after=None
[2026-05-27T01:56:04.046+0000] {processor.py:208} INFO - Processing /home/airflow/.local/lib/python3.12/site-packages/airflow/example_dags/example_params_trigger_ui.py took 0.061 seconds
[2026-05-27T01:56:34.413+0000] {processor.py:186} INFO - Started process (PID=396) to work on /home/airflow/.local/lib/python3.12/site-packages/airflow/example_dags/example_params_trigger_ui.py
[2026-05-27T01:56:34.414+0000] {processor.py:914} INFO - Processing file /home/airflow/.local/lib/python3.12/site-packages/airflow/example_dags/example_params_trigger_ui.py for tasks to queue
[2026-05-27T01:56:34.416+0000] {logging_mixin.py:190} INFO - [2026-05-27T01:56:34.416+0000] {dagbag.py:587} INFO - Filling up the DagBag from /home/airflow/.local/lib/python3.12/site-packages/airflow/example_dags/example_params_trigger_ui.py
[2026-05-27T01:56:34.425+0000] {processor.py:925} INFO - DAG(s) 'example_params_trigger_ui' retrieved from /home/airflow/.local/lib/python3.12/site-packages/airflow/example_dags/example_params_trigger_ui.py
[2026-05-27T01:56:34.458+0000] {logging_mixin.py:190} INFO - [2026-05-27T01:56:34.457+0000] {dag.py:3211} INFO - Sync 1 DAGs
[2026-05-27T01:56:34.472+0000] {logging_mixin.py:190} INFO - [2026-05-27T01:56:34.471+0000] {dag.py:4138} INFO - Setting next_dagrun for example_params_trigger_ui to None, run_after=None
[2026-05-27T01:56:34.494+0000] {processor.py:208} INFO - Processing /home/airflow/.local/lib/python3.12/site-packages/airflow/example_dags/example_params_trigger_ui.py took 0.085 seconds
[2026-05-27T01:57:04.652+0000] {processor.py:186} INFO - Started process (PID=458) to work on /home/airflow/.local/lib/python3.12/site-packages/airflow/example_dags/example_params_trigger_ui.py
[2026-05-27T01:57:04.652+0000] {processor.py:914} INFO - Processing file /home/airflow/.local/lib/python3.12/site-packages/airflow/example_dags/example_params_trigger_ui.py for tasks to queue
[2026-05-27T01:57:04.654+0000] {logging_mixin.py:190} INFO - [2026-05-27T01:57:04.654+0000] {dagbag.py:587} INFO - Filling up the DagBag from /home/airflow/.local/lib/python3.12/site-packages/airflow/example_dags/example_params_trigger_ui.py
[2026-05-27T01:57:04.662+0000] {processor.py:925} INFO - DAG(s) 'example_params_trigger_ui' retrieved from /home/airflow/.local/lib/python3.12/site-packages/airflow/example_dags/example_params_trigger_ui.py
[2026-05-27T01:57:04.688+0000] {logging_mixin.py:190} INFO - [2026-05-27T01:57:04.688+0000] {dag.py:3211} INFO - Sync 1 DAGs
[2026-05-27T01:57:04.697+0000] {logging_mixin.py:190} INFO - [2026-05-27T01:57:04.697+0000] {dag.py:4138} INFO - Setting next_dagrun for example_params_trigger_ui to None, run_after=None
[2026-05-27T01:57:04.708+0000] {processor.py:208} INFO - Processing /home/airflow/.local/lib/python3.12/site-packages/airflow/example_dags/example_params_trigger_ui.py took 0.060 seconds
[2026-05-27T01:57:35.373+0000] {processor.py:186} INFO - Started process (PID=520) to work on /home/airflow/.local/lib/python3.12/site-packages/airflow/example_dags/example_params_trigger_ui.py
[2026-05-27T01:57:35.374+0000] {processor.py:914} INFO - Processing file /home/airflow/.local/lib/python3.12/site-packages/airflow/example_dags/example_params_trigger_ui.py for tasks to queue
[2026-05-27T01:57:35.376+0000] {logging_mixin.py:190} INFO - [2026-05-27T01:57:35.376+0000] {dagbag.py:587} INFO - Filling up the DagBag from /home/airflow/.local/lib/python3.12/site-packages/airflow/example_dags/example_params_trigger_ui.py
[2026-05-27T01:57:35.384+0000] {processor.py:925} INFO - DAG(s) 'example_params_trigger_ui' retrieved from /home/airflow/.local/lib/python3.12/site-packages/airflow/example_dags/example_params_trigger_ui.py
[2026-05-27T01:57:35.418+0000] {logging_mixin.py:190} INFO - [2026-05-27T01:57:35.418+0000] {dag.py:3211} INFO - Sync 1 DAGs
[2026-05-27T01:57:35.427+0000] {logging_mixin.py:190} INFO - [2026-05-27T01:57:35.427+0000] {dag.py:4138} INFO - Setting next_dagrun for example_params_trigger_ui to None, run_after=None
[2026-05-27T01:57:35.438+0000] {processor.py:208} INFO - Processing /home/airflow/.local/lib/python3.12/site-packages/airflow/example_dags/example_params_trigger_ui.py took 0.069 seconds
[2026-05-27T01:58:05.913+0000] {processor.py:186} INFO - Started process (PID=582) to work on /home/airflow/.local/lib/python3.12/site-packages/airflow/example_dags/example_params_trigger_ui.py
[2026-05-27T01:58:05.914+0000] {processor.py:914} INFO - Processing file /home/airflow/.local/lib/python3.12/site-packages/airflow/example_dags/example_params_trigger_ui.py for tasks to queue
[2026-05-27T01:58:05.917+0000] {logging_mixin.py:190} INFO - [2026-05-27T01:58:05.916+0000] {dagbag.py:587} INFO - Filling up the DagBag from /home/airflow/.local/lib/python3.12/site-packages/airflow/example_dags/example_params_trigger_ui.py
[2026-05-27T01:58:05.925+0000] {processor.py:925} INFO - DAG(s) 'example_params_trigger_ui' retrieved from /home/airflow/.local/lib/python3.12/site-packages/airflow/example_dags/example_params_trigger_ui.py
[2026-05-27T01:58:05.953+0000] {logging_mixin.py:190} INFO - [2026-05-27T01:58:05.953+0000] {dag.py:3211} INFO - Sync 1 DAGs
[2026-05-27T01:58:05.963+0000] {logging_mixin.py:190} INFO - [2026-05-27T01:58:05.963+0000] {dag.py:4138} INFO - Setting next_dagrun for example_params_trigger_ui to None, run_after=None
[2026-05-27T01:58:05.974+0000] {processor.py:208} INFO - Processing /home/airflow/.local/lib/python3.12/site-packages/airflow/example_dags/example_params_trigger_ui.py took 0.066 seconds
[2026-05-27T01:59:13.379+0000] {processor.py:186} INFO - Started process (PID=76) to work on /home/airflow/.local/lib/python3.12/site-packages/airflow/example_dags/example_params_trigger_ui.py
[2026-05-27T01:59:13.380+0000] {processor.py:914} INFO - Processing file /home/airflow/.local/lib/python3.12/site-packages/airflow/example_dags/example_params_trigger_ui.py for tasks to queue
[2026-05-27T01:59:13.383+0000] {logging_mixin.py:190} INFO - [2026-05-27T01:59:13.382+0000] {dagbag.py:587} INFO - Filling up the DagBag from /home/airflow/.local/lib/python3.12/site-packages/airflow/example_dags/example_params_trigger_ui.py
[2026-05-27T01:59:13.395+0000] {processor.py:925} INFO - DAG(s) 'example_params_trigger_ui' retrieved from /home/airflow/.local/lib/python3.12/site-packages/airflow/example_dags/example_params_trigger_ui.py
[2026-05-27T01:59:13.435+0000] {logging_mixin.py:190} INFO - [2026-05-27T01:59:13.435+0000] {dag.py:3211} INFO - Sync 1 DAGs
[2026-05-27T01:59:13.449+0000] {logging_mixin.py:190} INFO - [2026-05-27T01:59:13.449+0000] {dag.py:4138} INFO - Setting next_dagrun for example_params_trigger_ui to None, run_after=None
[2026-05-27T01:59:13.464+0000] {processor.py:208} INFO - Processing /home/airflow/.local/lib/python3.12/site-packages/airflow/example_dags/example_params_trigger_ui.py took 0.089 seconds
[2026-05-27T01:59:43.849+0000] {processor.py:186} INFO - Started process (PID=174) to work on /home/airflow/.local/lib/python3.12/site-packages/airflow/example_dags/example_params_trigger_ui.py
[2026-05-27T01:59:43.850+0000] {processor.py:914} INFO - Processing file /home/airflow/.local/lib/python3.12/site-packages/airflow/example_dags/example_params_trigger_ui.py for tasks to queue
[2026-05-27T01:59:43.852+0000] {logging_mixin.py:190} INFO - [2026-05-27T01:59:43.851+0000] {dagbag.py:587} INFO - Filling up the DagBag from /home/airflow/.local/lib/python3.12/site-packages/airflow/example_dags/example_params_trigger_ui.py
[2026-05-27T01:59:43.859+0000] {processor.py:925} INFO - DAG(s) 'example_params_trigger_ui' retrieved from /home/airflow/.local/lib/python3.12/site-packages/airflow/example_dags/example_params_trigger_ui.py
[2026-05-27T01:59:43.889+0000] {logging_mixin.py:190} INFO - [2026-05-27T01:59:43.889+0000] {dag.py:3211} INFO - Sync 1 DAGs
[2026-05-27T01:59:43.900+0000] {logging_mixin.py:190} INFO - [2026-05-27T01:59:43.900+0000] {dag.py:4138} INFO - Setting next_dagrun for example_params_trigger_ui to None, run_after=None
[2026-05-27T01:59:43.913+0000] {processor.py:208} INFO - Processing /home/airflow/.local/lib/python3.12/site-packages/airflow/example_dags/example_params_trigger_ui.py took 0.068 seconds
[2026-05-27T02:00:14.126+0000] {processor.py:186} INFO - Started process (PID=237) to work on /home/airflow/.local/lib/python3.12/site-packages/airflow/example_dags/example_params_trigger_ui.py
[2026-05-27T02:00:14.127+0000] {processor.py:914} INFO - Processing file /home/airflow/.local/lib/python3.12/site-packages/airflow/example_dags/example_params_trigger_ui.py for tasks to queue
[2026-05-27T02:00:14.129+0000] {logging_mixin.py:190} INFO - [2026-05-27T02:00:14.129+0000] {dagbag.py:587} INFO - Filling up the DagBag from /home/airflow/.local/lib/python3.12/site-packages/airflow/example_dags/example_params_trigger_ui.py
[2026-05-27T02:00:14.137+0000] {processor.py:925} INFO - DAG(s) 'example_params_trigger_ui' retrieved from /home/airflow/.local/lib/python3.12/site-packages/airflow/example_dags/example_params_trigger_ui.py
[2026-05-27T02:00:14.171+0000] {logging_mixin.py:190} INFO - [2026-05-27T02:00:14.171+0000] {dag.py:3211} INFO - Sync 1 DAGs
[2026-05-27T02:00:14.182+0000] {logging_mixin.py:190} INFO - [2026-05-27T02:00:14.182+0000] {dag.py:4138} INFO - Setting next_dagrun for example_params_trigger_ui to None, run_after=None
[2026-05-27T02:00:14.194+0000] {processor.py:208} INFO - Processing /home/airflow/.local/lib/python3.12/site-packages/airflow/example_dags/example_params_trigger_ui.py took 0.074 seconds
[2026-05-27T02:00:44.961+0000] {processor.py:186} INFO - Started process (PID=299) to work on /home/airflow/.local/lib/python3.12/site-packages/airflow/example_dags/example_params_trigger_ui.py
[2026-05-27T02:00:44.962+0000] {processor.py:914} INFO - Processing file /home/airflow/.local/lib/python3.12/site-packages/airflow/example_dags/example_params_trigger_ui.py for tasks to queue
[2026-05-27T02:00:44.965+0000] {logging_mixin.py:190} INFO - [2026-05-27T02:00:44.964+0000] {dagbag.py:587} INFO - Filling up the DagBag from /home/airflow/.local/lib/python3.12/site-packages/airflow/example_dags/example_params_trigger_ui.py
[2026-05-27T02:00:44.974+0000] {processor.py:925} INFO - DAG(s) 'example_params_trigger_ui' retrieved from /home/airflow/.local/lib/python3.12/site-packages/airflow/example_dags/example_params_trigger_ui.py
[2026-05-27T02:00:45.003+0000] {logging_mixin.py:190} INFO - [2026-05-27T02:00:45.003+0000] {dag.py:3211} INFO - Sync 1 DAGs
[2026-05-27T02:00:45.012+0000] {logging_mixin.py:190} INFO - [2026-05-27T02:00:45.012+0000] {dag.py:4138} INFO - Setting next_dagrun for example_params_trigger_ui to None, run_after=None
[2026-05-27T02:00:45.022+0000] {processor.py:208} INFO - Processing /home/airflow/.local/lib/python3.12/site-packages/airflow/example_dags/example_params_trigger_ui.py took 0.066 seconds
[2026-05-27T02:01:15.178+0000] {processor.py:186} INFO - Started process (PID=361) to work on /home/airflow/.local/lib/python3.12/site-packages/airflow/example_dags/example_params_trigger_ui.py
[2026-05-27T02:01:15.178+0000] {processor.py:914} INFO - Processing file /home/airflow/.local/lib/python3.12/site-packages/airflow/example_dags/example_params_trigger_ui.py for tasks to queue
[2026-05-27T02:01:15.181+0000] {logging_mixin.py:190} INFO - [2026-05-27T02:01:15.180+0000] {dagbag.py:587} INFO - Filling up the DagBag from /home/airflow/.local/lib/python3.12/site-packages/airflow/example_dags/example_params_trigger_ui.py
[2026-05-27T02:01:15.189+0000] {processor.py:925} INFO - DAG(s) 'example_params_trigger_ui' retrieved from /home/airflow/.local/lib/python3.12/site-packages/airflow/example_dags/example_params_trigger_ui.py
[2026-05-27T02:01:15.218+0000] {logging_mixin.py:190} INFO - [2026-05-27T02:01:15.218+0000] {dag.py:3211} INFO - Sync 1 DAGs
[2026-05-27T02:01:15.227+0000] {logging_mixin.py:190} INFO - [2026-05-27T02:01:15.227+0000] {dag.py:4138} INFO - Setting next_dagrun for example_params_trigger_ui to None, run_after=None
[2026-05-27T02:01:15.239+0000] {processor.py:208} INFO - Processing /home/airflow/.local/lib/python3.12/site-packages/airflow/example_dags/example_params_trigger_ui.py took 0.066 seconds
[2026-05-27T02:01:48.581+0000] {processor.py:186} INFO - Started process (PID=61) to work on /home/airflow/.local/lib/python3.12/site-packages/airflow/example_dags/example_params_trigger_ui.py
[2026-05-27T02:01:48.582+0000] {processor.py:914} INFO - Processing file /home/airflow/.local/lib/python3.12/site-packages/airflow/example_dags/example_params_trigger_ui.py for tasks to queue
[2026-05-27T02:01:48.584+0000] {logging_mixin.py:190} INFO - [2026-05-27T02:01:48.583+0000] {dagbag.py:587} INFO - Filling up the DagBag from /home/airflow/.local/lib/python3.12/site-packages/airflow/example_dags/example_params_trigger_ui.py
[2026-05-27T02:01:48.592+0000] {processor.py:925} INFO - DAG(s) 'example_params_trigger_ui' retrieved from /home/airflow/.local/lib/python3.12/site-packages/airflow/example_dags/example_params_trigger_ui.py
[2026-05-27T02:01:48.623+0000] {logging_mixin.py:190} INFO - [2026-05-27T02:01:48.623+0000] {dag.py:3211} INFO - Sync 1 DAGs
[2026-05-27T02:01:48.634+0000] {logging_mixin.py:190} INFO - [2026-05-27T02:01:48.634+0000] {dag.py:4138} INFO - Setting next_dagrun for example_params_trigger_ui to None, run_after=None
[2026-05-27T02:01:48.648+0000] {processor.py:208} INFO - Processing /home/airflow/.local/lib/python3.12/site-packages/airflow/example_dags/example_params_trigger_ui.py took 0.071 seconds
[2026-05-27T02:02:18.193+0000] {processor.py:186} INFO - Started process (PID=61) to work on /home/airflow/.local/lib/python3.12/site-packages/airflow/example_dags/example_params_trigger_ui.py
[2026-05-27T02:02:18.194+0000] {processor.py:914} INFO - Processing file /home/airflow/.local/lib/python3.12/site-packages/airflow/example_dags/example_params_trigger_ui.py for tasks to queue
[2026-05-27T02:02:18.196+0000] {logging_mixin.py:190} INFO - [2026-05-27T02:02:18.195+0000] {dagbag.py:587} INFO - Filling up the DagBag from /home/airflow/.local/lib/python3.12/site-packages/airflow/example_dags/example_params_trigger_ui.py
[2026-05-27T02:02:18.204+0000] {processor.py:925} INFO - DAG(s) 'example_params_trigger_ui' retrieved from /home/airflow/.local/lib/python3.12/site-packages/airflow/example_dags/example_params_trigger_ui.py
[2026-05-27T02:02:18.240+0000] {logging_mixin.py:190} INFO - [2026-05-27T02:02:18.239+0000] {dag.py:3211} INFO - Sync 1 DAGs
[2026-05-27T02:02:18.250+0000] {logging_mixin.py:190} INFO - [2026-05-27T02:02:18.250+0000] {dag.py:4138} INFO - Setting next_dagrun for example_params_trigger_ui to None, run_after=None
[2026-05-27T02:02:18.263+0000] {processor.py:208} INFO - Processing /home/airflow/.local/lib/python3.12/site-packages/airflow/example_dags/example_params_trigger_ui.py took 0.075 seconds
[2026-05-27T02:02:59.696+0000] {processor.py:186} INFO - Started process (PID=61) to work on /home/airflow/.local/lib/python3.12/site-packages/airflow/example_dags/example_params_trigger_ui.py
[2026-05-27T02:02:59.697+0000] {processor.py:914} INFO - Processing file /home/airflow/.local/lib/python3.12/site-packages/airflow/example_dags/example_params_trigger_ui.py for tasks to queue
[2026-05-27T02:02:59.699+0000] {logging_mixin.py:190} INFO - [2026-05-27T02:02:59.698+0000] {dagbag.py:587} INFO - Filling up the DagBag from /home/airflow/.local/lib/python3.12/site-packages/airflow/example_dags/example_params_trigger_ui.py
[2026-05-27T02:02:59.708+0000] {processor.py:925} INFO - DAG(s) 'example_params_trigger_ui' retrieved from /home/airflow/.local/lib/python3.12/site-packages/airflow/example_dags/example_params_trigger_ui.py
[2026-05-27T02:02:59.746+0000] {logging_mixin.py:190} INFO - [2026-05-27T02:02:59.745+0000] {dag.py:3211} INFO - Sync 1 DAGs
[2026-05-27T02:02:59.758+0000] {logging_mixin.py:190} INFO - [2026-05-27T02:02:59.758+0000] {dag.py:4138} INFO - Setting next_dagrun for example_params_trigger_ui to None, run_after=None
[2026-05-27T02:02:59.772+0000] {processor.py:208} INFO - Processing /home/airflow/.local/lib/python3.12/site-packages/airflow/example_dags/example_params_trigger_ui.py took 0.083 seconds
