[2026-05-27T01:54:01.498+0000] {processor.py:186} INFO - Started process (PID=62) to work on /home/airflow/.local/lib/python3.12/site-packages/airflow/example_dags/example_branch_operator.py
[2026-05-27T01:54:01.499+0000] {processor.py:914} INFO - Processing file /home/airflow/.local/lib/python3.12/site-packages/airflow/example_dags/example_branch_operator.py for tasks to queue
[2026-05-27T01:54:01.501+0000] {logging_mixin.py:190} INFO - [2026-05-27T01:54:01.501+0000] {dagbag.py:587} INFO - Filling up the DagBag from /home/airflow/.local/lib/python3.12/site-packages/airflow/example_dags/example_branch_operator.py
[2026-05-27T01:54:01.534+0000] {processor.py:925} INFO - DAG(s) 'example_branch_operator' retrieved from /home/airflow/.local/lib/python3.12/site-packages/airflow/example_dags/example_branch_operator.py
[2026-05-27T01:54:01.646+0000] {logging_mixin.py:190} INFO - [2026-05-27T01:54:01.646+0000] {override.py:1858} INFO - Created Permission View: can edit on DAG:example_branch_operator
[2026-05-27T01:54:01.654+0000] {logging_mixin.py:190} INFO - [2026-05-27T01:54:01.654+0000] {override.py:1858} INFO - Created Permission View: can read on DAG:example_branch_operator
[2026-05-27T01:54:01.658+0000] {logging_mixin.py:190} INFO - [2026-05-27T01:54:01.658+0000] {override.py:1858} INFO - Created Permission View: can delete on DAG:example_branch_operator
[2026-05-27T01:54:01.659+0000] {logging_mixin.py:190} INFO - [2026-05-27T01:54:01.659+0000] {dag.py:3211} INFO - Sync 1 DAGs
[2026-05-27T01:54:01.670+0000] {logging_mixin.py:190} INFO - [2026-05-27T01:54:01.670+0000] {dag.py:3234} INFO - Creating ORM DAG for example_branch_operator
[2026-05-27T01:54:01.679+0000] {logging_mixin.py:190} INFO - [2026-05-27T01:54:01.679+0000] {dag.py:4138} INFO - Setting next_dagrun for example_branch_operator to 2026-05-26 00:00:00+00:00, run_after=2026-05-27 00:00:00+00:00
[2026-05-27T01:54:01.694+0000] {processor.py:208} INFO - Processing /home/airflow/.local/lib/python3.12/site-packages/airflow/example_dags/example_branch_operator.py took 0.202 seconds
[2026-05-27T01:54:32.405+0000] {processor.py:186} INFO - Started process (PID=134) to work on /home/airflow/.local/lib/python3.12/site-packages/airflow/example_dags/example_branch_operator.py
[2026-05-27T01:54:32.407+0000] {processor.py:914} INFO - Processing file /home/airflow/.local/lib/python3.12/site-packages/airflow/example_dags/example_branch_operator.py for tasks to queue
[2026-05-27T01:54:32.413+0000] {logging_mixin.py:190} INFO - [2026-05-27T01:54:32.412+0000] {dagbag.py:587} INFO - Filling up the DagBag from /home/airflow/.local/lib/python3.12/site-packages/airflow/example_dags/example_branch_operator.py
[2026-05-27T01:54:32.440+0000] {processor.py:925} INFO - DAG(s) 'example_branch_operator' retrieved from /home/airflow/.local/lib/python3.12/site-packages/airflow/example_dags/example_branch_operator.py
[2026-05-27T01:54:32.495+0000] {logging_mixin.py:190} INFO - [2026-05-27T01:54:32.495+0000] {dag.py:3211} INFO - Sync 1 DAGs
[2026-05-27T01:54:32.528+0000] {logging_mixin.py:190} INFO - [2026-05-27T01:54:32.528+0000] {dag.py:4138} INFO - Setting next_dagrun for example_branch_operator to 2026-05-26 00:00:00+00:00, run_after=2026-05-27 00:00:00+00:00
[2026-05-27T01:54:32.551+0000] {processor.py:208} INFO - Processing /home/airflow/.local/lib/python3.12/site-packages/airflow/example_dags/example_branch_operator.py took 0.152 seconds
[2026-05-27T01:55:02.897+0000] {processor.py:186} INFO - Started process (PID=199) to work on /home/airflow/.local/lib/python3.12/site-packages/airflow/example_dags/example_branch_operator.py
[2026-05-27T01:55:02.897+0000] {processor.py:914} INFO - Processing file /home/airflow/.local/lib/python3.12/site-packages/airflow/example_dags/example_branch_operator.py for tasks to queue
[2026-05-27T01:55:02.900+0000] {logging_mixin.py:190} INFO - [2026-05-27T01:55:02.899+0000] {dagbag.py:587} INFO - Filling up the DagBag from /home/airflow/.local/lib/python3.12/site-packages/airflow/example_dags/example_branch_operator.py
[2026-05-27T01:55:02.915+0000] {processor.py:925} INFO - DAG(s) 'example_branch_operator' retrieved from /home/airflow/.local/lib/python3.12/site-packages/airflow/example_dags/example_branch_operator.py
[2026-05-27T01:55:02.938+0000] {logging_mixin.py:190} INFO - [2026-05-27T01:55:02.938+0000] {dag.py:3211} INFO - Sync 1 DAGs
[2026-05-27T01:55:02.963+0000] {logging_mixin.py:190} INFO - [2026-05-27T01:55:02.963+0000] {dag.py:4138} INFO - Setting next_dagrun for example_branch_operator to 2026-05-26 00:00:00+00:00, run_after=2026-05-27 00:00:00+00:00
[2026-05-27T01:55:02.976+0000] {processor.py:208} INFO - Processing /home/airflow/.local/lib/python3.12/site-packages/airflow/example_dags/example_branch_operator.py took 0.084 seconds
[2026-05-27T01:55:33.271+0000] {processor.py:186} INFO - Started process (PID=261) to work on /home/airflow/.local/lib/python3.12/site-packages/airflow/example_dags/example_branch_operator.py
[2026-05-27T01:55:33.271+0000] {processor.py:914} INFO - Processing file /home/airflow/.local/lib/python3.12/site-packages/airflow/example_dags/example_branch_operator.py for tasks to queue
[2026-05-27T01:55:33.273+0000] {logging_mixin.py:190} INFO - [2026-05-27T01:55:33.273+0000] {dagbag.py:587} INFO - Filling up the DagBag from /home/airflow/.local/lib/python3.12/site-packages/airflow/example_dags/example_branch_operator.py
[2026-05-27T01:55:33.287+0000] {processor.py:925} INFO - DAG(s) 'example_branch_operator' retrieved from /home/airflow/.local/lib/python3.12/site-packages/airflow/example_dags/example_branch_operator.py
[2026-05-27T01:55:33.310+0000] {logging_mixin.py:190} INFO - [2026-05-27T01:55:33.310+0000] {dag.py:3211} INFO - Sync 1 DAGs
[2026-05-27T01:55:33.326+0000] {logging_mixin.py:190} INFO - [2026-05-27T01:55:33.326+0000] {dag.py:4138} INFO - Setting next_dagrun for example_branch_operator to 2026-05-26 00:00:00+00:00, run_after=2026-05-27 00:00:00+00:00
[2026-05-27T01:55:33.337+0000] {processor.py:208} INFO - Processing /home/airflow/.local/lib/python3.12/site-packages/airflow/example_dags/example_branch_operator.py took 0.070 seconds
[2026-05-27T01:56:03.768+0000] {processor.py:186} INFO - Started process (PID=329) to work on /home/airflow/.local/lib/python3.12/site-packages/airflow/example_dags/example_branch_operator.py
[2026-05-27T01:56:03.769+0000] {processor.py:914} INFO - Processing file /home/airflow/.local/lib/python3.12/site-packages/airflow/example_dags/example_branch_operator.py for tasks to queue
[2026-05-27T01:56:03.771+0000] {logging_mixin.py:190} INFO - [2026-05-27T01:56:03.770+0000] {dagbag.py:587} INFO - Filling up the DagBag from /home/airflow/.local/lib/python3.12/site-packages/airflow/example_dags/example_branch_operator.py
[2026-05-27T01:56:03.783+0000] {processor.py:925} INFO - DAG(s) 'example_branch_operator' retrieved from /home/airflow/.local/lib/python3.12/site-packages/airflow/example_dags/example_branch_operator.py
[2026-05-27T01:56:03.804+0000] {logging_mixin.py:190} INFO - [2026-05-27T01:56:03.804+0000] {dag.py:3211} INFO - Sync 1 DAGs
[2026-05-27T01:56:03.821+0000] {logging_mixin.py:190} INFO - [2026-05-27T01:56:03.821+0000] {dag.py:4138} INFO - Setting next_dagrun for example_branch_operator to 2026-05-26 00:00:00+00:00, run_after=2026-05-27 00:00:00+00:00
[2026-05-27T01:56:03.831+0000] {processor.py:208} INFO - Processing /home/airflow/.local/lib/python3.12/site-packages/airflow/example_dags/example_branch_operator.py took 0.067 seconds
[2026-05-27T01:56:34.113+0000] {processor.py:186} INFO - Started process (PID=391) to work on /home/airflow/.local/lib/python3.12/site-packages/airflow/example_dags/example_branch_operator.py
[2026-05-27T01:56:34.114+0000] {processor.py:914} INFO - Processing file /home/airflow/.local/lib/python3.12/site-packages/airflow/example_dags/example_branch_operator.py for tasks to queue
[2026-05-27T01:56:34.116+0000] {logging_mixin.py:190} INFO - [2026-05-27T01:56:34.116+0000] {dagbag.py:587} INFO - Filling up the DagBag from /home/airflow/.local/lib/python3.12/site-packages/airflow/example_dags/example_branch_operator.py
[2026-05-27T01:56:34.129+0000] {processor.py:925} INFO - DAG(s) 'example_branch_operator' retrieved from /home/airflow/.local/lib/python3.12/site-packages/airflow/example_dags/example_branch_operator.py
[2026-05-27T01:56:34.150+0000] {logging_mixin.py:190} INFO - [2026-05-27T01:56:34.149+0000] {dag.py:3211} INFO - Sync 1 DAGs
[2026-05-27T01:56:34.171+0000] {logging_mixin.py:190} INFO - [2026-05-27T01:56:34.170+0000] {dag.py:4138} INFO - Setting next_dagrun for example_branch_operator to 2026-05-26 00:00:00+00:00, run_after=2026-05-27 00:00:00+00:00
[2026-05-27T01:56:34.183+0000] {processor.py:208} INFO - Processing /home/airflow/.local/lib/python3.12/site-packages/airflow/example_dags/example_branch_operator.py took 0.075 seconds
[2026-05-27T01:57:04.358+0000] {processor.py:186} INFO - Started process (PID=453) to work on /home/airflow/.local/lib/python3.12/site-packages/airflow/example_dags/example_branch_operator.py
[2026-05-27T01:57:04.359+0000] {processor.py:914} INFO - Processing file /home/airflow/.local/lib/python3.12/site-packages/airflow/example_dags/example_branch_operator.py for tasks to queue
[2026-05-27T01:57:04.361+0000] {logging_mixin.py:190} INFO - [2026-05-27T01:57:04.360+0000] {dagbag.py:587} INFO - Filling up the DagBag from /home/airflow/.local/lib/python3.12/site-packages/airflow/example_dags/example_branch_operator.py
[2026-05-27T01:57:04.374+0000] {processor.py:925} INFO - DAG(s) 'example_branch_operator' retrieved from /home/airflow/.local/lib/python3.12/site-packages/airflow/example_dags/example_branch_operator.py
[2026-05-27T01:57:04.399+0000] {logging_mixin.py:190} INFO - [2026-05-27T01:57:04.399+0000] {dag.py:3211} INFO - Sync 1 DAGs
[2026-05-27T01:57:04.418+0000] {logging_mixin.py:190} INFO - [2026-05-27T01:57:04.418+0000] {dag.py:4138} INFO - Setting next_dagrun for example_branch_operator to 2026-05-26 00:00:00+00:00, run_after=2026-05-27 00:00:00+00:00
[2026-05-27T01:57:04.429+0000] {processor.py:208} INFO - Processing /home/airflow/.local/lib/python3.12/site-packages/airflow/example_dags/example_branch_operator.py took 0.076 seconds
[2026-05-27T01:57:35.098+0000] {processor.py:186} INFO - Started process (PID=515) to work on /home/airflow/.local/lib/python3.12/site-packages/airflow/example_dags/example_branch_operator.py
[2026-05-27T01:57:35.098+0000] {processor.py:914} INFO - Processing file /home/airflow/.local/lib/python3.12/site-packages/airflow/example_dags/example_branch_operator.py for tasks to queue
[2026-05-27T01:57:35.101+0000] {logging_mixin.py:190} INFO - [2026-05-27T01:57:35.100+0000] {dagbag.py:587} INFO - Filling up the DagBag from /home/airflow/.local/lib/python3.12/site-packages/airflow/example_dags/example_branch_operator.py
[2026-05-27T01:57:35.113+0000] {processor.py:925} INFO - DAG(s) 'example_branch_operator' retrieved from /home/airflow/.local/lib/python3.12/site-packages/airflow/example_dags/example_branch_operator.py
[2026-05-27T01:57:35.132+0000] {logging_mixin.py:190} INFO - [2026-05-27T01:57:35.132+0000] {dag.py:3211} INFO - Sync 1 DAGs
[2026-05-27T01:57:35.147+0000] {logging_mixin.py:190} INFO - [2026-05-27T01:57:35.147+0000] {dag.py:4138} INFO - Setting next_dagrun for example_branch_operator to 2026-05-26 00:00:00+00:00, run_after=2026-05-27 00:00:00+00:00
[2026-05-27T01:57:35.157+0000] {processor.py:208} INFO - Processing /home/airflow/.local/lib/python3.12/site-packages/airflow/example_dags/example_branch_operator.py took 0.064 seconds
[2026-05-27T01:58:05.619+0000] {processor.py:186} INFO - Started process (PID=577) to work on /home/airflow/.local/lib/python3.12/site-packages/airflow/example_dags/example_branch_operator.py
[2026-05-27T01:58:05.619+0000] {processor.py:914} INFO - Processing file /home/airflow/.local/lib/python3.12/site-packages/airflow/example_dags/example_branch_operator.py for tasks to queue
[2026-05-27T01:58:05.621+0000] {logging_mixin.py:190} INFO - [2026-05-27T01:58:05.621+0000] {dagbag.py:587} INFO - Filling up the DagBag from /home/airflow/.local/lib/python3.12/site-packages/airflow/example_dags/example_branch_operator.py
[2026-05-27T01:58:05.634+0000] {processor.py:925} INFO - DAG(s) 'example_branch_operator' retrieved from /home/airflow/.local/lib/python3.12/site-packages/airflow/example_dags/example_branch_operator.py
[2026-05-27T01:58:05.654+0000] {logging_mixin.py:190} INFO - [2026-05-27T01:58:05.654+0000] {dag.py:3211} INFO - Sync 1 DAGs
[2026-05-27T01:58:05.672+0000] {logging_mixin.py:190} INFO - [2026-05-27T01:58:05.672+0000] {dag.py:4138} INFO - Setting next_dagrun for example_branch_operator to 2026-05-26 00:00:00+00:00, run_after=2026-05-27 00:00:00+00:00
[2026-05-27T01:58:05.683+0000] {processor.py:208} INFO - Processing /home/airflow/.local/lib/python3.12/site-packages/airflow/example_dags/example_branch_operator.py took 0.069 seconds
[2026-05-27T01:59:12.983+0000] {processor.py:186} INFO - Started process (PID=71) to work on /home/airflow/.local/lib/python3.12/site-packages/airflow/example_dags/example_branch_operator.py
[2026-05-27T01:59:12.984+0000] {processor.py:914} INFO - Processing file /home/airflow/.local/lib/python3.12/site-packages/airflow/example_dags/example_branch_operator.py for tasks to queue
[2026-05-27T01:59:12.986+0000] {logging_mixin.py:190} INFO - [2026-05-27T01:59:12.986+0000] {dagbag.py:587} INFO - Filling up the DagBag from /home/airflow/.local/lib/python3.12/site-packages/airflow/example_dags/example_branch_operator.py
[2026-05-27T01:59:13.000+0000] {processor.py:925} INFO - DAG(s) 'example_branch_operator' retrieved from /home/airflow/.local/lib/python3.12/site-packages/airflow/example_dags/example_branch_operator.py
[2026-05-27T01:59:13.082+0000] {logging_mixin.py:190} INFO - [2026-05-27T01:59:13.082+0000] {dag.py:3211} INFO - Sync 1 DAGs
[2026-05-27T01:59:13.097+0000] {logging_mixin.py:190} INFO - [2026-05-27T01:59:13.096+0000] {dag.py:4138} INFO - Setting next_dagrun for example_branch_operator to 2026-05-26 00:00:00+00:00, run_after=2026-05-27 00:00:00+00:00
[2026-05-27T01:59:13.113+0000] {processor.py:208} INFO - Processing /home/airflow/.local/lib/python3.12/site-packages/airflow/example_dags/example_branch_operator.py took 0.136 seconds
[2026-05-27T01:59:43.546+0000] {processor.py:186} INFO - Started process (PID=169) to work on /home/airflow/.local/lib/python3.12/site-packages/airflow/example_dags/example_branch_operator.py
[2026-05-27T01:59:43.546+0000] {processor.py:914} INFO - Processing file /home/airflow/.local/lib/python3.12/site-packages/airflow/example_dags/example_branch_operator.py for tasks to queue
[2026-05-27T01:59:43.548+0000] {logging_mixin.py:190} INFO - [2026-05-27T01:59:43.548+0000] {dagbag.py:587} INFO - Filling up the DagBag from /home/airflow/.local/lib/python3.12/site-packages/airflow/example_dags/example_branch_operator.py
[2026-05-27T01:59:43.560+0000] {processor.py:925} INFO - DAG(s) 'example_branch_operator' retrieved from /home/airflow/.local/lib/python3.12/site-packages/airflow/example_dags/example_branch_operator.py
[2026-05-27T01:59:43.581+0000] {logging_mixin.py:190} INFO - [2026-05-27T01:59:43.581+0000] {dag.py:3211} INFO - Sync 1 DAGs
[2026-05-27T01:59:43.599+0000] {logging_mixin.py:190} INFO - [2026-05-27T01:59:43.599+0000] {dag.py:4138} INFO - Setting next_dagrun for example_branch_operator to 2026-05-26 00:00:00+00:00, run_after=2026-05-27 00:00:00+00:00
[2026-05-27T01:59:43.611+0000] {processor.py:208} INFO - Processing /home/airflow/.local/lib/python3.12/site-packages/airflow/example_dags/example_branch_operator.py took 0.070 seconds
[2026-05-27T02:00:13.875+0000] {processor.py:186} INFO - Started process (PID=232) to work on /home/airflow/.local/lib/python3.12/site-packages/airflow/example_dags/example_branch_operator.py
[2026-05-27T02:00:13.876+0000] {processor.py:914} INFO - Processing file /home/airflow/.local/lib/python3.12/site-packages/airflow/example_dags/example_branch_operator.py for tasks to queue
[2026-05-27T02:00:13.878+0000] {logging_mixin.py:190} INFO - [2026-05-27T02:00:13.877+0000] {dagbag.py:587} INFO - Filling up the DagBag from /home/airflow/.local/lib/python3.12/site-packages/airflow/example_dags/example_branch_operator.py
[2026-05-27T02:00:13.893+0000] {processor.py:925} INFO - DAG(s) 'example_branch_operator' retrieved from /home/airflow/.local/lib/python3.12/site-packages/airflow/example_dags/example_branch_operator.py
[2026-05-27T02:00:13.922+0000] {logging_mixin.py:190} INFO - [2026-05-27T02:00:13.922+0000] {dag.py:3211} INFO - Sync 1 DAGs
[2026-05-27T02:00:13.943+0000] {logging_mixin.py:190} INFO - [2026-05-27T02:00:13.942+0000] {dag.py:4138} INFO - Setting next_dagrun for example_branch_operator to 2026-05-26 00:00:00+00:00, run_after=2026-05-27 00:00:00+00:00
[2026-05-27T02:00:13.954+0000] {processor.py:208} INFO - Processing /home/airflow/.local/lib/python3.12/site-packages/airflow/example_dags/example_branch_operator.py took 0.084 seconds
[2026-05-27T02:00:44.680+0000] {processor.py:186} INFO - Started process (PID=294) to work on /home/airflow/.local/lib/python3.12/site-packages/airflow/example_dags/example_branch_operator.py
[2026-05-27T02:00:44.681+0000] {processor.py:914} INFO - Processing file /home/airflow/.local/lib/python3.12/site-packages/airflow/example_dags/example_branch_operator.py for tasks to queue
[2026-05-27T02:00:44.682+0000] {logging_mixin.py:190} INFO - [2026-05-27T02:00:44.682+0000] {dagbag.py:587} INFO - Filling up the DagBag from /home/airflow/.local/lib/python3.12/site-packages/airflow/example_dags/example_branch_operator.py
[2026-05-27T02:00:44.695+0000] {processor.py:925} INFO - DAG(s) 'example_branch_operator' retrieved from /home/airflow/.local/lib/python3.12/site-packages/airflow/example_dags/example_branch_operator.py
[2026-05-27T02:00:44.713+0000] {logging_mixin.py:190} INFO - [2026-05-27T02:00:44.713+0000] {dag.py:3211} INFO - Sync 1 DAGs
[2026-05-27T02:00:44.728+0000] {logging_mixin.py:190} INFO - [2026-05-27T02:00:44.728+0000] {dag.py:4138} INFO - Setting next_dagrun for example_branch_operator to 2026-05-26 00:00:00+00:00, run_after=2026-05-27 00:00:00+00:00
[2026-05-27T02:00:44.738+0000] {processor.py:208} INFO - Processing /home/airflow/.local/lib/python3.12/site-packages/airflow/example_dags/example_branch_operator.py took 0.063 seconds
[2026-05-27T02:01:14.910+0000] {processor.py:186} INFO - Started process (PID=356) to work on /home/airflow/.local/lib/python3.12/site-packages/airflow/example_dags/example_branch_operator.py
[2026-05-27T02:01:14.910+0000] {processor.py:914} INFO - Processing file /home/airflow/.local/lib/python3.12/site-packages/airflow/example_dags/example_branch_operator.py for tasks to queue
[2026-05-27T02:01:14.912+0000] {logging_mixin.py:190} INFO - [2026-05-27T02:01:14.912+0000] {dagbag.py:587} INFO - Filling up the DagBag from /home/airflow/.local/lib/python3.12/site-packages/airflow/example_dags/example_branch_operator.py
[2026-05-27T02:01:14.925+0000] {processor.py:925} INFO - DAG(s) 'example_branch_operator' retrieved from /home/airflow/.local/lib/python3.12/site-packages/airflow/example_dags/example_branch_operator.py
[2026-05-27T02:01:14.943+0000] {logging_mixin.py:190} INFO - [2026-05-27T02:01:14.943+0000] {dag.py:3211} INFO - Sync 1 DAGs
[2026-05-27T02:01:14.957+0000] {logging_mixin.py:190} INFO - [2026-05-27T02:01:14.957+0000] {dag.py:4138} INFO - Setting next_dagrun for example_branch_operator to 2026-05-26 00:00:00+00:00, run_after=2026-05-27 00:00:00+00:00
[2026-05-27T02:01:14.967+0000] {processor.py:208} INFO - Processing /home/airflow/.local/lib/python3.12/site-packages/airflow/example_dags/example_branch_operator.py took 0.062 seconds
[2026-05-27T02:01:48.210+0000] {processor.py:186} INFO - Started process (PID=56) to work on /home/airflow/.local/lib/python3.12/site-packages/airflow/example_dags/example_branch_operator.py
[2026-05-27T02:01:48.210+0000] {processor.py:914} INFO - Processing file /home/airflow/.local/lib/python3.12/site-packages/airflow/example_dags/example_branch_operator.py for tasks to queue
[2026-05-27T02:01:48.212+0000] {logging_mixin.py:190} INFO - [2026-05-27T02:01:48.212+0000] {dagbag.py:587} INFO - Filling up the DagBag from /home/airflow/.local/lib/python3.12/site-packages/airflow/example_dags/example_branch_operator.py
[2026-05-27T02:01:48.224+0000] {processor.py:925} INFO - DAG(s) 'example_branch_operator' retrieved from /home/airflow/.local/lib/python3.12/site-packages/airflow/example_dags/example_branch_operator.py
[2026-05-27T02:01:48.304+0000] {logging_mixin.py:190} INFO - [2026-05-27T02:01:48.304+0000] {dag.py:3211} INFO - Sync 1 DAGs
[2026-05-27T02:01:48.321+0000] {logging_mixin.py:190} INFO - [2026-05-27T02:01:48.321+0000] {dag.py:4138} INFO - Setting next_dagrun for example_branch_operator to 2026-05-26 00:00:00+00:00, run_after=2026-05-27 00:00:00+00:00
[2026-05-27T02:01:48.334+0000] {processor.py:208} INFO - Processing /home/airflow/.local/lib/python3.12/site-packages/airflow/example_dags/example_branch_operator.py took 0.128 seconds
[2026-05-27T02:02:17.958+0000] {processor.py:186} INFO - Started process (PID=56) to work on /home/airflow/.local/lib/python3.12/site-packages/airflow/example_dags/example_branch_operator.py
[2026-05-27T02:02:17.958+0000] {processor.py:914} INFO - Processing file /home/airflow/.local/lib/python3.12/site-packages/airflow/example_dags/example_branch_operator.py for tasks to queue
[2026-05-27T02:02:17.961+0000] {logging_mixin.py:190} INFO - [2026-05-27T02:02:17.961+0000] {dagbag.py:587} INFO - Filling up the DagBag from /home/airflow/.local/lib/python3.12/site-packages/airflow/example_dags/example_branch_operator.py
[2026-05-27T02:02:17.979+0000] {processor.py:925} INFO - DAG(s) 'example_branch_operator' retrieved from /home/airflow/.local/lib/python3.12/site-packages/airflow/example_dags/example_branch_operator.py
[2026-05-27T02:02:17.988+0000] {logging_mixin.py:190} INFO - [2026-05-27T02:02:17.988+0000] {dag.py:3211} INFO - Sync 1 DAGs
[2026-05-27T02:02:18.004+0000] {logging_mixin.py:190} INFO - [2026-05-27T02:02:18.004+0000] {dag.py:4138} INFO - Setting next_dagrun for example_branch_operator to 2026-05-26 00:00:00+00:00, run_after=2026-05-27 00:00:00+00:00
[2026-05-27T02:02:18.015+0000] {processor.py:208} INFO - Processing /home/airflow/.local/lib/python3.12/site-packages/airflow/example_dags/example_branch_operator.py took 0.063 seconds
[2026-05-27T02:02:59.304+0000] {processor.py:186} INFO - Started process (PID=56) to work on /home/airflow/.local/lib/python3.12/site-packages/airflow/example_dags/example_branch_operator.py
[2026-05-27T02:02:59.305+0000] {processor.py:914} INFO - Processing file /home/airflow/.local/lib/python3.12/site-packages/airflow/example_dags/example_branch_operator.py for tasks to queue
[2026-05-27T02:02:59.307+0000] {logging_mixin.py:190} INFO - [2026-05-27T02:02:59.307+0000] {dagbag.py:587} INFO - Filling up the DagBag from /home/airflow/.local/lib/python3.12/site-packages/airflow/example_dags/example_branch_operator.py
[2026-05-27T02:02:59.319+0000] {processor.py:925} INFO - DAG(s) 'example_branch_operator' retrieved from /home/airflow/.local/lib/python3.12/site-packages/airflow/example_dags/example_branch_operator.py
[2026-05-27T02:02:59.405+0000] {logging_mixin.py:190} INFO - [2026-05-27T02:02:59.405+0000] {dag.py:3211} INFO - Sync 1 DAGs
[2026-05-27T02:02:59.420+0000] {logging_mixin.py:190} INFO - [2026-05-27T02:02:59.420+0000] {dag.py:4138} INFO - Setting next_dagrun for example_branch_operator to 2026-05-26 00:00:00+00:00, run_after=2026-05-27 00:00:00+00:00
[2026-05-27T02:02:59.433+0000] {processor.py:208} INFO - Processing /home/airflow/.local/lib/python3.12/site-packages/airflow/example_dags/example_branch_operator.py took 0.133 seconds
