[2026-05-27T01:54:03.922+0000] {processor.py:186} INFO - Started process (PID=92) to work on /home/airflow/.local/lib/python3.12/site-packages/airflow/example_dags/example_nested_branch_dag.py
[2026-05-27T01:54:03.923+0000] {processor.py:914} INFO - Processing file /home/airflow/.local/lib/python3.12/site-packages/airflow/example_dags/example_nested_branch_dag.py for tasks to queue
[2026-05-27T01:54:03.925+0000] {logging_mixin.py:190} INFO - [2026-05-27T01:54:03.925+0000] {dagbag.py:587} INFO - Filling up the DagBag from /home/airflow/.local/lib/python3.12/site-packages/airflow/example_dags/example_nested_branch_dag.py
[2026-05-27T01:54:03.934+0000] {processor.py:925} INFO - DAG(s) 'example_nested_branch_dag' retrieved from /home/airflow/.local/lib/python3.12/site-packages/airflow/example_dags/example_nested_branch_dag.py
[2026-05-27T01:54:04.027+0000] {logging_mixin.py:190} INFO - [2026-05-27T01:54:04.026+0000] {override.py:1858} INFO - Created Permission View: can edit on DAG:example_nested_branch_dag
[2026-05-27T01:54:04.035+0000] {logging_mixin.py:190} INFO - [2026-05-27T01:54:04.035+0000] {override.py:1858} INFO - Created Permission View: can read on DAG:example_nested_branch_dag
[2026-05-27T01:54:04.039+0000] {logging_mixin.py:190} INFO - [2026-05-27T01:54:04.039+0000] {override.py:1858} INFO - Created Permission View: can delete on DAG:example_nested_branch_dag
[2026-05-27T01:54:04.040+0000] {logging_mixin.py:190} INFO - [2026-05-27T01:54:04.040+0000] {dag.py:3211} INFO - Sync 1 DAGs
[2026-05-27T01:54:04.050+0000] {logging_mixin.py:190} INFO - [2026-05-27T01:54:04.050+0000] {dag.py:3234} INFO - Creating ORM DAG for example_nested_branch_dag
[2026-05-27T01:54:04.057+0000] {logging_mixin.py:190} INFO - [2026-05-27T01:54:04.057+0000] {dag.py:4138} INFO - Setting next_dagrun for example_nested_branch_dag to 2026-05-26 00:00:00+00:00, run_after=2026-05-27 00:00:00+00:00
[2026-05-27T01:54:04.067+0000] {processor.py:208} INFO - Processing /home/airflow/.local/lib/python3.12/site-packages/airflow/example_dags/example_nested_branch_dag.py took 0.151 seconds
[2026-05-27T01:54:34.939+0000] {processor.py:186} INFO - Started process (PID=164) to work on /home/airflow/.local/lib/python3.12/site-packages/airflow/example_dags/example_nested_branch_dag.py
[2026-05-27T01:54:34.940+0000] {processor.py:914} INFO - Processing file /home/airflow/.local/lib/python3.12/site-packages/airflow/example_dags/example_nested_branch_dag.py for tasks to queue
[2026-05-27T01:54:34.942+0000] {logging_mixin.py:190} INFO - [2026-05-27T01:54:34.942+0000] {dagbag.py:587} INFO - Filling up the DagBag from /home/airflow/.local/lib/python3.12/site-packages/airflow/example_dags/example_nested_branch_dag.py
[2026-05-27T01:54:34.952+0000] {processor.py:925} INFO - DAG(s) 'example_nested_branch_dag' retrieved from /home/airflow/.local/lib/python3.12/site-packages/airflow/example_dags/example_nested_branch_dag.py
[2026-05-27T01:54:34.970+0000] {logging_mixin.py:190} INFO - [2026-05-27T01:54:34.970+0000] {dag.py:3211} INFO - Sync 1 DAGs
[2026-05-27T01:54:34.986+0000] {logging_mixin.py:190} INFO - [2026-05-27T01:54:34.986+0000] {dag.py:4138} INFO - Setting next_dagrun for example_nested_branch_dag to 2026-05-26 00:00:00+00:00, run_after=2026-05-27 00:00:00+00:00
[2026-05-27T01:54:34.998+0000] {processor.py:208} INFO - Processing /home/airflow/.local/lib/python3.12/site-packages/airflow/example_dags/example_nested_branch_dag.py took 0.066 seconds
[2026-05-27T01:55:05.201+0000] {processor.py:186} INFO - Started process (PID=229) to work on /home/airflow/.local/lib/python3.12/site-packages/airflow/example_dags/example_nested_branch_dag.py
[2026-05-27T01:55:05.202+0000] {processor.py:914} INFO - Processing file /home/airflow/.local/lib/python3.12/site-packages/airflow/example_dags/example_nested_branch_dag.py for tasks to queue
[2026-05-27T01:55:05.204+0000] {logging_mixin.py:190} INFO - [2026-05-27T01:55:05.204+0000] {dagbag.py:587} INFO - Filling up the DagBag from /home/airflow/.local/lib/python3.12/site-packages/airflow/example_dags/example_nested_branch_dag.py
[2026-05-27T01:55:05.212+0000] {processor.py:925} INFO - DAG(s) 'example_nested_branch_dag' retrieved from /home/airflow/.local/lib/python3.12/site-packages/airflow/example_dags/example_nested_branch_dag.py
[2026-05-27T01:55:05.227+0000] {logging_mixin.py:190} INFO - [2026-05-27T01:55:05.227+0000] {dag.py:3211} INFO - Sync 1 DAGs
[2026-05-27T01:55:05.243+0000] {logging_mixin.py:190} INFO - [2026-05-27T01:55:05.243+0000] {dag.py:4138} INFO - Setting next_dagrun for example_nested_branch_dag to 2026-05-26 00:00:00+00:00, run_after=2026-05-27 00:00:00+00:00
[2026-05-27T01:55:05.253+0000] {processor.py:208} INFO - Processing /home/airflow/.local/lib/python3.12/site-packages/airflow/example_dags/example_nested_branch_dag.py took 0.056 seconds
[2026-05-27T01:55:35.640+0000] {processor.py:186} INFO - Started process (PID=291) to work on /home/airflow/.local/lib/python3.12/site-packages/airflow/example_dags/example_nested_branch_dag.py
[2026-05-27T01:55:35.641+0000] {processor.py:914} INFO - Processing file /home/airflow/.local/lib/python3.12/site-packages/airflow/example_dags/example_nested_branch_dag.py for tasks to queue
[2026-05-27T01:55:35.643+0000] {logging_mixin.py:190} INFO - [2026-05-27T01:55:35.643+0000] {dagbag.py:587} INFO - Filling up the DagBag from /home/airflow/.local/lib/python3.12/site-packages/airflow/example_dags/example_nested_branch_dag.py
[2026-05-27T01:55:35.651+0000] {processor.py:925} INFO - DAG(s) 'example_nested_branch_dag' retrieved from /home/airflow/.local/lib/python3.12/site-packages/airflow/example_dags/example_nested_branch_dag.py
[2026-05-27T01:55:35.667+0000] {logging_mixin.py:190} INFO - [2026-05-27T01:55:35.667+0000] {dag.py:3211} INFO - Sync 1 DAGs
[2026-05-27T01:55:35.681+0000] {logging_mixin.py:190} INFO - [2026-05-27T01:55:35.681+0000] {dag.py:4138} INFO - Setting next_dagrun for example_nested_branch_dag to 2026-05-26 00:00:00+00:00, run_after=2026-05-27 00:00:00+00:00
[2026-05-27T01:55:35.691+0000] {processor.py:208} INFO - Processing /home/airflow/.local/lib/python3.12/site-packages/airflow/example_dags/example_nested_branch_dag.py took 0.056 seconds
[2026-05-27T01:56:06.005+0000] {processor.py:186} INFO - Started process (PID=353) to work on /home/airflow/.local/lib/python3.12/site-packages/airflow/example_dags/example_nested_branch_dag.py
[2026-05-27T01:56:06.006+0000] {processor.py:914} INFO - Processing file /home/airflow/.local/lib/python3.12/site-packages/airflow/example_dags/example_nested_branch_dag.py for tasks to queue
[2026-05-27T01:56:06.008+0000] {logging_mixin.py:190} INFO - [2026-05-27T01:56:06.008+0000] {dagbag.py:587} INFO - Filling up the DagBag from /home/airflow/.local/lib/python3.12/site-packages/airflow/example_dags/example_nested_branch_dag.py
[2026-05-27T01:56:06.017+0000] {processor.py:925} INFO - DAG(s) 'example_nested_branch_dag' retrieved from /home/airflow/.local/lib/python3.12/site-packages/airflow/example_dags/example_nested_branch_dag.py
[2026-05-27T01:56:06.034+0000] {logging_mixin.py:190} INFO - [2026-05-27T01:56:06.034+0000] {dag.py:3211} INFO - Sync 1 DAGs
[2026-05-27T01:56:06.050+0000] {logging_mixin.py:190} INFO - [2026-05-27T01:56:06.049+0000] {dag.py:4138} INFO - Setting next_dagrun for example_nested_branch_dag to 2026-05-26 00:00:00+00:00, run_after=2026-05-27 00:00:00+00:00
[2026-05-27T01:56:06.060+0000] {processor.py:208} INFO - Processing /home/airflow/.local/lib/python3.12/site-packages/airflow/example_dags/example_nested_branch_dag.py took 0.060 seconds
[2026-05-27T01:56:36.539+0000] {processor.py:186} INFO - Started process (PID=415) to work on /home/airflow/.local/lib/python3.12/site-packages/airflow/example_dags/example_nested_branch_dag.py
[2026-05-27T01:56:36.540+0000] {processor.py:914} INFO - Processing file /home/airflow/.local/lib/python3.12/site-packages/airflow/example_dags/example_nested_branch_dag.py for tasks to queue
[2026-05-27T01:56:36.542+0000] {logging_mixin.py:190} INFO - [2026-05-27T01:56:36.542+0000] {dagbag.py:587} INFO - Filling up the DagBag from /home/airflow/.local/lib/python3.12/site-packages/airflow/example_dags/example_nested_branch_dag.py
[2026-05-27T01:56:36.550+0000] {processor.py:925} INFO - DAG(s) 'example_nested_branch_dag' retrieved from /home/airflow/.local/lib/python3.12/site-packages/airflow/example_dags/example_nested_branch_dag.py
[2026-05-27T01:56:36.566+0000] {logging_mixin.py:190} INFO - [2026-05-27T01:56:36.566+0000] {dag.py:3211} INFO - Sync 1 DAGs
[2026-05-27T01:56:36.580+0000] {logging_mixin.py:190} INFO - [2026-05-27T01:56:36.580+0000] {dag.py:4138} INFO - Setting next_dagrun for example_nested_branch_dag to 2026-05-26 00:00:00+00:00, run_after=2026-05-27 00:00:00+00:00
[2026-05-27T01:56:36.590+0000] {processor.py:208} INFO - Processing /home/airflow/.local/lib/python3.12/site-packages/airflow/example_dags/example_nested_branch_dag.py took 0.055 seconds
[2026-05-27T01:57:07.000+0000] {processor.py:186} INFO - Started process (PID=477) to work on /home/airflow/.local/lib/python3.12/site-packages/airflow/example_dags/example_nested_branch_dag.py
[2026-05-27T01:57:07.001+0000] {processor.py:914} INFO - Processing file /home/airflow/.local/lib/python3.12/site-packages/airflow/example_dags/example_nested_branch_dag.py for tasks to queue
[2026-05-27T01:57:07.003+0000] {logging_mixin.py:190} INFO - [2026-05-27T01:57:07.003+0000] {dagbag.py:587} INFO - Filling up the DagBag from /home/airflow/.local/lib/python3.12/site-packages/airflow/example_dags/example_nested_branch_dag.py
[2026-05-27T01:57:07.011+0000] {processor.py:925} INFO - DAG(s) 'example_nested_branch_dag' retrieved from /home/airflow/.local/lib/python3.12/site-packages/airflow/example_dags/example_nested_branch_dag.py
[2026-05-27T01:57:07.028+0000] {logging_mixin.py:190} INFO - [2026-05-27T01:57:07.027+0000] {dag.py:3211} INFO - Sync 1 DAGs
[2026-05-27T01:57:07.042+0000] {logging_mixin.py:190} INFO - [2026-05-27T01:57:07.042+0000] {dag.py:4138} INFO - Setting next_dagrun for example_nested_branch_dag to 2026-05-26 00:00:00+00:00, run_after=2026-05-27 00:00:00+00:00
[2026-05-27T01:57:07.053+0000] {processor.py:208} INFO - Processing /home/airflow/.local/lib/python3.12/site-packages/airflow/example_dags/example_nested_branch_dag.py took 0.057 seconds
[2026-05-27T01:57:37.481+0000] {processor.py:186} INFO - Started process (PID=539) to work on /home/airflow/.local/lib/python3.12/site-packages/airflow/example_dags/example_nested_branch_dag.py
[2026-05-27T01:57:37.482+0000] {processor.py:914} INFO - Processing file /home/airflow/.local/lib/python3.12/site-packages/airflow/example_dags/example_nested_branch_dag.py for tasks to queue
[2026-05-27T01:57:37.484+0000] {logging_mixin.py:190} INFO - [2026-05-27T01:57:37.484+0000] {dagbag.py:587} INFO - Filling up the DagBag from /home/airflow/.local/lib/python3.12/site-packages/airflow/example_dags/example_nested_branch_dag.py
[2026-05-27T01:57:37.491+0000] {processor.py:925} INFO - DAG(s) 'example_nested_branch_dag' retrieved from /home/airflow/.local/lib/python3.12/site-packages/airflow/example_dags/example_nested_branch_dag.py
[2026-05-27T01:57:37.508+0000] {logging_mixin.py:190} INFO - [2026-05-27T01:57:37.507+0000] {dag.py:3211} INFO - Sync 1 DAGs
[2026-05-27T01:57:37.521+0000] {logging_mixin.py:190} INFO - [2026-05-27T01:57:37.521+0000] {dag.py:4138} INFO - Setting next_dagrun for example_nested_branch_dag to 2026-05-26 00:00:00+00:00, run_after=2026-05-27 00:00:00+00:00
[2026-05-27T01:57:37.533+0000] {processor.py:208} INFO - Processing /home/airflow/.local/lib/python3.12/site-packages/airflow/example_dags/example_nested_branch_dag.py took 0.057 seconds
[2026-05-27T01:58:07.966+0000] {processor.py:186} INFO - Started process (PID=601) to work on /home/airflow/.local/lib/python3.12/site-packages/airflow/example_dags/example_nested_branch_dag.py
[2026-05-27T01:58:07.967+0000] {processor.py:914} INFO - Processing file /home/airflow/.local/lib/python3.12/site-packages/airflow/example_dags/example_nested_branch_dag.py for tasks to queue
[2026-05-27T01:58:07.969+0000] {logging_mixin.py:190} INFO - [2026-05-27T01:58:07.969+0000] {dagbag.py:587} INFO - Filling up the DagBag from /home/airflow/.local/lib/python3.12/site-packages/airflow/example_dags/example_nested_branch_dag.py
[2026-05-27T01:58:07.978+0000] {processor.py:925} INFO - DAG(s) 'example_nested_branch_dag' retrieved from /home/airflow/.local/lib/python3.12/site-packages/airflow/example_dags/example_nested_branch_dag.py
[2026-05-27T01:58:07.994+0000] {logging_mixin.py:190} INFO - [2026-05-27T01:58:07.994+0000] {dag.py:3211} INFO - Sync 1 DAGs
[2026-05-27T01:58:08.009+0000] {logging_mixin.py:190} INFO - [2026-05-27T01:58:08.009+0000] {dag.py:4138} INFO - Setting next_dagrun for example_nested_branch_dag to 2026-05-26 00:00:00+00:00, run_after=2026-05-27 00:00:00+00:00
[2026-05-27T01:58:08.027+0000] {processor.py:208} INFO - Processing /home/airflow/.local/lib/python3.12/site-packages/airflow/example_dags/example_nested_branch_dag.py took 0.066 seconds
[2026-05-27T01:59:14.516+0000] {processor.py:186} INFO - Started process (PID=95) to work on /home/airflow/.local/lib/python3.12/site-packages/airflow/example_dags/example_nested_branch_dag.py
[2026-05-27T01:59:14.517+0000] {processor.py:914} INFO - Processing file /home/airflow/.local/lib/python3.12/site-packages/airflow/example_dags/example_nested_branch_dag.py for tasks to queue
[2026-05-27T01:59:14.519+0000] {logging_mixin.py:190} INFO - [2026-05-27T01:59:14.519+0000] {dagbag.py:587} INFO - Filling up the DagBag from /home/airflow/.local/lib/python3.12/site-packages/airflow/example_dags/example_nested_branch_dag.py
[2026-05-27T01:59:14.529+0000] {processor.py:925} INFO - DAG(s) 'example_nested_branch_dag' retrieved from /home/airflow/.local/lib/python3.12/site-packages/airflow/example_dags/example_nested_branch_dag.py
[2026-05-27T01:59:14.548+0000] {logging_mixin.py:190} INFO - [2026-05-27T01:59:14.548+0000] {dag.py:3211} INFO - Sync 1 DAGs
[2026-05-27T01:59:14.568+0000] {logging_mixin.py:190} INFO - [2026-05-27T01:59:14.568+0000] {dag.py:4138} INFO - Setting next_dagrun for example_nested_branch_dag to 2026-05-26 00:00:00+00:00, run_after=2026-05-27 00:00:00+00:00
[2026-05-27T01:59:14.580+0000] {processor.py:208} INFO - Processing /home/airflow/.local/lib/python3.12/site-packages/airflow/example_dags/example_nested_branch_dag.py took 0.070 seconds
[2026-05-27T01:59:44.852+0000] {processor.py:186} INFO - Started process (PID=193) to work on /home/airflow/.local/lib/python3.12/site-packages/airflow/example_dags/example_nested_branch_dag.py
[2026-05-27T01:59:44.853+0000] {processor.py:914} INFO - Processing file /home/airflow/.local/lib/python3.12/site-packages/airflow/example_dags/example_nested_branch_dag.py for tasks to queue
[2026-05-27T01:59:44.856+0000] {logging_mixin.py:190} INFO - [2026-05-27T01:59:44.856+0000] {dagbag.py:587} INFO - Filling up the DagBag from /home/airflow/.local/lib/python3.12/site-packages/airflow/example_dags/example_nested_branch_dag.py
[2026-05-27T01:59:44.865+0000] {processor.py:925} INFO - DAG(s) 'example_nested_branch_dag' retrieved from /home/airflow/.local/lib/python3.12/site-packages/airflow/example_dags/example_nested_branch_dag.py
[2026-05-27T01:59:44.885+0000] {logging_mixin.py:190} INFO - [2026-05-27T01:59:44.884+0000] {dag.py:3211} INFO - Sync 1 DAGs
[2026-05-27T01:59:44.905+0000] {logging_mixin.py:190} INFO - [2026-05-27T01:59:44.905+0000] {dag.py:4138} INFO - Setting next_dagrun for example_nested_branch_dag to 2026-05-26 00:00:00+00:00, run_after=2026-05-27 00:00:00+00:00
[2026-05-27T01:59:44.922+0000] {processor.py:208} INFO - Processing /home/airflow/.local/lib/python3.12/site-packages/airflow/example_dags/example_nested_branch_dag.py took 0.076 seconds
[2026-05-27T02:00:15.541+0000] {processor.py:186} INFO - Started process (PID=256) to work on /home/airflow/.local/lib/python3.12/site-packages/airflow/example_dags/example_nested_branch_dag.py
[2026-05-27T02:00:15.542+0000] {processor.py:914} INFO - Processing file /home/airflow/.local/lib/python3.12/site-packages/airflow/example_dags/example_nested_branch_dag.py for tasks to queue
[2026-05-27T02:00:15.545+0000] {logging_mixin.py:190} INFO - [2026-05-27T02:00:15.544+0000] {dagbag.py:587} INFO - Filling up the DagBag from /home/airflow/.local/lib/python3.12/site-packages/airflow/example_dags/example_nested_branch_dag.py
[2026-05-27T02:00:15.554+0000] {processor.py:925} INFO - DAG(s) 'example_nested_branch_dag' retrieved from /home/airflow/.local/lib/python3.12/site-packages/airflow/example_dags/example_nested_branch_dag.py
[2026-05-27T02:00:15.575+0000] {logging_mixin.py:190} INFO - [2026-05-27T02:00:15.575+0000] {dag.py:3211} INFO - Sync 1 DAGs
[2026-05-27T02:00:15.593+0000] {logging_mixin.py:190} INFO - [2026-05-27T02:00:15.593+0000] {dag.py:4138} INFO - Setting next_dagrun for example_nested_branch_dag to 2026-05-26 00:00:00+00:00, run_after=2026-05-27 00:00:00+00:00
[2026-05-27T02:00:15.606+0000] {processor.py:208} INFO - Processing /home/airflow/.local/lib/python3.12/site-packages/airflow/example_dags/example_nested_branch_dag.py took 0.070 seconds
[2026-05-27T02:00:45.993+0000] {processor.py:186} INFO - Started process (PID=324) to work on /home/airflow/.local/lib/python3.12/site-packages/airflow/example_dags/example_nested_branch_dag.py
[2026-05-27T02:00:45.994+0000] {processor.py:914} INFO - Processing file /home/airflow/.local/lib/python3.12/site-packages/airflow/example_dags/example_nested_branch_dag.py for tasks to queue
[2026-05-27T02:00:45.997+0000] {logging_mixin.py:190} INFO - [2026-05-27T02:00:45.997+0000] {dagbag.py:587} INFO - Filling up the DagBag from /home/airflow/.local/lib/python3.12/site-packages/airflow/example_dags/example_nested_branch_dag.py
[2026-05-27T02:00:46.008+0000] {processor.py:925} INFO - DAG(s) 'example_nested_branch_dag' retrieved from /home/airflow/.local/lib/python3.12/site-packages/airflow/example_dags/example_nested_branch_dag.py
[2026-05-27T02:00:46.024+0000] {logging_mixin.py:190} INFO - [2026-05-27T02:00:46.024+0000] {dag.py:3211} INFO - Sync 1 DAGs
[2026-05-27T02:00:46.041+0000] {logging_mixin.py:190} INFO - [2026-05-27T02:00:46.040+0000] {dag.py:4138} INFO - Setting next_dagrun for example_nested_branch_dag to 2026-05-26 00:00:00+00:00, run_after=2026-05-27 00:00:00+00:00
[2026-05-27T02:00:46.052+0000] {processor.py:208} INFO - Processing /home/airflow/.local/lib/python3.12/site-packages/airflow/example_dags/example_nested_branch_dag.py took 0.064 seconds
[2026-05-27T02:01:16.175+0000] {processor.py:186} INFO - Started process (PID=386) to work on /home/airflow/.local/lib/python3.12/site-packages/airflow/example_dags/example_nested_branch_dag.py
[2026-05-27T02:01:16.176+0000] {processor.py:914} INFO - Processing file /home/airflow/.local/lib/python3.12/site-packages/airflow/example_dags/example_nested_branch_dag.py for tasks to queue
[2026-05-27T02:01:16.178+0000] {logging_mixin.py:190} INFO - [2026-05-27T02:01:16.178+0000] {dagbag.py:587} INFO - Filling up the DagBag from /home/airflow/.local/lib/python3.12/site-packages/airflow/example_dags/example_nested_branch_dag.py
[2026-05-27T02:01:16.188+0000] {processor.py:925} INFO - DAG(s) 'example_nested_branch_dag' retrieved from /home/airflow/.local/lib/python3.12/site-packages/airflow/example_dags/example_nested_branch_dag.py
[2026-05-27T02:01:16.206+0000] {logging_mixin.py:190} INFO - [2026-05-27T02:01:16.205+0000] {dag.py:3211} INFO - Sync 1 DAGs
[2026-05-27T02:01:16.221+0000] {logging_mixin.py:190} INFO - [2026-05-27T02:01:16.221+0000] {dag.py:4138} INFO - Setting next_dagrun for example_nested_branch_dag to 2026-05-26 00:00:00+00:00, run_after=2026-05-27 00:00:00+00:00
[2026-05-27T02:01:16.233+0000] {processor.py:208} INFO - Processing /home/airflow/.local/lib/python3.12/site-packages/airflow/example_dags/example_nested_branch_dag.py took 0.062 seconds
[2026-05-27T02:01:49.720+0000] {processor.py:186} INFO - Started process (PID=80) to work on /home/airflow/.local/lib/python3.12/site-packages/airflow/example_dags/example_nested_branch_dag.py
[2026-05-27T02:01:49.721+0000] {processor.py:914} INFO - Processing file /home/airflow/.local/lib/python3.12/site-packages/airflow/example_dags/example_nested_branch_dag.py for tasks to queue
[2026-05-27T02:01:49.724+0000] {logging_mixin.py:190} INFO - [2026-05-27T02:01:49.723+0000] {dagbag.py:587} INFO - Filling up the DagBag from /home/airflow/.local/lib/python3.12/site-packages/airflow/example_dags/example_nested_branch_dag.py
[2026-05-27T02:01:49.733+0000] {processor.py:925} INFO - DAG(s) 'example_nested_branch_dag' retrieved from /home/airflow/.local/lib/python3.12/site-packages/airflow/example_dags/example_nested_branch_dag.py
[2026-05-27T02:01:49.750+0000] {logging_mixin.py:190} INFO - [2026-05-27T02:01:49.750+0000] {dag.py:3211} INFO - Sync 1 DAGs
[2026-05-27T02:01:49.768+0000] {logging_mixin.py:190} INFO - [2026-05-27T02:01:49.768+0000] {dag.py:4138} INFO - Setting next_dagrun for example_nested_branch_dag to 2026-05-26 00:00:00+00:00, run_after=2026-05-27 00:00:00+00:00
[2026-05-27T02:01:49.780+0000] {processor.py:208} INFO - Processing /home/airflow/.local/lib/python3.12/site-packages/airflow/example_dags/example_nested_branch_dag.py took 0.065 seconds
[2026-05-27T02:02:19.450+0000] {processor.py:186} INFO - Started process (PID=80) to work on /home/airflow/.local/lib/python3.12/site-packages/airflow/example_dags/example_nested_branch_dag.py
[2026-05-27T02:02:19.451+0000] {processor.py:914} INFO - Processing file /home/airflow/.local/lib/python3.12/site-packages/airflow/example_dags/example_nested_branch_dag.py for tasks to queue
[2026-05-27T02:02:19.456+0000] {logging_mixin.py:190} INFO - [2026-05-27T02:02:19.455+0000] {dagbag.py:587} INFO - Filling up the DagBag from /home/airflow/.local/lib/python3.12/site-packages/airflow/example_dags/example_nested_branch_dag.py
[2026-05-27T02:02:19.471+0000] {processor.py:925} INFO - DAG(s) 'example_nested_branch_dag' retrieved from /home/airflow/.local/lib/python3.12/site-packages/airflow/example_dags/example_nested_branch_dag.py
[2026-05-27T02:02:19.498+0000] {logging_mixin.py:190} INFO - [2026-05-27T02:02:19.498+0000] {dag.py:3211} INFO - Sync 1 DAGs
[2026-05-27T02:02:19.523+0000] {logging_mixin.py:190} INFO - [2026-05-27T02:02:19.523+0000] {dag.py:4138} INFO - Setting next_dagrun for example_nested_branch_dag to 2026-05-26 00:00:00+00:00, run_after=2026-05-27 00:00:00+00:00
[2026-05-27T02:02:19.537+0000] {processor.py:208} INFO - Processing /home/airflow/.local/lib/python3.12/site-packages/airflow/example_dags/example_nested_branch_dag.py took 0.096 seconds
[2026-05-27T02:03:01.151+0000] {processor.py:186} INFO - Started process (PID=80) to work on /home/airflow/.local/lib/python3.12/site-packages/airflow/example_dags/example_nested_branch_dag.py
[2026-05-27T02:03:01.152+0000] {processor.py:914} INFO - Processing file /home/airflow/.local/lib/python3.12/site-packages/airflow/example_dags/example_nested_branch_dag.py for tasks to queue
[2026-05-27T02:03:01.156+0000] {logging_mixin.py:190} INFO - [2026-05-27T02:03:01.155+0000] {dagbag.py:587} INFO - Filling up the DagBag from /home/airflow/.local/lib/python3.12/site-packages/airflow/example_dags/example_nested_branch_dag.py
[2026-05-27T02:03:01.168+0000] {processor.py:925} INFO - DAG(s) 'example_nested_branch_dag' retrieved from /home/airflow/.local/lib/python3.12/site-packages/airflow/example_dags/example_nested_branch_dag.py
[2026-05-27T02:03:01.187+0000] {logging_mixin.py:190} INFO - [2026-05-27T02:03:01.186+0000] {dag.py:3211} INFO - Sync 1 DAGs
[2026-05-27T02:03:01.206+0000] {logging_mixin.py:190} INFO - [2026-05-27T02:03:01.206+0000] {dag.py:4138} INFO - Setting next_dagrun for example_nested_branch_dag to 2026-05-26 00:00:00+00:00, run_after=2026-05-27 00:00:00+00:00
[2026-05-27T02:03:01.220+0000] {processor.py:208} INFO - Processing /home/airflow/.local/lib/python3.12/site-packages/airflow/example_dags/example_nested_branch_dag.py took 0.074 seconds
