[2026-05-27T01:54:02.645+0000] {processor.py:186} INFO - Started process (PID=72) to work on /home/airflow/.local/lib/python3.12/site-packages/airflow/example_dags/example_trigger_target_dag.py
[2026-05-27T01:54:02.646+0000] {processor.py:914} INFO - Processing file /home/airflow/.local/lib/python3.12/site-packages/airflow/example_dags/example_trigger_target_dag.py for tasks to queue
[2026-05-27T01:54:02.649+0000] {logging_mixin.py:190} INFO - [2026-05-27T01:54:02.649+0000] {dagbag.py:587} INFO - Filling up the DagBag from /home/airflow/.local/lib/python3.12/site-packages/airflow/example_dags/example_trigger_target_dag.py
[2026-05-27T01:54:02.659+0000] {processor.py:925} INFO - DAG(s) 'example_trigger_target_dag' retrieved from /home/airflow/.local/lib/python3.12/site-packages/airflow/example_dags/example_trigger_target_dag.py
[2026-05-27T01:54:02.760+0000] {logging_mixin.py:190} INFO - [2026-05-27T01:54:02.759+0000] {override.py:1858} INFO - Created Permission View: can edit on DAG:example_trigger_target_dag
[2026-05-27T01:54:02.767+0000] {logging_mixin.py:190} INFO - [2026-05-27T01:54:02.767+0000] {override.py:1858} INFO - Created Permission View: can read on DAG:example_trigger_target_dag
[2026-05-27T01:54:02.771+0000] {logging_mixin.py:190} INFO - [2026-05-27T01:54:02.771+0000] {override.py:1858} INFO - Created Permission View: can delete on DAG:example_trigger_target_dag
[2026-05-27T01:54:02.772+0000] {logging_mixin.py:190} INFO - [2026-05-27T01:54:02.772+0000] {dag.py:3211} INFO - Sync 1 DAGs
[2026-05-27T01:54:02.783+0000] {logging_mixin.py:190} INFO - [2026-05-27T01:54:02.783+0000] {dag.py:3234} INFO - Creating ORM DAG for example_trigger_target_dag
[2026-05-27T01:54:02.784+0000] {logging_mixin.py:190} INFO - [2026-05-27T01:54:02.784+0000] {dag.py:4138} INFO - Setting next_dagrun for example_trigger_target_dag to None, run_after=None
[2026-05-27T01:54:02.795+0000] {processor.py:208} INFO - Processing /home/airflow/.local/lib/python3.12/site-packages/airflow/example_dags/example_trigger_target_dag.py took 0.156 seconds
[2026-05-27T01:54:32.993+0000] {processor.py:186} INFO - Started process (PID=144) to work on /home/airflow/.local/lib/python3.12/site-packages/airflow/example_dags/example_trigger_target_dag.py
[2026-05-27T01:54:32.994+0000] {processor.py:914} INFO - Processing file /home/airflow/.local/lib/python3.12/site-packages/airflow/example_dags/example_trigger_target_dag.py for tasks to queue
[2026-05-27T01:54:32.996+0000] {logging_mixin.py:190} INFO - [2026-05-27T01:54:32.995+0000] {dagbag.py:587} INFO - Filling up the DagBag from /home/airflow/.local/lib/python3.12/site-packages/airflow/example_dags/example_trigger_target_dag.py
[2026-05-27T01:54:33.001+0000] {processor.py:925} INFO - DAG(s) 'example_trigger_target_dag' retrieved from /home/airflow/.local/lib/python3.12/site-packages/airflow/example_dags/example_trigger_target_dag.py
[2026-05-27T01:54:33.016+0000] {logging_mixin.py:190} INFO - [2026-05-27T01:54:33.016+0000] {dag.py:3211} INFO - Sync 1 DAGs
[2026-05-27T01:54:33.025+0000] {logging_mixin.py:190} INFO - [2026-05-27T01:54:33.024+0000] {dag.py:4138} INFO - Setting next_dagrun for example_trigger_target_dag to None, run_after=None
[2026-05-27T01:54:33.036+0000] {processor.py:208} INFO - Processing /home/airflow/.local/lib/python3.12/site-packages/airflow/example_dags/example_trigger_target_dag.py took 0.048 seconds
[2026-05-27T01:55:03.476+0000] {processor.py:186} INFO - Started process (PID=209) to work on /home/airflow/.local/lib/python3.12/site-packages/airflow/example_dags/example_trigger_target_dag.py
[2026-05-27T01:55:03.477+0000] {processor.py:914} INFO - Processing file /home/airflow/.local/lib/python3.12/site-packages/airflow/example_dags/example_trigger_target_dag.py for tasks to queue
[2026-05-27T01:55:03.479+0000] {logging_mixin.py:190} INFO - [2026-05-27T01:55:03.478+0000] {dagbag.py:587} INFO - Filling up the DagBag from /home/airflow/.local/lib/python3.12/site-packages/airflow/example_dags/example_trigger_target_dag.py
[2026-05-27T01:55:03.484+0000] {processor.py:925} INFO - DAG(s) 'example_trigger_target_dag' retrieved from /home/airflow/.local/lib/python3.12/site-packages/airflow/example_dags/example_trigger_target_dag.py
[2026-05-27T01:55:03.501+0000] {logging_mixin.py:190} INFO - [2026-05-27T01:55:03.500+0000] {dag.py:3211} INFO - Sync 1 DAGs
[2026-05-27T01:55:03.512+0000] {logging_mixin.py:190} INFO - [2026-05-27T01:55:03.512+0000] {dag.py:4138} INFO - Setting next_dagrun for example_trigger_target_dag to None, run_after=None
[2026-05-27T01:55:03.522+0000] {processor.py:208} INFO - Processing /home/airflow/.local/lib/python3.12/site-packages/airflow/example_dags/example_trigger_target_dag.py took 0.050 seconds
[2026-05-27T01:55:33.666+0000] {processor.py:186} INFO - Started process (PID=276) to work on /home/airflow/.local/lib/python3.12/site-packages/airflow/example_dags/example_trigger_target_dag.py
[2026-05-27T01:55:33.667+0000] {processor.py:914} INFO - Processing file /home/airflow/.local/lib/python3.12/site-packages/airflow/example_dags/example_trigger_target_dag.py for tasks to queue
[2026-05-27T01:55:33.669+0000] {logging_mixin.py:190} INFO - [2026-05-27T01:55:33.669+0000] {dagbag.py:587} INFO - Filling up the DagBag from /home/airflow/.local/lib/python3.12/site-packages/airflow/example_dags/example_trigger_target_dag.py
[2026-05-27T01:55:33.674+0000] {processor.py:925} INFO - DAG(s) 'example_trigger_target_dag' retrieved from /home/airflow/.local/lib/python3.12/site-packages/airflow/example_dags/example_trigger_target_dag.py
[2026-05-27T01:55:33.690+0000] {logging_mixin.py:190} INFO - [2026-05-27T01:55:33.690+0000] {dag.py:3211} INFO - Sync 1 DAGs
[2026-05-27T01:55:33.698+0000] {logging_mixin.py:190} INFO - [2026-05-27T01:55:33.698+0000] {dag.py:4138} INFO - Setting next_dagrun for example_trigger_target_dag to None, run_after=None
[2026-05-27T01:55:33.708+0000] {processor.py:208} INFO - Processing /home/airflow/.local/lib/python3.12/site-packages/airflow/example_dags/example_trigger_target_dag.py took 0.046 seconds
[2026-05-27T01:56:04.196+0000] {processor.py:186} INFO - Started process (PID=338) to work on /home/airflow/.local/lib/python3.12/site-packages/airflow/example_dags/example_trigger_target_dag.py
[2026-05-27T01:56:04.197+0000] {processor.py:914} INFO - Processing file /home/airflow/.local/lib/python3.12/site-packages/airflow/example_dags/example_trigger_target_dag.py for tasks to queue
[2026-05-27T01:56:04.200+0000] {logging_mixin.py:190} INFO - [2026-05-27T01:56:04.199+0000] {dagbag.py:587} INFO - Filling up the DagBag from /home/airflow/.local/lib/python3.12/site-packages/airflow/example_dags/example_trigger_target_dag.py
[2026-05-27T01:56:04.207+0000] {processor.py:925} INFO - DAG(s) 'example_trigger_target_dag' retrieved from /home/airflow/.local/lib/python3.12/site-packages/airflow/example_dags/example_trigger_target_dag.py
[2026-05-27T01:56:04.225+0000] {logging_mixin.py:190} INFO - [2026-05-27T01:56:04.225+0000] {dag.py:3211} INFO - Sync 1 DAGs
[2026-05-27T01:56:04.237+0000] {logging_mixin.py:190} INFO - [2026-05-27T01:56:04.236+0000] {dag.py:4138} INFO - Setting next_dagrun for example_trigger_target_dag to None, run_after=None
[2026-05-27T01:56:04.251+0000] {processor.py:208} INFO - Processing /home/airflow/.local/lib/python3.12/site-packages/airflow/example_dags/example_trigger_target_dag.py took 0.061 seconds
[2026-05-27T01:56:34.804+0000] {processor.py:186} INFO - Started process (PID=401) to work on /home/airflow/.local/lib/python3.12/site-packages/airflow/example_dags/example_trigger_target_dag.py
[2026-05-27T01:56:34.804+0000] {processor.py:914} INFO - Processing file /home/airflow/.local/lib/python3.12/site-packages/airflow/example_dags/example_trigger_target_dag.py for tasks to queue
[2026-05-27T01:56:34.807+0000] {logging_mixin.py:190} INFO - [2026-05-27T01:56:34.806+0000] {dagbag.py:587} INFO - Filling up the DagBag from /home/airflow/.local/lib/python3.12/site-packages/airflow/example_dags/example_trigger_target_dag.py
[2026-05-27T01:56:34.812+0000] {processor.py:925} INFO - DAG(s) 'example_trigger_target_dag' retrieved from /home/airflow/.local/lib/python3.12/site-packages/airflow/example_dags/example_trigger_target_dag.py
[2026-05-27T01:56:34.827+0000] {logging_mixin.py:190} INFO - [2026-05-27T01:56:34.827+0000] {dag.py:3211} INFO - Sync 1 DAGs
[2026-05-27T01:56:34.835+0000] {logging_mixin.py:190} INFO - [2026-05-27T01:56:34.835+0000] {dag.py:4138} INFO - Setting next_dagrun for example_trigger_target_dag to None, run_after=None
[2026-05-27T01:56:34.846+0000] {processor.py:208} INFO - Processing /home/airflow/.local/lib/python3.12/site-packages/airflow/example_dags/example_trigger_target_dag.py took 0.047 seconds
[2026-05-27T01:57:05.009+0000] {processor.py:186} INFO - Started process (PID=463) to work on /home/airflow/.local/lib/python3.12/site-packages/airflow/example_dags/example_trigger_target_dag.py
[2026-05-27T01:57:05.010+0000] {processor.py:914} INFO - Processing file /home/airflow/.local/lib/python3.12/site-packages/airflow/example_dags/example_trigger_target_dag.py for tasks to queue
[2026-05-27T01:57:05.012+0000] {logging_mixin.py:190} INFO - [2026-05-27T01:57:05.012+0000] {dagbag.py:587} INFO - Filling up the DagBag from /home/airflow/.local/lib/python3.12/site-packages/airflow/example_dags/example_trigger_target_dag.py
[2026-05-27T01:57:05.018+0000] {processor.py:925} INFO - DAG(s) 'example_trigger_target_dag' retrieved from /home/airflow/.local/lib/python3.12/site-packages/airflow/example_dags/example_trigger_target_dag.py
[2026-05-27T01:57:05.033+0000] {logging_mixin.py:190} INFO - [2026-05-27T01:57:05.033+0000] {dag.py:3211} INFO - Sync 1 DAGs
[2026-05-27T01:57:05.042+0000] {logging_mixin.py:190} INFO - [2026-05-27T01:57:05.042+0000] {dag.py:4138} INFO - Setting next_dagrun for example_trigger_target_dag to None, run_after=None
[2026-05-27T01:57:05.053+0000] {processor.py:208} INFO - Processing /home/airflow/.local/lib/python3.12/site-packages/airflow/example_dags/example_trigger_target_dag.py took 0.048 seconds
[2026-05-27T01:57:35.640+0000] {processor.py:186} INFO - Started process (PID=525) to work on /home/airflow/.local/lib/python3.12/site-packages/airflow/example_dags/example_trigger_target_dag.py
[2026-05-27T01:57:35.641+0000] {processor.py:914} INFO - Processing file /home/airflow/.local/lib/python3.12/site-packages/airflow/example_dags/example_trigger_target_dag.py for tasks to queue
[2026-05-27T01:57:35.643+0000] {logging_mixin.py:190} INFO - [2026-05-27T01:57:35.643+0000] {dagbag.py:587} INFO - Filling up the DagBag from /home/airflow/.local/lib/python3.12/site-packages/airflow/example_dags/example_trigger_target_dag.py
[2026-05-27T01:57:35.650+0000] {processor.py:925} INFO - DAG(s) 'example_trigger_target_dag' retrieved from /home/airflow/.local/lib/python3.12/site-packages/airflow/example_dags/example_trigger_target_dag.py
[2026-05-27T01:57:35.664+0000] {logging_mixin.py:190} INFO - [2026-05-27T01:57:35.663+0000] {dag.py:3211} INFO - Sync 1 DAGs
[2026-05-27T01:57:35.671+0000] {logging_mixin.py:190} INFO - [2026-05-27T01:57:35.671+0000] {dag.py:4138} INFO - Setting next_dagrun for example_trigger_target_dag to None, run_after=None
[2026-05-27T01:57:35.681+0000] {processor.py:208} INFO - Processing /home/airflow/.local/lib/python3.12/site-packages/airflow/example_dags/example_trigger_target_dag.py took 0.046 seconds
[2026-05-27T01:58:06.192+0000] {processor.py:186} INFO - Started process (PID=587) to work on /home/airflow/.local/lib/python3.12/site-packages/airflow/example_dags/example_trigger_target_dag.py
[2026-05-27T01:58:06.193+0000] {processor.py:914} INFO - Processing file /home/airflow/.local/lib/python3.12/site-packages/airflow/example_dags/example_trigger_target_dag.py for tasks to queue
[2026-05-27T01:58:06.195+0000] {logging_mixin.py:190} INFO - [2026-05-27T01:58:06.194+0000] {dagbag.py:587} INFO - Filling up the DagBag from /home/airflow/.local/lib/python3.12/site-packages/airflow/example_dags/example_trigger_target_dag.py
[2026-05-27T01:58:06.200+0000] {processor.py:925} INFO - DAG(s) 'example_trigger_target_dag' retrieved from /home/airflow/.local/lib/python3.12/site-packages/airflow/example_dags/example_trigger_target_dag.py
[2026-05-27T01:58:06.214+0000] {logging_mixin.py:190} INFO - [2026-05-27T01:58:06.214+0000] {dag.py:3211} INFO - Sync 1 DAGs
[2026-05-27T01:58:06.224+0000] {logging_mixin.py:190} INFO - [2026-05-27T01:58:06.223+0000] {dag.py:4138} INFO - Setting next_dagrun for example_trigger_target_dag to None, run_after=None
[2026-05-27T01:58:06.234+0000] {processor.py:208} INFO - Processing /home/airflow/.local/lib/python3.12/site-packages/airflow/example_dags/example_trigger_target_dag.py took 0.045 seconds
[2026-05-27T01:59:13.744+0000] {processor.py:186} INFO - Started process (PID=81) to work on /home/airflow/.local/lib/python3.12/site-packages/airflow/example_dags/example_trigger_target_dag.py
[2026-05-27T01:59:13.745+0000] {processor.py:914} INFO - Processing file /home/airflow/.local/lib/python3.12/site-packages/airflow/example_dags/example_trigger_target_dag.py for tasks to queue
[2026-05-27T01:59:13.747+0000] {logging_mixin.py:190} INFO - [2026-05-27T01:59:13.747+0000] {dagbag.py:587} INFO - Filling up the DagBag from /home/airflow/.local/lib/python3.12/site-packages/airflow/example_dags/example_trigger_target_dag.py
[2026-05-27T01:59:13.753+0000] {processor.py:925} INFO - DAG(s) 'example_trigger_target_dag' retrieved from /home/airflow/.local/lib/python3.12/site-packages/airflow/example_dags/example_trigger_target_dag.py
[2026-05-27T01:59:13.775+0000] {logging_mixin.py:190} INFO - [2026-05-27T01:59:13.775+0000] {dag.py:3211} INFO - Sync 1 DAGs
[2026-05-27T01:59:13.788+0000] {logging_mixin.py:190} INFO - [2026-05-27T01:59:13.787+0000] {dag.py:4138} INFO - Setting next_dagrun for example_trigger_target_dag to None, run_after=None
[2026-05-27T01:59:13.799+0000] {processor.py:208} INFO - Processing /home/airflow/.local/lib/python3.12/site-packages/airflow/example_dags/example_trigger_target_dag.py took 0.060 seconds
[2026-05-27T01:59:44.073+0000] {processor.py:186} INFO - Started process (PID=179) to work on /home/airflow/.local/lib/python3.12/site-packages/airflow/example_dags/example_trigger_target_dag.py
[2026-05-27T01:59:44.074+0000] {processor.py:914} INFO - Processing file /home/airflow/.local/lib/python3.12/site-packages/airflow/example_dags/example_trigger_target_dag.py for tasks to queue
[2026-05-27T01:59:44.076+0000] {logging_mixin.py:190} INFO - [2026-05-27T01:59:44.076+0000] {dagbag.py:587} INFO - Filling up the DagBag from /home/airflow/.local/lib/python3.12/site-packages/airflow/example_dags/example_trigger_target_dag.py
[2026-05-27T01:59:44.084+0000] {processor.py:925} INFO - DAG(s) 'example_trigger_target_dag' retrieved from /home/airflow/.local/lib/python3.12/site-packages/airflow/example_dags/example_trigger_target_dag.py
[2026-05-27T01:59:44.101+0000] {logging_mixin.py:190} INFO - [2026-05-27T01:59:44.101+0000] {dag.py:3211} INFO - Sync 1 DAGs
[2026-05-27T01:59:44.110+0000] {logging_mixin.py:190} INFO - [2026-05-27T01:59:44.110+0000] {dag.py:4138} INFO - Setting next_dagrun for example_trigger_target_dag to None, run_after=None
[2026-05-27T01:59:44.121+0000] {processor.py:208} INFO - Processing /home/airflow/.local/lib/python3.12/site-packages/airflow/example_dags/example_trigger_target_dag.py took 0.054 seconds
[2026-05-27T02:00:14.361+0000] {processor.py:186} INFO - Started process (PID=242) to work on /home/airflow/.local/lib/python3.12/site-packages/airflow/example_dags/example_trigger_target_dag.py
[2026-05-27T02:00:14.362+0000] {processor.py:914} INFO - Processing file /home/airflow/.local/lib/python3.12/site-packages/airflow/example_dags/example_trigger_target_dag.py for tasks to queue
[2026-05-27T02:00:14.365+0000] {logging_mixin.py:190} INFO - [2026-05-27T02:00:14.365+0000] {dagbag.py:587} INFO - Filling up the DagBag from /home/airflow/.local/lib/python3.12/site-packages/airflow/example_dags/example_trigger_target_dag.py
[2026-05-27T02:00:14.374+0000] {processor.py:925} INFO - DAG(s) 'example_trigger_target_dag' retrieved from /home/airflow/.local/lib/python3.12/site-packages/airflow/example_dags/example_trigger_target_dag.py
[2026-05-27T02:00:14.393+0000] {logging_mixin.py:190} INFO - [2026-05-27T02:00:14.393+0000] {dag.py:3211} INFO - Sync 1 DAGs
[2026-05-27T02:00:14.411+0000] {logging_mixin.py:190} INFO - [2026-05-27T02:00:14.410+0000] {dag.py:4138} INFO - Setting next_dagrun for example_trigger_target_dag to None, run_after=None
[2026-05-27T02:00:14.424+0000] {processor.py:208} INFO - Processing /home/airflow/.local/lib/python3.12/site-packages/airflow/example_dags/example_trigger_target_dag.py took 0.069 seconds
[2026-05-27T02:00:45.252+0000] {processor.py:186} INFO - Started process (PID=304) to work on /home/airflow/.local/lib/python3.12/site-packages/airflow/example_dags/example_trigger_target_dag.py
[2026-05-27T02:00:45.253+0000] {processor.py:914} INFO - Processing file /home/airflow/.local/lib/python3.12/site-packages/airflow/example_dags/example_trigger_target_dag.py for tasks to queue
[2026-05-27T02:00:45.255+0000] {logging_mixin.py:190} INFO - [2026-05-27T02:00:45.254+0000] {dagbag.py:587} INFO - Filling up the DagBag from /home/airflow/.local/lib/python3.12/site-packages/airflow/example_dags/example_trigger_target_dag.py
[2026-05-27T02:00:45.261+0000] {processor.py:925} INFO - DAG(s) 'example_trigger_target_dag' retrieved from /home/airflow/.local/lib/python3.12/site-packages/airflow/example_dags/example_trigger_target_dag.py
[2026-05-27T02:00:45.278+0000] {logging_mixin.py:190} INFO - [2026-05-27T02:00:45.278+0000] {dag.py:3211} INFO - Sync 1 DAGs
[2026-05-27T02:00:45.287+0000] {logging_mixin.py:190} INFO - [2026-05-27T02:00:45.287+0000] {dag.py:4138} INFO - Setting next_dagrun for example_trigger_target_dag to None, run_after=None
[2026-05-27T02:00:45.298+0000] {processor.py:208} INFO - Processing /home/airflow/.local/lib/python3.12/site-packages/airflow/example_dags/example_trigger_target_dag.py took 0.051 seconds
[2026-05-27T02:01:15.470+0000] {processor.py:186} INFO - Started process (PID=366) to work on /home/airflow/.local/lib/python3.12/site-packages/airflow/example_dags/example_trigger_target_dag.py
[2026-05-27T02:01:15.471+0000] {processor.py:914} INFO - Processing file /home/airflow/.local/lib/python3.12/site-packages/airflow/example_dags/example_trigger_target_dag.py for tasks to queue
[2026-05-27T02:01:15.473+0000] {logging_mixin.py:190} INFO - [2026-05-27T02:01:15.473+0000] {dagbag.py:587} INFO - Filling up the DagBag from /home/airflow/.local/lib/python3.12/site-packages/airflow/example_dags/example_trigger_target_dag.py
[2026-05-27T02:01:15.479+0000] {processor.py:925} INFO - DAG(s) 'example_trigger_target_dag' retrieved from /home/airflow/.local/lib/python3.12/site-packages/airflow/example_dags/example_trigger_target_dag.py
[2026-05-27T02:01:15.494+0000] {logging_mixin.py:190} INFO - [2026-05-27T02:01:15.494+0000] {dag.py:3211} INFO - Sync 1 DAGs
[2026-05-27T02:01:15.503+0000] {logging_mixin.py:190} INFO - [2026-05-27T02:01:15.503+0000] {dag.py:4138} INFO - Setting next_dagrun for example_trigger_target_dag to None, run_after=None
[2026-05-27T02:01:15.514+0000] {processor.py:208} INFO - Processing /home/airflow/.local/lib/python3.12/site-packages/airflow/example_dags/example_trigger_target_dag.py took 0.048 seconds
[2026-05-27T02:01:48.988+0000] {processor.py:186} INFO - Started process (PID=66) to work on /home/airflow/.local/lib/python3.12/site-packages/airflow/example_dags/example_trigger_target_dag.py
[2026-05-27T02:01:48.989+0000] {processor.py:914} INFO - Processing file /home/airflow/.local/lib/python3.12/site-packages/airflow/example_dags/example_trigger_target_dag.py for tasks to queue
[2026-05-27T02:01:48.992+0000] {logging_mixin.py:190} INFO - [2026-05-27T02:01:48.992+0000] {dagbag.py:587} INFO - Filling up the DagBag from /home/airflow/.local/lib/python3.12/site-packages/airflow/example_dags/example_trigger_target_dag.py
[2026-05-27T02:01:48.999+0000] {processor.py:925} INFO - DAG(s) 'example_trigger_target_dag' retrieved from /home/airflow/.local/lib/python3.12/site-packages/airflow/example_dags/example_trigger_target_dag.py
[2026-05-27T02:01:49.021+0000] {logging_mixin.py:190} INFO - [2026-05-27T02:01:49.020+0000] {dag.py:3211} INFO - Sync 1 DAGs
[2026-05-27T02:01:49.031+0000] {logging_mixin.py:190} INFO - [2026-05-27T02:01:49.031+0000] {dag.py:4138} INFO - Setting next_dagrun for example_trigger_target_dag to None, run_after=None
[2026-05-27T02:01:49.043+0000] {processor.py:208} INFO - Processing /home/airflow/.local/lib/python3.12/site-packages/airflow/example_dags/example_trigger_target_dag.py took 0.060 seconds
[2026-05-27T02:02:18.519+0000] {processor.py:186} INFO - Started process (PID=66) to work on /home/airflow/.local/lib/python3.12/site-packages/airflow/example_dags/example_trigger_target_dag.py
[2026-05-27T02:02:18.520+0000] {processor.py:914} INFO - Processing file /home/airflow/.local/lib/python3.12/site-packages/airflow/example_dags/example_trigger_target_dag.py for tasks to queue
[2026-05-27T02:02:18.522+0000] {logging_mixin.py:190} INFO - [2026-05-27T02:02:18.522+0000] {dagbag.py:587} INFO - Filling up the DagBag from /home/airflow/.local/lib/python3.12/site-packages/airflow/example_dags/example_trigger_target_dag.py
[2026-05-27T02:02:18.528+0000] {processor.py:925} INFO - DAG(s) 'example_trigger_target_dag' retrieved from /home/airflow/.local/lib/python3.12/site-packages/airflow/example_dags/example_trigger_target_dag.py
[2026-05-27T02:02:18.552+0000] {logging_mixin.py:190} INFO - [2026-05-27T02:02:18.551+0000] {dag.py:3211} INFO - Sync 1 DAGs
[2026-05-27T02:02:18.566+0000] {logging_mixin.py:190} INFO - [2026-05-27T02:02:18.566+0000] {dag.py:4138} INFO - Setting next_dagrun for example_trigger_target_dag to None, run_after=None
[2026-05-27T02:02:18.584+0000] {processor.py:208} INFO - Processing /home/airflow/.local/lib/python3.12/site-packages/airflow/example_dags/example_trigger_target_dag.py took 0.070 seconds
[2026-05-27T02:03:00.305+0000] {processor.py:186} INFO - Started process (PID=66) to work on /home/airflow/.local/lib/python3.12/site-packages/airflow/example_dags/example_trigger_target_dag.py
[2026-05-27T02:03:00.307+0000] {processor.py:914} INFO - Processing file /home/airflow/.local/lib/python3.12/site-packages/airflow/example_dags/example_trigger_target_dag.py for tasks to queue
[2026-05-27T02:03:00.310+0000] {logging_mixin.py:190} INFO - [2026-05-27T02:03:00.310+0000] {dagbag.py:587} INFO - Filling up the DagBag from /home/airflow/.local/lib/python3.12/site-packages/airflow/example_dags/example_trigger_target_dag.py
[2026-05-27T02:03:00.318+0000] {processor.py:925} INFO - DAG(s) 'example_trigger_target_dag' retrieved from /home/airflow/.local/lib/python3.12/site-packages/airflow/example_dags/example_trigger_target_dag.py
[2026-05-27T02:03:00.343+0000] {logging_mixin.py:190} INFO - [2026-05-27T02:03:00.342+0000] {dag.py:3211} INFO - Sync 1 DAGs
[2026-05-27T02:03:00.358+0000] {logging_mixin.py:190} INFO - [2026-05-27T02:03:00.358+0000] {dag.py:4138} INFO - Setting next_dagrun for example_trigger_target_dag to None, run_after=None
[2026-05-27T02:03:00.374+0000] {processor.py:208} INFO - Processing /home/airflow/.local/lib/python3.12/site-packages/airflow/example_dags/example_trigger_target_dag.py took 0.075 seconds
