[2026-05-27T01:54:01.966+0000] {processor.py:186} INFO - Started process (PID=66) to work on /home/airflow/.local/lib/python3.12/site-packages/airflow/example_dags/example_task_group_decorator.py
[2026-05-27T01:54:01.967+0000] {processor.py:914} INFO - Processing file /home/airflow/.local/lib/python3.12/site-packages/airflow/example_dags/example_task_group_decorator.py for tasks to queue
[2026-05-27T01:54:01.970+0000] {logging_mixin.py:190} INFO - [2026-05-27T01:54:01.969+0000] {dagbag.py:587} INFO - Filling up the DagBag from /home/airflow/.local/lib/python3.12/site-packages/airflow/example_dags/example_task_group_decorator.py
[2026-05-27T01:54:01.990+0000] {processor.py:925} INFO - DAG(s) 'example_task_group_decorator' retrieved from /home/airflow/.local/lib/python3.12/site-packages/airflow/example_dags/example_task_group_decorator.py
[2026-05-27T01:54:02.130+0000] {logging_mixin.py:190} INFO - [2026-05-27T01:54:02.130+0000] {override.py:1858} INFO - Created Permission View: can edit on DAG:example_task_group_decorator
[2026-05-27T01:54:02.137+0000] {logging_mixin.py:190} INFO - [2026-05-27T01:54:02.137+0000] {override.py:1858} INFO - Created Permission View: can read on DAG:example_task_group_decorator
[2026-05-27T01:54:02.143+0000] {logging_mixin.py:190} INFO - [2026-05-27T01:54:02.143+0000] {override.py:1858} INFO - Created Permission View: can delete on DAG:example_task_group_decorator
[2026-05-27T01:54:02.143+0000] {logging_mixin.py:190} INFO - [2026-05-27T01:54:02.143+0000] {dag.py:3211} INFO - Sync 1 DAGs
[2026-05-27T01:54:02.155+0000] {logging_mixin.py:190} INFO - [2026-05-27T01:54:02.155+0000] {dag.py:3234} INFO - Creating ORM DAG for example_task_group_decorator
[2026-05-27T01:54:02.164+0000] {logging_mixin.py:190} INFO - [2026-05-27T01:54:02.163+0000] {dag.py:4138} INFO - Setting next_dagrun for example_task_group_decorator to 2026-05-26 00:00:00+00:00, run_after=2026-05-27 00:00:00+00:00
[2026-05-27T01:54:02.176+0000] {processor.py:208} INFO - Processing /home/airflow/.local/lib/python3.12/site-packages/airflow/example_dags/example_task_group_decorator.py took 0.217 seconds
[2026-05-27T01:54:32.721+0000] {processor.py:186} INFO - Started process (PID=138) to work on /home/airflow/.local/lib/python3.12/site-packages/airflow/example_dags/example_task_group_decorator.py
[2026-05-27T01:54:32.722+0000] {processor.py:914} INFO - Processing file /home/airflow/.local/lib/python3.12/site-packages/airflow/example_dags/example_task_group_decorator.py for tasks to queue
[2026-05-27T01:54:32.724+0000] {logging_mixin.py:190} INFO - [2026-05-27T01:54:32.724+0000] {dagbag.py:587} INFO - Filling up the DagBag from /home/airflow/.local/lib/python3.12/site-packages/airflow/example_dags/example_task_group_decorator.py
[2026-05-27T01:54:32.738+0000] {processor.py:925} INFO - DAG(s) 'example_task_group_decorator' retrieved from /home/airflow/.local/lib/python3.12/site-packages/airflow/example_dags/example_task_group_decorator.py
[2026-05-27T01:54:32.761+0000] {logging_mixin.py:190} INFO - [2026-05-27T01:54:32.760+0000] {dag.py:3211} INFO - Sync 1 DAGs
[2026-05-27T01:54:32.777+0000] {logging_mixin.py:190} INFO - [2026-05-27T01:54:32.777+0000] {dag.py:4138} INFO - Setting next_dagrun for example_task_group_decorator to 2026-05-26 00:00:00+00:00, run_after=2026-05-27 00:00:00+00:00
[2026-05-27T01:54:32.788+0000] {processor.py:208} INFO - Processing /home/airflow/.local/lib/python3.12/site-packages/airflow/example_dags/example_task_group_decorator.py took 0.072 seconds
[2026-05-27T01:55:03.115+0000] {processor.py:186} INFO - Started process (PID=203) to work on /home/airflow/.local/lib/python3.12/site-packages/airflow/example_dags/example_task_group_decorator.py
[2026-05-27T01:55:03.116+0000] {processor.py:914} INFO - Processing file /home/airflow/.local/lib/python3.12/site-packages/airflow/example_dags/example_task_group_decorator.py for tasks to queue
[2026-05-27T01:55:03.118+0000] {logging_mixin.py:190} INFO - [2026-05-27T01:55:03.118+0000] {dagbag.py:587} INFO - Filling up the DagBag from /home/airflow/.local/lib/python3.12/site-packages/airflow/example_dags/example_task_group_decorator.py
[2026-05-27T01:55:03.130+0000] {processor.py:925} INFO - DAG(s) 'example_task_group_decorator' retrieved from /home/airflow/.local/lib/python3.12/site-packages/airflow/example_dags/example_task_group_decorator.py
[2026-05-27T01:55:03.153+0000] {logging_mixin.py:190} INFO - [2026-05-27T01:55:03.152+0000] {dag.py:3211} INFO - Sync 1 DAGs
[2026-05-27T01:55:03.168+0000] {logging_mixin.py:190} INFO - [2026-05-27T01:55:03.168+0000] {dag.py:4138} INFO - Setting next_dagrun for example_task_group_decorator to 2026-05-26 00:00:00+00:00, run_after=2026-05-27 00:00:00+00:00
[2026-05-27T01:55:03.178+0000] {processor.py:208} INFO - Processing /home/airflow/.local/lib/python3.12/site-packages/airflow/example_dags/example_task_group_decorator.py took 0.069 seconds
[2026-05-27T01:55:33.463+0000] {processor.py:186} INFO - Started process (PID=265) to work on /home/airflow/.local/lib/python3.12/site-packages/airflow/example_dags/example_task_group_decorator.py
[2026-05-27T01:55:33.464+0000] {processor.py:914} INFO - Processing file /home/airflow/.local/lib/python3.12/site-packages/airflow/example_dags/example_task_group_decorator.py for tasks to queue
[2026-05-27T01:55:33.466+0000] {logging_mixin.py:190} INFO - [2026-05-27T01:55:33.466+0000] {dagbag.py:587} INFO - Filling up the DagBag from /home/airflow/.local/lib/python3.12/site-packages/airflow/example_dags/example_task_group_decorator.py
[2026-05-27T01:55:33.480+0000] {processor.py:925} INFO - DAG(s) 'example_task_group_decorator' retrieved from /home/airflow/.local/lib/python3.12/site-packages/airflow/example_dags/example_task_group_decorator.py
[2026-05-27T01:55:33.497+0000] {logging_mixin.py:190} INFO - [2026-05-27T01:55:33.497+0000] {dag.py:3211} INFO - Sync 1 DAGs
[2026-05-27T01:55:33.513+0000] {logging_mixin.py:190} INFO - [2026-05-27T01:55:33.513+0000] {dag.py:4138} INFO - Setting next_dagrun for example_task_group_decorator to 2026-05-26 00:00:00+00:00, run_after=2026-05-27 00:00:00+00:00
[2026-05-27T01:55:33.524+0000] {processor.py:208} INFO - Processing /home/airflow/.local/lib/python3.12/site-packages/airflow/example_dags/example_task_group_decorator.py took 0.066 seconds
[2026-05-27T01:56:03.966+0000] {processor.py:186} INFO - Started process (PID=333) to work on /home/airflow/.local/lib/python3.12/site-packages/airflow/example_dags/example_task_group_decorator.py
[2026-05-27T01:56:03.967+0000] {processor.py:914} INFO - Processing file /home/airflow/.local/lib/python3.12/site-packages/airflow/example_dags/example_task_group_decorator.py for tasks to queue
[2026-05-27T01:56:03.968+0000] {logging_mixin.py:190} INFO - [2026-05-27T01:56:03.968+0000] {dagbag.py:587} INFO - Filling up the DagBag from /home/airflow/.local/lib/python3.12/site-packages/airflow/example_dags/example_task_group_decorator.py
[2026-05-27T01:56:03.981+0000] {processor.py:925} INFO - DAG(s) 'example_task_group_decorator' retrieved from /home/airflow/.local/lib/python3.12/site-packages/airflow/example_dags/example_task_group_decorator.py
[2026-05-27T01:56:03.998+0000] {logging_mixin.py:190} INFO - [2026-05-27T01:56:03.998+0000] {dag.py:3211} INFO - Sync 1 DAGs
[2026-05-27T01:56:04.012+0000] {logging_mixin.py:190} INFO - [2026-05-27T01:56:04.012+0000] {dag.py:4138} INFO - Setting next_dagrun for example_task_group_decorator to 2026-05-26 00:00:00+00:00, run_after=2026-05-27 00:00:00+00:00
[2026-05-27T01:56:04.023+0000] {processor.py:208} INFO - Processing /home/airflow/.local/lib/python3.12/site-packages/airflow/example_dags/example_task_group_decorator.py took 0.062 seconds
[2026-05-27T01:56:34.327+0000] {processor.py:186} INFO - Started process (PID=395) to work on /home/airflow/.local/lib/python3.12/site-packages/airflow/example_dags/example_task_group_decorator.py
[2026-05-27T01:56:34.327+0000] {processor.py:914} INFO - Processing file /home/airflow/.local/lib/python3.12/site-packages/airflow/example_dags/example_task_group_decorator.py for tasks to queue
[2026-05-27T01:56:34.329+0000] {logging_mixin.py:190} INFO - [2026-05-27T01:56:34.329+0000] {dagbag.py:587} INFO - Filling up the DagBag from /home/airflow/.local/lib/python3.12/site-packages/airflow/example_dags/example_task_group_decorator.py
[2026-05-27T01:56:34.340+0000] {processor.py:925} INFO - DAG(s) 'example_task_group_decorator' retrieved from /home/airflow/.local/lib/python3.12/site-packages/airflow/example_dags/example_task_group_decorator.py
[2026-05-27T01:56:34.356+0000] {logging_mixin.py:190} INFO - [2026-05-27T01:56:34.356+0000] {dag.py:3211} INFO - Sync 1 DAGs
[2026-05-27T01:56:34.369+0000] {logging_mixin.py:190} INFO - [2026-05-27T01:56:34.368+0000] {dag.py:4138} INFO - Setting next_dagrun for example_task_group_decorator to 2026-05-26 00:00:00+00:00, run_after=2026-05-27 00:00:00+00:00
[2026-05-27T01:56:34.379+0000] {processor.py:208} INFO - Processing /home/airflow/.local/lib/python3.12/site-packages/airflow/example_dags/example_task_group_decorator.py took 0.056 seconds
[2026-05-27T01:57:04.561+0000] {processor.py:186} INFO - Started process (PID=457) to work on /home/airflow/.local/lib/python3.12/site-packages/airflow/example_dags/example_task_group_decorator.py
[2026-05-27T01:57:04.561+0000] {processor.py:914} INFO - Processing file /home/airflow/.local/lib/python3.12/site-packages/airflow/example_dags/example_task_group_decorator.py for tasks to queue
[2026-05-27T01:57:04.564+0000] {logging_mixin.py:190} INFO - [2026-05-27T01:57:04.563+0000] {dagbag.py:587} INFO - Filling up the DagBag from /home/airflow/.local/lib/python3.12/site-packages/airflow/example_dags/example_task_group_decorator.py
[2026-05-27T01:57:04.574+0000] {processor.py:925} INFO - DAG(s) 'example_task_group_decorator' retrieved from /home/airflow/.local/lib/python3.12/site-packages/airflow/example_dags/example_task_group_decorator.py
[2026-05-27T01:57:04.593+0000] {logging_mixin.py:190} INFO - [2026-05-27T01:57:04.593+0000] {dag.py:3211} INFO - Sync 1 DAGs
[2026-05-27T01:57:04.607+0000] {logging_mixin.py:190} INFO - [2026-05-27T01:57:04.607+0000] {dag.py:4138} INFO - Setting next_dagrun for example_task_group_decorator to 2026-05-26 00:00:00+00:00, run_after=2026-05-27 00:00:00+00:00
[2026-05-27T01:57:04.617+0000] {processor.py:208} INFO - Processing /home/airflow/.local/lib/python3.12/site-packages/airflow/example_dags/example_task_group_decorator.py took 0.062 seconds
[2026-05-27T01:57:35.288+0000] {processor.py:186} INFO - Started process (PID=519) to work on /home/airflow/.local/lib/python3.12/site-packages/airflow/example_dags/example_task_group_decorator.py
[2026-05-27T01:57:35.289+0000] {processor.py:914} INFO - Processing file /home/airflow/.local/lib/python3.12/site-packages/airflow/example_dags/example_task_group_decorator.py for tasks to queue
[2026-05-27T01:57:35.291+0000] {logging_mixin.py:190} INFO - [2026-05-27T01:57:35.290+0000] {dagbag.py:587} INFO - Filling up the DagBag from /home/airflow/.local/lib/python3.12/site-packages/airflow/example_dags/example_task_group_decorator.py
[2026-05-27T01:57:35.300+0000] {processor.py:925} INFO - DAG(s) 'example_task_group_decorator' retrieved from /home/airflow/.local/lib/python3.12/site-packages/airflow/example_dags/example_task_group_decorator.py
[2026-05-27T01:57:35.317+0000] {logging_mixin.py:190} INFO - [2026-05-27T01:57:35.316+0000] {dag.py:3211} INFO - Sync 1 DAGs
[2026-05-27T01:57:35.329+0000] {logging_mixin.py:190} INFO - [2026-05-27T01:57:35.329+0000] {dag.py:4138} INFO - Setting next_dagrun for example_task_group_decorator to 2026-05-26 00:00:00+00:00, run_after=2026-05-27 00:00:00+00:00
[2026-05-27T01:57:35.339+0000] {processor.py:208} INFO - Processing /home/airflow/.local/lib/python3.12/site-packages/airflow/example_dags/example_task_group_decorator.py took 0.055 seconds
[2026-05-27T01:58:05.828+0000] {processor.py:186} INFO - Started process (PID=581) to work on /home/airflow/.local/lib/python3.12/site-packages/airflow/example_dags/example_task_group_decorator.py
[2026-05-27T01:58:05.828+0000] {processor.py:914} INFO - Processing file /home/airflow/.local/lib/python3.12/site-packages/airflow/example_dags/example_task_group_decorator.py for tasks to queue
[2026-05-27T01:58:05.830+0000] {logging_mixin.py:190} INFO - [2026-05-27T01:58:05.830+0000] {dagbag.py:587} INFO - Filling up the DagBag from /home/airflow/.local/lib/python3.12/site-packages/airflow/example_dags/example_task_group_decorator.py
[2026-05-27T01:58:05.840+0000] {processor.py:925} INFO - DAG(s) 'example_task_group_decorator' retrieved from /home/airflow/.local/lib/python3.12/site-packages/airflow/example_dags/example_task_group_decorator.py
[2026-05-27T01:58:05.857+0000] {logging_mixin.py:190} INFO - [2026-05-27T01:58:05.857+0000] {dag.py:3211} INFO - Sync 1 DAGs
[2026-05-27T01:58:05.870+0000] {logging_mixin.py:190} INFO - [2026-05-27T01:58:05.870+0000] {dag.py:4138} INFO - Setting next_dagrun for example_task_group_decorator to 2026-05-26 00:00:00+00:00, run_after=2026-05-27 00:00:00+00:00
[2026-05-27T01:58:05.880+0000] {processor.py:208} INFO - Processing /home/airflow/.local/lib/python3.12/site-packages/airflow/example_dags/example_task_group_decorator.py took 0.057 seconds
[2026-05-27T01:59:13.269+0000] {processor.py:186} INFO - Started process (PID=75) to work on /home/airflow/.local/lib/python3.12/site-packages/airflow/example_dags/example_task_group_decorator.py
[2026-05-27T01:59:13.270+0000] {processor.py:914} INFO - Processing file /home/airflow/.local/lib/python3.12/site-packages/airflow/example_dags/example_task_group_decorator.py for tasks to queue
[2026-05-27T01:59:13.275+0000] {logging_mixin.py:190} INFO - [2026-05-27T01:59:13.275+0000] {dagbag.py:587} INFO - Filling up the DagBag from /home/airflow/.local/lib/python3.12/site-packages/airflow/example_dags/example_task_group_decorator.py
[2026-05-27T01:59:13.288+0000] {processor.py:925} INFO - DAG(s) 'example_task_group_decorator' retrieved from /home/airflow/.local/lib/python3.12/site-packages/airflow/example_dags/example_task_group_decorator.py
[2026-05-27T01:59:13.310+0000] {logging_mixin.py:190} INFO - [2026-05-27T01:59:13.310+0000] {dag.py:3211} INFO - Sync 1 DAGs
[2026-05-27T01:59:13.327+0000] {logging_mixin.py:190} INFO - [2026-05-27T01:59:13.327+0000] {dag.py:4138} INFO - Setting next_dagrun for example_task_group_decorator to 2026-05-26 00:00:00+00:00, run_after=2026-05-27 00:00:00+00:00
[2026-05-27T01:59:13.340+0000] {processor.py:208} INFO - Processing /home/airflow/.local/lib/python3.12/site-packages/airflow/example_dags/example_task_group_decorator.py took 0.076 seconds
[2026-05-27T01:59:43.774+0000] {processor.py:186} INFO - Started process (PID=173) to work on /home/airflow/.local/lib/python3.12/site-packages/airflow/example_dags/example_task_group_decorator.py
[2026-05-27T01:59:43.775+0000] {processor.py:914} INFO - Processing file /home/airflow/.local/lib/python3.12/site-packages/airflow/example_dags/example_task_group_decorator.py for tasks to queue
[2026-05-27T01:59:43.777+0000] {logging_mixin.py:190} INFO - [2026-05-27T01:59:43.777+0000] {dagbag.py:587} INFO - Filling up the DagBag from /home/airflow/.local/lib/python3.12/site-packages/airflow/example_dags/example_task_group_decorator.py
[2026-05-27T01:59:43.789+0000] {processor.py:925} INFO - DAG(s) 'example_task_group_decorator' retrieved from /home/airflow/.local/lib/python3.12/site-packages/airflow/example_dags/example_task_group_decorator.py
[2026-05-27T01:59:43.810+0000] {logging_mixin.py:190} INFO - [2026-05-27T01:59:43.810+0000] {dag.py:3211} INFO - Sync 1 DAGs
[2026-05-27T01:59:43.827+0000] {logging_mixin.py:190} INFO - [2026-05-27T01:59:43.827+0000] {dag.py:4138} INFO - Setting next_dagrun for example_task_group_decorator to 2026-05-26 00:00:00+00:00, run_after=2026-05-27 00:00:00+00:00
[2026-05-27T01:59:43.840+0000] {processor.py:208} INFO - Processing /home/airflow/.local/lib/python3.12/site-packages/airflow/example_dags/example_task_group_decorator.py took 0.072 seconds
[2026-05-27T02:00:14.083+0000] {processor.py:186} INFO - Started process (PID=236) to work on /home/airflow/.local/lib/python3.12/site-packages/airflow/example_dags/example_task_group_decorator.py
[2026-05-27T02:00:14.083+0000] {processor.py:914} INFO - Processing file /home/airflow/.local/lib/python3.12/site-packages/airflow/example_dags/example_task_group_decorator.py for tasks to queue
[2026-05-27T02:00:14.086+0000] {logging_mixin.py:190} INFO - [2026-05-27T02:00:14.085+0000] {dagbag.py:587} INFO - Filling up the DagBag from /home/airflow/.local/lib/python3.12/site-packages/airflow/example_dags/example_task_group_decorator.py
[2026-05-27T02:00:14.098+0000] {processor.py:925} INFO - DAG(s) 'example_task_group_decorator' retrieved from /home/airflow/.local/lib/python3.12/site-packages/airflow/example_dags/example_task_group_decorator.py
[2026-05-27T02:00:14.121+0000] {logging_mixin.py:190} INFO - [2026-05-27T02:00:14.120+0000] {dag.py:3211} INFO - Sync 1 DAGs
[2026-05-27T02:00:14.138+0000] {logging_mixin.py:190} INFO - [2026-05-27T02:00:14.138+0000] {dag.py:4138} INFO - Setting next_dagrun for example_task_group_decorator to 2026-05-26 00:00:00+00:00, run_after=2026-05-27 00:00:00+00:00
[2026-05-27T02:00:14.151+0000] {processor.py:208} INFO - Processing /home/airflow/.local/lib/python3.12/site-packages/airflow/example_dags/example_task_group_decorator.py took 0.073 seconds
[2026-05-27T02:00:44.876+0000] {processor.py:186} INFO - Started process (PID=298) to work on /home/airflow/.local/lib/python3.12/site-packages/airflow/example_dags/example_task_group_decorator.py
[2026-05-27T02:00:44.877+0000] {processor.py:914} INFO - Processing file /home/airflow/.local/lib/python3.12/site-packages/airflow/example_dags/example_task_group_decorator.py for tasks to queue
[2026-05-27T02:00:44.878+0000] {logging_mixin.py:190} INFO - [2026-05-27T02:00:44.878+0000] {dagbag.py:587} INFO - Filling up the DagBag from /home/airflow/.local/lib/python3.12/site-packages/airflow/example_dags/example_task_group_decorator.py
[2026-05-27T02:00:44.889+0000] {processor.py:925} INFO - DAG(s) 'example_task_group_decorator' retrieved from /home/airflow/.local/lib/python3.12/site-packages/airflow/example_dags/example_task_group_decorator.py
[2026-05-27T02:00:44.905+0000] {logging_mixin.py:190} INFO - [2026-05-27T02:00:44.905+0000] {dag.py:3211} INFO - Sync 1 DAGs
[2026-05-27T02:00:44.917+0000] {logging_mixin.py:190} INFO - [2026-05-27T02:00:44.917+0000] {dag.py:4138} INFO - Setting next_dagrun for example_task_group_decorator to 2026-05-26 00:00:00+00:00, run_after=2026-05-27 00:00:00+00:00
[2026-05-27T02:00:44.927+0000] {processor.py:208} INFO - Processing /home/airflow/.local/lib/python3.12/site-packages/airflow/example_dags/example_task_group_decorator.py took 0.055 seconds
[2026-05-27T02:01:15.093+0000] {processor.py:186} INFO - Started process (PID=360) to work on /home/airflow/.local/lib/python3.12/site-packages/airflow/example_dags/example_task_group_decorator.py
[2026-05-27T02:01:15.093+0000] {processor.py:914} INFO - Processing file /home/airflow/.local/lib/python3.12/site-packages/airflow/example_dags/example_task_group_decorator.py for tasks to queue
[2026-05-27T02:01:15.095+0000] {logging_mixin.py:190} INFO - [2026-05-27T02:01:15.095+0000] {dagbag.py:587} INFO - Filling up the DagBag from /home/airflow/.local/lib/python3.12/site-packages/airflow/example_dags/example_task_group_decorator.py
[2026-05-27T02:01:15.106+0000] {processor.py:925} INFO - DAG(s) 'example_task_group_decorator' retrieved from /home/airflow/.local/lib/python3.12/site-packages/airflow/example_dags/example_task_group_decorator.py
[2026-05-27T02:01:15.123+0000] {logging_mixin.py:190} INFO - [2026-05-27T02:01:15.123+0000] {dag.py:3211} INFO - Sync 1 DAGs
[2026-05-27T02:01:15.137+0000] {logging_mixin.py:190} INFO - [2026-05-27T02:01:15.137+0000] {dag.py:4138} INFO - Setting next_dagrun for example_task_group_decorator to 2026-05-26 00:00:00+00:00, run_after=2026-05-27 00:00:00+00:00
[2026-05-27T02:01:15.147+0000] {processor.py:208} INFO - Processing /home/airflow/.local/lib/python3.12/site-packages/airflow/example_dags/example_task_group_decorator.py took 0.059 seconds
[2026-05-27T02:01:48.491+0000] {processor.py:186} INFO - Started process (PID=60) to work on /home/airflow/.local/lib/python3.12/site-packages/airflow/example_dags/example_task_group_decorator.py
[2026-05-27T02:01:48.492+0000] {processor.py:914} INFO - Processing file /home/airflow/.local/lib/python3.12/site-packages/airflow/example_dags/example_task_group_decorator.py for tasks to queue
[2026-05-27T02:01:48.496+0000] {logging_mixin.py:190} INFO - [2026-05-27T02:01:48.496+0000] {dagbag.py:587} INFO - Filling up the DagBag from /home/airflow/.local/lib/python3.12/site-packages/airflow/example_dags/example_task_group_decorator.py
[2026-05-27T02:01:48.513+0000] {processor.py:925} INFO - DAG(s) 'example_task_group_decorator' retrieved from /home/airflow/.local/lib/python3.12/site-packages/airflow/example_dags/example_task_group_decorator.py
[2026-05-27T02:01:48.540+0000] {logging_mixin.py:190} INFO - [2026-05-27T02:01:48.540+0000] {dag.py:3211} INFO - Sync 1 DAGs
[2026-05-27T02:01:48.558+0000] {logging_mixin.py:190} INFO - [2026-05-27T02:01:48.558+0000] {dag.py:4138} INFO - Setting next_dagrun for example_task_group_decorator to 2026-05-26 00:00:00+00:00, run_after=2026-05-27 00:00:00+00:00
[2026-05-27T02:01:48.569+0000] {processor.py:208} INFO - Processing /home/airflow/.local/lib/python3.12/site-packages/airflow/example_dags/example_task_group_decorator.py took 0.086 seconds
[2026-05-27T02:02:18.169+0000] {processor.py:186} INFO - Started process (PID=60) to work on /home/airflow/.local/lib/python3.12/site-packages/airflow/example_dags/example_task_group_decorator.py
[2026-05-27T02:02:18.170+0000] {processor.py:914} INFO - Processing file /home/airflow/.local/lib/python3.12/site-packages/airflow/example_dags/example_task_group_decorator.py for tasks to queue
[2026-05-27T02:02:18.172+0000] {logging_mixin.py:190} INFO - [2026-05-27T02:02:18.172+0000] {dagbag.py:587} INFO - Filling up the DagBag from /home/airflow/.local/lib/python3.12/site-packages/airflow/example_dags/example_task_group_decorator.py
[2026-05-27T02:02:18.183+0000] {processor.py:925} INFO - DAG(s) 'example_task_group_decorator' retrieved from /home/airflow/.local/lib/python3.12/site-packages/airflow/example_dags/example_task_group_decorator.py
[2026-05-27T02:02:18.205+0000] {logging_mixin.py:190} INFO - [2026-05-27T02:02:18.205+0000] {dag.py:3211} INFO - Sync 1 DAGs
[2026-05-27T02:02:18.221+0000] {logging_mixin.py:190} INFO - [2026-05-27T02:02:18.221+0000] {dag.py:4138} INFO - Setting next_dagrun for example_task_group_decorator to 2026-05-26 00:00:00+00:00, run_after=2026-05-27 00:00:00+00:00
[2026-05-27T02:02:18.239+0000] {processor.py:208} INFO - Processing /home/airflow/.local/lib/python3.12/site-packages/airflow/example_dags/example_task_group_decorator.py took 0.074 seconds
[2026-05-27T02:02:59.595+0000] {processor.py:186} INFO - Started process (PID=60) to work on /home/airflow/.local/lib/python3.12/site-packages/airflow/example_dags/example_task_group_decorator.py
[2026-05-27T02:02:59.595+0000] {processor.py:914} INFO - Processing file /home/airflow/.local/lib/python3.12/site-packages/airflow/example_dags/example_task_group_decorator.py for tasks to queue
[2026-05-27T02:02:59.597+0000] {logging_mixin.py:190} INFO - [2026-05-27T02:02:59.597+0000] {dagbag.py:587} INFO - Filling up the DagBag from /home/airflow/.local/lib/python3.12/site-packages/airflow/example_dags/example_task_group_decorator.py
[2026-05-27T02:02:59.610+0000] {processor.py:925} INFO - DAG(s) 'example_task_group_decorator' retrieved from /home/airflow/.local/lib/python3.12/site-packages/airflow/example_dags/example_task_group_decorator.py
[2026-05-27T02:02:59.638+0000] {logging_mixin.py:190} INFO - [2026-05-27T02:02:59.638+0000] {dag.py:3211} INFO - Sync 1 DAGs
[2026-05-27T02:02:59.663+0000] {logging_mixin.py:190} INFO - [2026-05-27T02:02:59.663+0000] {dag.py:4138} INFO - Setting next_dagrun for example_task_group_decorator to 2026-05-26 00:00:00+00:00, run_after=2026-05-27 00:00:00+00:00
[2026-05-27T02:02:59.681+0000] {processor.py:208} INFO - Processing /home/airflow/.local/lib/python3.12/site-packages/airflow/example_dags/example_task_group_decorator.py took 0.091 seconds
