[2026-05-27T01:54:05.087+0000] {processor.py:186} INFO - Started process (PID=105) to work on /home/airflow/.local/lib/python3.12/site-packages/airflow/example_dags/example_inlet_event_extra.py
[2026-05-27T01:54:05.087+0000] {processor.py:914} INFO - Processing file /home/airflow/.local/lib/python3.12/site-packages/airflow/example_dags/example_inlet_event_extra.py for tasks to queue
[2026-05-27T01:54:05.089+0000] {logging_mixin.py:190} INFO - [2026-05-27T01:54:05.089+0000] {dagbag.py:587} INFO - Filling up the DagBag from /home/airflow/.local/lib/python3.12/site-packages/airflow/example_dags/example_inlet_event_extra.py
[2026-05-27T01:54:05.186+0000] {processor.py:925} INFO - DAG(s) 'read_dataset_event_from_classic', 'read_dataset_event' retrieved from /home/airflow/.local/lib/python3.12/site-packages/airflow/example_dags/example_inlet_event_extra.py
[2026-05-27T01:54:05.246+0000] {logging_mixin.py:190} INFO - [2026-05-27T01:54:05.246+0000] {override.py:1858} INFO - Created Permission View: can edit on DAG:read_dataset_event_from_classic
[2026-05-27T01:54:05.251+0000] {logging_mixin.py:190} INFO - [2026-05-27T01:54:05.251+0000] {override.py:1858} INFO - Created Permission View: can read on DAG:read_dataset_event_from_classic
[2026-05-27T01:54:05.255+0000] {logging_mixin.py:190} INFO - [2026-05-27T01:54:05.255+0000] {override.py:1858} INFO - Created Permission View: can delete on DAG:read_dataset_event_from_classic
[2026-05-27T01:54:05.262+0000] {logging_mixin.py:190} INFO - [2026-05-27T01:54:05.262+0000] {override.py:1858} INFO - Created Permission View: can edit on DAG:read_dataset_event
[2026-05-27T01:54:05.267+0000] {logging_mixin.py:190} INFO - [2026-05-27T01:54:05.266+0000] {override.py:1858} INFO - Created Permission View: can read on DAG:read_dataset_event
[2026-05-27T01:54:05.270+0000] {logging_mixin.py:190} INFO - [2026-05-27T01:54:05.270+0000] {override.py:1858} INFO - Created Permission View: can delete on DAG:read_dataset_event
[2026-05-27T01:54:05.271+0000] {logging_mixin.py:190} INFO - [2026-05-27T01:54:05.271+0000] {dag.py:3211} INFO - Sync 2 DAGs
[2026-05-27T01:54:05.279+0000] {logging_mixin.py:190} INFO - [2026-05-27T01:54:05.279+0000] {dag.py:3234} INFO - Creating ORM DAG for read_dataset_event_from_classic
[2026-05-27T01:54:05.280+0000] {logging_mixin.py:190} INFO - [2026-05-27T01:54:05.280+0000] {dag.py:3234} INFO - Creating ORM DAG for read_dataset_event
[2026-05-27T01:54:05.286+0000] {logging_mixin.py:190} INFO - [2026-05-27T01:54:05.286+0000] {dag.py:4138} INFO - Setting next_dagrun for read_dataset_event to 2026-05-26 00:00:00+00:00, run_after=2026-05-27 00:00:00+00:00
[2026-05-27T01:54:05.287+0000] {logging_mixin.py:190} INFO - [2026-05-27T01:54:05.287+0000] {dag.py:4138} INFO - Setting next_dagrun for read_dataset_event_from_classic to 2026-05-26 00:00:00+00:00, run_after=2026-05-27 00:00:00+00:00
[2026-05-27T01:54:05.297+0000] {processor.py:208} INFO - Processing /home/airflow/.local/lib/python3.12/site-packages/airflow/example_dags/example_inlet_event_extra.py took 0.216 seconds
[2026-05-27T01:54:35.658+0000] {processor.py:186} INFO - Started process (PID=177) to work on /home/airflow/.local/lib/python3.12/site-packages/airflow/example_dags/example_inlet_event_extra.py
[2026-05-27T01:54:35.659+0000] {processor.py:914} INFO - Processing file /home/airflow/.local/lib/python3.12/site-packages/airflow/example_dags/example_inlet_event_extra.py for tasks to queue
[2026-05-27T01:54:35.661+0000] {logging_mixin.py:190} INFO - [2026-05-27T01:54:35.660+0000] {dagbag.py:587} INFO - Filling up the DagBag from /home/airflow/.local/lib/python3.12/site-packages/airflow/example_dags/example_inlet_event_extra.py
[2026-05-27T01:54:35.757+0000] {processor.py:925} INFO - DAG(s) 'read_dataset_event', 'read_dataset_event_from_classic' retrieved from /home/airflow/.local/lib/python3.12/site-packages/airflow/example_dags/example_inlet_event_extra.py
[2026-05-27T01:54:35.771+0000] {logging_mixin.py:190} INFO - [2026-05-27T01:54:35.770+0000] {dag.py:3211} INFO - Sync 2 DAGs
[2026-05-27T01:54:35.785+0000] {logging_mixin.py:190} INFO - [2026-05-27T01:54:35.785+0000] {dag.py:4138} INFO - Setting next_dagrun for read_dataset_event to 2026-05-26 00:00:00+00:00, run_after=2026-05-27 00:00:00+00:00
[2026-05-27T01:54:35.788+0000] {logging_mixin.py:190} INFO - [2026-05-27T01:54:35.788+0000] {dag.py:4138} INFO - Setting next_dagrun for read_dataset_event_from_classic to 2026-05-26 00:00:00+00:00, run_after=2026-05-27 00:00:00+00:00
[2026-05-27T01:54:35.799+0000] {processor.py:208} INFO - Processing /home/airflow/.local/lib/python3.12/site-packages/airflow/example_dags/example_inlet_event_extra.py took 0.145 seconds
[2026-05-27T01:55:06.067+0000] {processor.py:186} INFO - Started process (PID=242) to work on /home/airflow/.local/lib/python3.12/site-packages/airflow/example_dags/example_inlet_event_extra.py
[2026-05-27T01:55:06.068+0000] {processor.py:914} INFO - Processing file /home/airflow/.local/lib/python3.12/site-packages/airflow/example_dags/example_inlet_event_extra.py for tasks to queue
[2026-05-27T01:55:06.070+0000] {logging_mixin.py:190} INFO - [2026-05-27T01:55:06.070+0000] {dagbag.py:587} INFO - Filling up the DagBag from /home/airflow/.local/lib/python3.12/site-packages/airflow/example_dags/example_inlet_event_extra.py
[2026-05-27T01:55:06.179+0000] {processor.py:925} INFO - DAG(s) 'read_dataset_event_from_classic', 'read_dataset_event' retrieved from /home/airflow/.local/lib/python3.12/site-packages/airflow/example_dags/example_inlet_event_extra.py
[2026-05-27T01:55:06.196+0000] {logging_mixin.py:190} INFO - [2026-05-27T01:55:06.196+0000] {dag.py:3211} INFO - Sync 2 DAGs
[2026-05-27T01:55:06.215+0000] {logging_mixin.py:190} INFO - [2026-05-27T01:55:06.215+0000] {dag.py:4138} INFO - Setting next_dagrun for read_dataset_event to 2026-05-26 00:00:00+00:00, run_after=2026-05-27 00:00:00+00:00
[2026-05-27T01:55:06.218+0000] {logging_mixin.py:190} INFO - [2026-05-27T01:55:06.218+0000] {dag.py:4138} INFO - Setting next_dagrun for read_dataset_event_from_classic to 2026-05-26 00:00:00+00:00, run_after=2026-05-27 00:00:00+00:00
[2026-05-27T01:55:06.228+0000] {processor.py:208} INFO - Processing /home/airflow/.local/lib/python3.12/site-packages/airflow/example_dags/example_inlet_event_extra.py took 0.166 seconds
[2026-05-27T01:55:36.478+0000] {processor.py:186} INFO - Started process (PID=305) to work on /home/airflow/.local/lib/python3.12/site-packages/airflow/example_dags/example_inlet_event_extra.py
[2026-05-27T01:55:36.479+0000] {processor.py:914} INFO - Processing file /home/airflow/.local/lib/python3.12/site-packages/airflow/example_dags/example_inlet_event_extra.py for tasks to queue
[2026-05-27T01:55:36.481+0000] {logging_mixin.py:190} INFO - [2026-05-27T01:55:36.481+0000] {dagbag.py:587} INFO - Filling up the DagBag from /home/airflow/.local/lib/python3.12/site-packages/airflow/example_dags/example_inlet_event_extra.py
[2026-05-27T01:55:36.580+0000] {processor.py:925} INFO - DAG(s) 'read_dataset_event', 'read_dataset_event_from_classic' retrieved from /home/airflow/.local/lib/python3.12/site-packages/airflow/example_dags/example_inlet_event_extra.py
[2026-05-27T01:55:36.595+0000] {logging_mixin.py:190} INFO - [2026-05-27T01:55:36.595+0000] {dag.py:3211} INFO - Sync 2 DAGs
[2026-05-27T01:55:36.610+0000] {logging_mixin.py:190} INFO - [2026-05-27T01:55:36.609+0000] {dag.py:4138} INFO - Setting next_dagrun for read_dataset_event to 2026-05-26 00:00:00+00:00, run_after=2026-05-27 00:00:00+00:00
[2026-05-27T01:55:36.612+0000] {logging_mixin.py:190} INFO - [2026-05-27T01:55:36.612+0000] {dag.py:4138} INFO - Setting next_dagrun for read_dataset_event_from_classic to 2026-05-26 00:00:00+00:00, run_after=2026-05-27 00:00:00+00:00
[2026-05-27T01:55:36.621+0000] {processor.py:208} INFO - Processing /home/airflow/.local/lib/python3.12/site-packages/airflow/example_dags/example_inlet_event_extra.py took 0.148 seconds
[2026-05-27T01:56:06.870+0000] {processor.py:186} INFO - Started process (PID=366) to work on /home/airflow/.local/lib/python3.12/site-packages/airflow/example_dags/example_inlet_event_extra.py
[2026-05-27T01:56:06.870+0000] {processor.py:914} INFO - Processing file /home/airflow/.local/lib/python3.12/site-packages/airflow/example_dags/example_inlet_event_extra.py for tasks to queue
[2026-05-27T01:56:06.872+0000] {logging_mixin.py:190} INFO - [2026-05-27T01:56:06.872+0000] {dagbag.py:587} INFO - Filling up the DagBag from /home/airflow/.local/lib/python3.12/site-packages/airflow/example_dags/example_inlet_event_extra.py
[2026-05-27T01:56:06.981+0000] {processor.py:925} INFO - DAG(s) 'read_dataset_event_from_classic', 'read_dataset_event' retrieved from /home/airflow/.local/lib/python3.12/site-packages/airflow/example_dags/example_inlet_event_extra.py
[2026-05-27T01:56:07.002+0000] {logging_mixin.py:190} INFO - [2026-05-27T01:56:07.002+0000] {dag.py:3211} INFO - Sync 2 DAGs
[2026-05-27T01:56:07.020+0000] {logging_mixin.py:190} INFO - [2026-05-27T01:56:07.019+0000] {dag.py:4138} INFO - Setting next_dagrun for read_dataset_event to 2026-05-26 00:00:00+00:00, run_after=2026-05-27 00:00:00+00:00
[2026-05-27T01:56:07.022+0000] {logging_mixin.py:190} INFO - [2026-05-27T01:56:07.022+0000] {dag.py:4138} INFO - Setting next_dagrun for read_dataset_event_from_classic to 2026-05-26 00:00:00+00:00, run_after=2026-05-27 00:00:00+00:00
[2026-05-27T01:56:07.033+0000] {processor.py:208} INFO - Processing /home/airflow/.local/lib/python3.12/site-packages/airflow/example_dags/example_inlet_event_extra.py took 0.167 seconds
[2026-05-27T01:56:37.316+0000] {processor.py:186} INFO - Started process (PID=429) to work on /home/airflow/.local/lib/python3.12/site-packages/airflow/example_dags/example_inlet_event_extra.py
[2026-05-27T01:56:37.317+0000] {processor.py:914} INFO - Processing file /home/airflow/.local/lib/python3.12/site-packages/airflow/example_dags/example_inlet_event_extra.py for tasks to queue
[2026-05-27T01:56:37.318+0000] {logging_mixin.py:190} INFO - [2026-05-27T01:56:37.318+0000] {dagbag.py:587} INFO - Filling up the DagBag from /home/airflow/.local/lib/python3.12/site-packages/airflow/example_dags/example_inlet_event_extra.py
[2026-05-27T01:56:37.412+0000] {processor.py:925} INFO - DAG(s) 'read_dataset_event_from_classic', 'read_dataset_event' retrieved from /home/airflow/.local/lib/python3.12/site-packages/airflow/example_dags/example_inlet_event_extra.py
[2026-05-27T01:56:37.426+0000] {logging_mixin.py:190} INFO - [2026-05-27T01:56:37.426+0000] {dag.py:3211} INFO - Sync 2 DAGs
[2026-05-27T01:56:37.441+0000] {logging_mixin.py:190} INFO - [2026-05-27T01:56:37.441+0000] {dag.py:4138} INFO - Setting next_dagrun for read_dataset_event to 2026-05-26 00:00:00+00:00, run_after=2026-05-27 00:00:00+00:00
[2026-05-27T01:56:37.444+0000] {logging_mixin.py:190} INFO - [2026-05-27T01:56:37.444+0000] {dag.py:4138} INFO - Setting next_dagrun for read_dataset_event_from_classic to 2026-05-26 00:00:00+00:00, run_after=2026-05-27 00:00:00+00:00
[2026-05-27T01:56:37.454+0000] {processor.py:208} INFO - Processing /home/airflow/.local/lib/python3.12/site-packages/airflow/example_dags/example_inlet_event_extra.py took 0.143 seconds
[2026-05-27T01:57:07.781+0000] {processor.py:186} INFO - Started process (PID=492) to work on /home/airflow/.local/lib/python3.12/site-packages/airflow/example_dags/example_inlet_event_extra.py
[2026-05-27T01:57:07.781+0000] {processor.py:914} INFO - Processing file /home/airflow/.local/lib/python3.12/site-packages/airflow/example_dags/example_inlet_event_extra.py for tasks to queue
[2026-05-27T01:57:07.783+0000] {logging_mixin.py:190} INFO - [2026-05-27T01:57:07.783+0000] {dagbag.py:587} INFO - Filling up the DagBag from /home/airflow/.local/lib/python3.12/site-packages/airflow/example_dags/example_inlet_event_extra.py
[2026-05-27T01:57:07.888+0000] {processor.py:925} INFO - DAG(s) 'read_dataset_event_from_classic', 'read_dataset_event' retrieved from /home/airflow/.local/lib/python3.12/site-packages/airflow/example_dags/example_inlet_event_extra.py
[2026-05-27T01:57:07.907+0000] {logging_mixin.py:190} INFO - [2026-05-27T01:57:07.907+0000] {dag.py:3211} INFO - Sync 2 DAGs
[2026-05-27T01:57:07.926+0000] {logging_mixin.py:190} INFO - [2026-05-27T01:57:07.926+0000] {dag.py:4138} INFO - Setting next_dagrun for read_dataset_event to 2026-05-26 00:00:00+00:00, run_after=2026-05-27 00:00:00+00:00
[2026-05-27T01:57:07.929+0000] {logging_mixin.py:190} INFO - [2026-05-27T01:57:07.929+0000] {dag.py:4138} INFO - Setting next_dagrun for read_dataset_event_from_classic to 2026-05-26 00:00:00+00:00, run_after=2026-05-27 00:00:00+00:00
[2026-05-27T01:57:07.940+0000] {processor.py:208} INFO - Processing /home/airflow/.local/lib/python3.12/site-packages/airflow/example_dags/example_inlet_event_extra.py took 0.164 seconds
[2026-05-27T01:57:38.182+0000] {processor.py:186} INFO - Started process (PID=552) to work on /home/airflow/.local/lib/python3.12/site-packages/airflow/example_dags/example_inlet_event_extra.py
[2026-05-27T01:57:38.183+0000] {processor.py:914} INFO - Processing file /home/airflow/.local/lib/python3.12/site-packages/airflow/example_dags/example_inlet_event_extra.py for tasks to queue
[2026-05-27T01:57:38.185+0000] {logging_mixin.py:190} INFO - [2026-05-27T01:57:38.185+0000] {dagbag.py:587} INFO - Filling up the DagBag from /home/airflow/.local/lib/python3.12/site-packages/airflow/example_dags/example_inlet_event_extra.py
[2026-05-27T01:57:38.268+0000] {processor.py:925} INFO - DAG(s) 'read_dataset_event', 'read_dataset_event_from_classic' retrieved from /home/airflow/.local/lib/python3.12/site-packages/airflow/example_dags/example_inlet_event_extra.py
[2026-05-27T01:57:38.284+0000] {logging_mixin.py:190} INFO - [2026-05-27T01:57:38.284+0000] {dag.py:3211} INFO - Sync 2 DAGs
[2026-05-27T01:57:38.298+0000] {logging_mixin.py:190} INFO - [2026-05-27T01:57:38.298+0000] {dag.py:4138} INFO - Setting next_dagrun for read_dataset_event to 2026-05-26 00:00:00+00:00, run_after=2026-05-27 00:00:00+00:00
[2026-05-27T01:57:38.301+0000] {logging_mixin.py:190} INFO - [2026-05-27T01:57:38.301+0000] {dag.py:4138} INFO - Setting next_dagrun for read_dataset_event_from_classic to 2026-05-26 00:00:00+00:00, run_after=2026-05-27 00:00:00+00:00
[2026-05-27T01:57:38.310+0000] {processor.py:208} INFO - Processing /home/airflow/.local/lib/python3.12/site-packages/airflow/example_dags/example_inlet_event_extra.py took 0.132 seconds
[2026-05-27T01:58:08.792+0000] {processor.py:186} INFO - Started process (PID=614) to work on /home/airflow/.local/lib/python3.12/site-packages/airflow/example_dags/example_inlet_event_extra.py
[2026-05-27T01:58:08.793+0000] {processor.py:914} INFO - Processing file /home/airflow/.local/lib/python3.12/site-packages/airflow/example_dags/example_inlet_event_extra.py for tasks to queue
[2026-05-27T01:58:08.795+0000] {logging_mixin.py:190} INFO - [2026-05-27T01:58:08.795+0000] {dagbag.py:587} INFO - Filling up the DagBag from /home/airflow/.local/lib/python3.12/site-packages/airflow/example_dags/example_inlet_event_extra.py
[2026-05-27T01:58:08.904+0000] {processor.py:925} INFO - DAG(s) 'read_dataset_event_from_classic', 'read_dataset_event' retrieved from /home/airflow/.local/lib/python3.12/site-packages/airflow/example_dags/example_inlet_event_extra.py
[2026-05-27T01:58:08.918+0000] {logging_mixin.py:190} INFO - [2026-05-27T01:58:08.918+0000] {dag.py:3211} INFO - Sync 2 DAGs
[2026-05-27T01:58:08.933+0000] {logging_mixin.py:190} INFO - [2026-05-27T01:58:08.933+0000] {dag.py:4138} INFO - Setting next_dagrun for read_dataset_event to 2026-05-26 00:00:00+00:00, run_after=2026-05-27 00:00:00+00:00
[2026-05-27T01:58:08.939+0000] {logging_mixin.py:190} INFO - [2026-05-27T01:58:08.939+0000] {dag.py:4138} INFO - Setting next_dagrun for read_dataset_event_from_classic to 2026-05-26 00:00:00+00:00, run_after=2026-05-27 00:00:00+00:00
[2026-05-27T01:58:08.950+0000] {processor.py:208} INFO - Processing /home/airflow/.local/lib/python3.12/site-packages/airflow/example_dags/example_inlet_event_extra.py took 0.163 seconds
[2026-05-27T01:59:15.201+0000] {processor.py:186} INFO - Started process (PID=108) to work on /home/airflow/.local/lib/python3.12/site-packages/airflow/example_dags/example_inlet_event_extra.py
[2026-05-27T01:59:15.202+0000] {processor.py:914} INFO - Processing file /home/airflow/.local/lib/python3.12/site-packages/airflow/example_dags/example_inlet_event_extra.py for tasks to queue
[2026-05-27T01:59:15.204+0000] {logging_mixin.py:190} INFO - [2026-05-27T01:59:15.204+0000] {dagbag.py:587} INFO - Filling up the DagBag from /home/airflow/.local/lib/python3.12/site-packages/airflow/example_dags/example_inlet_event_extra.py
[2026-05-27T01:59:15.304+0000] {processor.py:925} INFO - DAG(s) 'read_dataset_event', 'read_dataset_event_from_classic' retrieved from /home/airflow/.local/lib/python3.12/site-packages/airflow/example_dags/example_inlet_event_extra.py
[2026-05-27T01:59:15.321+0000] {logging_mixin.py:190} INFO - [2026-05-27T01:59:15.320+0000] {dag.py:3211} INFO - Sync 2 DAGs
[2026-05-27T01:59:15.337+0000] {logging_mixin.py:190} INFO - [2026-05-27T01:59:15.337+0000] {dag.py:4138} INFO - Setting next_dagrun for read_dataset_event to 2026-05-26 00:00:00+00:00, run_after=2026-05-27 00:00:00+00:00
[2026-05-27T01:59:15.339+0000] {logging_mixin.py:190} INFO - [2026-05-27T01:59:15.339+0000] {dag.py:4138} INFO - Setting next_dagrun for read_dataset_event_from_classic to 2026-05-26 00:00:00+00:00, run_after=2026-05-27 00:00:00+00:00
[2026-05-27T01:59:15.348+0000] {processor.py:208} INFO - Processing /home/airflow/.local/lib/python3.12/site-packages/airflow/example_dags/example_inlet_event_extra.py took 0.152 seconds
[2026-05-27T01:59:45.481+0000] {processor.py:186} INFO - Started process (PID=206) to work on /home/airflow/.local/lib/python3.12/site-packages/airflow/example_dags/example_inlet_event_extra.py
[2026-05-27T01:59:45.482+0000] {processor.py:914} INFO - Processing file /home/airflow/.local/lib/python3.12/site-packages/airflow/example_dags/example_inlet_event_extra.py for tasks to queue
[2026-05-27T01:59:45.484+0000] {logging_mixin.py:190} INFO - [2026-05-27T01:59:45.484+0000] {dagbag.py:587} INFO - Filling up the DagBag from /home/airflow/.local/lib/python3.12/site-packages/airflow/example_dags/example_inlet_event_extra.py
[2026-05-27T01:59:45.601+0000] {processor.py:925} INFO - DAG(s) 'read_dataset_event', 'read_dataset_event_from_classic' retrieved from /home/airflow/.local/lib/python3.12/site-packages/airflow/example_dags/example_inlet_event_extra.py
[2026-05-27T01:59:45.618+0000] {logging_mixin.py:190} INFO - [2026-05-27T01:59:45.618+0000] {dag.py:3211} INFO - Sync 2 DAGs
[2026-05-27T01:59:45.636+0000] {logging_mixin.py:190} INFO - [2026-05-27T01:59:45.636+0000] {dag.py:4138} INFO - Setting next_dagrun for read_dataset_event to 2026-05-26 00:00:00+00:00, run_after=2026-05-27 00:00:00+00:00
[2026-05-27T01:59:45.641+0000] {logging_mixin.py:190} INFO - [2026-05-27T01:59:45.641+0000] {dag.py:4138} INFO - Setting next_dagrun for read_dataset_event_from_classic to 2026-05-26 00:00:00+00:00, run_after=2026-05-27 00:00:00+00:00
[2026-05-27T01:59:45.652+0000] {processor.py:208} INFO - Processing /home/airflow/.local/lib/python3.12/site-packages/airflow/example_dags/example_inlet_event_extra.py took 0.177 seconds
[2026-05-27T02:00:16.565+0000] {processor.py:186} INFO - Started process (PID=276) to work on /home/airflow/.local/lib/python3.12/site-packages/airflow/example_dags/example_inlet_event_extra.py
[2026-05-27T02:00:16.566+0000] {processor.py:914} INFO - Processing file /home/airflow/.local/lib/python3.12/site-packages/airflow/example_dags/example_inlet_event_extra.py for tasks to queue
[2026-05-27T02:00:16.568+0000] {logging_mixin.py:190} INFO - [2026-05-27T02:00:16.568+0000] {dagbag.py:587} INFO - Filling up the DagBag from /home/airflow/.local/lib/python3.12/site-packages/airflow/example_dags/example_inlet_event_extra.py
[2026-05-27T02:00:16.691+0000] {processor.py:925} INFO - DAG(s) 'read_dataset_event_from_classic', 'read_dataset_event' retrieved from /home/airflow/.local/lib/python3.12/site-packages/airflow/example_dags/example_inlet_event_extra.py
[2026-05-27T02:00:16.711+0000] {logging_mixin.py:190} INFO - [2026-05-27T02:00:16.711+0000] {dag.py:3211} INFO - Sync 2 DAGs
[2026-05-27T02:00:16.730+0000] {logging_mixin.py:190} INFO - [2026-05-27T02:00:16.730+0000] {dag.py:4138} INFO - Setting next_dagrun for read_dataset_event to 2026-05-26 00:00:00+00:00, run_after=2026-05-27 00:00:00+00:00
[2026-05-27T02:00:16.733+0000] {logging_mixin.py:190} INFO - [2026-05-27T02:00:16.733+0000] {dag.py:4138} INFO - Setting next_dagrun for read_dataset_event_from_classic to 2026-05-26 00:00:00+00:00, run_after=2026-05-27 00:00:00+00:00
[2026-05-27T02:00:16.743+0000] {processor.py:208} INFO - Processing /home/airflow/.local/lib/python3.12/site-packages/airflow/example_dags/example_inlet_event_extra.py took 0.186 seconds
[2026-05-27T02:00:47.725+0000] {processor.py:186} INFO - Started process (PID=338) to work on /home/airflow/.local/lib/python3.12/site-packages/airflow/example_dags/example_inlet_event_extra.py
[2026-05-27T02:00:47.727+0000] {processor.py:914} INFO - Processing file /home/airflow/.local/lib/python3.12/site-packages/airflow/example_dags/example_inlet_event_extra.py for tasks to queue
[2026-05-27T02:00:47.730+0000] {logging_mixin.py:190} INFO - [2026-05-27T02:00:47.730+0000] {dagbag.py:587} INFO - Filling up the DagBag from /home/airflow/.local/lib/python3.12/site-packages/airflow/example_dags/example_inlet_event_extra.py
[2026-05-27T02:00:47.928+0000] {processor.py:925} INFO - DAG(s) 'read_dataset_event', 'read_dataset_event_from_classic' retrieved from /home/airflow/.local/lib/python3.12/site-packages/airflow/example_dags/example_inlet_event_extra.py
[2026-05-27T02:00:47.953+0000] {logging_mixin.py:190} INFO - [2026-05-27T02:00:47.953+0000] {dag.py:3211} INFO - Sync 2 DAGs
[2026-05-27T02:00:47.971+0000] {logging_mixin.py:190} INFO - [2026-05-27T02:00:47.970+0000] {dag.py:4138} INFO - Setting next_dagrun for read_dataset_event to 2026-05-26 00:00:00+00:00, run_after=2026-05-27 00:00:00+00:00
[2026-05-27T02:00:47.975+0000] {logging_mixin.py:190} INFO - [2026-05-27T02:00:47.975+0000] {dag.py:4138} INFO - Setting next_dagrun for read_dataset_event_from_classic to 2026-05-26 00:00:00+00:00, run_after=2026-05-27 00:00:00+00:00
[2026-05-27T02:00:47.988+0000] {processor.py:208} INFO - Processing /home/airflow/.local/lib/python3.12/site-packages/airflow/example_dags/example_inlet_event_extra.py took 0.277 seconds
[2026-05-27T02:01:18.801+0000] {processor.py:186} INFO - Started process (PID=400) to work on /home/airflow/.local/lib/python3.12/site-packages/airflow/example_dags/example_inlet_event_extra.py
[2026-05-27T02:01:18.802+0000] {processor.py:914} INFO - Processing file /home/airflow/.local/lib/python3.12/site-packages/airflow/example_dags/example_inlet_event_extra.py for tasks to queue
[2026-05-27T02:01:18.804+0000] {logging_mixin.py:190} INFO - [2026-05-27T02:01:18.804+0000] {dagbag.py:587} INFO - Filling up the DagBag from /home/airflow/.local/lib/python3.12/site-packages/airflow/example_dags/example_inlet_event_extra.py
[2026-05-27T02:01:18.920+0000] {processor.py:925} INFO - DAG(s) 'read_dataset_event_from_classic', 'read_dataset_event' retrieved from /home/airflow/.local/lib/python3.12/site-packages/airflow/example_dags/example_inlet_event_extra.py
[2026-05-27T02:01:18.936+0000] {logging_mixin.py:190} INFO - [2026-05-27T02:01:18.936+0000] {dag.py:3211} INFO - Sync 2 DAGs
[2026-05-27T02:01:18.954+0000] {logging_mixin.py:190} INFO - [2026-05-27T02:01:18.954+0000] {dag.py:4138} INFO - Setting next_dagrun for read_dataset_event to 2026-05-26 00:00:00+00:00, run_after=2026-05-27 00:00:00+00:00
[2026-05-27T02:01:18.957+0000] {logging_mixin.py:190} INFO - [2026-05-27T02:01:18.957+0000] {dag.py:4138} INFO - Setting next_dagrun for read_dataset_event_from_classic to 2026-05-26 00:00:00+00:00, run_after=2026-05-27 00:00:00+00:00
[2026-05-27T02:01:18.968+0000] {processor.py:208} INFO - Processing /home/airflow/.local/lib/python3.12/site-packages/airflow/example_dags/example_inlet_event_extra.py took 0.172 seconds
[2026-05-27T02:01:50.356+0000] {processor.py:186} INFO - Started process (PID=93) to work on /home/airflow/.local/lib/python3.12/site-packages/airflow/example_dags/example_inlet_event_extra.py
[2026-05-27T02:01:50.357+0000] {processor.py:914} INFO - Processing file /home/airflow/.local/lib/python3.12/site-packages/airflow/example_dags/example_inlet_event_extra.py for tasks to queue
[2026-05-27T02:01:50.359+0000] {logging_mixin.py:190} INFO - [2026-05-27T02:01:50.359+0000] {dagbag.py:587} INFO - Filling up the DagBag from /home/airflow/.local/lib/python3.12/site-packages/airflow/example_dags/example_inlet_event_extra.py
[2026-05-27T02:01:50.447+0000] {processor.py:925} INFO - DAG(s) 'read_dataset_event_from_classic', 'read_dataset_event' retrieved from /home/airflow/.local/lib/python3.12/site-packages/airflow/example_dags/example_inlet_event_extra.py
[2026-05-27T02:01:50.462+0000] {logging_mixin.py:190} INFO - [2026-05-27T02:01:50.462+0000] {dag.py:3211} INFO - Sync 2 DAGs
[2026-05-27T02:01:50.478+0000] {logging_mixin.py:190} INFO - [2026-05-27T02:01:50.478+0000] {dag.py:4138} INFO - Setting next_dagrun for read_dataset_event to 2026-05-26 00:00:00+00:00, run_after=2026-05-27 00:00:00+00:00
[2026-05-27T02:01:50.481+0000] {logging_mixin.py:190} INFO - [2026-05-27T02:01:50.480+0000] {dag.py:4138} INFO - Setting next_dagrun for read_dataset_event_from_classic to 2026-05-26 00:00:00+00:00, run_after=2026-05-27 00:00:00+00:00
[2026-05-27T02:01:50.489+0000] {processor.py:208} INFO - Processing /home/airflow/.local/lib/python3.12/site-packages/airflow/example_dags/example_inlet_event_extra.py took 0.138 seconds
[2026-05-27T02:02:20.197+0000] {processor.py:186} INFO - Started process (PID=93) to work on /home/airflow/.local/lib/python3.12/site-packages/airflow/example_dags/example_inlet_event_extra.py
[2026-05-27T02:02:20.198+0000] {processor.py:914} INFO - Processing file /home/airflow/.local/lib/python3.12/site-packages/airflow/example_dags/example_inlet_event_extra.py for tasks to queue
[2026-05-27T02:02:20.201+0000] {logging_mixin.py:190} INFO - [2026-05-27T02:02:20.200+0000] {dagbag.py:587} INFO - Filling up the DagBag from /home/airflow/.local/lib/python3.12/site-packages/airflow/example_dags/example_inlet_event_extra.py
[2026-05-27T02:02:20.315+0000] {processor.py:925} INFO - DAG(s) 'read_dataset_event', 'read_dataset_event_from_classic' retrieved from /home/airflow/.local/lib/python3.12/site-packages/airflow/example_dags/example_inlet_event_extra.py
[2026-05-27T02:02:20.337+0000] {logging_mixin.py:190} INFO - [2026-05-27T02:02:20.337+0000] {dag.py:3211} INFO - Sync 2 DAGs
[2026-05-27T02:02:20.358+0000] {logging_mixin.py:190} INFO - [2026-05-27T02:02:20.357+0000] {dag.py:4138} INFO - Setting next_dagrun for read_dataset_event to 2026-05-26 00:00:00+00:00, run_after=2026-05-27 00:00:00+00:00
[2026-05-27T02:02:20.360+0000] {logging_mixin.py:190} INFO - [2026-05-27T02:02:20.360+0000] {dag.py:4138} INFO - Setting next_dagrun for read_dataset_event_from_classic to 2026-05-26 00:00:00+00:00, run_after=2026-05-27 00:00:00+00:00
[2026-05-27T02:02:20.371+0000] {processor.py:208} INFO - Processing /home/airflow/.local/lib/python3.12/site-packages/airflow/example_dags/example_inlet_event_extra.py took 0.178 seconds
[2026-05-27T02:03:02.040+0000] {processor.py:186} INFO - Started process (PID=99) to work on /home/airflow/.local/lib/python3.12/site-packages/airflow/example_dags/example_inlet_event_extra.py
[2026-05-27T02:03:02.041+0000] {processor.py:914} INFO - Processing file /home/airflow/.local/lib/python3.12/site-packages/airflow/example_dags/example_inlet_event_extra.py for tasks to queue
[2026-05-27T02:03:02.043+0000] {logging_mixin.py:190} INFO - [2026-05-27T02:03:02.043+0000] {dagbag.py:587} INFO - Filling up the DagBag from /home/airflow/.local/lib/python3.12/site-packages/airflow/example_dags/example_inlet_event_extra.py
[2026-05-27T02:03:02.168+0000] {processor.py:925} INFO - DAG(s) 'read_dataset_event_from_classic', 'read_dataset_event' retrieved from /home/airflow/.local/lib/python3.12/site-packages/airflow/example_dags/example_inlet_event_extra.py
[2026-05-27T02:03:02.195+0000] {logging_mixin.py:190} INFO - [2026-05-27T02:03:02.194+0000] {dag.py:3211} INFO - Sync 2 DAGs
[2026-05-27T02:03:02.218+0000] {logging_mixin.py:190} INFO - [2026-05-27T02:03:02.218+0000] {dag.py:4138} INFO - Setting next_dagrun for read_dataset_event to 2026-05-26 00:00:00+00:00, run_after=2026-05-27 00:00:00+00:00
[2026-05-27T02:03:02.223+0000] {logging_mixin.py:190} INFO - [2026-05-27T02:03:02.222+0000] {dag.py:4138} INFO - Setting next_dagrun for read_dataset_event_from_classic to 2026-05-26 00:00:00+00:00, run_after=2026-05-27 00:00:00+00:00
[2026-05-27T02:03:02.233+0000] {processor.py:208} INFO - Processing /home/airflow/.local/lib/python3.12/site-packages/airflow/example_dags/example_inlet_event_extra.py took 0.198 seconds
