[2026-05-27T01:54:02.832+0000] {processor.py:186} INFO - Started process (PID=74) to work on /home/airflow/.local/lib/python3.12/site-packages/airflow/example_dags/example_dataset_alias.py
[2026-05-27T01:54:02.833+0000] {processor.py:914} INFO - Processing file /home/airflow/.local/lib/python3.12/site-packages/airflow/example_dags/example_dataset_alias.py for tasks to queue
[2026-05-27T01:54:02.835+0000] {logging_mixin.py:190} INFO - [2026-05-27T01:54:02.835+0000] {dagbag.py:587} INFO - Filling up the DagBag from /home/airflow/.local/lib/python3.12/site-packages/airflow/example_dags/example_dataset_alias.py
[2026-05-27T01:54:02.953+0000] {processor.py:925} INFO - DAG(s) 'dataset_alias_example_alias_producer', 'dataset_s3_bucket_consumer', 'dataset_alias_example_alias_consumer', 'dataset_s3_bucket_producer' retrieved from /home/airflow/.local/lib/python3.12/site-packages/airflow/example_dags/example_dataset_alias.py
[2026-05-27T01:54:03.024+0000] {logging_mixin.py:190} INFO - [2026-05-27T01:54:03.024+0000] {override.py:1858} INFO - Created Permission View: can edit on DAG:dataset_alias_example_alias_producer
[2026-05-27T01:54:03.032+0000] {logging_mixin.py:190} INFO - [2026-05-27T01:54:03.031+0000] {override.py:1858} INFO - Created Permission View: can read on DAG:dataset_alias_example_alias_producer
[2026-05-27T01:54:03.038+0000] {logging_mixin.py:190} INFO - [2026-05-27T01:54:03.037+0000] {override.py:1858} INFO - Created Permission View: can delete on DAG:dataset_alias_example_alias_producer
[2026-05-27T01:54:03.048+0000] {logging_mixin.py:190} INFO - [2026-05-27T01:54:03.047+0000] {override.py:1858} INFO - Created Permission View: can edit on DAG:dataset_s3_bucket_consumer
[2026-05-27T01:54:03.052+0000] {logging_mixin.py:190} INFO - [2026-05-27T01:54:03.052+0000] {override.py:1858} INFO - Created Permission View: can read on DAG:dataset_s3_bucket_consumer
[2026-05-27T01:54:03.057+0000] {logging_mixin.py:190} INFO - [2026-05-27T01:54:03.057+0000] {override.py:1858} INFO - Created Permission View: can delete on DAG:dataset_s3_bucket_consumer
[2026-05-27T01:54:03.067+0000] {logging_mixin.py:190} INFO - [2026-05-27T01:54:03.067+0000] {override.py:1858} INFO - Created Permission View: can edit on DAG:dataset_alias_example_alias_consumer
[2026-05-27T01:54:03.071+0000] {logging_mixin.py:190} INFO - [2026-05-27T01:54:03.071+0000] {override.py:1858} INFO - Created Permission View: can read on DAG:dataset_alias_example_alias_consumer
[2026-05-27T01:54:03.075+0000] {logging_mixin.py:190} INFO - [2026-05-27T01:54:03.075+0000] {override.py:1858} INFO - Created Permission View: can delete on DAG:dataset_alias_example_alias_consumer
[2026-05-27T01:54:03.084+0000] {logging_mixin.py:190} INFO - [2026-05-27T01:54:03.084+0000] {override.py:1858} INFO - Created Permission View: can edit on DAG:dataset_s3_bucket_producer
[2026-05-27T01:54:03.088+0000] {logging_mixin.py:190} INFO - [2026-05-27T01:54:03.088+0000] {override.py:1858} INFO - Created Permission View: can read on DAG:dataset_s3_bucket_producer
[2026-05-27T01:54:03.092+0000] {logging_mixin.py:190} INFO - [2026-05-27T01:54:03.092+0000] {override.py:1858} INFO - Created Permission View: can delete on DAG:dataset_s3_bucket_producer
[2026-05-27T01:54:03.092+0000] {logging_mixin.py:190} INFO - [2026-05-27T01:54:03.092+0000] {dag.py:3211} INFO - Sync 4 DAGs
[2026-05-27T01:54:03.104+0000] {logging_mixin.py:190} INFO - [2026-05-27T01:54:03.104+0000] {dag.py:3234} INFO - Creating ORM DAG for dataset_alias_example_alias_consumer
[2026-05-27T01:54:03.105+0000] {logging_mixin.py:190} INFO - [2026-05-27T01:54:03.105+0000] {dag.py:3234} INFO - Creating ORM DAG for dataset_s3_bucket_producer
[2026-05-27T01:54:03.106+0000] {logging_mixin.py:190} INFO - [2026-05-27T01:54:03.106+0000] {dag.py:3234} INFO - Creating ORM DAG for dataset_s3_bucket_consumer
[2026-05-27T01:54:03.106+0000] {logging_mixin.py:190} INFO - [2026-05-27T01:54:03.106+0000] {dag.py:3234} INFO - Creating ORM DAG for dataset_alias_example_alias_producer
[2026-05-27T01:54:03.113+0000] {logging_mixin.py:190} INFO - [2026-05-27T01:54:03.113+0000] {dag.py:4138} INFO - Setting next_dagrun for dataset_alias_example_alias_consumer to None, run_after=None
[2026-05-27T01:54:03.114+0000] {logging_mixin.py:190} INFO - [2026-05-27T01:54:03.114+0000] {dag.py:4138} INFO - Setting next_dagrun for dataset_alias_example_alias_producer to None, run_after=None
[2026-05-27T01:54:03.114+0000] {logging_mixin.py:190} INFO - [2026-05-27T01:54:03.114+0000] {dag.py:4138} INFO - Setting next_dagrun for dataset_s3_bucket_consumer to None, run_after=None
[2026-05-27T01:54:03.115+0000] {logging_mixin.py:190} INFO - [2026-05-27T01:54:03.115+0000] {dag.py:4138} INFO - Setting next_dagrun for dataset_s3_bucket_producer to None, run_after=None
[2026-05-27T01:54:03.133+0000] {processor.py:208} INFO - Processing /home/airflow/.local/lib/python3.12/site-packages/airflow/example_dags/example_dataset_alias.py took 0.307 seconds
[2026-05-27T01:54:33.232+0000] {processor.py:186} INFO - Started process (PID=147) to work on /home/airflow/.local/lib/python3.12/site-packages/airflow/example_dags/example_dataset_alias.py
[2026-05-27T01:54:33.233+0000] {processor.py:914} INFO - Processing file /home/airflow/.local/lib/python3.12/site-packages/airflow/example_dags/example_dataset_alias.py for tasks to queue
[2026-05-27T01:54:33.235+0000] {logging_mixin.py:190} INFO - [2026-05-27T01:54:33.235+0000] {dagbag.py:587} INFO - Filling up the DagBag from /home/airflow/.local/lib/python3.12/site-packages/airflow/example_dags/example_dataset_alias.py
[2026-05-27T01:54:33.379+0000] {processor.py:925} INFO - DAG(s) 'dataset_alias_example_alias_producer', 'dataset_alias_example_alias_consumer', 'dataset_s3_bucket_producer', 'dataset_s3_bucket_consumer' retrieved from /home/airflow/.local/lib/python3.12/site-packages/airflow/example_dags/example_dataset_alias.py
[2026-05-27T01:54:33.394+0000] {logging_mixin.py:190} INFO - [2026-05-27T01:54:33.394+0000] {dag.py:3211} INFO - Sync 4 DAGs
[2026-05-27T01:54:33.411+0000] {logging_mixin.py:190} INFO - [2026-05-27T01:54:33.411+0000] {dag.py:4138} INFO - Setting next_dagrun for dataset_alias_example_alias_consumer to None, run_after=None
[2026-05-27T01:54:33.414+0000] {logging_mixin.py:190} INFO - [2026-05-27T01:54:33.413+0000] {dag.py:4138} INFO - Setting next_dagrun for dataset_alias_example_alias_producer to None, run_after=None
[2026-05-27T01:54:33.417+0000] {logging_mixin.py:190} INFO - [2026-05-27T01:54:33.417+0000] {dag.py:4138} INFO - Setting next_dagrun for dataset_s3_bucket_consumer to None, run_after=None
[2026-05-27T01:54:33.419+0000] {logging_mixin.py:190} INFO - [2026-05-27T01:54:33.419+0000] {dag.py:4138} INFO - Setting next_dagrun for dataset_s3_bucket_producer to None, run_after=None
[2026-05-27T01:54:33.437+0000] {processor.py:208} INFO - Processing /home/airflow/.local/lib/python3.12/site-packages/airflow/example_dags/example_dataset_alias.py took 0.209 seconds
[2026-05-27T01:55:03.633+0000] {processor.py:186} INFO - Started process (PID=218) to work on /home/airflow/.local/lib/python3.12/site-packages/airflow/example_dags/example_dataset_alias.py
[2026-05-27T01:55:03.634+0000] {processor.py:914} INFO - Processing file /home/airflow/.local/lib/python3.12/site-packages/airflow/example_dags/example_dataset_alias.py for tasks to queue
[2026-05-27T01:55:03.635+0000] {logging_mixin.py:190} INFO - [2026-05-27T01:55:03.635+0000] {dagbag.py:587} INFO - Filling up the DagBag from /home/airflow/.local/lib/python3.12/site-packages/airflow/example_dags/example_dataset_alias.py
[2026-05-27T01:55:03.741+0000] {processor.py:925} INFO - DAG(s) 'dataset_alias_example_alias_consumer', 'dataset_alias_example_alias_producer', 'dataset_s3_bucket_producer', 'dataset_s3_bucket_consumer' retrieved from /home/airflow/.local/lib/python3.12/site-packages/airflow/example_dags/example_dataset_alias.py
[2026-05-27T01:55:03.755+0000] {logging_mixin.py:190} INFO - [2026-05-27T01:55:03.755+0000] {dag.py:3211} INFO - Sync 4 DAGs
[2026-05-27T01:55:03.769+0000] {logging_mixin.py:190} INFO - [2026-05-27T01:55:03.769+0000] {dag.py:4138} INFO - Setting next_dagrun for dataset_alias_example_alias_consumer to None, run_after=None
[2026-05-27T01:55:03.771+0000] {logging_mixin.py:190} INFO - [2026-05-27T01:55:03.771+0000] {dag.py:4138} INFO - Setting next_dagrun for dataset_alias_example_alias_producer to None, run_after=None
[2026-05-27T01:55:03.771+0000] {logging_mixin.py:190} INFO - [2026-05-27T01:55:03.771+0000] {dag.py:4138} INFO - Setting next_dagrun for dataset_s3_bucket_consumer to None, run_after=None
[2026-05-27T01:55:03.772+0000] {logging_mixin.py:190} INFO - [2026-05-27T01:55:03.772+0000] {dag.py:4138} INFO - Setting next_dagrun for dataset_s3_bucket_producer to None, run_after=None
[2026-05-27T01:55:03.784+0000] {processor.py:208} INFO - Processing /home/airflow/.local/lib/python3.12/site-packages/airflow/example_dags/example_dataset_alias.py took 0.155 seconds
[2026-05-27T01:55:34.049+0000] {processor.py:186} INFO - Started process (PID=280) to work on /home/airflow/.local/lib/python3.12/site-packages/airflow/example_dags/example_dataset_alias.py
[2026-05-27T01:55:34.050+0000] {processor.py:914} INFO - Processing file /home/airflow/.local/lib/python3.12/site-packages/airflow/example_dags/example_dataset_alias.py for tasks to queue
[2026-05-27T01:55:34.051+0000] {logging_mixin.py:190} INFO - [2026-05-27T01:55:34.051+0000] {dagbag.py:587} INFO - Filling up the DagBag from /home/airflow/.local/lib/python3.12/site-packages/airflow/example_dags/example_dataset_alias.py
[2026-05-27T01:55:34.195+0000] {processor.py:925} INFO - DAG(s) 'dataset_alias_example_alias_producer', 'dataset_s3_bucket_consumer', 'dataset_alias_example_alias_consumer', 'dataset_s3_bucket_producer' retrieved from /home/airflow/.local/lib/python3.12/site-packages/airflow/example_dags/example_dataset_alias.py
[2026-05-27T01:55:34.212+0000] {logging_mixin.py:190} INFO - [2026-05-27T01:55:34.211+0000] {dag.py:3211} INFO - Sync 4 DAGs
[2026-05-27T01:55:34.228+0000] {logging_mixin.py:190} INFO - [2026-05-27T01:55:34.227+0000] {dag.py:4138} INFO - Setting next_dagrun for dataset_alias_example_alias_consumer to None, run_after=None
[2026-05-27T01:55:34.230+0000] {logging_mixin.py:190} INFO - [2026-05-27T01:55:34.230+0000] {dag.py:4138} INFO - Setting next_dagrun for dataset_alias_example_alias_producer to None, run_after=None
[2026-05-27T01:55:34.231+0000] {logging_mixin.py:190} INFO - [2026-05-27T01:55:34.231+0000] {dag.py:4138} INFO - Setting next_dagrun for dataset_s3_bucket_consumer to None, run_after=None
[2026-05-27T01:55:34.231+0000] {logging_mixin.py:190} INFO - [2026-05-27T01:55:34.231+0000] {dag.py:4138} INFO - Setting next_dagrun for dataset_s3_bucket_producer to None, run_after=None
[2026-05-27T01:55:34.244+0000] {processor.py:208} INFO - Processing /home/airflow/.local/lib/python3.12/site-packages/airflow/example_dags/example_dataset_alias.py took 0.201 seconds
[2026-05-27T01:56:04.363+0000] {processor.py:186} INFO - Started process (PID=341) to work on /home/airflow/.local/lib/python3.12/site-packages/airflow/example_dags/example_dataset_alias.py
[2026-05-27T01:56:04.364+0000] {processor.py:914} INFO - Processing file /home/airflow/.local/lib/python3.12/site-packages/airflow/example_dags/example_dataset_alias.py for tasks to queue
[2026-05-27T01:56:04.365+0000] {logging_mixin.py:190} INFO - [2026-05-27T01:56:04.365+0000] {dagbag.py:587} INFO - Filling up the DagBag from /home/airflow/.local/lib/python3.12/site-packages/airflow/example_dags/example_dataset_alias.py
[2026-05-27T01:56:04.463+0000] {processor.py:925} INFO - DAG(s) 'dataset_s3_bucket_producer', 'dataset_s3_bucket_consumer', 'dataset_alias_example_alias_consumer', 'dataset_alias_example_alias_producer' retrieved from /home/airflow/.local/lib/python3.12/site-packages/airflow/example_dags/example_dataset_alias.py
[2026-05-27T01:56:04.474+0000] {logging_mixin.py:190} INFO - [2026-05-27T01:56:04.474+0000] {dag.py:3211} INFO - Sync 4 DAGs
[2026-05-27T01:56:04.488+0000] {logging_mixin.py:190} INFO - [2026-05-27T01:56:04.488+0000] {dag.py:4138} INFO - Setting next_dagrun for dataset_alias_example_alias_consumer to None, run_after=None
[2026-05-27T01:56:04.489+0000] {logging_mixin.py:190} INFO - [2026-05-27T01:56:04.489+0000] {dag.py:4138} INFO - Setting next_dagrun for dataset_alias_example_alias_producer to None, run_after=None
[2026-05-27T01:56:04.490+0000] {logging_mixin.py:190} INFO - [2026-05-27T01:56:04.490+0000] {dag.py:4138} INFO - Setting next_dagrun for dataset_s3_bucket_consumer to None, run_after=None
[2026-05-27T01:56:04.491+0000] {logging_mixin.py:190} INFO - [2026-05-27T01:56:04.491+0000] {dag.py:4138} INFO - Setting next_dagrun for dataset_s3_bucket_producer to None, run_after=None
[2026-05-27T01:56:04.501+0000] {processor.py:208} INFO - Processing /home/airflow/.local/lib/python3.12/site-packages/airflow/example_dags/example_dataset_alias.py took 0.142 seconds
[2026-05-27T01:56:34.881+0000] {processor.py:186} INFO - Started process (PID=403) to work on /home/airflow/.local/lib/python3.12/site-packages/airflow/example_dags/example_dataset_alias.py
[2026-05-27T01:56:34.881+0000] {processor.py:914} INFO - Processing file /home/airflow/.local/lib/python3.12/site-packages/airflow/example_dags/example_dataset_alias.py for tasks to queue
[2026-05-27T01:56:34.883+0000] {logging_mixin.py:190} INFO - [2026-05-27T01:56:34.883+0000] {dagbag.py:587} INFO - Filling up the DagBag from /home/airflow/.local/lib/python3.12/site-packages/airflow/example_dags/example_dataset_alias.py
[2026-05-27T01:56:34.983+0000] {processor.py:925} INFO - DAG(s) 'dataset_alias_example_alias_consumer', 'dataset_s3_bucket_consumer', 'dataset_s3_bucket_producer', 'dataset_alias_example_alias_producer' retrieved from /home/airflow/.local/lib/python3.12/site-packages/airflow/example_dags/example_dataset_alias.py
[2026-05-27T01:56:34.994+0000] {logging_mixin.py:190} INFO - [2026-05-27T01:56:34.994+0000] {dag.py:3211} INFO - Sync 4 DAGs
[2026-05-27T01:56:35.009+0000] {logging_mixin.py:190} INFO - [2026-05-27T01:56:35.009+0000] {dag.py:4138} INFO - Setting next_dagrun for dataset_alias_example_alias_consumer to None, run_after=None
[2026-05-27T01:56:35.011+0000] {logging_mixin.py:190} INFO - [2026-05-27T01:56:35.011+0000] {dag.py:4138} INFO - Setting next_dagrun for dataset_alias_example_alias_producer to None, run_after=None
[2026-05-27T01:56:35.012+0000] {logging_mixin.py:190} INFO - [2026-05-27T01:56:35.012+0000] {dag.py:4138} INFO - Setting next_dagrun for dataset_s3_bucket_consumer to None, run_after=None
[2026-05-27T01:56:35.013+0000] {logging_mixin.py:190} INFO - [2026-05-27T01:56:35.013+0000] {dag.py:4138} INFO - Setting next_dagrun for dataset_s3_bucket_producer to None, run_after=None
[2026-05-27T01:56:35.026+0000] {processor.py:208} INFO - Processing /home/airflow/.local/lib/python3.12/site-packages/airflow/example_dags/example_dataset_alias.py took 0.150 seconds
[2026-05-27T01:57:05.089+0000] {processor.py:186} INFO - Started process (PID=465) to work on /home/airflow/.local/lib/python3.12/site-packages/airflow/example_dags/example_dataset_alias.py
[2026-05-27T01:57:05.089+0000] {processor.py:914} INFO - Processing file /home/airflow/.local/lib/python3.12/site-packages/airflow/example_dags/example_dataset_alias.py for tasks to queue
[2026-05-27T01:57:05.092+0000] {logging_mixin.py:190} INFO - [2026-05-27T01:57:05.092+0000] {dagbag.py:587} INFO - Filling up the DagBag from /home/airflow/.local/lib/python3.12/site-packages/airflow/example_dags/example_dataset_alias.py
[2026-05-27T01:57:05.195+0000] {processor.py:925} INFO - DAG(s) 'dataset_s3_bucket_producer', 'dataset_s3_bucket_consumer', 'dataset_alias_example_alias_consumer', 'dataset_alias_example_alias_producer' retrieved from /home/airflow/.local/lib/python3.12/site-packages/airflow/example_dags/example_dataset_alias.py
[2026-05-27T01:57:05.207+0000] {logging_mixin.py:190} INFO - [2026-05-27T01:57:05.207+0000] {dag.py:3211} INFO - Sync 4 DAGs
[2026-05-27T01:57:05.224+0000] {logging_mixin.py:190} INFO - [2026-05-27T01:57:05.224+0000] {dag.py:4138} INFO - Setting next_dagrun for dataset_alias_example_alias_consumer to None, run_after=None
[2026-05-27T01:57:05.226+0000] {logging_mixin.py:190} INFO - [2026-05-27T01:57:05.226+0000] {dag.py:4138} INFO - Setting next_dagrun for dataset_alias_example_alias_producer to None, run_after=None
[2026-05-27T01:57:05.227+0000] {logging_mixin.py:190} INFO - [2026-05-27T01:57:05.227+0000] {dag.py:4138} INFO - Setting next_dagrun for dataset_s3_bucket_consumer to None, run_after=None
[2026-05-27T01:57:05.227+0000] {logging_mixin.py:190} INFO - [2026-05-27T01:57:05.227+0000] {dag.py:4138} INFO - Setting next_dagrun for dataset_s3_bucket_producer to None, run_after=None
[2026-05-27T01:57:05.240+0000] {processor.py:208} INFO - Processing /home/airflow/.local/lib/python3.12/site-packages/airflow/example_dags/example_dataset_alias.py took 0.156 seconds
[2026-05-27T01:57:35.712+0000] {processor.py:186} INFO - Started process (PID=527) to work on /home/airflow/.local/lib/python3.12/site-packages/airflow/example_dags/example_dataset_alias.py
[2026-05-27T01:57:35.713+0000] {processor.py:914} INFO - Processing file /home/airflow/.local/lib/python3.12/site-packages/airflow/example_dags/example_dataset_alias.py for tasks to queue
[2026-05-27T01:57:35.715+0000] {logging_mixin.py:190} INFO - [2026-05-27T01:57:35.714+0000] {dagbag.py:587} INFO - Filling up the DagBag from /home/airflow/.local/lib/python3.12/site-packages/airflow/example_dags/example_dataset_alias.py
[2026-05-27T01:57:35.825+0000] {processor.py:925} INFO - DAG(s) 'dataset_s3_bucket_producer', 'dataset_s3_bucket_consumer', 'dataset_alias_example_alias_consumer', 'dataset_alias_example_alias_producer' retrieved from /home/airflow/.local/lib/python3.12/site-packages/airflow/example_dags/example_dataset_alias.py
[2026-05-27T01:57:35.839+0000] {logging_mixin.py:190} INFO - [2026-05-27T01:57:35.839+0000] {dag.py:3211} INFO - Sync 4 DAGs
[2026-05-27T01:57:35.852+0000] {logging_mixin.py:190} INFO - [2026-05-27T01:57:35.852+0000] {dag.py:4138} INFO - Setting next_dagrun for dataset_alias_example_alias_consumer to None, run_after=None
[2026-05-27T01:57:35.854+0000] {logging_mixin.py:190} INFO - [2026-05-27T01:57:35.854+0000] {dag.py:4138} INFO - Setting next_dagrun for dataset_alias_example_alias_producer to None, run_after=None
[2026-05-27T01:57:35.855+0000] {logging_mixin.py:190} INFO - [2026-05-27T01:57:35.855+0000] {dag.py:4138} INFO - Setting next_dagrun for dataset_s3_bucket_consumer to None, run_after=None
[2026-05-27T01:57:35.856+0000] {logging_mixin.py:190} INFO - [2026-05-27T01:57:35.855+0000] {dag.py:4138} INFO - Setting next_dagrun for dataset_s3_bucket_producer to None, run_after=None
[2026-05-27T01:57:35.867+0000] {processor.py:208} INFO - Processing /home/airflow/.local/lib/python3.12/site-packages/airflow/example_dags/example_dataset_alias.py took 0.159 seconds
[2026-05-27T01:58:06.318+0000] {processor.py:186} INFO - Started process (PID=589) to work on /home/airflow/.local/lib/python3.12/site-packages/airflow/example_dags/example_dataset_alias.py
[2026-05-27T01:58:06.318+0000] {processor.py:914} INFO - Processing file /home/airflow/.local/lib/python3.12/site-packages/airflow/example_dags/example_dataset_alias.py for tasks to queue
[2026-05-27T01:58:06.320+0000] {logging_mixin.py:190} INFO - [2026-05-27T01:58:06.320+0000] {dagbag.py:587} INFO - Filling up the DagBag from /home/airflow/.local/lib/python3.12/site-packages/airflow/example_dags/example_dataset_alias.py
[2026-05-27T01:58:06.433+0000] {processor.py:925} INFO - DAG(s) 'dataset_s3_bucket_consumer', 'dataset_s3_bucket_producer', 'dataset_alias_example_alias_producer', 'dataset_alias_example_alias_consumer' retrieved from /home/airflow/.local/lib/python3.12/site-packages/airflow/example_dags/example_dataset_alias.py
[2026-05-27T01:58:06.446+0000] {logging_mixin.py:190} INFO - [2026-05-27T01:58:06.446+0000] {dag.py:3211} INFO - Sync 4 DAGs
[2026-05-27T01:58:06.459+0000] {logging_mixin.py:190} INFO - [2026-05-27T01:58:06.459+0000] {dag.py:4138} INFO - Setting next_dagrun for dataset_alias_example_alias_consumer to None, run_after=None
[2026-05-27T01:58:06.460+0000] {logging_mixin.py:190} INFO - [2026-05-27T01:58:06.460+0000] {dag.py:4138} INFO - Setting next_dagrun for dataset_alias_example_alias_producer to None, run_after=None
[2026-05-27T01:58:06.461+0000] {logging_mixin.py:190} INFO - [2026-05-27T01:58:06.461+0000] {dag.py:4138} INFO - Setting next_dagrun for dataset_s3_bucket_consumer to None, run_after=None
[2026-05-27T01:58:06.462+0000] {logging_mixin.py:190} INFO - [2026-05-27T01:58:06.462+0000] {dag.py:4138} INFO - Setting next_dagrun for dataset_s3_bucket_producer to None, run_after=None
[2026-05-27T01:58:06.474+0000] {processor.py:208} INFO - Processing /home/airflow/.local/lib/python3.12/site-packages/airflow/example_dags/example_dataset_alias.py took 0.161 seconds
[2026-05-27T01:59:13.835+0000] {processor.py:186} INFO - Started process (PID=83) to work on /home/airflow/.local/lib/python3.12/site-packages/airflow/example_dags/example_dataset_alias.py
[2026-05-27T01:59:13.836+0000] {processor.py:914} INFO - Processing file /home/airflow/.local/lib/python3.12/site-packages/airflow/example_dags/example_dataset_alias.py for tasks to queue
[2026-05-27T01:59:13.838+0000] {logging_mixin.py:190} INFO - [2026-05-27T01:59:13.838+0000] {dagbag.py:587} INFO - Filling up the DagBag from /home/airflow/.local/lib/python3.12/site-packages/airflow/example_dags/example_dataset_alias.py
[2026-05-27T01:59:13.974+0000] {processor.py:925} INFO - DAG(s) 'dataset_alias_example_alias_consumer', 'dataset_s3_bucket_consumer', 'dataset_alias_example_alias_producer', 'dataset_s3_bucket_producer' retrieved from /home/airflow/.local/lib/python3.12/site-packages/airflow/example_dags/example_dataset_alias.py
[2026-05-27T01:59:13.993+0000] {logging_mixin.py:190} INFO - [2026-05-27T01:59:13.993+0000] {dag.py:3211} INFO - Sync 4 DAGs
[2026-05-27T01:59:14.017+0000] {logging_mixin.py:190} INFO - [2026-05-27T01:59:14.017+0000] {dag.py:4138} INFO - Setting next_dagrun for dataset_alias_example_alias_consumer to None, run_after=None
[2026-05-27T01:59:14.020+0000] {logging_mixin.py:190} INFO - [2026-05-27T01:59:14.020+0000] {dag.py:4138} INFO - Setting next_dagrun for dataset_alias_example_alias_producer to None, run_after=None
[2026-05-27T01:59:14.022+0000] {logging_mixin.py:190} INFO - [2026-05-27T01:59:14.022+0000] {dag.py:4138} INFO - Setting next_dagrun for dataset_s3_bucket_consumer to None, run_after=None
[2026-05-27T01:59:14.023+0000] {logging_mixin.py:190} INFO - [2026-05-27T01:59:14.023+0000] {dag.py:4138} INFO - Setting next_dagrun for dataset_s3_bucket_producer to None, run_after=None
[2026-05-27T01:59:14.043+0000] {processor.py:208} INFO - Processing /home/airflow/.local/lib/python3.12/site-packages/airflow/example_dags/example_dataset_alias.py took 0.213 seconds
[2026-05-27T01:59:44.311+0000] {processor.py:186} INFO - Started process (PID=182) to work on /home/airflow/.local/lib/python3.12/site-packages/airflow/example_dags/example_dataset_alias.py
[2026-05-27T01:59:44.312+0000] {processor.py:914} INFO - Processing file /home/airflow/.local/lib/python3.12/site-packages/airflow/example_dags/example_dataset_alias.py for tasks to queue
[2026-05-27T01:59:44.314+0000] {logging_mixin.py:190} INFO - [2026-05-27T01:59:44.314+0000] {dagbag.py:587} INFO - Filling up the DagBag from /home/airflow/.local/lib/python3.12/site-packages/airflow/example_dags/example_dataset_alias.py
[2026-05-27T01:59:44.432+0000] {processor.py:925} INFO - DAG(s) 'dataset_s3_bucket_producer', 'dataset_alias_example_alias_producer', 'dataset_s3_bucket_consumer', 'dataset_alias_example_alias_consumer' retrieved from /home/airflow/.local/lib/python3.12/site-packages/airflow/example_dags/example_dataset_alias.py
[2026-05-27T01:59:44.445+0000] {logging_mixin.py:190} INFO - [2026-05-27T01:59:44.445+0000] {dag.py:3211} INFO - Sync 4 DAGs
[2026-05-27T01:59:44.459+0000] {logging_mixin.py:190} INFO - [2026-05-27T01:59:44.459+0000] {dag.py:4138} INFO - Setting next_dagrun for dataset_alias_example_alias_consumer to None, run_after=None
[2026-05-27T01:59:44.461+0000] {logging_mixin.py:190} INFO - [2026-05-27T01:59:44.461+0000] {dag.py:4138} INFO - Setting next_dagrun for dataset_alias_example_alias_producer to None, run_after=None
[2026-05-27T01:59:44.461+0000] {logging_mixin.py:190} INFO - [2026-05-27T01:59:44.461+0000] {dag.py:4138} INFO - Setting next_dagrun for dataset_s3_bucket_consumer to None, run_after=None
[2026-05-27T01:59:44.462+0000] {logging_mixin.py:190} INFO - [2026-05-27T01:59:44.462+0000] {dag.py:4138} INFO - Setting next_dagrun for dataset_s3_bucket_producer to None, run_after=None
[2026-05-27T01:59:44.475+0000] {processor.py:208} INFO - Processing /home/airflow/.local/lib/python3.12/site-packages/airflow/example_dags/example_dataset_alias.py took 0.169 seconds
[2026-05-27T02:00:14.656+0000] {processor.py:186} INFO - Started process (PID=246) to work on /home/airflow/.local/lib/python3.12/site-packages/airflow/example_dags/example_dataset_alias.py
[2026-05-27T02:00:14.657+0000] {processor.py:914} INFO - Processing file /home/airflow/.local/lib/python3.12/site-packages/airflow/example_dags/example_dataset_alias.py for tasks to queue
[2026-05-27T02:00:14.659+0000] {logging_mixin.py:190} INFO - [2026-05-27T02:00:14.658+0000] {dagbag.py:587} INFO - Filling up the DagBag from /home/airflow/.local/lib/python3.12/site-packages/airflow/example_dags/example_dataset_alias.py
[2026-05-27T02:00:14.826+0000] {processor.py:925} INFO - DAG(s) 'dataset_s3_bucket_consumer', 'dataset_alias_example_alias_producer', 'dataset_s3_bucket_producer', 'dataset_alias_example_alias_consumer' retrieved from /home/airflow/.local/lib/python3.12/site-packages/airflow/example_dags/example_dataset_alias.py
[2026-05-27T02:00:14.842+0000] {logging_mixin.py:190} INFO - [2026-05-27T02:00:14.841+0000] {dag.py:3211} INFO - Sync 4 DAGs
[2026-05-27T02:00:14.858+0000] {logging_mixin.py:190} INFO - [2026-05-27T02:00:14.858+0000] {dag.py:4138} INFO - Setting next_dagrun for dataset_alias_example_alias_consumer to None, run_after=None
[2026-05-27T02:00:14.860+0000] {logging_mixin.py:190} INFO - [2026-05-27T02:00:14.859+0000] {dag.py:4138} INFO - Setting next_dagrun for dataset_alias_example_alias_producer to None, run_after=None
[2026-05-27T02:00:14.860+0000] {logging_mixin.py:190} INFO - [2026-05-27T02:00:14.860+0000] {dag.py:4138} INFO - Setting next_dagrun for dataset_s3_bucket_consumer to None, run_after=None
[2026-05-27T02:00:14.861+0000] {logging_mixin.py:190} INFO - [2026-05-27T02:00:14.861+0000] {dag.py:4138} INFO - Setting next_dagrun for dataset_s3_bucket_producer to None, run_after=None
[2026-05-27T02:00:14.876+0000] {processor.py:208} INFO - Processing /home/airflow/.local/lib/python3.12/site-packages/airflow/example_dags/example_dataset_alias.py took 0.225 seconds
[2026-05-27T02:00:45.499+0000] {processor.py:186} INFO - Started process (PID=308) to work on /home/airflow/.local/lib/python3.12/site-packages/airflow/example_dags/example_dataset_alias.py
[2026-05-27T02:00:45.500+0000] {processor.py:914} INFO - Processing file /home/airflow/.local/lib/python3.12/site-packages/airflow/example_dags/example_dataset_alias.py for tasks to queue
[2026-05-27T02:00:45.502+0000] {logging_mixin.py:190} INFO - [2026-05-27T02:00:45.501+0000] {dagbag.py:587} INFO - Filling up the DagBag from /home/airflow/.local/lib/python3.12/site-packages/airflow/example_dags/example_dataset_alias.py
[2026-05-27T02:00:45.615+0000] {processor.py:925} INFO - DAG(s) 'dataset_alias_example_alias_consumer', 'dataset_s3_bucket_consumer', 'dataset_s3_bucket_producer', 'dataset_alias_example_alias_producer' retrieved from /home/airflow/.local/lib/python3.12/site-packages/airflow/example_dags/example_dataset_alias.py
[2026-05-27T02:00:45.626+0000] {logging_mixin.py:190} INFO - [2026-05-27T02:00:45.626+0000] {dag.py:3211} INFO - Sync 4 DAGs
[2026-05-27T02:00:45.648+0000] {logging_mixin.py:190} INFO - [2026-05-27T02:00:45.648+0000] {dag.py:4138} INFO - Setting next_dagrun for dataset_alias_example_alias_consumer to None, run_after=None
[2026-05-27T02:00:45.650+0000] {logging_mixin.py:190} INFO - [2026-05-27T02:00:45.650+0000] {dag.py:4138} INFO - Setting next_dagrun for dataset_alias_example_alias_producer to None, run_after=None
[2026-05-27T02:00:45.651+0000] {logging_mixin.py:190} INFO - [2026-05-27T02:00:45.651+0000] {dag.py:4138} INFO - Setting next_dagrun for dataset_s3_bucket_consumer to None, run_after=None
[2026-05-27T02:00:45.652+0000] {logging_mixin.py:190} INFO - [2026-05-27T02:00:45.651+0000] {dag.py:4138} INFO - Setting next_dagrun for dataset_s3_bucket_producer to None, run_after=None
[2026-05-27T02:00:45.667+0000] {processor.py:208} INFO - Processing /home/airflow/.local/lib/python3.12/site-packages/airflow/example_dags/example_dataset_alias.py took 0.173 seconds
[2026-05-27T02:01:15.719+0000] {processor.py:186} INFO - Started process (PID=371) to work on /home/airflow/.local/lib/python3.12/site-packages/airflow/example_dags/example_dataset_alias.py
[2026-05-27T02:01:15.720+0000] {processor.py:914} INFO - Processing file /home/airflow/.local/lib/python3.12/site-packages/airflow/example_dags/example_dataset_alias.py for tasks to queue
[2026-05-27T02:01:15.722+0000] {logging_mixin.py:190} INFO - [2026-05-27T02:01:15.722+0000] {dagbag.py:587} INFO - Filling up the DagBag from /home/airflow/.local/lib/python3.12/site-packages/airflow/example_dags/example_dataset_alias.py
[2026-05-27T02:01:15.838+0000] {processor.py:925} INFO - DAG(s) 'dataset_s3_bucket_producer', 'dataset_alias_example_alias_consumer', 'dataset_s3_bucket_consumer', 'dataset_alias_example_alias_producer' retrieved from /home/airflow/.local/lib/python3.12/site-packages/airflow/example_dags/example_dataset_alias.py
[2026-05-27T02:01:15.854+0000] {logging_mixin.py:190} INFO - [2026-05-27T02:01:15.854+0000] {dag.py:3211} INFO - Sync 4 DAGs
[2026-05-27T02:01:15.871+0000] {logging_mixin.py:190} INFO - [2026-05-27T02:01:15.870+0000] {dag.py:4138} INFO - Setting next_dagrun for dataset_alias_example_alias_consumer to None, run_after=None
[2026-05-27T02:01:15.872+0000] {logging_mixin.py:190} INFO - [2026-05-27T02:01:15.872+0000] {dag.py:4138} INFO - Setting next_dagrun for dataset_alias_example_alias_producer to None, run_after=None
[2026-05-27T02:01:15.873+0000] {logging_mixin.py:190} INFO - [2026-05-27T02:01:15.873+0000] {dag.py:4138} INFO - Setting next_dagrun for dataset_s3_bucket_consumer to None, run_after=None
[2026-05-27T02:01:15.874+0000] {logging_mixin.py:190} INFO - [2026-05-27T02:01:15.874+0000] {dag.py:4138} INFO - Setting next_dagrun for dataset_s3_bucket_producer to None, run_after=None
[2026-05-27T02:01:15.890+0000] {processor.py:208} INFO - Processing /home/airflow/.local/lib/python3.12/site-packages/airflow/example_dags/example_dataset_alias.py took 0.176 seconds
[2026-05-27T02:01:49.074+0000] {processor.py:186} INFO - Started process (PID=68) to work on /home/airflow/.local/lib/python3.12/site-packages/airflow/example_dags/example_dataset_alias.py
[2026-05-27T02:01:49.078+0000] {processor.py:914} INFO - Processing file /home/airflow/.local/lib/python3.12/site-packages/airflow/example_dags/example_dataset_alias.py for tasks to queue
[2026-05-27T02:01:49.080+0000] {logging_mixin.py:190} INFO - [2026-05-27T02:01:49.080+0000] {dagbag.py:587} INFO - Filling up the DagBag from /home/airflow/.local/lib/python3.12/site-packages/airflow/example_dags/example_dataset_alias.py
[2026-05-27T02:01:49.215+0000] {processor.py:925} INFO - DAG(s) 'dataset_s3_bucket_consumer', 'dataset_s3_bucket_producer', 'dataset_alias_example_alias_consumer', 'dataset_alias_example_alias_producer' retrieved from /home/airflow/.local/lib/python3.12/site-packages/airflow/example_dags/example_dataset_alias.py
[2026-05-27T02:01:49.232+0000] {logging_mixin.py:190} INFO - [2026-05-27T02:01:49.231+0000] {dag.py:3211} INFO - Sync 4 DAGs
[2026-05-27T02:01:49.252+0000] {logging_mixin.py:190} INFO - [2026-05-27T02:01:49.252+0000] {dag.py:4138} INFO - Setting next_dagrun for dataset_alias_example_alias_consumer to None, run_after=None
[2026-05-27T02:01:49.253+0000] {logging_mixin.py:190} INFO - [2026-05-27T02:01:49.253+0000] {dag.py:4138} INFO - Setting next_dagrun for dataset_alias_example_alias_producer to None, run_after=None
[2026-05-27T02:01:49.254+0000] {logging_mixin.py:190} INFO - [2026-05-27T02:01:49.254+0000] {dag.py:4138} INFO - Setting next_dagrun for dataset_s3_bucket_consumer to None, run_after=None
[2026-05-27T02:01:49.255+0000] {logging_mixin.py:190} INFO - [2026-05-27T02:01:49.255+0000] {dag.py:4138} INFO - Setting next_dagrun for dataset_s3_bucket_producer to None, run_after=None
[2026-05-27T02:01:49.278+0000] {processor.py:208} INFO - Processing /home/airflow/.local/lib/python3.12/site-packages/airflow/example_dags/example_dataset_alias.py took 0.208 seconds
[2026-05-27T02:02:18.741+0000] {processor.py:186} INFO - Started process (PID=68) to work on /home/airflow/.local/lib/python3.12/site-packages/airflow/example_dags/example_dataset_alias.py
[2026-05-27T02:02:18.742+0000] {processor.py:914} INFO - Processing file /home/airflow/.local/lib/python3.12/site-packages/airflow/example_dags/example_dataset_alias.py for tasks to queue
[2026-05-27T02:02:18.744+0000] {logging_mixin.py:190} INFO - [2026-05-27T02:02:18.744+0000] {dagbag.py:587} INFO - Filling up the DagBag from /home/airflow/.local/lib/python3.12/site-packages/airflow/example_dags/example_dataset_alias.py
[2026-05-27T02:02:18.893+0000] {processor.py:925} INFO - DAG(s) 'dataset_alias_example_alias_producer', 'dataset_alias_example_alias_consumer', 'dataset_s3_bucket_consumer', 'dataset_s3_bucket_producer' retrieved from /home/airflow/.local/lib/python3.12/site-packages/airflow/example_dags/example_dataset_alias.py
[2026-05-27T02:02:18.913+0000] {logging_mixin.py:190} INFO - [2026-05-27T02:02:18.913+0000] {dag.py:3211} INFO - Sync 4 DAGs
[2026-05-27T02:02:18.932+0000] {logging_mixin.py:190} INFO - [2026-05-27T02:02:18.932+0000] {dag.py:4138} INFO - Setting next_dagrun for dataset_alias_example_alias_consumer to None, run_after=None
[2026-05-27T02:02:18.934+0000] {logging_mixin.py:190} INFO - [2026-05-27T02:02:18.934+0000] {dag.py:4138} INFO - Setting next_dagrun for dataset_alias_example_alias_producer to None, run_after=None
[2026-05-27T02:02:18.935+0000] {logging_mixin.py:190} INFO - [2026-05-27T02:02:18.935+0000] {dag.py:4138} INFO - Setting next_dagrun for dataset_s3_bucket_consumer to None, run_after=None
[2026-05-27T02:02:18.936+0000] {logging_mixin.py:190} INFO - [2026-05-27T02:02:18.936+0000] {dag.py:4138} INFO - Setting next_dagrun for dataset_s3_bucket_producer to None, run_after=None
[2026-05-27T02:02:18.951+0000] {processor.py:208} INFO - Processing /home/airflow/.local/lib/python3.12/site-packages/airflow/example_dags/example_dataset_alias.py took 0.215 seconds
[2026-05-27T02:03:00.410+0000] {processor.py:186} INFO - Started process (PID=68) to work on /home/airflow/.local/lib/python3.12/site-packages/airflow/example_dags/example_dataset_alias.py
[2026-05-27T02:03:00.411+0000] {processor.py:914} INFO - Processing file /home/airflow/.local/lib/python3.12/site-packages/airflow/example_dags/example_dataset_alias.py for tasks to queue
[2026-05-27T02:03:00.413+0000] {logging_mixin.py:190} INFO - [2026-05-27T02:03:00.412+0000] {dagbag.py:587} INFO - Filling up the DagBag from /home/airflow/.local/lib/python3.12/site-packages/airflow/example_dags/example_dataset_alias.py
[2026-05-27T02:03:00.554+0000] {processor.py:925} INFO - DAG(s) 'dataset_s3_bucket_producer', 'dataset_alias_example_alias_producer', 'dataset_alias_example_alias_consumer', 'dataset_s3_bucket_consumer' retrieved from /home/airflow/.local/lib/python3.12/site-packages/airflow/example_dags/example_dataset_alias.py
[2026-05-27T02:03:00.572+0000] {logging_mixin.py:190} INFO - [2026-05-27T02:03:00.571+0000] {dag.py:3211} INFO - Sync 4 DAGs
[2026-05-27T02:03:00.593+0000] {logging_mixin.py:190} INFO - [2026-05-27T02:03:00.593+0000] {dag.py:4138} INFO - Setting next_dagrun for dataset_alias_example_alias_consumer to None, run_after=None
[2026-05-27T02:03:00.595+0000] {logging_mixin.py:190} INFO - [2026-05-27T02:03:00.595+0000] {dag.py:4138} INFO - Setting next_dagrun for dataset_alias_example_alias_producer to None, run_after=None
[2026-05-27T02:03:00.596+0000] {logging_mixin.py:190} INFO - [2026-05-27T02:03:00.596+0000] {dag.py:4138} INFO - Setting next_dagrun for dataset_s3_bucket_consumer to None, run_after=None
[2026-05-27T02:03:00.597+0000] {logging_mixin.py:190} INFO - [2026-05-27T02:03:00.597+0000] {dag.py:4138} INFO - Setting next_dagrun for dataset_s3_bucket_producer to None, run_after=None
[2026-05-27T02:03:00.615+0000] {processor.py:208} INFO - Processing /home/airflow/.local/lib/python3.12/site-packages/airflow/example_dags/example_dataset_alias.py took 0.210 seconds
