[2026-05-27T01:54:03.413+0000] {processor.py:186} INFO - Started process (PID=86) to work on /home/airflow/.local/lib/python3.12/site-packages/airflow/example_dags/example_display_name.py
[2026-05-27T01:54:03.414+0000] {processor.py:914} INFO - Processing file /home/airflow/.local/lib/python3.12/site-packages/airflow/example_dags/example_display_name.py for tasks to queue
[2026-05-27T01:54:03.416+0000] {logging_mixin.py:190} INFO - [2026-05-27T01:54:03.416+0000] {dagbag.py:587} INFO - Filling up the DagBag from /home/airflow/.local/lib/python3.12/site-packages/airflow/example_dags/example_display_name.py
[2026-05-27T01:54:03.423+0000] {processor.py:925} INFO - DAG(s) 'example_display_name' retrieved from /home/airflow/.local/lib/python3.12/site-packages/airflow/example_dags/example_display_name.py
[2026-05-27T01:54:03.513+0000] {logging_mixin.py:190} INFO - [2026-05-27T01:54:03.512+0000] {override.py:1858} INFO - Created Permission View: can edit on DAG:example_display_name
[2026-05-27T01:54:03.519+0000] {logging_mixin.py:190} INFO - [2026-05-27T01:54:03.519+0000] {override.py:1858} INFO - Created Permission View: can read on DAG:example_display_name
[2026-05-27T01:54:03.523+0000] {logging_mixin.py:190} INFO - [2026-05-27T01:54:03.523+0000] {override.py:1858} INFO - Created Permission View: can delete on DAG:example_display_name
[2026-05-27T01:54:03.523+0000] {logging_mixin.py:190} INFO - [2026-05-27T01:54:03.523+0000] {dag.py:3211} INFO - Sync 1 DAGs
[2026-05-27T01:54:03.534+0000] {logging_mixin.py:190} INFO - [2026-05-27T01:54:03.534+0000] {dag.py:3234} INFO - Creating ORM DAG for example_display_name
[2026-05-27T01:54:03.535+0000] {logging_mixin.py:190} INFO - [2026-05-27T01:54:03.535+0000] {dag.py:4138} INFO - Setting next_dagrun for example_display_name to None, run_after=None
[2026-05-27T01:54:03.547+0000] {processor.py:208} INFO - Processing /home/airflow/.local/lib/python3.12/site-packages/airflow/example_dags/example_display_name.py took 0.142 seconds
[2026-05-27T01:54:33.589+0000] {processor.py:186} INFO - Started process (PID=158) to work on /home/airflow/.local/lib/python3.12/site-packages/airflow/example_dags/example_display_name.py
[2026-05-27T01:54:33.590+0000] {processor.py:914} INFO - Processing file /home/airflow/.local/lib/python3.12/site-packages/airflow/example_dags/example_display_name.py for tasks to queue
[2026-05-27T01:54:33.592+0000] {logging_mixin.py:190} INFO - [2026-05-27T01:54:33.592+0000] {dagbag.py:587} INFO - Filling up the DagBag from /home/airflow/.local/lib/python3.12/site-packages/airflow/example_dags/example_display_name.py
[2026-05-27T01:54:33.597+0000] {processor.py:925} INFO - DAG(s) 'example_display_name' retrieved from /home/airflow/.local/lib/python3.12/site-packages/airflow/example_dags/example_display_name.py
[2026-05-27T01:54:33.614+0000] {logging_mixin.py:190} INFO - [2026-05-27T01:54:33.614+0000] {dag.py:3211} INFO - Sync 1 DAGs
[2026-05-27T01:54:33.625+0000] {logging_mixin.py:190} INFO - [2026-05-27T01:54:33.625+0000] {dag.py:4138} INFO - Setting next_dagrun for example_display_name to None, run_after=None
[2026-05-27T01:54:33.636+0000] {processor.py:208} INFO - Processing /home/airflow/.local/lib/python3.12/site-packages/airflow/example_dags/example_display_name.py took 0.052 seconds
[2026-05-27T01:55:03.890+0000] {processor.py:186} INFO - Started process (PID=223) to work on /home/airflow/.local/lib/python3.12/site-packages/airflow/example_dags/example_display_name.py
[2026-05-27T01:55:03.891+0000] {processor.py:914} INFO - Processing file /home/airflow/.local/lib/python3.12/site-packages/airflow/example_dags/example_display_name.py for tasks to queue
[2026-05-27T01:55:03.892+0000] {logging_mixin.py:190} INFO - [2026-05-27T01:55:03.892+0000] {dagbag.py:587} INFO - Filling up the DagBag from /home/airflow/.local/lib/python3.12/site-packages/airflow/example_dags/example_display_name.py
[2026-05-27T01:55:03.899+0000] {processor.py:925} INFO - DAG(s) 'example_display_name' retrieved from /home/airflow/.local/lib/python3.12/site-packages/airflow/example_dags/example_display_name.py
[2026-05-27T01:55:03.913+0000] {logging_mixin.py:190} INFO - [2026-05-27T01:55:03.913+0000] {dag.py:3211} INFO - Sync 1 DAGs
[2026-05-27T01:55:03.922+0000] {logging_mixin.py:190} INFO - [2026-05-27T01:55:03.922+0000] {dag.py:4138} INFO - Setting next_dagrun for example_display_name to None, run_after=None
[2026-05-27T01:55:03.933+0000] {processor.py:208} INFO - Processing /home/airflow/.local/lib/python3.12/site-packages/airflow/example_dags/example_display_name.py took 0.047 seconds
[2026-05-27T01:55:34.317+0000] {processor.py:186} INFO - Started process (PID=285) to work on /home/airflow/.local/lib/python3.12/site-packages/airflow/example_dags/example_display_name.py
[2026-05-27T01:55:34.318+0000] {processor.py:914} INFO - Processing file /home/airflow/.local/lib/python3.12/site-packages/airflow/example_dags/example_display_name.py for tasks to queue
[2026-05-27T01:55:34.320+0000] {logging_mixin.py:190} INFO - [2026-05-27T01:55:34.320+0000] {dagbag.py:587} INFO - Filling up the DagBag from /home/airflow/.local/lib/python3.12/site-packages/airflow/example_dags/example_display_name.py
[2026-05-27T01:55:34.329+0000] {processor.py:925} INFO - DAG(s) 'example_display_name' retrieved from /home/airflow/.local/lib/python3.12/site-packages/airflow/example_dags/example_display_name.py
[2026-05-27T01:55:34.347+0000] {logging_mixin.py:190} INFO - [2026-05-27T01:55:34.347+0000] {dag.py:3211} INFO - Sync 1 DAGs
[2026-05-27T01:55:34.362+0000] {logging_mixin.py:190} INFO - [2026-05-27T01:55:34.361+0000] {dag.py:4138} INFO - Setting next_dagrun for example_display_name to None, run_after=None
[2026-05-27T01:55:34.378+0000] {processor.py:208} INFO - Processing /home/airflow/.local/lib/python3.12/site-packages/airflow/example_dags/example_display_name.py took 0.065 seconds
[2026-05-27T01:56:04.656+0000] {processor.py:186} INFO - Started process (PID=347) to work on /home/airflow/.local/lib/python3.12/site-packages/airflow/example_dags/example_display_name.py
[2026-05-27T01:56:04.657+0000] {processor.py:914} INFO - Processing file /home/airflow/.local/lib/python3.12/site-packages/airflow/example_dags/example_display_name.py for tasks to queue
[2026-05-27T01:56:04.658+0000] {logging_mixin.py:190} INFO - [2026-05-27T01:56:04.658+0000] {dagbag.py:587} INFO - Filling up the DagBag from /home/airflow/.local/lib/python3.12/site-packages/airflow/example_dags/example_display_name.py
[2026-05-27T01:56:04.664+0000] {processor.py:925} INFO - DAG(s) 'example_display_name' retrieved from /home/airflow/.local/lib/python3.12/site-packages/airflow/example_dags/example_display_name.py
[2026-05-27T01:56:04.678+0000] {logging_mixin.py:190} INFO - [2026-05-27T01:56:04.678+0000] {dag.py:3211} INFO - Sync 1 DAGs
[2026-05-27T01:56:04.687+0000] {logging_mixin.py:190} INFO - [2026-05-27T01:56:04.686+0000] {dag.py:4138} INFO - Setting next_dagrun for example_display_name to None, run_after=None
[2026-05-27T01:56:04.696+0000] {processor.py:208} INFO - Processing /home/airflow/.local/lib/python3.12/site-packages/airflow/example_dags/example_display_name.py took 0.044 seconds
[2026-05-27T01:56:35.192+0000] {processor.py:186} INFO - Started process (PID=409) to work on /home/airflow/.local/lib/python3.12/site-packages/airflow/example_dags/example_display_name.py
[2026-05-27T01:56:35.193+0000] {processor.py:914} INFO - Processing file /home/airflow/.local/lib/python3.12/site-packages/airflow/example_dags/example_display_name.py for tasks to queue
[2026-05-27T01:56:35.195+0000] {logging_mixin.py:190} INFO - [2026-05-27T01:56:35.195+0000] {dagbag.py:587} INFO - Filling up the DagBag from /home/airflow/.local/lib/python3.12/site-packages/airflow/example_dags/example_display_name.py
[2026-05-27T01:56:35.201+0000] {processor.py:925} INFO - DAG(s) 'example_display_name' retrieved from /home/airflow/.local/lib/python3.12/site-packages/airflow/example_dags/example_display_name.py
[2026-05-27T01:56:35.215+0000] {logging_mixin.py:190} INFO - [2026-05-27T01:56:35.215+0000] {dag.py:3211} INFO - Sync 1 DAGs
[2026-05-27T01:56:35.223+0000] {logging_mixin.py:190} INFO - [2026-05-27T01:56:35.223+0000] {dag.py:4138} INFO - Setting next_dagrun for example_display_name to None, run_after=None
[2026-05-27T01:56:35.235+0000] {processor.py:208} INFO - Processing /home/airflow/.local/lib/python3.12/site-packages/airflow/example_dags/example_display_name.py took 0.047 seconds
[2026-05-27T01:57:05.548+0000] {processor.py:186} INFO - Started process (PID=471) to work on /home/airflow/.local/lib/python3.12/site-packages/airflow/example_dags/example_display_name.py
[2026-05-27T01:57:05.549+0000] {processor.py:914} INFO - Processing file /home/airflow/.local/lib/python3.12/site-packages/airflow/example_dags/example_display_name.py for tasks to queue
[2026-05-27T01:57:05.551+0000] {logging_mixin.py:190} INFO - [2026-05-27T01:57:05.551+0000] {dagbag.py:587} INFO - Filling up the DagBag from /home/airflow/.local/lib/python3.12/site-packages/airflow/example_dags/example_display_name.py
[2026-05-27T01:57:05.557+0000] {processor.py:925} INFO - DAG(s) 'example_display_name' retrieved from /home/airflow/.local/lib/python3.12/site-packages/airflow/example_dags/example_display_name.py
[2026-05-27T01:57:05.571+0000] {logging_mixin.py:190} INFO - [2026-05-27T01:57:05.571+0000] {dag.py:3211} INFO - Sync 1 DAGs
[2026-05-27T01:57:05.582+0000] {logging_mixin.py:190} INFO - [2026-05-27T01:57:05.582+0000] {dag.py:4138} INFO - Setting next_dagrun for example_display_name to None, run_after=None
[2026-05-27T01:57:05.593+0000] {processor.py:208} INFO - Processing /home/airflow/.local/lib/python3.12/site-packages/airflow/example_dags/example_display_name.py took 0.050 seconds
[2026-05-27T01:57:36.141+0000] {processor.py:186} INFO - Started process (PID=533) to work on /home/airflow/.local/lib/python3.12/site-packages/airflow/example_dags/example_display_name.py
[2026-05-27T01:57:36.142+0000] {processor.py:914} INFO - Processing file /home/airflow/.local/lib/python3.12/site-packages/airflow/example_dags/example_display_name.py for tasks to queue
[2026-05-27T01:57:36.144+0000] {logging_mixin.py:190} INFO - [2026-05-27T01:57:36.144+0000] {dagbag.py:587} INFO - Filling up the DagBag from /home/airflow/.local/lib/python3.12/site-packages/airflow/example_dags/example_display_name.py
[2026-05-27T01:57:36.150+0000] {processor.py:925} INFO - DAG(s) 'example_display_name' retrieved from /home/airflow/.local/lib/python3.12/site-packages/airflow/example_dags/example_display_name.py
[2026-05-27T01:57:36.166+0000] {logging_mixin.py:190} INFO - [2026-05-27T01:57:36.166+0000] {dag.py:3211} INFO - Sync 1 DAGs
[2026-05-27T01:57:36.175+0000] {logging_mixin.py:190} INFO - [2026-05-27T01:57:36.175+0000] {dag.py:4138} INFO - Setting next_dagrun for example_display_name to None, run_after=None
[2026-05-27T01:57:36.186+0000] {processor.py:208} INFO - Processing /home/airflow/.local/lib/python3.12/site-packages/airflow/example_dags/example_display_name.py took 0.049 seconds
[2026-05-27T01:58:06.658+0000] {processor.py:186} INFO - Started process (PID=595) to work on /home/airflow/.local/lib/python3.12/site-packages/airflow/example_dags/example_display_name.py
[2026-05-27T01:58:06.659+0000] {processor.py:914} INFO - Processing file /home/airflow/.local/lib/python3.12/site-packages/airflow/example_dags/example_display_name.py for tasks to queue
[2026-05-27T01:58:06.661+0000] {logging_mixin.py:190} INFO - [2026-05-27T01:58:06.661+0000] {dagbag.py:587} INFO - Filling up the DagBag from /home/airflow/.local/lib/python3.12/site-packages/airflow/example_dags/example_display_name.py
[2026-05-27T01:58:06.667+0000] {processor.py:925} INFO - DAG(s) 'example_display_name' retrieved from /home/airflow/.local/lib/python3.12/site-packages/airflow/example_dags/example_display_name.py
[2026-05-27T01:58:06.681+0000] {logging_mixin.py:190} INFO - [2026-05-27T01:58:06.681+0000] {dag.py:3211} INFO - Sync 1 DAGs
[2026-05-27T01:58:06.691+0000] {logging_mixin.py:190} INFO - [2026-05-27T01:58:06.691+0000] {dag.py:4138} INFO - Setting next_dagrun for example_display_name to None, run_after=None
[2026-05-27T01:58:06.702+0000] {processor.py:208} INFO - Processing /home/airflow/.local/lib/python3.12/site-packages/airflow/example_dags/example_display_name.py took 0.048 seconds
[2026-05-27T01:59:14.227+0000] {processor.py:186} INFO - Started process (PID=89) to work on /home/airflow/.local/lib/python3.12/site-packages/airflow/example_dags/example_display_name.py
[2026-05-27T01:59:14.228+0000] {processor.py:914} INFO - Processing file /home/airflow/.local/lib/python3.12/site-packages/airflow/example_dags/example_display_name.py for tasks to queue
[2026-05-27T01:59:14.230+0000] {logging_mixin.py:190} INFO - [2026-05-27T01:59:14.230+0000] {dagbag.py:587} INFO - Filling up the DagBag from /home/airflow/.local/lib/python3.12/site-packages/airflow/example_dags/example_display_name.py
[2026-05-27T01:59:14.236+0000] {processor.py:925} INFO - DAG(s) 'example_display_name' retrieved from /home/airflow/.local/lib/python3.12/site-packages/airflow/example_dags/example_display_name.py
[2026-05-27T01:59:14.235+0000] {logging_mixin.py:190} INFO - [2026-05-27T01:59:14.235+0000] {dag.py:3211} INFO - Sync 1 DAGs
[2026-05-27T01:59:14.248+0000] {logging_mixin.py:190} INFO - [2026-05-27T01:59:14.248+0000] {dag.py:4138} INFO - Setting next_dagrun for example_display_name to None, run_after=None
[2026-05-27T01:59:14.262+0000] {processor.py:208} INFO - Processing /home/airflow/.local/lib/python3.12/site-packages/airflow/example_dags/example_display_name.py took 0.061 seconds
[2026-05-27T01:59:44.587+0000] {processor.py:186} INFO - Started process (PID=187) to work on /home/airflow/.local/lib/python3.12/site-packages/airflow/example_dags/example_display_name.py
[2026-05-27T01:59:44.587+0000] {processor.py:914} INFO - Processing file /home/airflow/.local/lib/python3.12/site-packages/airflow/example_dags/example_display_name.py for tasks to queue
[2026-05-27T01:59:44.589+0000] {logging_mixin.py:190} INFO - [2026-05-27T01:59:44.588+0000] {dagbag.py:587} INFO - Filling up the DagBag from /home/airflow/.local/lib/python3.12/site-packages/airflow/example_dags/example_display_name.py
[2026-05-27T01:59:44.594+0000] {processor.py:925} INFO - DAG(s) 'example_display_name' retrieved from /home/airflow/.local/lib/python3.12/site-packages/airflow/example_dags/example_display_name.py
[2026-05-27T01:59:44.609+0000] {logging_mixin.py:190} INFO - [2026-05-27T01:59:44.609+0000] {dag.py:3211} INFO - Sync 1 DAGs
[2026-05-27T01:59:44.619+0000] {logging_mixin.py:190} INFO - [2026-05-27T01:59:44.619+0000] {dag.py:4138} INFO - Setting next_dagrun for example_display_name to None, run_after=None
[2026-05-27T01:59:44.630+0000] {processor.py:208} INFO - Processing /home/airflow/.local/lib/python3.12/site-packages/airflow/example_dags/example_display_name.py took 0.048 seconds
[2026-05-27T02:00:15.133+0000] {processor.py:186} INFO - Started process (PID=250) to work on /home/airflow/.local/lib/python3.12/site-packages/airflow/example_dags/example_display_name.py
[2026-05-27T02:00:15.134+0000] {processor.py:914} INFO - Processing file /home/airflow/.local/lib/python3.12/site-packages/airflow/example_dags/example_display_name.py for tasks to queue
[2026-05-27T02:00:15.136+0000] {logging_mixin.py:190} INFO - [2026-05-27T02:00:15.136+0000] {dagbag.py:587} INFO - Filling up the DagBag from /home/airflow/.local/lib/python3.12/site-packages/airflow/example_dags/example_display_name.py
[2026-05-27T02:00:15.145+0000] {processor.py:925} INFO - DAG(s) 'example_display_name' retrieved from /home/airflow/.local/lib/python3.12/site-packages/airflow/example_dags/example_display_name.py
[2026-05-27T02:00:15.161+0000] {logging_mixin.py:190} INFO - [2026-05-27T02:00:15.161+0000] {dag.py:3211} INFO - Sync 1 DAGs
[2026-05-27T02:00:15.172+0000] {logging_mixin.py:190} INFO - [2026-05-27T02:00:15.171+0000] {dag.py:4138} INFO - Setting next_dagrun for example_display_name to None, run_after=None
[2026-05-27T02:00:15.185+0000] {processor.py:208} INFO - Processing /home/airflow/.local/lib/python3.12/site-packages/airflow/example_dags/example_display_name.py took 0.058 seconds
[2026-05-27T02:00:45.707+0000] {processor.py:186} INFO - Started process (PID=312) to work on /home/airflow/.local/lib/python3.12/site-packages/airflow/example_dags/example_display_name.py
[2026-05-27T02:00:45.708+0000] {processor.py:914} INFO - Processing file /home/airflow/.local/lib/python3.12/site-packages/airflow/example_dags/example_display_name.py for tasks to queue
[2026-05-27T02:00:45.710+0000] {logging_mixin.py:190} INFO - [2026-05-27T02:00:45.709+0000] {dagbag.py:587} INFO - Filling up the DagBag from /home/airflow/.local/lib/python3.12/site-packages/airflow/example_dags/example_display_name.py
[2026-05-27T02:00:45.716+0000] {processor.py:925} INFO - DAG(s) 'example_display_name' retrieved from /home/airflow/.local/lib/python3.12/site-packages/airflow/example_dags/example_display_name.py
[2026-05-27T02:00:45.732+0000] {logging_mixin.py:190} INFO - [2026-05-27T02:00:45.732+0000] {dag.py:3211} INFO - Sync 1 DAGs
[2026-05-27T02:00:45.742+0000] {logging_mixin.py:190} INFO - [2026-05-27T02:00:45.741+0000] {dag.py:4138} INFO - Setting next_dagrun for example_display_name to None, run_after=None
[2026-05-27T02:00:45.761+0000] {processor.py:208} INFO - Processing /home/airflow/.local/lib/python3.12/site-packages/airflow/example_dags/example_display_name.py took 0.059 seconds
[2026-05-27T02:01:15.929+0000] {processor.py:186} INFO - Started process (PID=374) to work on /home/airflow/.local/lib/python3.12/site-packages/airflow/example_dags/example_display_name.py
[2026-05-27T02:01:15.930+0000] {processor.py:914} INFO - Processing file /home/airflow/.local/lib/python3.12/site-packages/airflow/example_dags/example_display_name.py for tasks to queue
[2026-05-27T02:01:15.932+0000] {logging_mixin.py:190} INFO - [2026-05-27T02:01:15.932+0000] {dagbag.py:587} INFO - Filling up the DagBag from /home/airflow/.local/lib/python3.12/site-packages/airflow/example_dags/example_display_name.py
[2026-05-27T02:01:15.940+0000] {processor.py:925} INFO - DAG(s) 'example_display_name' retrieved from /home/airflow/.local/lib/python3.12/site-packages/airflow/example_dags/example_display_name.py
[2026-05-27T02:01:15.955+0000] {logging_mixin.py:190} INFO - [2026-05-27T02:01:15.955+0000] {dag.py:3211} INFO - Sync 1 DAGs
[2026-05-27T02:01:15.964+0000] {logging_mixin.py:190} INFO - [2026-05-27T02:01:15.964+0000] {dag.py:4138} INFO - Setting next_dagrun for example_display_name to None, run_after=None
[2026-05-27T02:01:15.980+0000] {processor.py:208} INFO - Processing /home/airflow/.local/lib/python3.12/site-packages/airflow/example_dags/example_display_name.py took 0.056 seconds
[2026-05-27T02:01:49.498+0000] {processor.py:186} INFO - Started process (PID=74) to work on /home/airflow/.local/lib/python3.12/site-packages/airflow/example_dags/example_display_name.py
[2026-05-27T02:01:49.498+0000] {processor.py:914} INFO - Processing file /home/airflow/.local/lib/python3.12/site-packages/airflow/example_dags/example_display_name.py for tasks to queue
[2026-05-27T02:01:49.500+0000] {logging_mixin.py:190} INFO - [2026-05-27T02:01:49.500+0000] {dagbag.py:587} INFO - Filling up the DagBag from /home/airflow/.local/lib/python3.12/site-packages/airflow/example_dags/example_display_name.py
[2026-05-27T02:01:49.505+0000] {processor.py:925} INFO - DAG(s) 'example_display_name' retrieved from /home/airflow/.local/lib/python3.12/site-packages/airflow/example_dags/example_display_name.py
[2026-05-27T02:01:49.519+0000] {logging_mixin.py:190} INFO - [2026-05-27T02:01:49.518+0000] {dag.py:3211} INFO - Sync 1 DAGs
[2026-05-27T02:01:49.529+0000] {logging_mixin.py:190} INFO - [2026-05-27T02:01:49.529+0000] {dag.py:4138} INFO - Setting next_dagrun for example_display_name to None, run_after=None
[2026-05-27T02:01:49.540+0000] {processor.py:208} INFO - Processing /home/airflow/.local/lib/python3.12/site-packages/airflow/example_dags/example_display_name.py took 0.047 seconds
[2026-05-27T02:02:19.122+0000] {processor.py:186} INFO - Started process (PID=74) to work on /home/airflow/.local/lib/python3.12/site-packages/airflow/example_dags/example_display_name.py
[2026-05-27T02:02:19.123+0000] {processor.py:914} INFO - Processing file /home/airflow/.local/lib/python3.12/site-packages/airflow/example_dags/example_display_name.py for tasks to queue
[2026-05-27T02:02:19.126+0000] {logging_mixin.py:190} INFO - [2026-05-27T02:02:19.125+0000] {dagbag.py:587} INFO - Filling up the DagBag from /home/airflow/.local/lib/python3.12/site-packages/airflow/example_dags/example_display_name.py
[2026-05-27T02:02:19.136+0000] {processor.py:925} INFO - DAG(s) 'example_display_name' retrieved from /home/airflow/.local/lib/python3.12/site-packages/airflow/example_dags/example_display_name.py
[2026-05-27T02:02:19.159+0000] {logging_mixin.py:190} INFO - [2026-05-27T02:02:19.159+0000] {dag.py:3211} INFO - Sync 1 DAGs
[2026-05-27T02:02:19.176+0000] {logging_mixin.py:190} INFO - [2026-05-27T02:02:19.176+0000] {dag.py:4138} INFO - Setting next_dagrun for example_display_name to None, run_after=None
[2026-05-27T02:02:19.190+0000] {processor.py:208} INFO - Processing /home/airflow/.local/lib/python3.12/site-packages/airflow/example_dags/example_display_name.py took 0.075 seconds
[2026-05-27T02:03:00.875+0000] {processor.py:186} INFO - Started process (PID=74) to work on /home/airflow/.local/lib/python3.12/site-packages/airflow/example_dags/example_display_name.py
[2026-05-27T02:03:00.876+0000] {processor.py:914} INFO - Processing file /home/airflow/.local/lib/python3.12/site-packages/airflow/example_dags/example_display_name.py for tasks to queue
[2026-05-27T02:03:00.878+0000] {logging_mixin.py:190} INFO - [2026-05-27T02:03:00.878+0000] {dagbag.py:587} INFO - Filling up the DagBag from /home/airflow/.local/lib/python3.12/site-packages/airflow/example_dags/example_display_name.py
[2026-05-27T02:03:00.885+0000] {processor.py:925} INFO - DAG(s) 'example_display_name' retrieved from /home/airflow/.local/lib/python3.12/site-packages/airflow/example_dags/example_display_name.py
[2026-05-27T02:03:00.902+0000] {logging_mixin.py:190} INFO - [2026-05-27T02:03:00.902+0000] {dag.py:3211} INFO - Sync 1 DAGs
[2026-05-27T02:03:00.913+0000] {logging_mixin.py:190} INFO - [2026-05-27T02:03:00.913+0000] {dag.py:4138} INFO - Setting next_dagrun for example_display_name to None, run_after=None
[2026-05-27T02:03:00.927+0000] {processor.py:208} INFO - Processing /home/airflow/.local/lib/python3.12/site-packages/airflow/example_dags/example_display_name.py took 0.059 seconds
