[2026-05-27T01:54:04.627+0000] {processor.py:186} INFO - Started process (PID=100) to work on /home/airflow/.local/lib/python3.12/site-packages/airflow/example_dags/example_short_circuit_operator.py
[2026-05-27T01:54:04.628+0000] {processor.py:914} INFO - Processing file /home/airflow/.local/lib/python3.12/site-packages/airflow/example_dags/example_short_circuit_operator.py for tasks to queue
[2026-05-27T01:54:04.630+0000] {logging_mixin.py:190} INFO - [2026-05-27T01:54:04.630+0000] {dagbag.py:587} INFO - Filling up the DagBag from /home/airflow/.local/lib/python3.12/site-packages/airflow/example_dags/example_short_circuit_operator.py
[2026-05-27T01:54:04.639+0000] {processor.py:925} INFO - DAG(s) 'example_short_circuit_operator' retrieved from /home/airflow/.local/lib/python3.12/site-packages/airflow/example_dags/example_short_circuit_operator.py
[2026-05-27T01:54:04.728+0000] {logging_mixin.py:190} INFO - [2026-05-27T01:54:04.727+0000] {override.py:1858} INFO - Created Permission View: can edit on DAG:example_short_circuit_operator
[2026-05-27T01:54:04.736+0000] {logging_mixin.py:190} INFO - [2026-05-27T01:54:04.736+0000] {override.py:1858} INFO - Created Permission View: can read on DAG:example_short_circuit_operator
[2026-05-27T01:54:04.741+0000] {logging_mixin.py:190} INFO - [2026-05-27T01:54:04.740+0000] {override.py:1858} INFO - Created Permission View: can delete on DAG:example_short_circuit_operator
[2026-05-27T01:54:04.741+0000] {logging_mixin.py:190} INFO - [2026-05-27T01:54:04.741+0000] {dag.py:3211} INFO - Sync 1 DAGs
[2026-05-27T01:54:04.752+0000] {logging_mixin.py:190} INFO - [2026-05-27T01:54:04.752+0000] {dag.py:3234} INFO - Creating ORM DAG for example_short_circuit_operator
[2026-05-27T01:54:04.759+0000] {logging_mixin.py:190} INFO - [2026-05-27T01:54:04.759+0000] {dag.py:4138} INFO - Setting next_dagrun for example_short_circuit_operator to 2026-05-26 00:00:00+00:00, run_after=2026-05-27 00:00:00+00:00
[2026-05-27T01:54:04.771+0000] {processor.py:208} INFO - Processing /home/airflow/.local/lib/python3.12/site-packages/airflow/example_dags/example_short_circuit_operator.py took 0.150 seconds
[2026-05-27T01:54:35.405+0000] {processor.py:186} INFO - Started process (PID=172) to work on /home/airflow/.local/lib/python3.12/site-packages/airflow/example_dags/example_short_circuit_operator.py
[2026-05-27T01:54:35.406+0000] {processor.py:914} INFO - Processing file /home/airflow/.local/lib/python3.12/site-packages/airflow/example_dags/example_short_circuit_operator.py for tasks to queue
[2026-05-27T01:54:35.407+0000] {logging_mixin.py:190} INFO - [2026-05-27T01:54:35.407+0000] {dagbag.py:587} INFO - Filling up the DagBag from /home/airflow/.local/lib/python3.12/site-packages/airflow/example_dags/example_short_circuit_operator.py
[2026-05-27T01:54:35.413+0000] {processor.py:925} INFO - DAG(s) 'example_short_circuit_operator' retrieved from /home/airflow/.local/lib/python3.12/site-packages/airflow/example_dags/example_short_circuit_operator.py
[2026-05-27T01:54:35.430+0000] {logging_mixin.py:190} INFO - [2026-05-27T01:54:35.430+0000] {dag.py:3211} INFO - Sync 1 DAGs
[2026-05-27T01:54:35.444+0000] {logging_mixin.py:190} INFO - [2026-05-27T01:54:35.444+0000] {dag.py:4138} INFO - Setting next_dagrun for example_short_circuit_operator to 2026-05-26 00:00:00+00:00, run_after=2026-05-27 00:00:00+00:00
[2026-05-27T01:54:35.455+0000] {processor.py:208} INFO - Processing /home/airflow/.local/lib/python3.12/site-packages/airflow/example_dags/example_short_circuit_operator.py took 0.054 seconds
[2026-05-27T01:55:05.675+0000] {processor.py:186} INFO - Started process (PID=237) to work on /home/airflow/.local/lib/python3.12/site-packages/airflow/example_dags/example_short_circuit_operator.py
[2026-05-27T01:55:05.676+0000] {processor.py:914} INFO - Processing file /home/airflow/.local/lib/python3.12/site-packages/airflow/example_dags/example_short_circuit_operator.py for tasks to queue
[2026-05-27T01:55:05.678+0000] {logging_mixin.py:190} INFO - [2026-05-27T01:55:05.677+0000] {dagbag.py:587} INFO - Filling up the DagBag from /home/airflow/.local/lib/python3.12/site-packages/airflow/example_dags/example_short_circuit_operator.py
[2026-05-27T01:55:05.686+0000] {processor.py:925} INFO - DAG(s) 'example_short_circuit_operator' retrieved from /home/airflow/.local/lib/python3.12/site-packages/airflow/example_dags/example_short_circuit_operator.py
[2026-05-27T01:55:05.704+0000] {logging_mixin.py:190} INFO - [2026-05-27T01:55:05.704+0000] {dag.py:3211} INFO - Sync 1 DAGs
[2026-05-27T01:55:05.721+0000] {logging_mixin.py:190} INFO - [2026-05-27T01:55:05.720+0000] {dag.py:4138} INFO - Setting next_dagrun for example_short_circuit_operator to 2026-05-26 00:00:00+00:00, run_after=2026-05-27 00:00:00+00:00
[2026-05-27T01:55:05.734+0000] {processor.py:208} INFO - Processing /home/airflow/.local/lib/python3.12/site-packages/airflow/example_dags/example_short_circuit_operator.py took 0.065 seconds
[2026-05-27T01:55:36.135+0000] {processor.py:186} INFO - Started process (PID=299) to work on /home/airflow/.local/lib/python3.12/site-packages/airflow/example_dags/example_short_circuit_operator.py
[2026-05-27T01:55:36.136+0000] {processor.py:914} INFO - Processing file /home/airflow/.local/lib/python3.12/site-packages/airflow/example_dags/example_short_circuit_operator.py for tasks to queue
[2026-05-27T01:55:36.138+0000] {logging_mixin.py:190} INFO - [2026-05-27T01:55:36.138+0000] {dagbag.py:587} INFO - Filling up the DagBag from /home/airflow/.local/lib/python3.12/site-packages/airflow/example_dags/example_short_circuit_operator.py
[2026-05-27T01:55:36.144+0000] {processor.py:925} INFO - DAG(s) 'example_short_circuit_operator' retrieved from /home/airflow/.local/lib/python3.12/site-packages/airflow/example_dags/example_short_circuit_operator.py
[2026-05-27T01:55:36.160+0000] {logging_mixin.py:190} INFO - [2026-05-27T01:55:36.160+0000] {dag.py:3211} INFO - Sync 1 DAGs
[2026-05-27T01:55:36.173+0000] {logging_mixin.py:190} INFO - [2026-05-27T01:55:36.173+0000] {dag.py:4138} INFO - Setting next_dagrun for example_short_circuit_operator to 2026-05-26 00:00:00+00:00, run_after=2026-05-27 00:00:00+00:00
[2026-05-27T01:55:36.183+0000] {processor.py:208} INFO - Processing /home/airflow/.local/lib/python3.12/site-packages/airflow/example_dags/example_short_circuit_operator.py took 0.052 seconds
[2026-05-27T01:56:06.549+0000] {processor.py:186} INFO - Started process (PID=361) to work on /home/airflow/.local/lib/python3.12/site-packages/airflow/example_dags/example_short_circuit_operator.py
[2026-05-27T01:56:06.550+0000] {processor.py:914} INFO - Processing file /home/airflow/.local/lib/python3.12/site-packages/airflow/example_dags/example_short_circuit_operator.py for tasks to queue
[2026-05-27T01:56:06.552+0000] {logging_mixin.py:190} INFO - [2026-05-27T01:56:06.552+0000] {dagbag.py:587} INFO - Filling up the DagBag from /home/airflow/.local/lib/python3.12/site-packages/airflow/example_dags/example_short_circuit_operator.py
[2026-05-27T01:56:06.560+0000] {processor.py:925} INFO - DAG(s) 'example_short_circuit_operator' retrieved from /home/airflow/.local/lib/python3.12/site-packages/airflow/example_dags/example_short_circuit_operator.py
[2026-05-27T01:56:06.584+0000] {logging_mixin.py:190} INFO - [2026-05-27T01:56:06.584+0000] {dag.py:3211} INFO - Sync 1 DAGs
[2026-05-27T01:56:06.604+0000] {logging_mixin.py:190} INFO - [2026-05-27T01:56:06.604+0000] {dag.py:4138} INFO - Setting next_dagrun for example_short_circuit_operator to 2026-05-26 00:00:00+00:00, run_after=2026-05-27 00:00:00+00:00
[2026-05-27T01:56:06.622+0000] {processor.py:208} INFO - Processing /home/airflow/.local/lib/python3.12/site-packages/airflow/example_dags/example_short_circuit_operator.py took 0.079 seconds
[2026-05-27T01:56:36.971+0000] {processor.py:186} INFO - Started process (PID=423) to work on /home/airflow/.local/lib/python3.12/site-packages/airflow/example_dags/example_short_circuit_operator.py
[2026-05-27T01:56:36.972+0000] {processor.py:914} INFO - Processing file /home/airflow/.local/lib/python3.12/site-packages/airflow/example_dags/example_short_circuit_operator.py for tasks to queue
[2026-05-27T01:56:36.974+0000] {logging_mixin.py:190} INFO - [2026-05-27T01:56:36.973+0000] {dagbag.py:587} INFO - Filling up the DagBag from /home/airflow/.local/lib/python3.12/site-packages/airflow/example_dags/example_short_circuit_operator.py
[2026-05-27T01:56:36.980+0000] {processor.py:925} INFO - DAG(s) 'example_short_circuit_operator' retrieved from /home/airflow/.local/lib/python3.12/site-packages/airflow/example_dags/example_short_circuit_operator.py
[2026-05-27T01:56:36.996+0000] {logging_mixin.py:190} INFO - [2026-05-27T01:56:36.996+0000] {dag.py:3211} INFO - Sync 1 DAGs
[2026-05-27T01:56:37.009+0000] {logging_mixin.py:190} INFO - [2026-05-27T01:56:37.009+0000] {dag.py:4138} INFO - Setting next_dagrun for example_short_circuit_operator to 2026-05-26 00:00:00+00:00, run_after=2026-05-27 00:00:00+00:00
[2026-05-27T01:56:37.018+0000] {processor.py:208} INFO - Processing /home/airflow/.local/lib/python3.12/site-packages/airflow/example_dags/example_short_circuit_operator.py took 0.052 seconds
[2026-05-27T01:57:07.414+0000] {processor.py:186} INFO - Started process (PID=485) to work on /home/airflow/.local/lib/python3.12/site-packages/airflow/example_dags/example_short_circuit_operator.py
[2026-05-27T01:57:07.414+0000] {processor.py:914} INFO - Processing file /home/airflow/.local/lib/python3.12/site-packages/airflow/example_dags/example_short_circuit_operator.py for tasks to queue
[2026-05-27T01:57:07.417+0000] {logging_mixin.py:190} INFO - [2026-05-27T01:57:07.417+0000] {dagbag.py:587} INFO - Filling up the DagBag from /home/airflow/.local/lib/python3.12/site-packages/airflow/example_dags/example_short_circuit_operator.py
[2026-05-27T01:57:07.423+0000] {processor.py:925} INFO - DAG(s) 'example_short_circuit_operator' retrieved from /home/airflow/.local/lib/python3.12/site-packages/airflow/example_dags/example_short_circuit_operator.py
[2026-05-27T01:57:07.441+0000] {logging_mixin.py:190} INFO - [2026-05-27T01:57:07.441+0000] {dag.py:3211} INFO - Sync 1 DAGs
[2026-05-27T01:57:07.454+0000] {logging_mixin.py:190} INFO - [2026-05-27T01:57:07.454+0000] {dag.py:4138} INFO - Setting next_dagrun for example_short_circuit_operator to 2026-05-26 00:00:00+00:00, run_after=2026-05-27 00:00:00+00:00
[2026-05-27T01:57:07.464+0000] {processor.py:208} INFO - Processing /home/airflow/.local/lib/python3.12/site-packages/airflow/example_dags/example_short_circuit_operator.py took 0.054 seconds
[2026-05-27T01:57:37.921+0000] {processor.py:186} INFO - Started process (PID=547) to work on /home/airflow/.local/lib/python3.12/site-packages/airflow/example_dags/example_short_circuit_operator.py
[2026-05-27T01:57:37.922+0000] {processor.py:914} INFO - Processing file /home/airflow/.local/lib/python3.12/site-packages/airflow/example_dags/example_short_circuit_operator.py for tasks to queue
[2026-05-27T01:57:37.924+0000] {logging_mixin.py:190} INFO - [2026-05-27T01:57:37.924+0000] {dagbag.py:587} INFO - Filling up the DagBag from /home/airflow/.local/lib/python3.12/site-packages/airflow/example_dags/example_short_circuit_operator.py
[2026-05-27T01:57:37.936+0000] {processor.py:925} INFO - DAG(s) 'example_short_circuit_operator' retrieved from /home/airflow/.local/lib/python3.12/site-packages/airflow/example_dags/example_short_circuit_operator.py
[2026-05-27T01:57:37.953+0000] {logging_mixin.py:190} INFO - [2026-05-27T01:57:37.953+0000] {dag.py:3211} INFO - Sync 1 DAGs
[2026-05-27T01:57:37.970+0000] {logging_mixin.py:190} INFO - [2026-05-27T01:57:37.970+0000] {dag.py:4138} INFO - Setting next_dagrun for example_short_circuit_operator to 2026-05-26 00:00:00+00:00, run_after=2026-05-27 00:00:00+00:00
[2026-05-27T01:57:37.982+0000] {processor.py:208} INFO - Processing /home/airflow/.local/lib/python3.12/site-packages/airflow/example_dags/example_short_circuit_operator.py took 0.066 seconds
[2026-05-27T01:58:08.430+0000] {processor.py:186} INFO - Started process (PID=609) to work on /home/airflow/.local/lib/python3.12/site-packages/airflow/example_dags/example_short_circuit_operator.py
[2026-05-27T01:58:08.432+0000] {processor.py:914} INFO - Processing file /home/airflow/.local/lib/python3.12/site-packages/airflow/example_dags/example_short_circuit_operator.py for tasks to queue
[2026-05-27T01:58:08.434+0000] {logging_mixin.py:190} INFO - [2026-05-27T01:58:08.434+0000] {dagbag.py:587} INFO - Filling up the DagBag from /home/airflow/.local/lib/python3.12/site-packages/airflow/example_dags/example_short_circuit_operator.py
[2026-05-27T01:58:08.440+0000] {processor.py:925} INFO - DAG(s) 'example_short_circuit_operator' retrieved from /home/airflow/.local/lib/python3.12/site-packages/airflow/example_dags/example_short_circuit_operator.py
[2026-05-27T01:58:08.458+0000] {logging_mixin.py:190} INFO - [2026-05-27T01:58:08.458+0000] {dag.py:3211} INFO - Sync 1 DAGs
[2026-05-27T01:58:08.474+0000] {logging_mixin.py:190} INFO - [2026-05-27T01:58:08.474+0000] {dag.py:4138} INFO - Setting next_dagrun for example_short_circuit_operator to 2026-05-26 00:00:00+00:00, run_after=2026-05-27 00:00:00+00:00
[2026-05-27T01:58:08.487+0000] {processor.py:208} INFO - Processing /home/airflow/.local/lib/python3.12/site-packages/airflow/example_dags/example_short_circuit_operator.py took 0.062 seconds
[2026-05-27T01:59:14.910+0000] {processor.py:186} INFO - Started process (PID=103) to work on /home/airflow/.local/lib/python3.12/site-packages/airflow/example_dags/example_short_circuit_operator.py
[2026-05-27T01:59:14.911+0000] {processor.py:914} INFO - Processing file /home/airflow/.local/lib/python3.12/site-packages/airflow/example_dags/example_short_circuit_operator.py for tasks to queue
[2026-05-27T01:59:14.913+0000] {logging_mixin.py:190} INFO - [2026-05-27T01:59:14.913+0000] {dagbag.py:587} INFO - Filling up the DagBag from /home/airflow/.local/lib/python3.12/site-packages/airflow/example_dags/example_short_circuit_operator.py
[2026-05-27T01:59:14.920+0000] {processor.py:925} INFO - DAG(s) 'example_short_circuit_operator' retrieved from /home/airflow/.local/lib/python3.12/site-packages/airflow/example_dags/example_short_circuit_operator.py
[2026-05-27T01:59:14.939+0000] {logging_mixin.py:190} INFO - [2026-05-27T01:59:14.939+0000] {dag.py:3211} INFO - Sync 1 DAGs
[2026-05-27T01:59:14.955+0000] {logging_mixin.py:190} INFO - [2026-05-27T01:59:14.955+0000] {dag.py:4138} INFO - Setting next_dagrun for example_short_circuit_operator to 2026-05-26 00:00:00+00:00, run_after=2026-05-27 00:00:00+00:00
[2026-05-27T01:59:14.966+0000] {processor.py:208} INFO - Processing /home/airflow/.local/lib/python3.12/site-packages/airflow/example_dags/example_short_circuit_operator.py took 0.061 seconds
[2026-05-27T01:59:45.237+0000] {processor.py:186} INFO - Started process (PID=201) to work on /home/airflow/.local/lib/python3.12/site-packages/airflow/example_dags/example_short_circuit_operator.py
[2026-05-27T01:59:45.238+0000] {processor.py:914} INFO - Processing file /home/airflow/.local/lib/python3.12/site-packages/airflow/example_dags/example_short_circuit_operator.py for tasks to queue
[2026-05-27T01:59:45.240+0000] {logging_mixin.py:190} INFO - [2026-05-27T01:59:45.240+0000] {dagbag.py:587} INFO - Filling up the DagBag from /home/airflow/.local/lib/python3.12/site-packages/airflow/example_dags/example_short_circuit_operator.py
[2026-05-27T01:59:45.248+0000] {processor.py:925} INFO - DAG(s) 'example_short_circuit_operator' retrieved from /home/airflow/.local/lib/python3.12/site-packages/airflow/example_dags/example_short_circuit_operator.py
[2026-05-27T01:59:45.266+0000] {logging_mixin.py:190} INFO - [2026-05-27T01:59:45.266+0000] {dag.py:3211} INFO - Sync 1 DAGs
[2026-05-27T01:59:45.284+0000] {logging_mixin.py:190} INFO - [2026-05-27T01:59:45.283+0000] {dag.py:4138} INFO - Setting next_dagrun for example_short_circuit_operator to 2026-05-26 00:00:00+00:00, run_after=2026-05-27 00:00:00+00:00
[2026-05-27T01:59:45.295+0000] {processor.py:208} INFO - Processing /home/airflow/.local/lib/python3.12/site-packages/airflow/example_dags/example_short_circuit_operator.py took 0.063 seconds
[2026-05-27T02:00:16.075+0000] {processor.py:186} INFO - Started process (PID=270) to work on /home/airflow/.local/lib/python3.12/site-packages/airflow/example_dags/example_short_circuit_operator.py
[2026-05-27T02:00:16.076+0000] {processor.py:914} INFO - Processing file /home/airflow/.local/lib/python3.12/site-packages/airflow/example_dags/example_short_circuit_operator.py for tasks to queue
[2026-05-27T02:00:16.079+0000] {logging_mixin.py:190} INFO - [2026-05-27T02:00:16.079+0000] {dagbag.py:587} INFO - Filling up the DagBag from /home/airflow/.local/lib/python3.12/site-packages/airflow/example_dags/example_short_circuit_operator.py
[2026-05-27T02:00:16.086+0000] {processor.py:925} INFO - DAG(s) 'example_short_circuit_operator' retrieved from /home/airflow/.local/lib/python3.12/site-packages/airflow/example_dags/example_short_circuit_operator.py
[2026-05-27T02:00:16.104+0000] {logging_mixin.py:190} INFO - [2026-05-27T02:00:16.104+0000] {dag.py:3211} INFO - Sync 1 DAGs
[2026-05-27T02:00:16.121+0000] {logging_mixin.py:190} INFO - [2026-05-27T02:00:16.121+0000] {dag.py:4138} INFO - Setting next_dagrun for example_short_circuit_operator to 2026-05-26 00:00:00+00:00, run_after=2026-05-27 00:00:00+00:00
[2026-05-27T02:00:16.133+0000] {processor.py:208} INFO - Processing /home/airflow/.local/lib/python3.12/site-packages/airflow/example_dags/example_short_circuit_operator.py took 0.062 seconds
[2026-05-27T02:00:46.351+0000] {processor.py:186} INFO - Started process (PID=332) to work on /home/airflow/.local/lib/python3.12/site-packages/airflow/example_dags/example_short_circuit_operator.py
[2026-05-27T02:00:46.352+0000] {processor.py:914} INFO - Processing file /home/airflow/.local/lib/python3.12/site-packages/airflow/example_dags/example_short_circuit_operator.py for tasks to queue
[2026-05-27T02:00:46.354+0000] {logging_mixin.py:190} INFO - [2026-05-27T02:00:46.353+0000] {dagbag.py:587} INFO - Filling up the DagBag from /home/airflow/.local/lib/python3.12/site-packages/airflow/example_dags/example_short_circuit_operator.py
[2026-05-27T02:00:46.360+0000] {processor.py:925} INFO - DAG(s) 'example_short_circuit_operator' retrieved from /home/airflow/.local/lib/python3.12/site-packages/airflow/example_dags/example_short_circuit_operator.py
[2026-05-27T02:00:46.378+0000] {logging_mixin.py:190} INFO - [2026-05-27T02:00:46.378+0000] {dag.py:3211} INFO - Sync 1 DAGs
[2026-05-27T02:00:46.397+0000] {logging_mixin.py:190} INFO - [2026-05-27T02:00:46.397+0000] {dag.py:4138} INFO - Setting next_dagrun for example_short_circuit_operator to 2026-05-26 00:00:00+00:00, run_after=2026-05-27 00:00:00+00:00
[2026-05-27T02:00:46.410+0000] {processor.py:208} INFO - Processing /home/airflow/.local/lib/python3.12/site-packages/airflow/example_dags/example_short_circuit_operator.py took 0.064 seconds
[2026-05-27T02:01:16.519+0000] {processor.py:186} INFO - Started process (PID=394) to work on /home/airflow/.local/lib/python3.12/site-packages/airflow/example_dags/example_short_circuit_operator.py
[2026-05-27T02:01:16.520+0000] {processor.py:914} INFO - Processing file /home/airflow/.local/lib/python3.12/site-packages/airflow/example_dags/example_short_circuit_operator.py for tasks to queue
[2026-05-27T02:01:16.522+0000] {logging_mixin.py:190} INFO - [2026-05-27T02:01:16.521+0000] {dagbag.py:587} INFO - Filling up the DagBag from /home/airflow/.local/lib/python3.12/site-packages/airflow/example_dags/example_short_circuit_operator.py
[2026-05-27T02:01:16.529+0000] {processor.py:925} INFO - DAG(s) 'example_short_circuit_operator' retrieved from /home/airflow/.local/lib/python3.12/site-packages/airflow/example_dags/example_short_circuit_operator.py
[2026-05-27T02:01:16.545+0000] {logging_mixin.py:190} INFO - [2026-05-27T02:01:16.545+0000] {dag.py:3211} INFO - Sync 1 DAGs
[2026-05-27T02:01:16.560+0000] {logging_mixin.py:190} INFO - [2026-05-27T02:01:16.560+0000] {dag.py:4138} INFO - Setting next_dagrun for example_short_circuit_operator to 2026-05-26 00:00:00+00:00, run_after=2026-05-27 00:00:00+00:00
[2026-05-27T02:01:16.571+0000] {processor.py:208} INFO - Processing /home/airflow/.local/lib/python3.12/site-packages/airflow/example_dags/example_short_circuit_operator.py took 0.057 seconds
[2026-05-27T02:01:50.132+0000] {processor.py:186} INFO - Started process (PID=88) to work on /home/airflow/.local/lib/python3.12/site-packages/airflow/example_dags/example_short_circuit_operator.py
[2026-05-27T02:01:50.133+0000] {processor.py:914} INFO - Processing file /home/airflow/.local/lib/python3.12/site-packages/airflow/example_dags/example_short_circuit_operator.py for tasks to queue
[2026-05-27T02:01:50.135+0000] {logging_mixin.py:190} INFO - [2026-05-27T02:01:50.135+0000] {dagbag.py:587} INFO - Filling up the DagBag from /home/airflow/.local/lib/python3.12/site-packages/airflow/example_dags/example_short_circuit_operator.py
[2026-05-27T02:01:50.144+0000] {processor.py:925} INFO - DAG(s) 'example_short_circuit_operator' retrieved from /home/airflow/.local/lib/python3.12/site-packages/airflow/example_dags/example_short_circuit_operator.py
[2026-05-27T02:01:50.161+0000] {logging_mixin.py:190} INFO - [2026-05-27T02:01:50.161+0000] {dag.py:3211} INFO - Sync 1 DAGs
[2026-05-27T02:01:50.175+0000] {logging_mixin.py:190} INFO - [2026-05-27T02:01:50.175+0000] {dag.py:4138} INFO - Setting next_dagrun for example_short_circuit_operator to 2026-05-26 00:00:00+00:00, run_after=2026-05-27 00:00:00+00:00
[2026-05-27T02:01:50.185+0000] {processor.py:208} INFO - Processing /home/airflow/.local/lib/python3.12/site-packages/airflow/example_dags/example_short_circuit_operator.py took 0.057 seconds
[2026-05-27T02:02:19.979+0000] {processor.py:186} INFO - Started process (PID=88) to work on /home/airflow/.local/lib/python3.12/site-packages/airflow/example_dags/example_short_circuit_operator.py
[2026-05-27T02:02:19.980+0000] {processor.py:914} INFO - Processing file /home/airflow/.local/lib/python3.12/site-packages/airflow/example_dags/example_short_circuit_operator.py for tasks to queue
[2026-05-27T02:02:19.981+0000] {logging_mixin.py:190} INFO - [2026-05-27T02:02:19.981+0000] {dagbag.py:587} INFO - Filling up the DagBag from /home/airflow/.local/lib/python3.12/site-packages/airflow/example_dags/example_short_circuit_operator.py
[2026-05-27T02:02:19.988+0000] {processor.py:925} INFO - DAG(s) 'example_short_circuit_operator' retrieved from /home/airflow/.local/lib/python3.12/site-packages/airflow/example_dags/example_short_circuit_operator.py
[2026-05-27T02:02:20.008+0000] {logging_mixin.py:190} INFO - [2026-05-27T02:02:20.008+0000] {dag.py:3211} INFO - Sync 1 DAGs
[2026-05-27T02:02:20.025+0000] {logging_mixin.py:190} INFO - [2026-05-27T02:02:20.025+0000] {dag.py:4138} INFO - Setting next_dagrun for example_short_circuit_operator to 2026-05-26 00:00:00+00:00, run_after=2026-05-27 00:00:00+00:00
[2026-05-27T02:02:20.038+0000] {processor.py:208} INFO - Processing /home/airflow/.local/lib/python3.12/site-packages/airflow/example_dags/example_short_circuit_operator.py took 0.063 seconds
[2026-05-27T02:03:01.603+0000] {processor.py:186} INFO - Started process (PID=89) to work on /home/airflow/.local/lib/python3.12/site-packages/airflow/example_dags/example_short_circuit_operator.py
[2026-05-27T02:03:01.605+0000] {processor.py:914} INFO - Processing file /home/airflow/.local/lib/python3.12/site-packages/airflow/example_dags/example_short_circuit_operator.py for tasks to queue
[2026-05-27T02:03:01.608+0000] {logging_mixin.py:190} INFO - [2026-05-27T02:03:01.608+0000] {dagbag.py:587} INFO - Filling up the DagBag from /home/airflow/.local/lib/python3.12/site-packages/airflow/example_dags/example_short_circuit_operator.py
[2026-05-27T02:03:01.622+0000] {processor.py:925} INFO - DAG(s) 'example_short_circuit_operator' retrieved from /home/airflow/.local/lib/python3.12/site-packages/airflow/example_dags/example_short_circuit_operator.py
[2026-05-27T02:03:01.661+0000] {logging_mixin.py:190} INFO - [2026-05-27T02:03:01.661+0000] {dag.py:3211} INFO - Sync 1 DAGs
[2026-05-27T02:03:01.696+0000] {logging_mixin.py:190} INFO - [2026-05-27T02:03:01.696+0000] {dag.py:4138} INFO - Setting next_dagrun for example_short_circuit_operator to 2026-05-26 00:00:00+00:00, run_after=2026-05-27 00:00:00+00:00
[2026-05-27T02:03:01.716+0000] {processor.py:208} INFO - Processing /home/airflow/.local/lib/python3.12/site-packages/airflow/example_dags/example_short_circuit_operator.py took 0.120 seconds
