[2026-05-27T01:54:04.228+0000] {processor.py:186} INFO - Started process (PID=95) to work on /home/airflow/.local/lib/python3.12/site-packages/airflow/example_dags/example_xcom.py
[2026-05-27T01:54:04.229+0000] {processor.py:914} INFO - Processing file /home/airflow/.local/lib/python3.12/site-packages/airflow/example_dags/example_xcom.py for tasks to queue
[2026-05-27T01:54:04.231+0000] {logging_mixin.py:190} INFO - [2026-05-27T01:54:04.231+0000] {dagbag.py:587} INFO - Filling up the DagBag from /home/airflow/.local/lib/python3.12/site-packages/airflow/example_dags/example_xcom.py
[2026-05-27T01:54:04.241+0000] {processor.py:925} INFO - DAG(s) 'example_xcom' retrieved from /home/airflow/.local/lib/python3.12/site-packages/airflow/example_dags/example_xcom.py
[2026-05-27T01:54:04.326+0000] {logging_mixin.py:190} INFO - [2026-05-27T01:54:04.325+0000] {override.py:1858} INFO - Created Permission View: can edit on DAG:example_xcom
[2026-05-27T01:54:04.331+0000] {logging_mixin.py:190} INFO - [2026-05-27T01:54:04.331+0000] {override.py:1858} INFO - Created Permission View: can read on DAG:example_xcom
[2026-05-27T01:54:04.335+0000] {logging_mixin.py:190} INFO - [2026-05-27T01:54:04.335+0000] {override.py:1858} INFO - Created Permission View: can delete on DAG:example_xcom
[2026-05-27T01:54:04.335+0000] {logging_mixin.py:190} INFO - [2026-05-27T01:54:04.335+0000] {dag.py:3211} INFO - Sync 1 DAGs
[2026-05-27T01:54:04.343+0000] {logging_mixin.py:190} INFO - [2026-05-27T01:54:04.343+0000] {dag.py:3234} INFO - Creating ORM DAG for example_xcom
[2026-05-27T01:54:04.349+0000] {logging_mixin.py:190} INFO - [2026-05-27T01:54:04.348+0000] {dag.py:4138} INFO - Setting next_dagrun for example_xcom to 2021-01-01 00:00:00+00:00, run_after=2021-01-01 00:00:00+00:00
[2026-05-27T01:54:04.358+0000] {processor.py:208} INFO - Processing /home/airflow/.local/lib/python3.12/site-packages/airflow/example_dags/example_xcom.py took 0.135 seconds
[2026-05-27T01:54:35.135+0000] {processor.py:186} INFO - Started process (PID=167) to work on /home/airflow/.local/lib/python3.12/site-packages/airflow/example_dags/example_xcom.py
[2026-05-27T01:54:35.136+0000] {processor.py:914} INFO - Processing file /home/airflow/.local/lib/python3.12/site-packages/airflow/example_dags/example_xcom.py for tasks to queue
[2026-05-27T01:54:35.137+0000] {logging_mixin.py:190} INFO - [2026-05-27T01:54:35.137+0000] {dagbag.py:587} INFO - Filling up the DagBag from /home/airflow/.local/lib/python3.12/site-packages/airflow/example_dags/example_xcom.py
[2026-05-27T01:54:35.144+0000] {processor.py:925} INFO - DAG(s) 'example_xcom' retrieved from /home/airflow/.local/lib/python3.12/site-packages/airflow/example_dags/example_xcom.py
[2026-05-27T01:54:35.161+0000] {logging_mixin.py:190} INFO - [2026-05-27T01:54:35.160+0000] {dag.py:3211} INFO - Sync 1 DAGs
[2026-05-27T01:54:35.175+0000] {logging_mixin.py:190} INFO - [2026-05-27T01:54:35.174+0000] {dag.py:4138} INFO - Setting next_dagrun for example_xcom to 2021-01-01 00:00:00+00:00, run_after=2021-01-01 00:00:00+00:00
[2026-05-27T01:54:35.185+0000] {processor.py:208} INFO - Processing /home/airflow/.local/lib/python3.12/site-packages/airflow/example_dags/example_xcom.py took 0.056 seconds
[2026-05-27T01:55:05.387+0000] {processor.py:186} INFO - Started process (PID=232) to work on /home/airflow/.local/lib/python3.12/site-packages/airflow/example_dags/example_xcom.py
[2026-05-27T01:55:05.388+0000] {processor.py:914} INFO - Processing file /home/airflow/.local/lib/python3.12/site-packages/airflow/example_dags/example_xcom.py for tasks to queue
[2026-05-27T01:55:05.390+0000] {logging_mixin.py:190} INFO - [2026-05-27T01:55:05.390+0000] {dagbag.py:587} INFO - Filling up the DagBag from /home/airflow/.local/lib/python3.12/site-packages/airflow/example_dags/example_xcom.py
[2026-05-27T01:55:05.396+0000] {processor.py:925} INFO - DAG(s) 'example_xcom' retrieved from /home/airflow/.local/lib/python3.12/site-packages/airflow/example_dags/example_xcom.py
[2026-05-27T01:55:05.411+0000] {logging_mixin.py:190} INFO - [2026-05-27T01:55:05.411+0000] {dag.py:3211} INFO - Sync 1 DAGs
[2026-05-27T01:55:05.426+0000] {logging_mixin.py:190} INFO - [2026-05-27T01:55:05.425+0000] {dag.py:4138} INFO - Setting next_dagrun for example_xcom to 2021-01-01 00:00:00+00:00, run_after=2021-01-01 00:00:00+00:00
[2026-05-27T01:55:05.436+0000] {processor.py:208} INFO - Processing /home/airflow/.local/lib/python3.12/site-packages/airflow/example_dags/example_xcom.py took 0.053 seconds
[2026-05-27T01:55:35.811+0000] {processor.py:186} INFO - Started process (PID=294) to work on /home/airflow/.local/lib/python3.12/site-packages/airflow/example_dags/example_xcom.py
[2026-05-27T01:55:35.812+0000] {processor.py:914} INFO - Processing file /home/airflow/.local/lib/python3.12/site-packages/airflow/example_dags/example_xcom.py for tasks to queue
[2026-05-27T01:55:35.813+0000] {logging_mixin.py:190} INFO - [2026-05-27T01:55:35.813+0000] {dagbag.py:587} INFO - Filling up the DagBag from /home/airflow/.local/lib/python3.12/site-packages/airflow/example_dags/example_xcom.py
[2026-05-27T01:55:35.819+0000] {processor.py:925} INFO - DAG(s) 'example_xcom' retrieved from /home/airflow/.local/lib/python3.12/site-packages/airflow/example_dags/example_xcom.py
[2026-05-27T01:55:35.835+0000] {logging_mixin.py:190} INFO - [2026-05-27T01:55:35.835+0000] {dag.py:3211} INFO - Sync 1 DAGs
[2026-05-27T01:55:35.847+0000] {logging_mixin.py:190} INFO - [2026-05-27T01:55:35.847+0000] {dag.py:4138} INFO - Setting next_dagrun for example_xcom to 2021-01-01 00:00:00+00:00, run_after=2021-01-01 00:00:00+00:00
[2026-05-27T01:55:35.857+0000] {processor.py:208} INFO - Processing /home/airflow/.local/lib/python3.12/site-packages/airflow/example_dags/example_xcom.py took 0.050 seconds
[2026-05-27T01:56:06.185+0000] {processor.py:186} INFO - Started process (PID=356) to work on /home/airflow/.local/lib/python3.12/site-packages/airflow/example_dags/example_xcom.py
[2026-05-27T01:56:06.186+0000] {processor.py:914} INFO - Processing file /home/airflow/.local/lib/python3.12/site-packages/airflow/example_dags/example_xcom.py for tasks to queue
[2026-05-27T01:56:06.188+0000] {logging_mixin.py:190} INFO - [2026-05-27T01:56:06.188+0000] {dagbag.py:587} INFO - Filling up the DagBag from /home/airflow/.local/lib/python3.12/site-packages/airflow/example_dags/example_xcom.py
[2026-05-27T01:56:06.195+0000] {processor.py:925} INFO - DAG(s) 'example_xcom' retrieved from /home/airflow/.local/lib/python3.12/site-packages/airflow/example_dags/example_xcom.py
[2026-05-27T01:56:06.210+0000] {logging_mixin.py:190} INFO - [2026-05-27T01:56:06.210+0000] {dag.py:3211} INFO - Sync 1 DAGs
[2026-05-27T01:56:06.223+0000] {logging_mixin.py:190} INFO - [2026-05-27T01:56:06.223+0000] {dag.py:4138} INFO - Setting next_dagrun for example_xcom to 2021-01-01 00:00:00+00:00, run_after=2021-01-01 00:00:00+00:00
[2026-05-27T01:56:06.233+0000] {processor.py:208} INFO - Processing /home/airflow/.local/lib/python3.12/site-packages/airflow/example_dags/example_xcom.py took 0.052 seconds
[2026-05-27T01:56:36.715+0000] {processor.py:186} INFO - Started process (PID=418) to work on /home/airflow/.local/lib/python3.12/site-packages/airflow/example_dags/example_xcom.py
[2026-05-27T01:56:36.716+0000] {processor.py:914} INFO - Processing file /home/airflow/.local/lib/python3.12/site-packages/airflow/example_dags/example_xcom.py for tasks to queue
[2026-05-27T01:56:36.727+0000] {logging_mixin.py:190} INFO - [2026-05-27T01:56:36.727+0000] {dagbag.py:587} INFO - Filling up the DagBag from /home/airflow/.local/lib/python3.12/site-packages/airflow/example_dags/example_xcom.py
[2026-05-27T01:56:36.738+0000] {processor.py:925} INFO - DAG(s) 'example_xcom' retrieved from /home/airflow/.local/lib/python3.12/site-packages/airflow/example_dags/example_xcom.py
[2026-05-27T01:56:36.754+0000] {logging_mixin.py:190} INFO - [2026-05-27T01:56:36.754+0000] {dag.py:3211} INFO - Sync 1 DAGs
[2026-05-27T01:56:36.768+0000] {logging_mixin.py:190} INFO - [2026-05-27T01:56:36.768+0000] {dag.py:4138} INFO - Setting next_dagrun for example_xcom to 2021-01-01 00:00:00+00:00, run_after=2021-01-01 00:00:00+00:00
[2026-05-27T01:56:36.779+0000] {processor.py:208} INFO - Processing /home/airflow/.local/lib/python3.12/site-packages/airflow/example_dags/example_xcom.py took 0.070 seconds
[2026-05-27T01:57:07.168+0000] {processor.py:186} INFO - Started process (PID=480) to work on /home/airflow/.local/lib/python3.12/site-packages/airflow/example_dags/example_xcom.py
[2026-05-27T01:57:07.169+0000] {processor.py:914} INFO - Processing file /home/airflow/.local/lib/python3.12/site-packages/airflow/example_dags/example_xcom.py for tasks to queue
[2026-05-27T01:57:07.171+0000] {logging_mixin.py:190} INFO - [2026-05-27T01:57:07.170+0000] {dagbag.py:587} INFO - Filling up the DagBag from /home/airflow/.local/lib/python3.12/site-packages/airflow/example_dags/example_xcom.py
[2026-05-27T01:57:07.177+0000] {processor.py:925} INFO - DAG(s) 'example_xcom' retrieved from /home/airflow/.local/lib/python3.12/site-packages/airflow/example_dags/example_xcom.py
[2026-05-27T01:57:07.192+0000] {logging_mixin.py:190} INFO - [2026-05-27T01:57:07.192+0000] {dag.py:3211} INFO - Sync 1 DAGs
[2026-05-27T01:57:07.206+0000] {logging_mixin.py:190} INFO - [2026-05-27T01:57:07.206+0000] {dag.py:4138} INFO - Setting next_dagrun for example_xcom to 2021-01-01 00:00:00+00:00, run_after=2021-01-01 00:00:00+00:00
[2026-05-27T01:57:07.216+0000] {processor.py:208} INFO - Processing /home/airflow/.local/lib/python3.12/site-packages/airflow/example_dags/example_xcom.py took 0.053 seconds
[2026-05-27T01:57:37.657+0000] {processor.py:186} INFO - Started process (PID=542) to work on /home/airflow/.local/lib/python3.12/site-packages/airflow/example_dags/example_xcom.py
[2026-05-27T01:57:37.658+0000] {processor.py:914} INFO - Processing file /home/airflow/.local/lib/python3.12/site-packages/airflow/example_dags/example_xcom.py for tasks to queue
[2026-05-27T01:57:37.660+0000] {logging_mixin.py:190} INFO - [2026-05-27T01:57:37.659+0000] {dagbag.py:587} INFO - Filling up the DagBag from /home/airflow/.local/lib/python3.12/site-packages/airflow/example_dags/example_xcom.py
[2026-05-27T01:57:37.666+0000] {processor.py:925} INFO - DAG(s) 'example_xcom' retrieved from /home/airflow/.local/lib/python3.12/site-packages/airflow/example_dags/example_xcom.py
[2026-05-27T01:57:37.684+0000] {logging_mixin.py:190} INFO - [2026-05-27T01:57:37.683+0000] {dag.py:3211} INFO - Sync 1 DAGs
[2026-05-27T01:57:37.697+0000] {logging_mixin.py:190} INFO - [2026-05-27T01:57:37.697+0000] {dag.py:4138} INFO - Setting next_dagrun for example_xcom to 2021-01-01 00:00:00+00:00, run_after=2021-01-01 00:00:00+00:00
[2026-05-27T01:57:37.709+0000] {processor.py:208} INFO - Processing /home/airflow/.local/lib/python3.12/site-packages/airflow/example_dags/example_xcom.py took 0.056 seconds
[2026-05-27T01:58:08.155+0000] {processor.py:186} INFO - Started process (PID=604) to work on /home/airflow/.local/lib/python3.12/site-packages/airflow/example_dags/example_xcom.py
[2026-05-27T01:58:08.156+0000] {processor.py:914} INFO - Processing file /home/airflow/.local/lib/python3.12/site-packages/airflow/example_dags/example_xcom.py for tasks to queue
[2026-05-27T01:58:08.158+0000] {logging_mixin.py:190} INFO - [2026-05-27T01:58:08.158+0000] {dagbag.py:587} INFO - Filling up the DagBag from /home/airflow/.local/lib/python3.12/site-packages/airflow/example_dags/example_xcom.py
[2026-05-27T01:58:08.166+0000] {processor.py:925} INFO - DAG(s) 'example_xcom' retrieved from /home/airflow/.local/lib/python3.12/site-packages/airflow/example_dags/example_xcom.py
[2026-05-27T01:58:08.185+0000] {logging_mixin.py:190} INFO - [2026-05-27T01:58:08.185+0000] {dag.py:3211} INFO - Sync 1 DAGs
[2026-05-27T01:58:08.199+0000] {logging_mixin.py:190} INFO - [2026-05-27T01:58:08.199+0000] {dag.py:4138} INFO - Setting next_dagrun for example_xcom to 2021-01-01 00:00:00+00:00, run_after=2021-01-01 00:00:00+00:00
[2026-05-27T01:58:08.211+0000] {processor.py:208} INFO - Processing /home/airflow/.local/lib/python3.12/site-packages/airflow/example_dags/example_xcom.py took 0.064 seconds
[2026-05-27T01:59:14.674+0000] {processor.py:186} INFO - Started process (PID=98) to work on /home/airflow/.local/lib/python3.12/site-packages/airflow/example_dags/example_xcom.py
[2026-05-27T01:59:14.675+0000] {processor.py:914} INFO - Processing file /home/airflow/.local/lib/python3.12/site-packages/airflow/example_dags/example_xcom.py for tasks to queue
[2026-05-27T01:59:14.676+0000] {logging_mixin.py:190} INFO - [2026-05-27T01:59:14.676+0000] {dagbag.py:587} INFO - Filling up the DagBag from /home/airflow/.local/lib/python3.12/site-packages/airflow/example_dags/example_xcom.py
[2026-05-27T01:59:14.688+0000] {processor.py:925} INFO - DAG(s) 'example_xcom' retrieved from /home/airflow/.local/lib/python3.12/site-packages/airflow/example_dags/example_xcom.py
[2026-05-27T01:59:14.713+0000] {logging_mixin.py:190} INFO - [2026-05-27T01:59:14.712+0000] {dag.py:3211} INFO - Sync 1 DAGs
[2026-05-27T01:59:14.733+0000] {logging_mixin.py:190} INFO - [2026-05-27T01:59:14.733+0000] {dag.py:4138} INFO - Setting next_dagrun for example_xcom to 2021-01-01 00:00:00+00:00, run_after=2021-01-01 00:00:00+00:00
[2026-05-27T01:59:14.746+0000] {processor.py:208} INFO - Processing /home/airflow/.local/lib/python3.12/site-packages/airflow/example_dags/example_xcom.py took 0.077 seconds
[2026-05-27T01:59:45.044+0000] {processor.py:186} INFO - Started process (PID=196) to work on /home/airflow/.local/lib/python3.12/site-packages/airflow/example_dags/example_xcom.py
[2026-05-27T01:59:45.045+0000] {processor.py:914} INFO - Processing file /home/airflow/.local/lib/python3.12/site-packages/airflow/example_dags/example_xcom.py for tasks to queue
[2026-05-27T01:59:45.047+0000] {logging_mixin.py:190} INFO - [2026-05-27T01:59:45.047+0000] {dagbag.py:587} INFO - Filling up the DagBag from /home/airflow/.local/lib/python3.12/site-packages/airflow/example_dags/example_xcom.py
[2026-05-27T01:59:45.054+0000] {processor.py:925} INFO - DAG(s) 'example_xcom' retrieved from /home/airflow/.local/lib/python3.12/site-packages/airflow/example_dags/example_xcom.py
[2026-05-27T01:59:45.071+0000] {logging_mixin.py:190} INFO - [2026-05-27T01:59:45.071+0000] {dag.py:3211} INFO - Sync 1 DAGs
[2026-05-27T01:59:45.091+0000] {logging_mixin.py:190} INFO - [2026-05-27T01:59:45.091+0000] {dag.py:4138} INFO - Setting next_dagrun for example_xcom to 2021-01-01 00:00:00+00:00, run_after=2021-01-01 00:00:00+00:00
[2026-05-27T01:59:45.102+0000] {processor.py:208} INFO - Processing /home/airflow/.local/lib/python3.12/site-packages/airflow/example_dags/example_xcom.py took 0.065 seconds
[2026-05-27T02:00:15.768+0000] {processor.py:186} INFO - Started process (PID=259) to work on /home/airflow/.local/lib/python3.12/site-packages/airflow/example_dags/example_xcom.py
[2026-05-27T02:00:15.769+0000] {processor.py:914} INFO - Processing file /home/airflow/.local/lib/python3.12/site-packages/airflow/example_dags/example_xcom.py for tasks to queue
[2026-05-27T02:00:15.771+0000] {logging_mixin.py:190} INFO - [2026-05-27T02:00:15.771+0000] {dagbag.py:587} INFO - Filling up the DagBag from /home/airflow/.local/lib/python3.12/site-packages/airflow/example_dags/example_xcom.py
[2026-05-27T02:00:15.779+0000] {processor.py:925} INFO - DAG(s) 'example_xcom' retrieved from /home/airflow/.local/lib/python3.12/site-packages/airflow/example_dags/example_xcom.py
[2026-05-27T02:00:15.797+0000] {logging_mixin.py:190} INFO - [2026-05-27T02:00:15.797+0000] {dag.py:3211} INFO - Sync 1 DAGs
[2026-05-27T02:00:15.813+0000] {logging_mixin.py:190} INFO - [2026-05-27T02:00:15.812+0000] {dag.py:4138} INFO - Setting next_dagrun for example_xcom to 2021-01-01 00:00:00+00:00, run_after=2021-01-01 00:00:00+00:00
[2026-05-27T02:00:15.827+0000] {processor.py:208} INFO - Processing /home/airflow/.local/lib/python3.12/site-packages/airflow/example_dags/example_xcom.py took 0.064 seconds
[2026-05-27T02:00:46.148+0000] {processor.py:186} INFO - Started process (PID=327) to work on /home/airflow/.local/lib/python3.12/site-packages/airflow/example_dags/example_xcom.py
[2026-05-27T02:00:46.149+0000] {processor.py:914} INFO - Processing file /home/airflow/.local/lib/python3.12/site-packages/airflow/example_dags/example_xcom.py for tasks to queue
[2026-05-27T02:00:46.150+0000] {logging_mixin.py:190} INFO - [2026-05-27T02:00:46.150+0000] {dagbag.py:587} INFO - Filling up the DagBag from /home/airflow/.local/lib/python3.12/site-packages/airflow/example_dags/example_xcom.py
[2026-05-27T02:00:46.157+0000] {processor.py:925} INFO - DAG(s) 'example_xcom' retrieved from /home/airflow/.local/lib/python3.12/site-packages/airflow/example_dags/example_xcom.py
[2026-05-27T02:00:46.172+0000] {logging_mixin.py:190} INFO - [2026-05-27T02:00:46.172+0000] {dag.py:3211} INFO - Sync 1 DAGs
[2026-05-27T02:00:46.185+0000] {logging_mixin.py:190} INFO - [2026-05-27T02:00:46.185+0000] {dag.py:4138} INFO - Setting next_dagrun for example_xcom to 2021-01-01 00:00:00+00:00, run_after=2021-01-01 00:00:00+00:00
[2026-05-27T02:00:46.196+0000] {processor.py:208} INFO - Processing /home/airflow/.local/lib/python3.12/site-packages/airflow/example_dags/example_xcom.py took 0.054 seconds
[2026-05-27T02:01:16.295+0000] {processor.py:186} INFO - Started process (PID=389) to work on /home/airflow/.local/lib/python3.12/site-packages/airflow/example_dags/example_xcom.py
[2026-05-27T02:01:16.296+0000] {processor.py:914} INFO - Processing file /home/airflow/.local/lib/python3.12/site-packages/airflow/example_dags/example_xcom.py for tasks to queue
[2026-05-27T02:01:16.298+0000] {logging_mixin.py:190} INFO - [2026-05-27T02:01:16.298+0000] {dagbag.py:587} INFO - Filling up the DagBag from /home/airflow/.local/lib/python3.12/site-packages/airflow/example_dags/example_xcom.py
[2026-05-27T02:01:16.305+0000] {processor.py:925} INFO - DAG(s) 'example_xcom' retrieved from /home/airflow/.local/lib/python3.12/site-packages/airflow/example_dags/example_xcom.py
[2026-05-27T02:01:16.321+0000] {logging_mixin.py:190} INFO - [2026-05-27T02:01:16.320+0000] {dag.py:3211} INFO - Sync 1 DAGs
[2026-05-27T02:01:16.335+0000] {logging_mixin.py:190} INFO - [2026-05-27T02:01:16.335+0000] {dag.py:4138} INFO - Setting next_dagrun for example_xcom to 2021-01-01 00:00:00+00:00, run_after=2021-01-01 00:00:00+00:00
[2026-05-27T02:01:16.344+0000] {processor.py:208} INFO - Processing /home/airflow/.local/lib/python3.12/site-packages/airflow/example_dags/example_xcom.py took 0.054 seconds
[2026-05-27T02:01:49.837+0000] {processor.py:186} INFO - Started process (PID=83) to work on /home/airflow/.local/lib/python3.12/site-packages/airflow/example_dags/example_xcom.py
[2026-05-27T02:01:49.838+0000] {processor.py:914} INFO - Processing file /home/airflow/.local/lib/python3.12/site-packages/airflow/example_dags/example_xcom.py for tasks to queue
[2026-05-27T02:01:49.840+0000] {logging_mixin.py:190} INFO - [2026-05-27T02:01:49.840+0000] {dagbag.py:587} INFO - Filling up the DagBag from /home/airflow/.local/lib/python3.12/site-packages/airflow/example_dags/example_xcom.py
[2026-05-27T02:01:49.859+0000] {processor.py:925} INFO - DAG(s) 'example_xcom' retrieved from /home/airflow/.local/lib/python3.12/site-packages/airflow/example_dags/example_xcom.py
[2026-05-27T02:01:49.891+0000] {logging_mixin.py:190} INFO - [2026-05-27T02:01:49.891+0000] {dag.py:3211} INFO - Sync 1 DAGs
[2026-05-27T02:01:49.911+0000] {logging_mixin.py:190} INFO - [2026-05-27T02:01:49.910+0000] {dag.py:4138} INFO - Setting next_dagrun for example_xcom to 2021-01-01 00:00:00+00:00, run_after=2021-01-01 00:00:00+00:00
[2026-05-27T02:01:49.926+0000] {processor.py:208} INFO - Processing /home/airflow/.local/lib/python3.12/site-packages/airflow/example_dags/example_xcom.py took 0.094 seconds
[2026-05-27T02:02:19.702+0000] {processor.py:186} INFO - Started process (PID=83) to work on /home/airflow/.local/lib/python3.12/site-packages/airflow/example_dags/example_xcom.py
[2026-05-27T02:02:19.704+0000] {processor.py:914} INFO - Processing file /home/airflow/.local/lib/python3.12/site-packages/airflow/example_dags/example_xcom.py for tasks to queue
[2026-05-27T02:02:19.716+0000] {logging_mixin.py:190} INFO - [2026-05-27T02:02:19.716+0000] {dagbag.py:587} INFO - Filling up the DagBag from /home/airflow/.local/lib/python3.12/site-packages/airflow/example_dags/example_xcom.py
[2026-05-27T02:02:19.728+0000] {processor.py:925} INFO - DAG(s) 'example_xcom' retrieved from /home/airflow/.local/lib/python3.12/site-packages/airflow/example_dags/example_xcom.py
[2026-05-27T02:02:19.749+0000] {logging_mixin.py:190} INFO - [2026-05-27T02:02:19.749+0000] {dag.py:3211} INFO - Sync 1 DAGs
[2026-05-27T02:02:19.770+0000] {logging_mixin.py:190} INFO - [2026-05-27T02:02:19.769+0000] {dag.py:4138} INFO - Setting next_dagrun for example_xcom to 2021-01-01 00:00:00+00:00, run_after=2021-01-01 00:00:00+00:00
[2026-05-27T02:02:19.786+0000] {processor.py:208} INFO - Processing /home/airflow/.local/lib/python3.12/site-packages/airflow/example_dags/example_xcom.py took 0.093 seconds
[2026-05-27T02:03:01.288+0000] {processor.py:186} INFO - Started process (PID=83) to work on /home/airflow/.local/lib/python3.12/site-packages/airflow/example_dags/example_xcom.py
[2026-05-27T02:03:01.289+0000] {processor.py:914} INFO - Processing file /home/airflow/.local/lib/python3.12/site-packages/airflow/example_dags/example_xcom.py for tasks to queue
[2026-05-27T02:03:01.291+0000] {logging_mixin.py:190} INFO - [2026-05-27T02:03:01.291+0000] {dagbag.py:587} INFO - Filling up the DagBag from /home/airflow/.local/lib/python3.12/site-packages/airflow/example_dags/example_xcom.py
[2026-05-27T02:03:01.299+0000] {processor.py:925} INFO - DAG(s) 'example_xcom' retrieved from /home/airflow/.local/lib/python3.12/site-packages/airflow/example_dags/example_xcom.py
[2026-05-27T02:03:01.317+0000] {logging_mixin.py:190} INFO - [2026-05-27T02:03:01.317+0000] {dag.py:3211} INFO - Sync 1 DAGs
[2026-05-27T02:03:01.336+0000] {logging_mixin.py:190} INFO - [2026-05-27T02:03:01.336+0000] {dag.py:4138} INFO - Setting next_dagrun for example_xcom to 2021-01-01 00:00:00+00:00, run_after=2021-01-01 00:00:00+00:00
[2026-05-27T02:03:01.351+0000] {processor.py:208} INFO - Processing /home/airflow/.local/lib/python3.12/site-packages/airflow/example_dags/example_xcom.py took 0.068 seconds
