[2026-05-27T01:54:03.589+0000] {processor.py:186} INFO - Started process (PID=88) to work on /home/airflow/.local/lib/python3.12/site-packages/airflow/example_dags/tutorial_objectstorage.py
[2026-05-27T01:54:03.590+0000] {processor.py:914} INFO - Processing file /home/airflow/.local/lib/python3.12/site-packages/airflow/example_dags/tutorial_objectstorage.py for tasks to queue
[2026-05-27T01:54:03.593+0000] {logging_mixin.py:190} INFO - [2026-05-27T01:54:03.592+0000] {dagbag.py:587} INFO - Filling up the DagBag from /home/airflow/.local/lib/python3.12/site-packages/airflow/example_dags/tutorial_objectstorage.py
[2026-05-27T01:54:03.602+0000] {processor.py:925} INFO - DAG(s) 'tutorial_objectstorage' retrieved from /home/airflow/.local/lib/python3.12/site-packages/airflow/example_dags/tutorial_objectstorage.py
[2026-05-27T01:54:03.689+0000] {logging_mixin.py:190} INFO - [2026-05-27T01:54:03.689+0000] {override.py:1858} INFO - Created Permission View: can edit on DAG:tutorial_objectstorage
[2026-05-27T01:54:03.696+0000] {logging_mixin.py:190} INFO - [2026-05-27T01:54:03.696+0000] {override.py:1858} INFO - Created Permission View: can read on DAG:tutorial_objectstorage
[2026-05-27T01:54:03.700+0000] {logging_mixin.py:190} INFO - [2026-05-27T01:54:03.700+0000] {override.py:1858} INFO - Created Permission View: can delete on DAG:tutorial_objectstorage
[2026-05-27T01:54:03.701+0000] {logging_mixin.py:190} INFO - [2026-05-27T01:54:03.701+0000] {dag.py:3211} INFO - Sync 1 DAGs
[2026-05-27T01:54:03.709+0000] {logging_mixin.py:190} INFO - [2026-05-27T01:54:03.709+0000] {dag.py:3234} INFO - Creating ORM DAG for tutorial_objectstorage
[2026-05-27T01:54:03.710+0000] {logging_mixin.py:190} INFO - [2026-05-27T01:54:03.710+0000] {dag.py:4138} INFO - Setting next_dagrun for tutorial_objectstorage to None, run_after=None
[2026-05-27T01:54:03.721+0000] {processor.py:208} INFO - Processing /home/airflow/.local/lib/python3.12/site-packages/airflow/example_dags/tutorial_objectstorage.py took 0.138 seconds
[2026-05-27T01:54:34.681+0000] {processor.py:186} INFO - Started process (PID=160) to work on /home/airflow/.local/lib/python3.12/site-packages/airflow/example_dags/tutorial_objectstorage.py
[2026-05-27T01:54:34.682+0000] {processor.py:914} INFO - Processing file /home/airflow/.local/lib/python3.12/site-packages/airflow/example_dags/tutorial_objectstorage.py for tasks to queue
[2026-05-27T01:54:34.684+0000] {logging_mixin.py:190} INFO - [2026-05-27T01:54:34.684+0000] {dagbag.py:587} INFO - Filling up the DagBag from /home/airflow/.local/lib/python3.12/site-packages/airflow/example_dags/tutorial_objectstorage.py
[2026-05-27T01:54:34.693+0000] {processor.py:925} INFO - DAG(s) 'tutorial_objectstorage' retrieved from /home/airflow/.local/lib/python3.12/site-packages/airflow/example_dags/tutorial_objectstorage.py
[2026-05-27T01:54:34.709+0000] {logging_mixin.py:190} INFO - [2026-05-27T01:54:34.708+0000] {dag.py:3211} INFO - Sync 1 DAGs
[2026-05-27T01:54:34.719+0000] {logging_mixin.py:190} INFO - [2026-05-27T01:54:34.719+0000] {dag.py:4138} INFO - Setting next_dagrun for tutorial_objectstorage to None, run_after=None
[2026-05-27T01:54:34.733+0000] {processor.py:208} INFO - Processing /home/airflow/.local/lib/python3.12/site-packages/airflow/example_dags/tutorial_objectstorage.py took 0.056 seconds
[2026-05-27T01:55:04.947+0000] {processor.py:186} INFO - Started process (PID=225) to work on /home/airflow/.local/lib/python3.12/site-packages/airflow/example_dags/tutorial_objectstorage.py
[2026-05-27T01:55:04.947+0000] {processor.py:914} INFO - Processing file /home/airflow/.local/lib/python3.12/site-packages/airflow/example_dags/tutorial_objectstorage.py for tasks to queue
[2026-05-27T01:55:04.950+0000] {logging_mixin.py:190} INFO - [2026-05-27T01:55:04.949+0000] {dagbag.py:587} INFO - Filling up the DagBag from /home/airflow/.local/lib/python3.12/site-packages/airflow/example_dags/tutorial_objectstorage.py
[2026-05-27T01:55:04.956+0000] {processor.py:925} INFO - DAG(s) 'tutorial_objectstorage' retrieved from /home/airflow/.local/lib/python3.12/site-packages/airflow/example_dags/tutorial_objectstorage.py
[2026-05-27T01:55:04.970+0000] {logging_mixin.py:190} INFO - [2026-05-27T01:55:04.970+0000] {dag.py:3211} INFO - Sync 1 DAGs
[2026-05-27T01:55:04.979+0000] {logging_mixin.py:190} INFO - [2026-05-27T01:55:04.979+0000] {dag.py:4138} INFO - Setting next_dagrun for tutorial_objectstorage to None, run_after=None
[2026-05-27T01:55:04.991+0000] {processor.py:208} INFO - Processing /home/airflow/.local/lib/python3.12/site-packages/airflow/example_dags/tutorial_objectstorage.py took 0.048 seconds
[2026-05-27T01:55:35.394+0000] {processor.py:186} INFO - Started process (PID=287) to work on /home/airflow/.local/lib/python3.12/site-packages/airflow/example_dags/tutorial_objectstorage.py
[2026-05-27T01:55:35.395+0000] {processor.py:914} INFO - Processing file /home/airflow/.local/lib/python3.12/site-packages/airflow/example_dags/tutorial_objectstorage.py for tasks to queue
[2026-05-27T01:55:35.398+0000] {logging_mixin.py:190} INFO - [2026-05-27T01:55:35.398+0000] {dagbag.py:587} INFO - Filling up the DagBag from /home/airflow/.local/lib/python3.12/site-packages/airflow/example_dags/tutorial_objectstorage.py
[2026-05-27T01:55:35.406+0000] {processor.py:925} INFO - DAG(s) 'tutorial_objectstorage' retrieved from /home/airflow/.local/lib/python3.12/site-packages/airflow/example_dags/tutorial_objectstorage.py
[2026-05-27T01:55:35.421+0000] {logging_mixin.py:190} INFO - [2026-05-27T01:55:35.420+0000] {dag.py:3211} INFO - Sync 1 DAGs
[2026-05-27T01:55:35.433+0000] {logging_mixin.py:190} INFO - [2026-05-27T01:55:35.432+0000] {dag.py:4138} INFO - Setting next_dagrun for tutorial_objectstorage to None, run_after=None
[2026-05-27T01:55:35.444+0000] {processor.py:208} INFO - Processing /home/airflow/.local/lib/python3.12/site-packages/airflow/example_dags/tutorial_objectstorage.py took 0.056 seconds
[2026-05-27T01:56:05.710+0000] {processor.py:186} INFO - Started process (PID=349) to work on /home/airflow/.local/lib/python3.12/site-packages/airflow/example_dags/tutorial_objectstorage.py
[2026-05-27T01:56:05.711+0000] {processor.py:914} INFO - Processing file /home/airflow/.local/lib/python3.12/site-packages/airflow/example_dags/tutorial_objectstorage.py for tasks to queue
[2026-05-27T01:56:05.713+0000] {logging_mixin.py:190} INFO - [2026-05-27T01:56:05.713+0000] {dagbag.py:587} INFO - Filling up the DagBag from /home/airflow/.local/lib/python3.12/site-packages/airflow/example_dags/tutorial_objectstorage.py
[2026-05-27T01:56:05.721+0000] {processor.py:925} INFO - DAG(s) 'tutorial_objectstorage' retrieved from /home/airflow/.local/lib/python3.12/site-packages/airflow/example_dags/tutorial_objectstorage.py
[2026-05-27T01:56:05.737+0000] {logging_mixin.py:190} INFO - [2026-05-27T01:56:05.737+0000] {dag.py:3211} INFO - Sync 1 DAGs
[2026-05-27T01:56:05.750+0000] {logging_mixin.py:190} INFO - [2026-05-27T01:56:05.750+0000] {dag.py:4138} INFO - Setting next_dagrun for tutorial_objectstorage to None, run_after=None
[2026-05-27T01:56:05.764+0000] {processor.py:208} INFO - Processing /home/airflow/.local/lib/python3.12/site-packages/airflow/example_dags/tutorial_objectstorage.py took 0.059 seconds
[2026-05-27T01:56:36.242+0000] {processor.py:186} INFO - Started process (PID=411) to work on /home/airflow/.local/lib/python3.12/site-packages/airflow/example_dags/tutorial_objectstorage.py
[2026-05-27T01:56:36.243+0000] {processor.py:914} INFO - Processing file /home/airflow/.local/lib/python3.12/site-packages/airflow/example_dags/tutorial_objectstorage.py for tasks to queue
[2026-05-27T01:56:36.245+0000] {logging_mixin.py:190} INFO - [2026-05-27T01:56:36.245+0000] {dagbag.py:587} INFO - Filling up the DagBag from /home/airflow/.local/lib/python3.12/site-packages/airflow/example_dags/tutorial_objectstorage.py
[2026-05-27T01:56:36.257+0000] {processor.py:925} INFO - DAG(s) 'tutorial_objectstorage' retrieved from /home/airflow/.local/lib/python3.12/site-packages/airflow/example_dags/tutorial_objectstorage.py
[2026-05-27T01:56:36.278+0000] {logging_mixin.py:190} INFO - [2026-05-27T01:56:36.277+0000] {dag.py:3211} INFO - Sync 1 DAGs
[2026-05-27T01:56:36.290+0000] {logging_mixin.py:190} INFO - [2026-05-27T01:56:36.290+0000] {dag.py:4138} INFO - Setting next_dagrun for tutorial_objectstorage to None, run_after=None
[2026-05-27T01:56:36.307+0000] {processor.py:208} INFO - Processing /home/airflow/.local/lib/python3.12/site-packages/airflow/example_dags/tutorial_objectstorage.py took 0.072 seconds
[2026-05-27T01:57:06.577+0000] {processor.py:186} INFO - Started process (PID=473) to work on /home/airflow/.local/lib/python3.12/site-packages/airflow/example_dags/tutorial_objectstorage.py
[2026-05-27T01:57:06.583+0000] {processor.py:914} INFO - Processing file /home/airflow/.local/lib/python3.12/site-packages/airflow/example_dags/tutorial_objectstorage.py for tasks to queue
[2026-05-27T01:57:06.586+0000] {logging_mixin.py:190} INFO - [2026-05-27T01:57:06.586+0000] {dagbag.py:587} INFO - Filling up the DagBag from /home/airflow/.local/lib/python3.12/site-packages/airflow/example_dags/tutorial_objectstorage.py
[2026-05-27T01:57:06.595+0000] {processor.py:925} INFO - DAG(s) 'tutorial_objectstorage' retrieved from /home/airflow/.local/lib/python3.12/site-packages/airflow/example_dags/tutorial_objectstorage.py
[2026-05-27T01:57:06.619+0000] {logging_mixin.py:190} INFO - [2026-05-27T01:57:06.616+0000] {dag.py:3211} INFO - Sync 1 DAGs
[2026-05-27T01:57:06.647+0000] {logging_mixin.py:190} INFO - [2026-05-27T01:57:06.647+0000] {dag.py:4138} INFO - Setting next_dagrun for tutorial_objectstorage to None, run_after=None
[2026-05-27T01:57:06.675+0000] {processor.py:208} INFO - Processing /home/airflow/.local/lib/python3.12/site-packages/airflow/example_dags/tutorial_objectstorage.py took 0.106 seconds
[2026-05-27T01:57:37.231+0000] {processor.py:186} INFO - Started process (PID=535) to work on /home/airflow/.local/lib/python3.12/site-packages/airflow/example_dags/tutorial_objectstorage.py
[2026-05-27T01:57:37.232+0000] {processor.py:914} INFO - Processing file /home/airflow/.local/lib/python3.12/site-packages/airflow/example_dags/tutorial_objectstorage.py for tasks to queue
[2026-05-27T01:57:37.234+0000] {logging_mixin.py:190} INFO - [2026-05-27T01:57:37.233+0000] {dagbag.py:587} INFO - Filling up the DagBag from /home/airflow/.local/lib/python3.12/site-packages/airflow/example_dags/tutorial_objectstorage.py
[2026-05-27T01:57:37.240+0000] {processor.py:925} INFO - DAG(s) 'tutorial_objectstorage' retrieved from /home/airflow/.local/lib/python3.12/site-packages/airflow/example_dags/tutorial_objectstorage.py
[2026-05-27T01:57:37.253+0000] {logging_mixin.py:190} INFO - [2026-05-27T01:57:37.253+0000] {dag.py:3211} INFO - Sync 1 DAGs
[2026-05-27T01:57:37.263+0000] {logging_mixin.py:190} INFO - [2026-05-27T01:57:37.263+0000] {dag.py:4138} INFO - Setting next_dagrun for tutorial_objectstorage to None, run_after=None
[2026-05-27T01:57:37.274+0000] {processor.py:208} INFO - Processing /home/airflow/.local/lib/python3.12/site-packages/airflow/example_dags/tutorial_objectstorage.py took 0.048 seconds
[2026-05-27T01:58:07.677+0000] {processor.py:186} INFO - Started process (PID=597) to work on /home/airflow/.local/lib/python3.12/site-packages/airflow/example_dags/tutorial_objectstorage.py
[2026-05-27T01:58:07.678+0000] {processor.py:914} INFO - Processing file /home/airflow/.local/lib/python3.12/site-packages/airflow/example_dags/tutorial_objectstorage.py for tasks to queue
[2026-05-27T01:58:07.681+0000] {logging_mixin.py:190} INFO - [2026-05-27T01:58:07.680+0000] {dagbag.py:587} INFO - Filling up the DagBag from /home/airflow/.local/lib/python3.12/site-packages/airflow/example_dags/tutorial_objectstorage.py
[2026-05-27T01:58:07.691+0000] {processor.py:925} INFO - DAG(s) 'tutorial_objectstorage' retrieved from /home/airflow/.local/lib/python3.12/site-packages/airflow/example_dags/tutorial_objectstorage.py
[2026-05-27T01:58:07.710+0000] {logging_mixin.py:190} INFO - [2026-05-27T01:58:07.710+0000] {dag.py:3211} INFO - Sync 1 DAGs
[2026-05-27T01:58:07.725+0000] {logging_mixin.py:190} INFO - [2026-05-27T01:58:07.724+0000] {dag.py:4138} INFO - Setting next_dagrun for tutorial_objectstorage to None, run_after=None
[2026-05-27T01:58:07.747+0000] {processor.py:208} INFO - Processing /home/airflow/.local/lib/python3.12/site-packages/airflow/example_dags/tutorial_objectstorage.py took 0.076 seconds
[2026-05-27T01:59:14.310+0000] {processor.py:186} INFO - Started process (PID=91) to work on /home/airflow/.local/lib/python3.12/site-packages/airflow/example_dags/tutorial_objectstorage.py
[2026-05-27T01:59:14.311+0000] {processor.py:914} INFO - Processing file /home/airflow/.local/lib/python3.12/site-packages/airflow/example_dags/tutorial_objectstorage.py for tasks to queue
[2026-05-27T01:59:14.313+0000] {logging_mixin.py:190} INFO - [2026-05-27T01:59:14.313+0000] {dagbag.py:587} INFO - Filling up the DagBag from /home/airflow/.local/lib/python3.12/site-packages/airflow/example_dags/tutorial_objectstorage.py
[2026-05-27T01:59:14.322+0000] {processor.py:925} INFO - DAG(s) 'tutorial_objectstorage' retrieved from /home/airflow/.local/lib/python3.12/site-packages/airflow/example_dags/tutorial_objectstorage.py
[2026-05-27T01:59:14.343+0000] {logging_mixin.py:190} INFO - [2026-05-27T01:59:14.342+0000] {dag.py:3211} INFO - Sync 1 DAGs
[2026-05-27T01:59:14.356+0000] {logging_mixin.py:190} INFO - [2026-05-27T01:59:14.356+0000] {dag.py:4138} INFO - Setting next_dagrun for tutorial_objectstorage to None, run_after=None
[2026-05-27T01:59:14.369+0000] {processor.py:208} INFO - Processing /home/airflow/.local/lib/python3.12/site-packages/airflow/example_dags/tutorial_objectstorage.py took 0.064 seconds
[2026-05-27T01:59:44.671+0000] {processor.py:186} INFO - Started process (PID=189) to work on /home/airflow/.local/lib/python3.12/site-packages/airflow/example_dags/tutorial_objectstorage.py
[2026-05-27T01:59:44.672+0000] {processor.py:914} INFO - Processing file /home/airflow/.local/lib/python3.12/site-packages/airflow/example_dags/tutorial_objectstorage.py for tasks to queue
[2026-05-27T01:59:44.674+0000] {logging_mixin.py:190} INFO - [2026-05-27T01:59:44.674+0000] {dagbag.py:587} INFO - Filling up the DagBag from /home/airflow/.local/lib/python3.12/site-packages/airflow/example_dags/tutorial_objectstorage.py
[2026-05-27T01:59:44.681+0000] {processor.py:925} INFO - DAG(s) 'tutorial_objectstorage' retrieved from /home/airflow/.local/lib/python3.12/site-packages/airflow/example_dags/tutorial_objectstorage.py
[2026-05-27T01:59:44.697+0000] {logging_mixin.py:190} INFO - [2026-05-27T01:59:44.697+0000] {dag.py:3211} INFO - Sync 1 DAGs
[2026-05-27T01:59:44.706+0000] {logging_mixin.py:190} INFO - [2026-05-27T01:59:44.706+0000] {dag.py:4138} INFO - Setting next_dagrun for tutorial_objectstorage to None, run_after=None
[2026-05-27T01:59:44.719+0000] {processor.py:208} INFO - Processing /home/airflow/.local/lib/python3.12/site-packages/airflow/example_dags/tutorial_objectstorage.py took 0.053 seconds
[2026-05-27T02:00:15.225+0000] {processor.py:186} INFO - Started process (PID=252) to work on /home/airflow/.local/lib/python3.12/site-packages/airflow/example_dags/tutorial_objectstorage.py
[2026-05-27T02:00:15.225+0000] {processor.py:914} INFO - Processing file /home/airflow/.local/lib/python3.12/site-packages/airflow/example_dags/tutorial_objectstorage.py for tasks to queue
[2026-05-27T02:00:15.227+0000] {logging_mixin.py:190} INFO - [2026-05-27T02:00:15.227+0000] {dagbag.py:587} INFO - Filling up the DagBag from /home/airflow/.local/lib/python3.12/site-packages/airflow/example_dags/tutorial_objectstorage.py
[2026-05-27T02:00:15.235+0000] {processor.py:925} INFO - DAG(s) 'tutorial_objectstorage' retrieved from /home/airflow/.local/lib/python3.12/site-packages/airflow/example_dags/tutorial_objectstorage.py
[2026-05-27T02:00:15.252+0000] {logging_mixin.py:190} INFO - [2026-05-27T02:00:15.252+0000] {dag.py:3211} INFO - Sync 1 DAGs
[2026-05-27T02:00:15.263+0000] {logging_mixin.py:190} INFO - [2026-05-27T02:00:15.262+0000] {dag.py:4138} INFO - Setting next_dagrun for tutorial_objectstorage to None, run_after=None
[2026-05-27T02:00:15.275+0000] {processor.py:208} INFO - Processing /home/airflow/.local/lib/python3.12/site-packages/airflow/example_dags/tutorial_objectstorage.py took 0.056 seconds
[2026-05-27T02:00:45.797+0000] {processor.py:186} INFO - Started process (PID=314) to work on /home/airflow/.local/lib/python3.12/site-packages/airflow/example_dags/tutorial_objectstorage.py
[2026-05-27T02:00:45.798+0000] {processor.py:914} INFO - Processing file /home/airflow/.local/lib/python3.12/site-packages/airflow/example_dags/tutorial_objectstorage.py for tasks to queue
[2026-05-27T02:00:45.801+0000] {logging_mixin.py:190} INFO - [2026-05-27T02:00:45.801+0000] {dagbag.py:587} INFO - Filling up the DagBag from /home/airflow/.local/lib/python3.12/site-packages/airflow/example_dags/tutorial_objectstorage.py
[2026-05-27T02:00:45.810+0000] {processor.py:925} INFO - DAG(s) 'tutorial_objectstorage' retrieved from /home/airflow/.local/lib/python3.12/site-packages/airflow/example_dags/tutorial_objectstorage.py
[2026-05-27T02:00:45.827+0000] {logging_mixin.py:190} INFO - [2026-05-27T02:00:45.827+0000] {dag.py:3211} INFO - Sync 1 DAGs
[2026-05-27T02:00:45.836+0000] {logging_mixin.py:190} INFO - [2026-05-27T02:00:45.836+0000] {dag.py:4138} INFO - Setting next_dagrun for tutorial_objectstorage to None, run_after=None
[2026-05-27T02:00:45.848+0000] {processor.py:208} INFO - Processing /home/airflow/.local/lib/python3.12/site-packages/airflow/example_dags/tutorial_objectstorage.py took 0.055 seconds
[2026-05-27T02:01:16.012+0000] {processor.py:186} INFO - Started process (PID=377) to work on /home/airflow/.local/lib/python3.12/site-packages/airflow/example_dags/tutorial_objectstorage.py
[2026-05-27T02:01:16.013+0000] {processor.py:914} INFO - Processing file /home/airflow/.local/lib/python3.12/site-packages/airflow/example_dags/tutorial_objectstorage.py for tasks to queue
[2026-05-27T02:01:16.015+0000] {logging_mixin.py:190} INFO - [2026-05-27T02:01:16.014+0000] {dagbag.py:587} INFO - Filling up the DagBag from /home/airflow/.local/lib/python3.12/site-packages/airflow/example_dags/tutorial_objectstorage.py
[2026-05-27T02:01:16.024+0000] {processor.py:925} INFO - DAG(s) 'tutorial_objectstorage' retrieved from /home/airflow/.local/lib/python3.12/site-packages/airflow/example_dags/tutorial_objectstorage.py
[2026-05-27T02:01:16.041+0000] {logging_mixin.py:190} INFO - [2026-05-27T02:01:16.041+0000] {dag.py:3211} INFO - Sync 1 DAGs
[2026-05-27T02:01:16.052+0000] {logging_mixin.py:190} INFO - [2026-05-27T02:01:16.052+0000] {dag.py:4138} INFO - Setting next_dagrun for tutorial_objectstorage to None, run_after=None
[2026-05-27T02:01:16.063+0000] {processor.py:208} INFO - Processing /home/airflow/.local/lib/python3.12/site-packages/airflow/example_dags/tutorial_objectstorage.py took 0.055 seconds
[2026-05-27T02:01:49.569+0000] {processor.py:186} INFO - Started process (PID=76) to work on /home/airflow/.local/lib/python3.12/site-packages/airflow/example_dags/tutorial_objectstorage.py
[2026-05-27T02:01:49.569+0000] {processor.py:914} INFO - Processing file /home/airflow/.local/lib/python3.12/site-packages/airflow/example_dags/tutorial_objectstorage.py for tasks to queue
[2026-05-27T02:01:49.571+0000] {logging_mixin.py:190} INFO - [2026-05-27T02:01:49.571+0000] {dagbag.py:587} INFO - Filling up the DagBag from /home/airflow/.local/lib/python3.12/site-packages/airflow/example_dags/tutorial_objectstorage.py
[2026-05-27T02:01:49.578+0000] {processor.py:925} INFO - DAG(s) 'tutorial_objectstorage' retrieved from /home/airflow/.local/lib/python3.12/site-packages/airflow/example_dags/tutorial_objectstorage.py
[2026-05-27T02:01:49.591+0000] {logging_mixin.py:190} INFO - [2026-05-27T02:01:49.591+0000] {dag.py:3211} INFO - Sync 1 DAGs
[2026-05-27T02:01:49.600+0000] {logging_mixin.py:190} INFO - [2026-05-27T02:01:49.600+0000] {dag.py:4138} INFO - Setting next_dagrun for tutorial_objectstorage to None, run_after=None
[2026-05-27T02:01:49.610+0000] {processor.py:208} INFO - Processing /home/airflow/.local/lib/python3.12/site-packages/airflow/example_dags/tutorial_objectstorage.py took 0.045 seconds
[2026-05-27T02:02:19.229+0000] {processor.py:186} INFO - Started process (PID=76) to work on /home/airflow/.local/lib/python3.12/site-packages/airflow/example_dags/tutorial_objectstorage.py
[2026-05-27T02:02:19.230+0000] {processor.py:914} INFO - Processing file /home/airflow/.local/lib/python3.12/site-packages/airflow/example_dags/tutorial_objectstorage.py for tasks to queue
[2026-05-27T02:02:19.234+0000] {logging_mixin.py:190} INFO - [2026-05-27T02:02:19.233+0000] {dagbag.py:587} INFO - Filling up the DagBag from /home/airflow/.local/lib/python3.12/site-packages/airflow/example_dags/tutorial_objectstorage.py
[2026-05-27T02:02:19.244+0000] {processor.py:925} INFO - DAG(s) 'tutorial_objectstorage' retrieved from /home/airflow/.local/lib/python3.12/site-packages/airflow/example_dags/tutorial_objectstorage.py
[2026-05-27T02:02:19.267+0000] {logging_mixin.py:190} INFO - [2026-05-27T02:02:19.266+0000] {dag.py:3211} INFO - Sync 1 DAGs
[2026-05-27T02:02:19.283+0000] {logging_mixin.py:190} INFO - [2026-05-27T02:02:19.283+0000] {dag.py:4138} INFO - Setting next_dagrun for tutorial_objectstorage to None, run_after=None
[2026-05-27T02:02:19.301+0000] {processor.py:208} INFO - Processing /home/airflow/.local/lib/python3.12/site-packages/airflow/example_dags/tutorial_objectstorage.py took 0.078 seconds
[2026-05-27T02:03:00.958+0000] {processor.py:186} INFO - Started process (PID=76) to work on /home/airflow/.local/lib/python3.12/site-packages/airflow/example_dags/tutorial_objectstorage.py
[2026-05-27T02:03:00.959+0000] {processor.py:914} INFO - Processing file /home/airflow/.local/lib/python3.12/site-packages/airflow/example_dags/tutorial_objectstorage.py for tasks to queue
[2026-05-27T02:03:00.961+0000] {logging_mixin.py:190} INFO - [2026-05-27T02:03:00.961+0000] {dagbag.py:587} INFO - Filling up the DagBag from /home/airflow/.local/lib/python3.12/site-packages/airflow/example_dags/tutorial_objectstorage.py
[2026-05-27T02:03:00.968+0000] {processor.py:925} INFO - DAG(s) 'tutorial_objectstorage' retrieved from /home/airflow/.local/lib/python3.12/site-packages/airflow/example_dags/tutorial_objectstorage.py
[2026-05-27T02:03:00.983+0000] {logging_mixin.py:190} INFO - [2026-05-27T02:03:00.983+0000] {dag.py:3211} INFO - Sync 1 DAGs
[2026-05-27T02:03:00.994+0000] {logging_mixin.py:190} INFO - [2026-05-27T02:03:00.994+0000] {dag.py:4138} INFO - Setting next_dagrun for tutorial_objectstorage to None, run_after=None
[2026-05-27T02:03:01.007+0000] {processor.py:208} INFO - Processing /home/airflow/.local/lib/python3.12/site-packages/airflow/example_dags/tutorial_objectstorage.py took 0.053 seconds
