[2026-05-27T01:54:03.232+0000] {processor.py:186} INFO - Started process (PID=78) to work on /home/airflow/.local/lib/python3.12/site-packages/airflow/example_dags/tutorial_taskflow_api.py
[2026-05-27T01:54:03.233+0000] {processor.py:914} INFO - Processing file /home/airflow/.local/lib/python3.12/site-packages/airflow/example_dags/tutorial_taskflow_api.py for tasks to queue
[2026-05-27T01:54:03.235+0000] {logging_mixin.py:190} INFO - [2026-05-27T01:54:03.235+0000] {dagbag.py:587} INFO - Filling up the DagBag from /home/airflow/.local/lib/python3.12/site-packages/airflow/example_dags/tutorial_taskflow_api.py
[2026-05-27T01:54:03.243+0000] {processor.py:925} INFO - DAG(s) 'tutorial_taskflow_api' retrieved from /home/airflow/.local/lib/python3.12/site-packages/airflow/example_dags/tutorial_taskflow_api.py
[2026-05-27T01:54:03.322+0000] {logging_mixin.py:190} INFO - [2026-05-27T01:54:03.322+0000] {override.py:1858} INFO - Created Permission View: can edit on DAG:tutorial_taskflow_api
[2026-05-27T01:54:03.332+0000] {logging_mixin.py:190} INFO - [2026-05-27T01:54:03.332+0000] {override.py:1858} INFO - Created Permission View: can read on DAG:tutorial_taskflow_api
[2026-05-27T01:54:03.339+0000] {logging_mixin.py:190} INFO - [2026-05-27T01:54:03.339+0000] {override.py:1858} INFO - Created Permission View: can delete on DAG:tutorial_taskflow_api
[2026-05-27T01:54:03.340+0000] {logging_mixin.py:190} INFO - [2026-05-27T01:54:03.340+0000] {dag.py:3211} INFO - Sync 1 DAGs
[2026-05-27T01:54:03.352+0000] {logging_mixin.py:190} INFO - [2026-05-27T01:54:03.351+0000] {dag.py:3234} INFO - Creating ORM DAG for tutorial_taskflow_api
[2026-05-27T01:54:03.352+0000] {logging_mixin.py:190} INFO - [2026-05-27T01:54:03.352+0000] {dag.py:4138} INFO - Setting next_dagrun for tutorial_taskflow_api to None, run_after=None
[2026-05-27T01:54:03.364+0000] {processor.py:208} INFO - Processing /home/airflow/.local/lib/python3.12/site-packages/airflow/example_dags/tutorial_taskflow_api.py took 0.137 seconds
[2026-05-27T01:54:33.486+0000] {processor.py:186} INFO - Started process (PID=151) to work on /home/airflow/.local/lib/python3.12/site-packages/airflow/example_dags/tutorial_taskflow_api.py
[2026-05-27T01:54:33.487+0000] {processor.py:914} INFO - Processing file /home/airflow/.local/lib/python3.12/site-packages/airflow/example_dags/tutorial_taskflow_api.py for tasks to queue
[2026-05-27T01:54:33.489+0000] {logging_mixin.py:190} INFO - [2026-05-27T01:54:33.489+0000] {dagbag.py:587} INFO - Filling up the DagBag from /home/airflow/.local/lib/python3.12/site-packages/airflow/example_dags/tutorial_taskflow_api.py
[2026-05-27T01:54:33.497+0000] {processor.py:925} INFO - DAG(s) 'tutorial_taskflow_api' retrieved from /home/airflow/.local/lib/python3.12/site-packages/airflow/example_dags/tutorial_taskflow_api.py
[2026-05-27T01:54:33.519+0000] {logging_mixin.py:190} INFO - [2026-05-27T01:54:33.519+0000] {dag.py:3211} INFO - Sync 1 DAGs
[2026-05-27T01:54:33.532+0000] {logging_mixin.py:190} INFO - [2026-05-27T01:54:33.532+0000] {dag.py:4138} INFO - Setting next_dagrun for tutorial_taskflow_api to None, run_after=None
[2026-05-27T01:54:33.545+0000] {processor.py:208} INFO - Processing /home/airflow/.local/lib/python3.12/site-packages/airflow/example_dags/tutorial_taskflow_api.py took 0.064 seconds
[2026-05-27T01:55:03.820+0000] {processor.py:186} INFO - Started process (PID=221) to work on /home/airflow/.local/lib/python3.12/site-packages/airflow/example_dags/tutorial_taskflow_api.py
[2026-05-27T01:55:03.821+0000] {processor.py:914} INFO - Processing file /home/airflow/.local/lib/python3.12/site-packages/airflow/example_dags/tutorial_taskflow_api.py for tasks to queue
[2026-05-27T01:55:03.823+0000] {logging_mixin.py:190} INFO - [2026-05-27T01:55:03.822+0000] {dagbag.py:587} INFO - Filling up the DagBag from /home/airflow/.local/lib/python3.12/site-packages/airflow/example_dags/tutorial_taskflow_api.py
[2026-05-27T01:55:03.829+0000] {processor.py:925} INFO - DAG(s) 'tutorial_taskflow_api' retrieved from /home/airflow/.local/lib/python3.12/site-packages/airflow/example_dags/tutorial_taskflow_api.py
[2026-05-27T01:55:03.843+0000] {logging_mixin.py:190} INFO - [2026-05-27T01:55:03.843+0000] {dag.py:3211} INFO - Sync 1 DAGs
[2026-05-27T01:55:03.852+0000] {logging_mixin.py:190} INFO - [2026-05-27T01:55:03.852+0000] {dag.py:4138} INFO - Setting next_dagrun for tutorial_taskflow_api to None, run_after=None
[2026-05-27T01:55:03.862+0000] {processor.py:208} INFO - Processing /home/airflow/.local/lib/python3.12/site-packages/airflow/example_dags/tutorial_taskflow_api.py took 0.047 seconds
[2026-05-27T01:55:34.240+0000] {processor.py:186} INFO - Started process (PID=283) to work on /home/airflow/.local/lib/python3.12/site-packages/airflow/example_dags/tutorial_taskflow_api.py
[2026-05-27T01:55:34.241+0000] {processor.py:914} INFO - Processing file /home/airflow/.local/lib/python3.12/site-packages/airflow/example_dags/tutorial_taskflow_api.py for tasks to queue
[2026-05-27T01:55:34.242+0000] {logging_mixin.py:190} INFO - [2026-05-27T01:55:34.242+0000] {dagbag.py:587} INFO - Filling up the DagBag from /home/airflow/.local/lib/python3.12/site-packages/airflow/example_dags/tutorial_taskflow_api.py
[2026-05-27T01:55:34.249+0000] {processor.py:925} INFO - DAG(s) 'tutorial_taskflow_api' retrieved from /home/airflow/.local/lib/python3.12/site-packages/airflow/example_dags/tutorial_taskflow_api.py
[2026-05-27T01:55:34.266+0000] {logging_mixin.py:190} INFO - [2026-05-27T01:55:34.266+0000] {dag.py:3211} INFO - Sync 1 DAGs
[2026-05-27T01:55:34.275+0000] {logging_mixin.py:190} INFO - [2026-05-27T01:55:34.275+0000] {dag.py:4138} INFO - Setting next_dagrun for tutorial_taskflow_api to None, run_after=None
[2026-05-27T01:55:34.287+0000] {processor.py:208} INFO - Processing /home/airflow/.local/lib/python3.12/site-packages/airflow/example_dags/tutorial_taskflow_api.py took 0.052 seconds
[2026-05-27T01:56:04.588+0000] {processor.py:186} INFO - Started process (PID=345) to work on /home/airflow/.local/lib/python3.12/site-packages/airflow/example_dags/tutorial_taskflow_api.py
[2026-05-27T01:56:04.589+0000] {processor.py:914} INFO - Processing file /home/airflow/.local/lib/python3.12/site-packages/airflow/example_dags/tutorial_taskflow_api.py for tasks to queue
[2026-05-27T01:56:04.591+0000] {logging_mixin.py:190} INFO - [2026-05-27T01:56:04.590+0000] {dagbag.py:587} INFO - Filling up the DagBag from /home/airflow/.local/lib/python3.12/site-packages/airflow/example_dags/tutorial_taskflow_api.py
[2026-05-27T01:56:04.597+0000] {processor.py:925} INFO - DAG(s) 'tutorial_taskflow_api' retrieved from /home/airflow/.local/lib/python3.12/site-packages/airflow/example_dags/tutorial_taskflow_api.py
[2026-05-27T01:56:04.610+0000] {logging_mixin.py:190} INFO - [2026-05-27T01:56:04.610+0000] {dag.py:3211} INFO - Sync 1 DAGs
[2026-05-27T01:56:04.618+0000] {logging_mixin.py:190} INFO - [2026-05-27T01:56:04.618+0000] {dag.py:4138} INFO - Setting next_dagrun for tutorial_taskflow_api to None, run_after=None
[2026-05-27T01:56:04.628+0000] {processor.py:208} INFO - Processing /home/airflow/.local/lib/python3.12/site-packages/airflow/example_dags/tutorial_taskflow_api.py took 0.046 seconds
[2026-05-27T01:56:35.121+0000] {processor.py:186} INFO - Started process (PID=407) to work on /home/airflow/.local/lib/python3.12/site-packages/airflow/example_dags/tutorial_taskflow_api.py
[2026-05-27T01:56:35.122+0000] {processor.py:914} INFO - Processing file /home/airflow/.local/lib/python3.12/site-packages/airflow/example_dags/tutorial_taskflow_api.py for tasks to queue
[2026-05-27T01:56:35.124+0000] {logging_mixin.py:190} INFO - [2026-05-27T01:56:35.124+0000] {dagbag.py:587} INFO - Filling up the DagBag from /home/airflow/.local/lib/python3.12/site-packages/airflow/example_dags/tutorial_taskflow_api.py
[2026-05-27T01:56:35.130+0000] {processor.py:925} INFO - DAG(s) 'tutorial_taskflow_api' retrieved from /home/airflow/.local/lib/python3.12/site-packages/airflow/example_dags/tutorial_taskflow_api.py
[2026-05-27T01:56:35.144+0000] {logging_mixin.py:190} INFO - [2026-05-27T01:56:35.143+0000] {dag.py:3211} INFO - Sync 1 DAGs
[2026-05-27T01:56:35.152+0000] {logging_mixin.py:190} INFO - [2026-05-27T01:56:35.152+0000] {dag.py:4138} INFO - Setting next_dagrun for tutorial_taskflow_api to None, run_after=None
[2026-05-27T01:56:35.163+0000] {processor.py:208} INFO - Processing /home/airflow/.local/lib/python3.12/site-packages/airflow/example_dags/tutorial_taskflow_api.py took 0.046 seconds
[2026-05-27T01:57:05.459+0000] {processor.py:186} INFO - Started process (PID=469) to work on /home/airflow/.local/lib/python3.12/site-packages/airflow/example_dags/tutorial_taskflow_api.py
[2026-05-27T01:57:05.459+0000] {processor.py:914} INFO - Processing file /home/airflow/.local/lib/python3.12/site-packages/airflow/example_dags/tutorial_taskflow_api.py for tasks to queue
[2026-05-27T01:57:05.461+0000] {logging_mixin.py:190} INFO - [2026-05-27T01:57:05.461+0000] {dagbag.py:587} INFO - Filling up the DagBag from /home/airflow/.local/lib/python3.12/site-packages/airflow/example_dags/tutorial_taskflow_api.py
[2026-05-27T01:57:05.467+0000] {processor.py:925} INFO - DAG(s) 'tutorial_taskflow_api' retrieved from /home/airflow/.local/lib/python3.12/site-packages/airflow/example_dags/tutorial_taskflow_api.py
[2026-05-27T01:57:05.488+0000] {logging_mixin.py:190} INFO - [2026-05-27T01:57:05.488+0000] {dag.py:3211} INFO - Sync 1 DAGs
[2026-05-27T01:57:05.498+0000] {logging_mixin.py:190} INFO - [2026-05-27T01:57:05.498+0000] {dag.py:4138} INFO - Setting next_dagrun for tutorial_taskflow_api to None, run_after=None
[2026-05-27T01:57:05.510+0000] {processor.py:208} INFO - Processing /home/airflow/.local/lib/python3.12/site-packages/airflow/example_dags/tutorial_taskflow_api.py took 0.056 seconds
[2026-05-27T01:57:36.067+0000] {processor.py:186} INFO - Started process (PID=531) to work on /home/airflow/.local/lib/python3.12/site-packages/airflow/example_dags/tutorial_taskflow_api.py
[2026-05-27T01:57:36.067+0000] {processor.py:914} INFO - Processing file /home/airflow/.local/lib/python3.12/site-packages/airflow/example_dags/tutorial_taskflow_api.py for tasks to queue
[2026-05-27T01:57:36.069+0000] {logging_mixin.py:190} INFO - [2026-05-27T01:57:36.069+0000] {dagbag.py:587} INFO - Filling up the DagBag from /home/airflow/.local/lib/python3.12/site-packages/airflow/example_dags/tutorial_taskflow_api.py
[2026-05-27T01:57:36.075+0000] {processor.py:925} INFO - DAG(s) 'tutorial_taskflow_api' retrieved from /home/airflow/.local/lib/python3.12/site-packages/airflow/example_dags/tutorial_taskflow_api.py
[2026-05-27T01:57:36.089+0000] {logging_mixin.py:190} INFO - [2026-05-27T01:57:36.089+0000] {dag.py:3211} INFO - Sync 1 DAGs
[2026-05-27T01:57:36.098+0000] {logging_mixin.py:190} INFO - [2026-05-27T01:57:36.098+0000] {dag.py:4138} INFO - Setting next_dagrun for tutorial_taskflow_api to None, run_after=None
[2026-05-27T01:57:36.107+0000] {processor.py:208} INFO - Processing /home/airflow/.local/lib/python3.12/site-packages/airflow/example_dags/tutorial_taskflow_api.py took 0.045 seconds
[2026-05-27T01:58:06.505+0000] {processor.py:186} INFO - Started process (PID=593) to work on /home/airflow/.local/lib/python3.12/site-packages/airflow/example_dags/tutorial_taskflow_api.py
[2026-05-27T01:58:06.505+0000] {processor.py:914} INFO - Processing file /home/airflow/.local/lib/python3.12/site-packages/airflow/example_dags/tutorial_taskflow_api.py for tasks to queue
[2026-05-27T01:58:06.507+0000] {logging_mixin.py:190} INFO - [2026-05-27T01:58:06.507+0000] {dagbag.py:587} INFO - Filling up the DagBag from /home/airflow/.local/lib/python3.12/site-packages/airflow/example_dags/tutorial_taskflow_api.py
[2026-05-27T01:58:06.513+0000] {processor.py:925} INFO - DAG(s) 'tutorial_taskflow_api' retrieved from /home/airflow/.local/lib/python3.12/site-packages/airflow/example_dags/tutorial_taskflow_api.py
[2026-05-27T01:58:06.526+0000] {logging_mixin.py:190} INFO - [2026-05-27T01:58:06.526+0000] {dag.py:3211} INFO - Sync 1 DAGs
[2026-05-27T01:58:06.534+0000] {logging_mixin.py:190} INFO - [2026-05-27T01:58:06.534+0000] {dag.py:4138} INFO - Setting next_dagrun for tutorial_taskflow_api to None, run_after=None
[2026-05-27T01:58:06.544+0000] {processor.py:208} INFO - Processing /home/airflow/.local/lib/python3.12/site-packages/airflow/example_dags/tutorial_taskflow_api.py took 0.043 seconds
[2026-05-27T01:59:14.125+0000] {processor.py:186} INFO - Started process (PID=87) to work on /home/airflow/.local/lib/python3.12/site-packages/airflow/example_dags/tutorial_taskflow_api.py
[2026-05-27T01:59:14.126+0000] {processor.py:914} INFO - Processing file /home/airflow/.local/lib/python3.12/site-packages/airflow/example_dags/tutorial_taskflow_api.py for tasks to queue
[2026-05-27T01:59:14.129+0000] {logging_mixin.py:190} INFO - [2026-05-27T01:59:14.129+0000] {dagbag.py:587} INFO - Filling up the DagBag from /home/airflow/.local/lib/python3.12/site-packages/airflow/example_dags/tutorial_taskflow_api.py
[2026-05-27T01:59:14.142+0000] {processor.py:925} INFO - DAG(s) 'tutorial_taskflow_api' retrieved from /home/airflow/.local/lib/python3.12/site-packages/airflow/example_dags/tutorial_taskflow_api.py
[2026-05-27T01:59:14.162+0000] {logging_mixin.py:190} INFO - [2026-05-27T01:59:14.162+0000] {dag.py:3211} INFO - Sync 1 DAGs
[2026-05-27T01:59:14.175+0000] {logging_mixin.py:190} INFO - [2026-05-27T01:59:14.175+0000] {dag.py:4138} INFO - Setting next_dagrun for tutorial_taskflow_api to None, run_after=None
[2026-05-27T01:59:14.189+0000] {processor.py:208} INFO - Processing /home/airflow/.local/lib/python3.12/site-packages/airflow/example_dags/tutorial_taskflow_api.py took 0.070 seconds
[2026-05-27T01:59:44.507+0000] {processor.py:186} INFO - Started process (PID=185) to work on /home/airflow/.local/lib/python3.12/site-packages/airflow/example_dags/tutorial_taskflow_api.py
[2026-05-27T01:59:44.508+0000] {processor.py:914} INFO - Processing file /home/airflow/.local/lib/python3.12/site-packages/airflow/example_dags/tutorial_taskflow_api.py for tasks to queue
[2026-05-27T01:59:44.510+0000] {logging_mixin.py:190} INFO - [2026-05-27T01:59:44.510+0000] {dagbag.py:587} INFO - Filling up the DagBag from /home/airflow/.local/lib/python3.12/site-packages/airflow/example_dags/tutorial_taskflow_api.py
[2026-05-27T01:59:44.516+0000] {processor.py:925} INFO - DAG(s) 'tutorial_taskflow_api' retrieved from /home/airflow/.local/lib/python3.12/site-packages/airflow/example_dags/tutorial_taskflow_api.py
[2026-05-27T01:59:44.531+0000] {logging_mixin.py:190} INFO - [2026-05-27T01:59:44.531+0000] {dag.py:3211} INFO - Sync 1 DAGs
[2026-05-27T01:59:44.540+0000] {logging_mixin.py:190} INFO - [2026-05-27T01:59:44.540+0000] {dag.py:4138} INFO - Setting next_dagrun for tutorial_taskflow_api to None, run_after=None
[2026-05-27T01:59:44.551+0000] {processor.py:208} INFO - Processing /home/airflow/.local/lib/python3.12/site-packages/airflow/example_dags/tutorial_taskflow_api.py took 0.048 seconds
[2026-05-27T02:00:14.922+0000] {processor.py:186} INFO - Started process (PID=248) to work on /home/airflow/.local/lib/python3.12/site-packages/airflow/example_dags/tutorial_taskflow_api.py
[2026-05-27T02:00:14.923+0000] {processor.py:914} INFO - Processing file /home/airflow/.local/lib/python3.12/site-packages/airflow/example_dags/tutorial_taskflow_api.py for tasks to queue
[2026-05-27T02:00:14.925+0000] {logging_mixin.py:190} INFO - [2026-05-27T02:00:14.924+0000] {dagbag.py:587} INFO - Filling up the DagBag from /home/airflow/.local/lib/python3.12/site-packages/airflow/example_dags/tutorial_taskflow_api.py
[2026-05-27T02:00:14.932+0000] {processor.py:925} INFO - DAG(s) 'tutorial_taskflow_api' retrieved from /home/airflow/.local/lib/python3.12/site-packages/airflow/example_dags/tutorial_taskflow_api.py
[2026-05-27T02:00:14.950+0000] {logging_mixin.py:190} INFO - [2026-05-27T02:00:14.950+0000] {dag.py:3211} INFO - Sync 1 DAGs
[2026-05-27T02:00:14.967+0000] {logging_mixin.py:190} INFO - [2026-05-27T02:00:14.967+0000] {dag.py:4138} INFO - Setting next_dagrun for tutorial_taskflow_api to None, run_after=None
[2026-05-27T02:00:14.982+0000] {processor.py:208} INFO - Processing /home/airflow/.local/lib/python3.12/site-packages/airflow/example_dags/tutorial_taskflow_api.py took 0.065 seconds
[2026-05-27T02:00:45.590+0000] {processor.py:186} INFO - Started process (PID=310) to work on /home/airflow/.local/lib/python3.12/site-packages/airflow/example_dags/tutorial_taskflow_api.py
[2026-05-27T02:00:45.591+0000] {processor.py:914} INFO - Processing file /home/airflow/.local/lib/python3.12/site-packages/airflow/example_dags/tutorial_taskflow_api.py for tasks to queue
[2026-05-27T02:00:45.593+0000] {logging_mixin.py:190} INFO - [2026-05-27T02:00:45.593+0000] {dagbag.py:587} INFO - Filling up the DagBag from /home/airflow/.local/lib/python3.12/site-packages/airflow/example_dags/tutorial_taskflow_api.py
[2026-05-27T02:00:45.600+0000] {processor.py:925} INFO - DAG(s) 'tutorial_taskflow_api' retrieved from /home/airflow/.local/lib/python3.12/site-packages/airflow/example_dags/tutorial_taskflow_api.py
[2026-05-27T02:00:45.615+0000] {logging_mixin.py:190} INFO - [2026-05-27T02:00:45.615+0000] {dag.py:3211} INFO - Sync 1 DAGs
[2026-05-27T02:00:45.624+0000] {logging_mixin.py:190} INFO - [2026-05-27T02:00:45.624+0000] {dag.py:4138} INFO - Setting next_dagrun for tutorial_taskflow_api to None, run_after=None
[2026-05-27T02:00:45.636+0000] {processor.py:208} INFO - Processing /home/airflow/.local/lib/python3.12/site-packages/airflow/example_dags/tutorial_taskflow_api.py took 0.053 seconds
[2026-05-27T02:01:15.772+0000] {processor.py:186} INFO - Started process (PID=372) to work on /home/airflow/.local/lib/python3.12/site-packages/airflow/example_dags/tutorial_taskflow_api.py
[2026-05-27T02:01:15.773+0000] {processor.py:914} INFO - Processing file /home/airflow/.local/lib/python3.12/site-packages/airflow/example_dags/tutorial_taskflow_api.py for tasks to queue
[2026-05-27T02:01:15.775+0000] {logging_mixin.py:190} INFO - [2026-05-27T02:01:15.774+0000] {dagbag.py:587} INFO - Filling up the DagBag from /home/airflow/.local/lib/python3.12/site-packages/airflow/example_dags/tutorial_taskflow_api.py
[2026-05-27T02:01:15.782+0000] {processor.py:925} INFO - DAG(s) 'tutorial_taskflow_api' retrieved from /home/airflow/.local/lib/python3.12/site-packages/airflow/example_dags/tutorial_taskflow_api.py
[2026-05-27T02:01:15.797+0000] {logging_mixin.py:190} INFO - [2026-05-27T02:01:15.797+0000] {dag.py:3211} INFO - Sync 1 DAGs
[2026-05-27T02:01:15.808+0000] {logging_mixin.py:190} INFO - [2026-05-27T02:01:15.807+0000] {dag.py:4138} INFO - Setting next_dagrun for tutorial_taskflow_api to None, run_after=None
[2026-05-27T02:01:15.821+0000] {processor.py:208} INFO - Processing /home/airflow/.local/lib/python3.12/site-packages/airflow/example_dags/tutorial_taskflow_api.py took 0.054 seconds
[2026-05-27T02:01:49.409+0000] {processor.py:186} INFO - Started process (PID=72) to work on /home/airflow/.local/lib/python3.12/site-packages/airflow/example_dags/tutorial_taskflow_api.py
[2026-05-27T02:01:49.411+0000] {processor.py:914} INFO - Processing file /home/airflow/.local/lib/python3.12/site-packages/airflow/example_dags/tutorial_taskflow_api.py for tasks to queue
[2026-05-27T02:01:49.414+0000] {logging_mixin.py:190} INFO - [2026-05-27T02:01:49.413+0000] {dagbag.py:587} INFO - Filling up the DagBag from /home/airflow/.local/lib/python3.12/site-packages/airflow/example_dags/tutorial_taskflow_api.py
[2026-05-27T02:01:49.424+0000] {processor.py:925} INFO - DAG(s) 'tutorial_taskflow_api' retrieved from /home/airflow/.local/lib/python3.12/site-packages/airflow/example_dags/tutorial_taskflow_api.py
[2026-05-27T02:01:49.443+0000] {logging_mixin.py:190} INFO - [2026-05-27T02:01:49.443+0000] {dag.py:3211} INFO - Sync 1 DAGs
[2026-05-27T02:01:49.455+0000] {logging_mixin.py:190} INFO - [2026-05-27T02:01:49.454+0000] {dag.py:4138} INFO - Setting next_dagrun for tutorial_taskflow_api to None, run_after=None
[2026-05-27T02:01:49.467+0000] {processor.py:208} INFO - Processing /home/airflow/.local/lib/python3.12/site-packages/airflow/example_dags/tutorial_taskflow_api.py took 0.062 seconds
[2026-05-27T02:02:18.995+0000] {processor.py:186} INFO - Started process (PID=72) to work on /home/airflow/.local/lib/python3.12/site-packages/airflow/example_dags/tutorial_taskflow_api.py
[2026-05-27T02:02:18.997+0000] {processor.py:914} INFO - Processing file /home/airflow/.local/lib/python3.12/site-packages/airflow/example_dags/tutorial_taskflow_api.py for tasks to queue
[2026-05-27T02:02:19.000+0000] {logging_mixin.py:190} INFO - [2026-05-27T02:02:18.999+0000] {dagbag.py:587} INFO - Filling up the DagBag from /home/airflow/.local/lib/python3.12/site-packages/airflow/example_dags/tutorial_taskflow_api.py
[2026-05-27T02:02:19.012+0000] {processor.py:925} INFO - DAG(s) 'tutorial_taskflow_api' retrieved from /home/airflow/.local/lib/python3.12/site-packages/airflow/example_dags/tutorial_taskflow_api.py
[2026-05-27T02:02:19.037+0000] {logging_mixin.py:190} INFO - [2026-05-27T02:02:19.037+0000] {dag.py:3211} INFO - Sync 1 DAGs
[2026-05-27T02:02:19.055+0000] {logging_mixin.py:190} INFO - [2026-05-27T02:02:19.055+0000] {dag.py:4138} INFO - Setting next_dagrun for tutorial_taskflow_api to None, run_after=None
[2026-05-27T02:02:19.073+0000] {processor.py:208} INFO - Processing /home/airflow/.local/lib/python3.12/site-packages/airflow/example_dags/tutorial_taskflow_api.py took 0.085 seconds
[2026-05-27T02:03:00.772+0000] {processor.py:186} INFO - Started process (PID=72) to work on /home/airflow/.local/lib/python3.12/site-packages/airflow/example_dags/tutorial_taskflow_api.py
[2026-05-27T02:03:00.774+0000] {processor.py:914} INFO - Processing file /home/airflow/.local/lib/python3.12/site-packages/airflow/example_dags/tutorial_taskflow_api.py for tasks to queue
[2026-05-27T02:03:00.776+0000] {logging_mixin.py:190} INFO - [2026-05-27T02:03:00.776+0000] {dagbag.py:587} INFO - Filling up the DagBag from /home/airflow/.local/lib/python3.12/site-packages/airflow/example_dags/tutorial_taskflow_api.py
[2026-05-27T02:03:00.786+0000] {processor.py:925} INFO - DAG(s) 'tutorial_taskflow_api' retrieved from /home/airflow/.local/lib/python3.12/site-packages/airflow/example_dags/tutorial_taskflow_api.py
[2026-05-27T02:03:00.809+0000] {logging_mixin.py:190} INFO - [2026-05-27T02:03:00.808+0000] {dag.py:3211} INFO - Sync 1 DAGs
[2026-05-27T02:03:00.822+0000] {logging_mixin.py:190} INFO - [2026-05-27T02:03:00.822+0000] {dag.py:4138} INFO - Setting next_dagrun for tutorial_taskflow_api to None, run_after=None
[2026-05-27T02:03:00.837+0000] {processor.py:208} INFO - Processing /home/airflow/.local/lib/python3.12/site-packages/airflow/example_dags/tutorial_taskflow_api.py took 0.069 seconds
