[2026-05-27T01:54:04.394+0000] {processor.py:186} INFO - Started process (PID=97) to work on /home/airflow/.local/lib/python3.12/site-packages/airflow/example_dags/tutorial.py
[2026-05-27T01:54:04.395+0000] {processor.py:914} INFO - Processing file /home/airflow/.local/lib/python3.12/site-packages/airflow/example_dags/tutorial.py for tasks to queue
[2026-05-27T01:54:04.396+0000] {logging_mixin.py:190} INFO - [2026-05-27T01:54:04.396+0000] {dagbag.py:587} INFO - Filling up the DagBag from /home/airflow/.local/lib/python3.12/site-packages/airflow/example_dags/tutorial.py
[2026-05-27T01:54:04.404+0000] {processor.py:925} INFO - DAG(s) 'tutorial' retrieved from /home/airflow/.local/lib/python3.12/site-packages/airflow/example_dags/tutorial.py
[2026-05-27T01:54:04.491+0000] {logging_mixin.py:190} INFO - [2026-05-27T01:54:04.491+0000] {override.py:1858} INFO - Created Permission View: can edit on DAG:tutorial
[2026-05-27T01:54:04.498+0000] {logging_mixin.py:190} INFO - [2026-05-27T01:54:04.498+0000] {override.py:1858} INFO - Created Permission View: can read on DAG:tutorial
[2026-05-27T01:54:04.502+0000] {logging_mixin.py:190} INFO - [2026-05-27T01:54:04.502+0000] {override.py:1858} INFO - Created Permission View: can delete on DAG:tutorial
[2026-05-27T01:54:04.503+0000] {logging_mixin.py:190} INFO - [2026-05-27T01:54:04.502+0000] {dag.py:3211} INFO - Sync 1 DAGs
[2026-05-27T01:54:04.514+0000] {logging_mixin.py:190} INFO - [2026-05-27T01:54:04.513+0000] {dag.py:3234} INFO - Creating ORM DAG for tutorial
[2026-05-27T01:54:04.520+0000] {logging_mixin.py:190} INFO - [2026-05-27T01:54:04.520+0000] {dag.py:4138} INFO - Setting next_dagrun for tutorial to 2026-05-26 00:00:00+00:00, run_after=2026-05-27 00:00:00+00:00
[2026-05-27T01:54:04.531+0000] {processor.py:208} INFO - Processing /home/airflow/.local/lib/python3.12/site-packages/airflow/example_dags/tutorial.py took 0.143 seconds
[2026-05-27T01:54:35.227+0000] {processor.py:186} INFO - Started process (PID=169) to work on /home/airflow/.local/lib/python3.12/site-packages/airflow/example_dags/tutorial.py
[2026-05-27T01:54:35.228+0000] {processor.py:914} INFO - Processing file /home/airflow/.local/lib/python3.12/site-packages/airflow/example_dags/tutorial.py for tasks to queue
[2026-05-27T01:54:35.230+0000] {logging_mixin.py:190} INFO - [2026-05-27T01:54:35.230+0000] {dagbag.py:587} INFO - Filling up the DagBag from /home/airflow/.local/lib/python3.12/site-packages/airflow/example_dags/tutorial.py
[2026-05-27T01:54:35.236+0000] {processor.py:925} INFO - DAG(s) 'tutorial' retrieved from /home/airflow/.local/lib/python3.12/site-packages/airflow/example_dags/tutorial.py
[2026-05-27T01:54:35.252+0000] {logging_mixin.py:190} INFO - [2026-05-27T01:54:35.252+0000] {dag.py:3211} INFO - Sync 1 DAGs
[2026-05-27T01:54:35.267+0000] {logging_mixin.py:190} INFO - [2026-05-27T01:54:35.267+0000] {dag.py:4138} INFO - Setting next_dagrun for tutorial to 2026-05-26 00:00:00+00:00, run_after=2026-05-27 00:00:00+00:00
[2026-05-27T01:54:35.278+0000] {processor.py:208} INFO - Processing /home/airflow/.local/lib/python3.12/site-packages/airflow/example_dags/tutorial.py took 0.055 seconds
[2026-05-27T01:55:05.472+0000] {processor.py:186} INFO - Started process (PID=234) to work on /home/airflow/.local/lib/python3.12/site-packages/airflow/example_dags/tutorial.py
[2026-05-27T01:55:05.473+0000] {processor.py:914} INFO - Processing file /home/airflow/.local/lib/python3.12/site-packages/airflow/example_dags/tutorial.py for tasks to queue
[2026-05-27T01:55:05.475+0000] {logging_mixin.py:190} INFO - [2026-05-27T01:55:05.475+0000] {dagbag.py:587} INFO - Filling up the DagBag from /home/airflow/.local/lib/python3.12/site-packages/airflow/example_dags/tutorial.py
[2026-05-27T01:55:05.480+0000] {processor.py:925} INFO - DAG(s) 'tutorial' retrieved from /home/airflow/.local/lib/python3.12/site-packages/airflow/example_dags/tutorial.py
[2026-05-27T01:55:05.496+0000] {logging_mixin.py:190} INFO - [2026-05-27T01:55:05.496+0000] {dag.py:3211} INFO - Sync 1 DAGs
[2026-05-27T01:55:05.510+0000] {logging_mixin.py:190} INFO - [2026-05-27T01:55:05.510+0000] {dag.py:4138} INFO - Setting next_dagrun for tutorial to 2026-05-26 00:00:00+00:00, run_after=2026-05-27 00:00:00+00:00
[2026-05-27T01:55:05.523+0000] {processor.py:208} INFO - Processing /home/airflow/.local/lib/python3.12/site-packages/airflow/example_dags/tutorial.py took 0.055 seconds
[2026-05-27T01:55:35.975+0000] {processor.py:186} INFO - Started process (PID=296) to work on /home/airflow/.local/lib/python3.12/site-packages/airflow/example_dags/tutorial.py
[2026-05-27T01:55:35.976+0000] {processor.py:914} INFO - Processing file /home/airflow/.local/lib/python3.12/site-packages/airflow/example_dags/tutorial.py for tasks to queue
[2026-05-27T01:55:35.978+0000] {logging_mixin.py:190} INFO - [2026-05-27T01:55:35.978+0000] {dagbag.py:587} INFO - Filling up the DagBag from /home/airflow/.local/lib/python3.12/site-packages/airflow/example_dags/tutorial.py
[2026-05-27T01:55:35.984+0000] {processor.py:925} INFO - DAG(s) 'tutorial' retrieved from /home/airflow/.local/lib/python3.12/site-packages/airflow/example_dags/tutorial.py
[2026-05-27T01:55:36.000+0000] {logging_mixin.py:190} INFO - [2026-05-27T01:55:36.000+0000] {dag.py:3211} INFO - Sync 1 DAGs
[2026-05-27T01:55:36.014+0000] {logging_mixin.py:190} INFO - [2026-05-27T01:55:36.014+0000] {dag.py:4138} INFO - Setting next_dagrun for tutorial to 2026-05-26 00:00:00+00:00, run_after=2026-05-27 00:00:00+00:00
[2026-05-27T01:55:36.025+0000] {processor.py:208} INFO - Processing /home/airflow/.local/lib/python3.12/site-packages/airflow/example_dags/tutorial.py took 0.055 seconds
[2026-05-27T01:56:06.360+0000] {processor.py:186} INFO - Started process (PID=358) to work on /home/airflow/.local/lib/python3.12/site-packages/airflow/example_dags/tutorial.py
[2026-05-27T01:56:06.361+0000] {processor.py:914} INFO - Processing file /home/airflow/.local/lib/python3.12/site-packages/airflow/example_dags/tutorial.py for tasks to queue
[2026-05-27T01:56:06.363+0000] {logging_mixin.py:190} INFO - [2026-05-27T01:56:06.362+0000] {dagbag.py:587} INFO - Filling up the DagBag from /home/airflow/.local/lib/python3.12/site-packages/airflow/example_dags/tutorial.py
[2026-05-27T01:56:06.369+0000] {processor.py:925} INFO - DAG(s) 'tutorial' retrieved from /home/airflow/.local/lib/python3.12/site-packages/airflow/example_dags/tutorial.py
[2026-05-27T01:56:06.388+0000] {logging_mixin.py:190} INFO - [2026-05-27T01:56:06.388+0000] {dag.py:3211} INFO - Sync 1 DAGs
[2026-05-27T01:56:06.405+0000] {logging_mixin.py:190} INFO - [2026-05-27T01:56:06.405+0000] {dag.py:4138} INFO - Setting next_dagrun for tutorial to 2026-05-26 00:00:00+00:00, run_after=2026-05-27 00:00:00+00:00
[2026-05-27T01:56:06.418+0000] {processor.py:208} INFO - Processing /home/airflow/.local/lib/python3.12/site-packages/airflow/example_dags/tutorial.py took 0.063 seconds
[2026-05-27T01:56:36.817+0000] {processor.py:186} INFO - Started process (PID=420) to work on /home/airflow/.local/lib/python3.12/site-packages/airflow/example_dags/tutorial.py
[2026-05-27T01:56:36.818+0000] {processor.py:914} INFO - Processing file /home/airflow/.local/lib/python3.12/site-packages/airflow/example_dags/tutorial.py for tasks to queue
[2026-05-27T01:56:36.820+0000] {logging_mixin.py:190} INFO - [2026-05-27T01:56:36.820+0000] {dagbag.py:587} INFO - Filling up the DagBag from /home/airflow/.local/lib/python3.12/site-packages/airflow/example_dags/tutorial.py
[2026-05-27T01:56:36.826+0000] {processor.py:925} INFO - DAG(s) 'tutorial' retrieved from /home/airflow/.local/lib/python3.12/site-packages/airflow/example_dags/tutorial.py
[2026-05-27T01:56:36.841+0000] {logging_mixin.py:190} INFO - [2026-05-27T01:56:36.841+0000] {dag.py:3211} INFO - Sync 1 DAGs
[2026-05-27T01:56:36.854+0000] {logging_mixin.py:190} INFO - [2026-05-27T01:56:36.854+0000] {dag.py:4138} INFO - Setting next_dagrun for tutorial to 2026-05-26 00:00:00+00:00, run_after=2026-05-27 00:00:00+00:00
[2026-05-27T01:56:36.864+0000] {processor.py:208} INFO - Processing /home/airflow/.local/lib/python3.12/site-packages/airflow/example_dags/tutorial.py took 0.052 seconds
[2026-05-27T01:57:07.252+0000] {processor.py:186} INFO - Started process (PID=482) to work on /home/airflow/.local/lib/python3.12/site-packages/airflow/example_dags/tutorial.py
[2026-05-27T01:57:07.253+0000] {processor.py:914} INFO - Processing file /home/airflow/.local/lib/python3.12/site-packages/airflow/example_dags/tutorial.py for tasks to queue
[2026-05-27T01:57:07.255+0000] {logging_mixin.py:190} INFO - [2026-05-27T01:57:07.255+0000] {dagbag.py:587} INFO - Filling up the DagBag from /home/airflow/.local/lib/python3.12/site-packages/airflow/example_dags/tutorial.py
[2026-05-27T01:57:07.260+0000] {processor.py:925} INFO - DAG(s) 'tutorial' retrieved from /home/airflow/.local/lib/python3.12/site-packages/airflow/example_dags/tutorial.py
[2026-05-27T01:57:07.276+0000] {logging_mixin.py:190} INFO - [2026-05-27T01:57:07.275+0000] {dag.py:3211} INFO - Sync 1 DAGs
[2026-05-27T01:57:07.289+0000] {logging_mixin.py:190} INFO - [2026-05-27T01:57:07.289+0000] {dag.py:4138} INFO - Setting next_dagrun for tutorial to 2026-05-26 00:00:00+00:00, run_after=2026-05-27 00:00:00+00:00
[2026-05-27T01:57:07.300+0000] {processor.py:208} INFO - Processing /home/airflow/.local/lib/python3.12/site-packages/airflow/example_dags/tutorial.py took 0.052 seconds
[2026-05-27T01:57:37.746+0000] {processor.py:186} INFO - Started process (PID=544) to work on /home/airflow/.local/lib/python3.12/site-packages/airflow/example_dags/tutorial.py
[2026-05-27T01:57:37.747+0000] {processor.py:914} INFO - Processing file /home/airflow/.local/lib/python3.12/site-packages/airflow/example_dags/tutorial.py for tasks to queue
[2026-05-27T01:57:37.749+0000] {logging_mixin.py:190} INFO - [2026-05-27T01:57:37.748+0000] {dagbag.py:587} INFO - Filling up the DagBag from /home/airflow/.local/lib/python3.12/site-packages/airflow/example_dags/tutorial.py
[2026-05-27T01:57:37.755+0000] {processor.py:925} INFO - DAG(s) 'tutorial' retrieved from /home/airflow/.local/lib/python3.12/site-packages/airflow/example_dags/tutorial.py
[2026-05-27T01:57:37.770+0000] {logging_mixin.py:190} INFO - [2026-05-27T01:57:37.770+0000] {dag.py:3211} INFO - Sync 1 DAGs
[2026-05-27T01:57:37.783+0000] {logging_mixin.py:190} INFO - [2026-05-27T01:57:37.783+0000] {dag.py:4138} INFO - Setting next_dagrun for tutorial to 2026-05-26 00:00:00+00:00, run_after=2026-05-27 00:00:00+00:00
[2026-05-27T01:57:37.795+0000] {processor.py:208} INFO - Processing /home/airflow/.local/lib/python3.12/site-packages/airflow/example_dags/tutorial.py took 0.053 seconds
[2026-05-27T01:58:08.252+0000] {processor.py:186} INFO - Started process (PID=606) to work on /home/airflow/.local/lib/python3.12/site-packages/airflow/example_dags/tutorial.py
[2026-05-27T01:58:08.252+0000] {processor.py:914} INFO - Processing file /home/airflow/.local/lib/python3.12/site-packages/airflow/example_dags/tutorial.py for tasks to queue
[2026-05-27T01:58:08.254+0000] {logging_mixin.py:190} INFO - [2026-05-27T01:58:08.254+0000] {dagbag.py:587} INFO - Filling up the DagBag from /home/airflow/.local/lib/python3.12/site-packages/airflow/example_dags/tutorial.py
[2026-05-27T01:58:08.263+0000] {processor.py:925} INFO - DAG(s) 'tutorial' retrieved from /home/airflow/.local/lib/python3.12/site-packages/airflow/example_dags/tutorial.py
[2026-05-27T01:58:08.284+0000] {logging_mixin.py:190} INFO - [2026-05-27T01:58:08.284+0000] {dag.py:3211} INFO - Sync 1 DAGs
[2026-05-27T01:58:08.298+0000] {logging_mixin.py:190} INFO - [2026-05-27T01:58:08.298+0000] {dag.py:4138} INFO - Setting next_dagrun for tutorial to 2026-05-26 00:00:00+00:00, run_after=2026-05-27 00:00:00+00:00
[2026-05-27T01:58:08.308+0000] {processor.py:208} INFO - Processing /home/airflow/.local/lib/python3.12/site-packages/airflow/example_dags/tutorial.py took 0.065 seconds
[2026-05-27T01:59:14.777+0000] {processor.py:186} INFO - Started process (PID=100) to work on /home/airflow/.local/lib/python3.12/site-packages/airflow/example_dags/tutorial.py
[2026-05-27T01:59:14.778+0000] {processor.py:914} INFO - Processing file /home/airflow/.local/lib/python3.12/site-packages/airflow/example_dags/tutorial.py for tasks to queue
[2026-05-27T01:59:14.780+0000] {logging_mixin.py:190} INFO - [2026-05-27T01:59:14.780+0000] {dagbag.py:587} INFO - Filling up the DagBag from /home/airflow/.local/lib/python3.12/site-packages/airflow/example_dags/tutorial.py
[2026-05-27T01:59:14.788+0000] {processor.py:925} INFO - DAG(s) 'tutorial' retrieved from /home/airflow/.local/lib/python3.12/site-packages/airflow/example_dags/tutorial.py
[2026-05-27T01:59:14.804+0000] {logging_mixin.py:190} INFO - [2026-05-27T01:59:14.804+0000] {dag.py:3211} INFO - Sync 1 DAGs
[2026-05-27T01:59:14.819+0000] {logging_mixin.py:190} INFO - [2026-05-27T01:59:14.819+0000] {dag.py:4138} INFO - Setting next_dagrun for tutorial to 2026-05-26 00:00:00+00:00, run_after=2026-05-27 00:00:00+00:00
[2026-05-27T01:59:14.831+0000] {processor.py:208} INFO - Processing /home/airflow/.local/lib/python3.12/site-packages/airflow/example_dags/tutorial.py took 0.059 seconds
[2026-05-27T01:59:45.132+0000] {processor.py:186} INFO - Started process (PID=198) to work on /home/airflow/.local/lib/python3.12/site-packages/airflow/example_dags/tutorial.py
[2026-05-27T01:59:45.133+0000] {processor.py:914} INFO - Processing file /home/airflow/.local/lib/python3.12/site-packages/airflow/example_dags/tutorial.py for tasks to queue
[2026-05-27T01:59:45.135+0000] {logging_mixin.py:190} INFO - [2026-05-27T01:59:45.134+0000] {dagbag.py:587} INFO - Filling up the DagBag from /home/airflow/.local/lib/python3.12/site-packages/airflow/example_dags/tutorial.py
[2026-05-27T01:59:45.141+0000] {processor.py:925} INFO - DAG(s) 'tutorial' retrieved from /home/airflow/.local/lib/python3.12/site-packages/airflow/example_dags/tutorial.py
[2026-05-27T01:59:45.157+0000] {logging_mixin.py:190} INFO - [2026-05-27T01:59:45.157+0000] {dag.py:3211} INFO - Sync 1 DAGs
[2026-05-27T01:59:45.174+0000] {logging_mixin.py:190} INFO - [2026-05-27T01:59:45.174+0000] {dag.py:4138} INFO - Setting next_dagrun for tutorial to 2026-05-26 00:00:00+00:00, run_after=2026-05-27 00:00:00+00:00
[2026-05-27T01:59:45.184+0000] {processor.py:208} INFO - Processing /home/airflow/.local/lib/python3.12/site-packages/airflow/example_dags/tutorial.py took 0.057 seconds
[2026-05-27T02:00:15.868+0000] {processor.py:186} INFO - Started process (PID=261) to work on /home/airflow/.local/lib/python3.12/site-packages/airflow/example_dags/tutorial.py
[2026-05-27T02:00:15.869+0000] {processor.py:914} INFO - Processing file /home/airflow/.local/lib/python3.12/site-packages/airflow/example_dags/tutorial.py for tasks to queue
[2026-05-27T02:00:15.872+0000] {logging_mixin.py:190} INFO - [2026-05-27T02:00:15.872+0000] {dagbag.py:587} INFO - Filling up the DagBag from /home/airflow/.local/lib/python3.12/site-packages/airflow/example_dags/tutorial.py
[2026-05-27T02:00:15.881+0000] {processor.py:925} INFO - DAG(s) 'tutorial' retrieved from /home/airflow/.local/lib/python3.12/site-packages/airflow/example_dags/tutorial.py
[2026-05-27T02:00:15.899+0000] {logging_mixin.py:190} INFO - [2026-05-27T02:00:15.899+0000] {dag.py:3211} INFO - Sync 1 DAGs
[2026-05-27T02:00:15.917+0000] {logging_mixin.py:190} INFO - [2026-05-27T02:00:15.916+0000] {dag.py:4138} INFO - Setting next_dagrun for tutorial to 2026-05-26 00:00:00+00:00, run_after=2026-05-27 00:00:00+00:00
[2026-05-27T02:00:15.933+0000] {processor.py:208} INFO - Processing /home/airflow/.local/lib/python3.12/site-packages/airflow/example_dags/tutorial.py took 0.070 seconds
[2026-05-27T02:00:46.230+0000] {processor.py:186} INFO - Started process (PID=329) to work on /home/airflow/.local/lib/python3.12/site-packages/airflow/example_dags/tutorial.py
[2026-05-27T02:00:46.230+0000] {processor.py:914} INFO - Processing file /home/airflow/.local/lib/python3.12/site-packages/airflow/example_dags/tutorial.py for tasks to queue
[2026-05-27T02:00:46.232+0000] {logging_mixin.py:190} INFO - [2026-05-27T02:00:46.232+0000] {dagbag.py:587} INFO - Filling up the DagBag from /home/airflow/.local/lib/python3.12/site-packages/airflow/example_dags/tutorial.py
[2026-05-27T02:00:46.239+0000] {processor.py:925} INFO - DAG(s) 'tutorial' retrieved from /home/airflow/.local/lib/python3.12/site-packages/airflow/example_dags/tutorial.py
[2026-05-27T02:00:46.254+0000] {logging_mixin.py:190} INFO - [2026-05-27T02:00:46.253+0000] {dag.py:3211} INFO - Sync 1 DAGs
[2026-05-27T02:00:46.270+0000] {logging_mixin.py:190} INFO - [2026-05-27T02:00:46.269+0000] {dag.py:4138} INFO - Setting next_dagrun for tutorial to 2026-05-26 00:00:00+00:00, run_after=2026-05-27 00:00:00+00:00
[2026-05-27T02:00:46.281+0000] {processor.py:208} INFO - Processing /home/airflow/.local/lib/python3.12/site-packages/airflow/example_dags/tutorial.py took 0.056 seconds
[2026-05-27T02:01:16.376+0000] {processor.py:186} INFO - Started process (PID=391) to work on /home/airflow/.local/lib/python3.12/site-packages/airflow/example_dags/tutorial.py
[2026-05-27T02:01:16.377+0000] {processor.py:914} INFO - Processing file /home/airflow/.local/lib/python3.12/site-packages/airflow/example_dags/tutorial.py for tasks to queue
[2026-05-27T02:01:16.379+0000] {logging_mixin.py:190} INFO - [2026-05-27T02:01:16.379+0000] {dagbag.py:587} INFO - Filling up the DagBag from /home/airflow/.local/lib/python3.12/site-packages/airflow/example_dags/tutorial.py
[2026-05-27T02:01:16.386+0000] {processor.py:925} INFO - DAG(s) 'tutorial' retrieved from /home/airflow/.local/lib/python3.12/site-packages/airflow/example_dags/tutorial.py
[2026-05-27T02:01:16.401+0000] {logging_mixin.py:190} INFO - [2026-05-27T02:01:16.401+0000] {dag.py:3211} INFO - Sync 1 DAGs
[2026-05-27T02:01:16.415+0000] {logging_mixin.py:190} INFO - [2026-05-27T02:01:16.415+0000] {dag.py:4138} INFO - Setting next_dagrun for tutorial to 2026-05-26 00:00:00+00:00, run_after=2026-05-27 00:00:00+00:00
[2026-05-27T02:01:16.426+0000] {processor.py:208} INFO - Processing /home/airflow/.local/lib/python3.12/site-packages/airflow/example_dags/tutorial.py took 0.055 seconds
[2026-05-27T02:01:49.964+0000] {processor.py:186} INFO - Started process (PID=85) to work on /home/airflow/.local/lib/python3.12/site-packages/airflow/example_dags/tutorial.py
[2026-05-27T02:01:49.965+0000] {processor.py:914} INFO - Processing file /home/airflow/.local/lib/python3.12/site-packages/airflow/example_dags/tutorial.py for tasks to queue
[2026-05-27T02:01:49.968+0000] {logging_mixin.py:190} INFO - [2026-05-27T02:01:49.968+0000] {dagbag.py:587} INFO - Filling up the DagBag from /home/airflow/.local/lib/python3.12/site-packages/airflow/example_dags/tutorial.py
[2026-05-27T02:01:49.976+0000] {processor.py:925} INFO - DAG(s) 'tutorial' retrieved from /home/airflow/.local/lib/python3.12/site-packages/airflow/example_dags/tutorial.py
[2026-05-27T02:01:49.999+0000] {logging_mixin.py:190} INFO - [2026-05-27T02:01:49.999+0000] {dag.py:3211} INFO - Sync 1 DAGs
[2026-05-27T02:01:50.017+0000] {logging_mixin.py:190} INFO - [2026-05-27T02:01:50.016+0000] {dag.py:4138} INFO - Setting next_dagrun for tutorial to 2026-05-26 00:00:00+00:00, run_after=2026-05-27 00:00:00+00:00
[2026-05-27T02:01:50.029+0000] {processor.py:208} INFO - Processing /home/airflow/.local/lib/python3.12/site-packages/airflow/example_dags/tutorial.py took 0.070 seconds
[2026-05-27T02:02:19.827+0000] {processor.py:186} INFO - Started process (PID=85) to work on /home/airflow/.local/lib/python3.12/site-packages/airflow/example_dags/tutorial.py
[2026-05-27T02:02:19.829+0000] {processor.py:914} INFO - Processing file /home/airflow/.local/lib/python3.12/site-packages/airflow/example_dags/tutorial.py for tasks to queue
[2026-05-27T02:02:19.833+0000] {logging_mixin.py:190} INFO - [2026-05-27T02:02:19.832+0000] {dagbag.py:587} INFO - Filling up the DagBag from /home/airflow/.local/lib/python3.12/site-packages/airflow/example_dags/tutorial.py
[2026-05-27T02:02:19.845+0000] {processor.py:925} INFO - DAG(s) 'tutorial' retrieved from /home/airflow/.local/lib/python3.12/site-packages/airflow/example_dags/tutorial.py
[2026-05-27T02:02:19.866+0000] {logging_mixin.py:190} INFO - [2026-05-27T02:02:19.866+0000] {dag.py:3211} INFO - Sync 1 DAGs
[2026-05-27T02:02:19.885+0000] {logging_mixin.py:190} INFO - [2026-05-27T02:02:19.885+0000] {dag.py:4138} INFO - Setting next_dagrun for tutorial to 2026-05-26 00:00:00+00:00, run_after=2026-05-27 00:00:00+00:00
[2026-05-27T02:02:19.900+0000] {processor.py:208} INFO - Processing /home/airflow/.local/lib/python3.12/site-packages/airflow/example_dags/tutorial.py took 0.082 seconds
[2026-05-27T02:03:01.397+0000] {processor.py:186} INFO - Started process (PID=85) to work on /home/airflow/.local/lib/python3.12/site-packages/airflow/example_dags/tutorial.py
[2026-05-27T02:03:01.398+0000] {processor.py:914} INFO - Processing file /home/airflow/.local/lib/python3.12/site-packages/airflow/example_dags/tutorial.py for tasks to queue
[2026-05-27T02:03:01.400+0000] {logging_mixin.py:190} INFO - [2026-05-27T02:03:01.400+0000] {dagbag.py:587} INFO - Filling up the DagBag from /home/airflow/.local/lib/python3.12/site-packages/airflow/example_dags/tutorial.py
[2026-05-27T02:03:01.406+0000] {processor.py:925} INFO - DAG(s) 'tutorial' retrieved from /home/airflow/.local/lib/python3.12/site-packages/airflow/example_dags/tutorial.py
[2026-05-27T02:03:01.425+0000] {logging_mixin.py:190} INFO - [2026-05-27T02:03:01.425+0000] {dag.py:3211} INFO - Sync 1 DAGs
[2026-05-27T02:03:01.443+0000] {logging_mixin.py:190} INFO - [2026-05-27T02:03:01.442+0000] {dag.py:4138} INFO - Setting next_dagrun for tutorial to 2026-05-26 00:00:00+00:00, run_after=2026-05-27 00:00:00+00:00
[2026-05-27T02:03:01.456+0000] {processor.py:208} INFO - Processing /home/airflow/.local/lib/python3.12/site-packages/airflow/example_dags/tutorial.py took 0.065 seconds
