[2026-05-27T01:54:03.173+0000] {processor.py:186} INFO - Started process (PID=77) to work on /home/airflow/.local/lib/python3.12/site-packages/airflow/example_dags/tutorial_dag.py
[2026-05-27T01:54:03.174+0000] {processor.py:914} INFO - Processing file /home/airflow/.local/lib/python3.12/site-packages/airflow/example_dags/tutorial_dag.py for tasks to queue
[2026-05-27T01:54:03.176+0000] {logging_mixin.py:190} INFO - [2026-05-27T01:54:03.176+0000] {dagbag.py:587} INFO - Filling up the DagBag from /home/airflow/.local/lib/python3.12/site-packages/airflow/example_dags/tutorial_dag.py
[2026-05-27T01:54:03.184+0000] {processor.py:925} INFO - DAG(s) 'tutorial_dag' retrieved from /home/airflow/.local/lib/python3.12/site-packages/airflow/example_dags/tutorial_dag.py
[2026-05-27T01:54:03.276+0000] {logging_mixin.py:190} INFO - [2026-05-27T01:54:03.275+0000] {override.py:1858} INFO - Created Permission View: can edit on DAG:tutorial_dag
[2026-05-27T01:54:03.282+0000] {logging_mixin.py:190} INFO - [2026-05-27T01:54:03.282+0000] {override.py:1858} INFO - Created Permission View: can read on DAG:tutorial_dag
[2026-05-27T01:54:03.286+0000] {logging_mixin.py:190} INFO - [2026-05-27T01:54:03.286+0000] {override.py:1858} INFO - Created Permission View: can delete on DAG:tutorial_dag
[2026-05-27T01:54:03.286+0000] {logging_mixin.py:190} INFO - [2026-05-27T01:54:03.286+0000] {dag.py:3211} INFO - Sync 1 DAGs
[2026-05-27T01:54:03.295+0000] {logging_mixin.py:190} INFO - [2026-05-27T01:54:03.295+0000] {dag.py:3234} INFO - Creating ORM DAG for tutorial_dag
[2026-05-27T01:54:03.296+0000] {logging_mixin.py:190} INFO - [2026-05-27T01:54:03.296+0000] {dag.py:4138} INFO - Setting next_dagrun for tutorial_dag to None, run_after=None
[2026-05-27T01:54:03.308+0000] {processor.py:208} INFO - Processing /home/airflow/.local/lib/python3.12/site-packages/airflow/example_dags/tutorial_dag.py took 0.140 seconds
[2026-05-27T01:54:33.482+0000] {processor.py:186} INFO - Started process (PID=150) to work on /home/airflow/.local/lib/python3.12/site-packages/airflow/example_dags/tutorial_dag.py
[2026-05-27T01:54:33.483+0000] {processor.py:914} INFO - Processing file /home/airflow/.local/lib/python3.12/site-packages/airflow/example_dags/tutorial_dag.py for tasks to queue
[2026-05-27T01:54:33.485+0000] {logging_mixin.py:190} INFO - [2026-05-27T01:54:33.485+0000] {dagbag.py:587} INFO - Filling up the DagBag from /home/airflow/.local/lib/python3.12/site-packages/airflow/example_dags/tutorial_dag.py
[2026-05-27T01:54:33.492+0000] {processor.py:925} INFO - DAG(s) 'tutorial_dag' retrieved from /home/airflow/.local/lib/python3.12/site-packages/airflow/example_dags/tutorial_dag.py
[2026-05-27T01:54:33.516+0000] {logging_mixin.py:190} INFO - [2026-05-27T01:54:33.515+0000] {dag.py:3211} INFO - Sync 1 DAGs
[2026-05-27T01:54:33.530+0000] {logging_mixin.py:190} INFO - [2026-05-27T01:54:33.529+0000] {dag.py:4138} INFO - Setting next_dagrun for tutorial_dag to None, run_after=None
[2026-05-27T01:54:33.544+0000] {processor.py:208} INFO - Processing /home/airflow/.local/lib/python3.12/site-packages/airflow/example_dags/tutorial_dag.py took 0.068 seconds
[2026-05-27T01:55:03.771+0000] {processor.py:186} INFO - Started process (PID=220) to work on /home/airflow/.local/lib/python3.12/site-packages/airflow/example_dags/tutorial_dag.py
[2026-05-27T01:55:03.771+0000] {processor.py:914} INFO - Processing file /home/airflow/.local/lib/python3.12/site-packages/airflow/example_dags/tutorial_dag.py for tasks to queue
[2026-05-27T01:55:03.773+0000] {logging_mixin.py:190} INFO - [2026-05-27T01:55:03.773+0000] {dagbag.py:587} INFO - Filling up the DagBag from /home/airflow/.local/lib/python3.12/site-packages/airflow/example_dags/tutorial_dag.py
[2026-05-27T01:55:03.778+0000] {processor.py:925} INFO - DAG(s) 'tutorial_dag' retrieved from /home/airflow/.local/lib/python3.12/site-packages/airflow/example_dags/tutorial_dag.py
[2026-05-27T01:55:03.793+0000] {logging_mixin.py:190} INFO - [2026-05-27T01:55:03.793+0000] {dag.py:3211} INFO - Sync 1 DAGs
[2026-05-27T01:55:03.806+0000] {logging_mixin.py:190} INFO - [2026-05-27T01:55:03.805+0000] {dag.py:4138} INFO - Setting next_dagrun for tutorial_dag to None, run_after=None
[2026-05-27T01:55:03.817+0000] {processor.py:208} INFO - Processing /home/airflow/.local/lib/python3.12/site-packages/airflow/example_dags/tutorial_dag.py took 0.051 seconds
[2026-05-27T01:55:34.157+0000] {processor.py:186} INFO - Started process (PID=282) to work on /home/airflow/.local/lib/python3.12/site-packages/airflow/example_dags/tutorial_dag.py
[2026-05-27T01:55:34.159+0000] {processor.py:914} INFO - Processing file /home/airflow/.local/lib/python3.12/site-packages/airflow/example_dags/tutorial_dag.py for tasks to queue
[2026-05-27T01:55:34.161+0000] {logging_mixin.py:190} INFO - [2026-05-27T01:55:34.161+0000] {dagbag.py:587} INFO - Filling up the DagBag from /home/airflow/.local/lib/python3.12/site-packages/airflow/example_dags/tutorial_dag.py
[2026-05-27T01:55:34.167+0000] {processor.py:925} INFO - DAG(s) 'tutorial_dag' retrieved from /home/airflow/.local/lib/python3.12/site-packages/airflow/example_dags/tutorial_dag.py
[2026-05-27T01:55:34.185+0000] {logging_mixin.py:190} INFO - [2026-05-27T01:55:34.185+0000] {dag.py:3211} INFO - Sync 1 DAGs
[2026-05-27T01:55:34.197+0000] {logging_mixin.py:190} INFO - [2026-05-27T01:55:34.196+0000] {dag.py:4138} INFO - Setting next_dagrun for tutorial_dag to None, run_after=None
[2026-05-27T01:55:34.210+0000] {processor.py:208} INFO - Processing /home/airflow/.local/lib/python3.12/site-packages/airflow/example_dags/tutorial_dag.py took 0.059 seconds
[2026-05-27T01:56:04.533+0000] {processor.py:186} INFO - Started process (PID=344) to work on /home/airflow/.local/lib/python3.12/site-packages/airflow/example_dags/tutorial_dag.py
[2026-05-27T01:56:04.534+0000] {processor.py:914} INFO - Processing file /home/airflow/.local/lib/python3.12/site-packages/airflow/example_dags/tutorial_dag.py for tasks to queue
[2026-05-27T01:56:04.536+0000] {logging_mixin.py:190} INFO - [2026-05-27T01:56:04.535+0000] {dagbag.py:587} INFO - Filling up the DagBag from /home/airflow/.local/lib/python3.12/site-packages/airflow/example_dags/tutorial_dag.py
[2026-05-27T01:56:04.541+0000] {processor.py:925} INFO - DAG(s) 'tutorial_dag' retrieved from /home/airflow/.local/lib/python3.12/site-packages/airflow/example_dags/tutorial_dag.py
[2026-05-27T01:56:04.555+0000] {logging_mixin.py:190} INFO - [2026-05-27T01:56:04.555+0000] {dag.py:3211} INFO - Sync 1 DAGs
[2026-05-27T01:56:04.564+0000] {logging_mixin.py:190} INFO - [2026-05-27T01:56:04.563+0000] {dag.py:4138} INFO - Setting next_dagrun for tutorial_dag to None, run_after=None
[2026-05-27T01:56:04.574+0000] {processor.py:208} INFO - Processing /home/airflow/.local/lib/python3.12/site-packages/airflow/example_dags/tutorial_dag.py took 0.046 seconds
[2026-05-27T01:56:35.064+0000] {processor.py:186} INFO - Started process (PID=406) to work on /home/airflow/.local/lib/python3.12/site-packages/airflow/example_dags/tutorial_dag.py
[2026-05-27T01:56:35.065+0000] {processor.py:914} INFO - Processing file /home/airflow/.local/lib/python3.12/site-packages/airflow/example_dags/tutorial_dag.py for tasks to queue
[2026-05-27T01:56:35.066+0000] {logging_mixin.py:190} INFO - [2026-05-27T01:56:35.066+0000] {dagbag.py:587} INFO - Filling up the DagBag from /home/airflow/.local/lib/python3.12/site-packages/airflow/example_dags/tutorial_dag.py
[2026-05-27T01:56:35.072+0000] {processor.py:925} INFO - DAG(s) 'tutorial_dag' retrieved from /home/airflow/.local/lib/python3.12/site-packages/airflow/example_dags/tutorial_dag.py
[2026-05-27T01:56:35.087+0000] {logging_mixin.py:190} INFO - [2026-05-27T01:56:35.087+0000] {dag.py:3211} INFO - Sync 1 DAGs
[2026-05-27T01:56:35.096+0000] {logging_mixin.py:190} INFO - [2026-05-27T01:56:35.096+0000] {dag.py:4138} INFO - Setting next_dagrun for tutorial_dag to None, run_after=None
[2026-05-27T01:56:35.107+0000] {processor.py:208} INFO - Processing /home/airflow/.local/lib/python3.12/site-packages/airflow/example_dags/tutorial_dag.py took 0.048 seconds
[2026-05-27T01:57:05.374+0000] {processor.py:186} INFO - Started process (PID=468) to work on /home/airflow/.local/lib/python3.12/site-packages/airflow/example_dags/tutorial_dag.py
[2026-05-27T01:57:05.375+0000] {processor.py:914} INFO - Processing file /home/airflow/.local/lib/python3.12/site-packages/airflow/example_dags/tutorial_dag.py for tasks to queue
[2026-05-27T01:57:05.377+0000] {logging_mixin.py:190} INFO - [2026-05-27T01:57:05.376+0000] {dagbag.py:587} INFO - Filling up the DagBag from /home/airflow/.local/lib/python3.12/site-packages/airflow/example_dags/tutorial_dag.py
[2026-05-27T01:57:05.382+0000] {processor.py:925} INFO - DAG(s) 'tutorial_dag' retrieved from /home/airflow/.local/lib/python3.12/site-packages/airflow/example_dags/tutorial_dag.py
[2026-05-27T01:57:05.397+0000] {logging_mixin.py:190} INFO - [2026-05-27T01:57:05.397+0000] {dag.py:3211} INFO - Sync 1 DAGs
[2026-05-27T01:57:05.410+0000] {logging_mixin.py:190} INFO - [2026-05-27T01:57:05.410+0000] {dag.py:4138} INFO - Setting next_dagrun for tutorial_dag to None, run_after=None
[2026-05-27T01:57:05.422+0000] {processor.py:208} INFO - Processing /home/airflow/.local/lib/python3.12/site-packages/airflow/example_dags/tutorial_dag.py took 0.053 seconds
[2026-05-27T01:57:35.994+0000] {processor.py:186} INFO - Started process (PID=530) to work on /home/airflow/.local/lib/python3.12/site-packages/airflow/example_dags/tutorial_dag.py
[2026-05-27T01:57:35.995+0000] {processor.py:914} INFO - Processing file /home/airflow/.local/lib/python3.12/site-packages/airflow/example_dags/tutorial_dag.py for tasks to queue
[2026-05-27T01:57:35.996+0000] {logging_mixin.py:190} INFO - [2026-05-27T01:57:35.996+0000] {dagbag.py:587} INFO - Filling up the DagBag from /home/airflow/.local/lib/python3.12/site-packages/airflow/example_dags/tutorial_dag.py
[2026-05-27T01:57:36.002+0000] {processor.py:925} INFO - DAG(s) 'tutorial_dag' retrieved from /home/airflow/.local/lib/python3.12/site-packages/airflow/example_dags/tutorial_dag.py
[2026-05-27T01:57:36.016+0000] {logging_mixin.py:190} INFO - [2026-05-27T01:57:36.016+0000] {dag.py:3211} INFO - Sync 1 DAGs
[2026-05-27T01:57:36.026+0000] {logging_mixin.py:190} INFO - [2026-05-27T01:57:36.026+0000] {dag.py:4138} INFO - Setting next_dagrun for tutorial_dag to None, run_after=None
[2026-05-27T01:57:36.036+0000] {processor.py:208} INFO - Processing /home/airflow/.local/lib/python3.12/site-packages/airflow/example_dags/tutorial_dag.py took 0.046 seconds
[2026-05-27T01:58:06.499+0000] {processor.py:186} INFO - Started process (PID=592) to work on /home/airflow/.local/lib/python3.12/site-packages/airflow/example_dags/tutorial_dag.py
[2026-05-27T01:58:06.499+0000] {processor.py:914} INFO - Processing file /home/airflow/.local/lib/python3.12/site-packages/airflow/example_dags/tutorial_dag.py for tasks to queue
[2026-05-27T01:58:06.501+0000] {logging_mixin.py:190} INFO - [2026-05-27T01:58:06.501+0000] {dagbag.py:587} INFO - Filling up the DagBag from /home/airflow/.local/lib/python3.12/site-packages/airflow/example_dags/tutorial_dag.py
[2026-05-27T01:58:06.506+0000] {processor.py:925} INFO - DAG(s) 'tutorial_dag' retrieved from /home/airflow/.local/lib/python3.12/site-packages/airflow/example_dags/tutorial_dag.py
[2026-05-27T01:58:06.520+0000] {logging_mixin.py:190} INFO - [2026-05-27T01:58:06.520+0000] {dag.py:3211} INFO - Sync 1 DAGs
[2026-05-27T01:58:06.528+0000] {logging_mixin.py:190} INFO - [2026-05-27T01:58:06.528+0000] {dag.py:4138} INFO - Setting next_dagrun for tutorial_dag to None, run_after=None
[2026-05-27T01:58:06.538+0000] {processor.py:208} INFO - Processing /home/airflow/.local/lib/python3.12/site-packages/airflow/example_dags/tutorial_dag.py took 0.043 seconds
[2026-05-27T01:59:14.088+0000] {processor.py:186} INFO - Started process (PID=86) to work on /home/airflow/.local/lib/python3.12/site-packages/airflow/example_dags/tutorial_dag.py
[2026-05-27T01:59:14.090+0000] {processor.py:914} INFO - Processing file /home/airflow/.local/lib/python3.12/site-packages/airflow/example_dags/tutorial_dag.py for tasks to queue
[2026-05-27T01:59:14.094+0000] {logging_mixin.py:190} INFO - [2026-05-27T01:59:14.094+0000] {dagbag.py:587} INFO - Filling up the DagBag from /home/airflow/.local/lib/python3.12/site-packages/airflow/example_dags/tutorial_dag.py
[2026-05-27T01:59:14.102+0000] {processor.py:925} INFO - DAG(s) 'tutorial_dag' retrieved from /home/airflow/.local/lib/python3.12/site-packages/airflow/example_dags/tutorial_dag.py
[2026-05-27T01:59:14.125+0000] {logging_mixin.py:190} INFO - [2026-05-27T01:59:14.125+0000] {dag.py:3211} INFO - Sync 1 DAGs
[2026-05-27T01:59:14.142+0000] {logging_mixin.py:190} INFO - [2026-05-27T01:59:14.142+0000] {dag.py:4138} INFO - Setting next_dagrun for tutorial_dag to None, run_after=None
[2026-05-27T01:59:14.160+0000] {processor.py:208} INFO - Processing /home/airflow/.local/lib/python3.12/site-packages/airflow/example_dags/tutorial_dag.py took 0.078 seconds
[2026-05-27T01:59:44.429+0000] {processor.py:186} INFO - Started process (PID=184) to work on /home/airflow/.local/lib/python3.12/site-packages/airflow/example_dags/tutorial_dag.py
[2026-05-27T01:59:44.429+0000] {processor.py:914} INFO - Processing file /home/airflow/.local/lib/python3.12/site-packages/airflow/example_dags/tutorial_dag.py for tasks to queue
[2026-05-27T01:59:44.432+0000] {logging_mixin.py:190} INFO - [2026-05-27T01:59:44.431+0000] {dagbag.py:587} INFO - Filling up the DagBag from /home/airflow/.local/lib/python3.12/site-packages/airflow/example_dags/tutorial_dag.py
[2026-05-27T01:59:44.437+0000] {processor.py:925} INFO - DAG(s) 'tutorial_dag' retrieved from /home/airflow/.local/lib/python3.12/site-packages/airflow/example_dags/tutorial_dag.py
[2026-05-27T01:59:44.452+0000] {logging_mixin.py:190} INFO - [2026-05-27T01:59:44.452+0000] {dag.py:3211} INFO - Sync 1 DAGs
[2026-05-27T01:59:44.461+0000] {logging_mixin.py:190} INFO - [2026-05-27T01:59:44.461+0000] {dag.py:4138} INFO - Setting next_dagrun for tutorial_dag to None, run_after=None
[2026-05-27T01:59:44.472+0000] {processor.py:208} INFO - Processing /home/airflow/.local/lib/python3.12/site-packages/airflow/example_dags/tutorial_dag.py took 0.048 seconds
[2026-05-27T02:00:14.921+0000] {processor.py:186} INFO - Started process (PID=247) to work on /home/airflow/.local/lib/python3.12/site-packages/airflow/example_dags/tutorial_dag.py
[2026-05-27T02:00:14.922+0000] {processor.py:914} INFO - Processing file /home/airflow/.local/lib/python3.12/site-packages/airflow/example_dags/tutorial_dag.py for tasks to queue
[2026-05-27T02:00:14.923+0000] {logging_mixin.py:190} INFO - [2026-05-27T02:00:14.923+0000] {dagbag.py:587} INFO - Filling up the DagBag from /home/airflow/.local/lib/python3.12/site-packages/airflow/example_dags/tutorial_dag.py
[2026-05-27T02:00:14.930+0000] {processor.py:925} INFO - DAG(s) 'tutorial_dag' retrieved from /home/airflow/.local/lib/python3.12/site-packages/airflow/example_dags/tutorial_dag.py
[2026-05-27T02:00:14.950+0000] {logging_mixin.py:190} INFO - [2026-05-27T02:00:14.950+0000] {dag.py:3211} INFO - Sync 1 DAGs
[2026-05-27T02:00:14.964+0000] {logging_mixin.py:190} INFO - [2026-05-27T02:00:14.964+0000] {dag.py:4138} INFO - Setting next_dagrun for tutorial_dag to None, run_after=None
[2026-05-27T02:00:14.982+0000] {processor.py:208} INFO - Processing /home/airflow/.local/lib/python3.12/site-packages/airflow/example_dags/tutorial_dag.py took 0.066 seconds
[2026-05-27T02:00:45.509+0000] {processor.py:186} INFO - Started process (PID=309) to work on /home/airflow/.local/lib/python3.12/site-packages/airflow/example_dags/tutorial_dag.py
[2026-05-27T02:00:45.510+0000] {processor.py:914} INFO - Processing file /home/airflow/.local/lib/python3.12/site-packages/airflow/example_dags/tutorial_dag.py for tasks to queue
[2026-05-27T02:00:45.512+0000] {logging_mixin.py:190} INFO - [2026-05-27T02:00:45.512+0000] {dagbag.py:587} INFO - Filling up the DagBag from /home/airflow/.local/lib/python3.12/site-packages/airflow/example_dags/tutorial_dag.py
[2026-05-27T02:00:45.518+0000] {processor.py:925} INFO - DAG(s) 'tutorial_dag' retrieved from /home/airflow/.local/lib/python3.12/site-packages/airflow/example_dags/tutorial_dag.py
[2026-05-27T02:00:45.534+0000] {logging_mixin.py:190} INFO - [2026-05-27T02:00:45.533+0000] {dag.py:3211} INFO - Sync 1 DAGs
[2026-05-27T02:00:45.544+0000] {logging_mixin.py:190} INFO - [2026-05-27T02:00:45.543+0000] {dag.py:4138} INFO - Setting next_dagrun for tutorial_dag to None, run_after=None
[2026-05-27T02:00:45.554+0000] {processor.py:208} INFO - Processing /home/airflow/.local/lib/python3.12/site-packages/airflow/example_dags/tutorial_dag.py took 0.050 seconds
[2026-05-27T02:01:15.694+0000] {processor.py:186} INFO - Started process (PID=370) to work on /home/airflow/.local/lib/python3.12/site-packages/airflow/example_dags/tutorial_dag.py
[2026-05-27T02:01:15.696+0000] {processor.py:914} INFO - Processing file /home/airflow/.local/lib/python3.12/site-packages/airflow/example_dags/tutorial_dag.py for tasks to queue
[2026-05-27T02:01:15.698+0000] {logging_mixin.py:190} INFO - [2026-05-27T02:01:15.698+0000] {dagbag.py:587} INFO - Filling up the DagBag from /home/airflow/.local/lib/python3.12/site-packages/airflow/example_dags/tutorial_dag.py
[2026-05-27T02:01:15.704+0000] {processor.py:925} INFO - DAG(s) 'tutorial_dag' retrieved from /home/airflow/.local/lib/python3.12/site-packages/airflow/example_dags/tutorial_dag.py
[2026-05-27T02:01:15.720+0000] {logging_mixin.py:190} INFO - [2026-05-27T02:01:15.720+0000] {dag.py:3211} INFO - Sync 1 DAGs
[2026-05-27T02:01:15.730+0000] {logging_mixin.py:190} INFO - [2026-05-27T02:01:15.729+0000] {dag.py:4138} INFO - Setting next_dagrun for tutorial_dag to None, run_after=None
[2026-05-27T02:01:15.742+0000] {processor.py:208} INFO - Processing /home/airflow/.local/lib/python3.12/site-packages/airflow/example_dags/tutorial_dag.py took 0.052 seconds
[2026-05-27T02:01:49.311+0000] {processor.py:186} INFO - Started process (PID=71) to work on /home/airflow/.local/lib/python3.12/site-packages/airflow/example_dags/tutorial_dag.py
[2026-05-27T02:01:49.313+0000] {processor.py:914} INFO - Processing file /home/airflow/.local/lib/python3.12/site-packages/airflow/example_dags/tutorial_dag.py for tasks to queue
[2026-05-27T02:01:49.316+0000] {logging_mixin.py:190} INFO - [2026-05-27T02:01:49.315+0000] {dagbag.py:587} INFO - Filling up the DagBag from /home/airflow/.local/lib/python3.12/site-packages/airflow/example_dags/tutorial_dag.py
[2026-05-27T02:01:49.325+0000] {processor.py:925} INFO - DAG(s) 'tutorial_dag' retrieved from /home/airflow/.local/lib/python3.12/site-packages/airflow/example_dags/tutorial_dag.py
[2026-05-27T02:01:49.347+0000] {logging_mixin.py:190} INFO - [2026-05-27T02:01:49.347+0000] {dag.py:3211} INFO - Sync 1 DAGs
[2026-05-27T02:01:49.361+0000] {logging_mixin.py:190} INFO - [2026-05-27T02:01:49.361+0000] {dag.py:4138} INFO - Setting next_dagrun for tutorial_dag to None, run_after=None
[2026-05-27T02:01:49.375+0000] {processor.py:208} INFO - Processing /home/airflow/.local/lib/python3.12/site-packages/airflow/example_dags/tutorial_dag.py took 0.068 seconds
[2026-05-27T02:02:18.975+0000] {processor.py:186} INFO - Started process (PID=71) to work on /home/airflow/.local/lib/python3.12/site-packages/airflow/example_dags/tutorial_dag.py
[2026-05-27T02:02:18.975+0000] {processor.py:914} INFO - Processing file /home/airflow/.local/lib/python3.12/site-packages/airflow/example_dags/tutorial_dag.py for tasks to queue
[2026-05-27T02:02:18.978+0000] {logging_mixin.py:190} INFO - [2026-05-27T02:02:18.977+0000] {dagbag.py:587} INFO - Filling up the DagBag from /home/airflow/.local/lib/python3.12/site-packages/airflow/example_dags/tutorial_dag.py
[2026-05-27T02:02:18.984+0000] {processor.py:925} INFO - DAG(s) 'tutorial_dag' retrieved from /home/airflow/.local/lib/python3.12/site-packages/airflow/example_dags/tutorial_dag.py
[2026-05-27T02:02:19.004+0000] {logging_mixin.py:190} INFO - [2026-05-27T02:02:19.004+0000] {dag.py:3211} INFO - Sync 1 DAGs
[2026-05-27T02:02:19.026+0000] {logging_mixin.py:190} INFO - [2026-05-27T02:02:19.025+0000] {dag.py:4138} INFO - Setting next_dagrun for tutorial_dag to None, run_after=None
[2026-05-27T02:02:19.045+0000] {processor.py:208} INFO - Processing /home/airflow/.local/lib/python3.12/site-packages/airflow/example_dags/tutorial_dag.py took 0.076 seconds
[2026-05-27T02:03:00.663+0000] {processor.py:186} INFO - Started process (PID=71) to work on /home/airflow/.local/lib/python3.12/site-packages/airflow/example_dags/tutorial_dag.py
[2026-05-27T02:03:00.665+0000] {processor.py:914} INFO - Processing file /home/airflow/.local/lib/python3.12/site-packages/airflow/example_dags/tutorial_dag.py for tasks to queue
[2026-05-27T02:03:00.667+0000] {logging_mixin.py:190} INFO - [2026-05-27T02:03:00.667+0000] {dagbag.py:587} INFO - Filling up the DagBag from /home/airflow/.local/lib/python3.12/site-packages/airflow/example_dags/tutorial_dag.py
[2026-05-27T02:03:00.676+0000] {processor.py:925} INFO - DAG(s) 'tutorial_dag' retrieved from /home/airflow/.local/lib/python3.12/site-packages/airflow/example_dags/tutorial_dag.py
[2026-05-27T02:03:00.697+0000] {logging_mixin.py:190} INFO - [2026-05-27T02:03:00.697+0000] {dag.py:3211} INFO - Sync 1 DAGs
[2026-05-27T02:03:00.712+0000] {logging_mixin.py:190} INFO - [2026-05-27T02:03:00.712+0000] {dag.py:4138} INFO - Setting next_dagrun for tutorial_dag to None, run_after=None
[2026-05-27T02:03:00.729+0000] {processor.py:208} INFO - Processing /home/airflow/.local/lib/python3.12/site-packages/airflow/example_dags/tutorial_dag.py took 0.074 seconds
