2026-05-25 01:33:25,972 - INFO - ============================================================
2026-05-25 01:33:25,972 - INFO - NYC 311 Extraction Started
2026-05-25 01:33:25,972 - INFO - Target records : 10000
2026-05-25 01:33:25,972 - INFO - Batch size     : 1000
2026-05-25 01:33:25,972 - INFO - S3 bucket      : ntc311-pipeline
2026-05-25 01:33:25,973 - INFO - ============================================================
2026-05-25 01:33:25,973 - INFO - [STARTING] Fetching batch... | offset = 0
2026-05-25 01:33:27,219 - INFO - [SUCCESS] Fetched 1000 records from batch in JSON | offset = 0
2026-05-25 01:33:27,222 - INFO - [QUALITY CHECK] offset=0 | missing_key=0 | missing_date=0 | missing_borough=0 | duplicates=0 | empty_strings=0
2026-05-25 01:33:27,278 - INFO - Found credentials in shared credentials file: ~/.aws/credentials
2026-05-25 01:33:27,944 - INFO - [S3 UPLOAD SUCCESS] s3://ntc311-pipeline/source/2026-05-25/batch0_2026-05-25_01:33:27.json
2026-05-25 01:33:27,946 - INFO - [PROGRESS] total_records=1000/10000
2026-05-25 01:33:28,472 - INFO - [STARTING] Fetching batch... | offset = 1000
2026-05-25 01:33:29,383 - INFO - [SUCCESS] Fetched 1000 records from batch in JSON | offset = 1000
2026-05-25 01:33:29,386 - INFO - [QUALITY CHECK] offset=1000 | missing_key=0 | missing_date=0 | missing_borough=0 | duplicates=0 | empty_strings=0
2026-05-25 01:33:29,917 - INFO - [S3 UPLOAD SUCCESS] s3://ntc311-pipeline/source/2026-05-25/batch1000_2026-05-25_01:33:29.json
2026-05-25 01:33:29,919 - INFO - [PROGRESS] total_records=2000/10000
2026-05-25 01:33:30,420 - INFO - [STARTING] Fetching batch... | offset = 2000
2026-05-25 01:33:30,981 - INFO - [SUCCESS] Fetched 1000 records from batch in JSON | offset = 2000
2026-05-25 01:33:30,985 - INFO - [QUALITY CHECK] offset=2000 | missing_key=0 | missing_date=0 | missing_borough=0 | duplicates=0 | empty_strings=0
2026-05-25 01:33:31,556 - INFO - [S3 UPLOAD SUCCESS] s3://ntc311-pipeline/source/2026-05-25/batch2000_2026-05-25_01:33:30.json
2026-05-25 01:33:31,557 - INFO - [PROGRESS] total_records=3000/10000
2026-05-25 01:33:32,058 - INFO - [STARTING] Fetching batch... | offset = 3000
2026-05-25 01:33:32,656 - INFO - [SUCCESS] Fetched 1000 records from batch in JSON | offset = 3000
2026-05-25 01:33:32,658 - INFO - [QUALITY CHECK] offset=3000 | missing_key=0 | missing_date=0 | missing_borough=0 | duplicates=0 | empty_strings=0
2026-05-25 01:33:33,153 - INFO - [S3 UPLOAD SUCCESS] s3://ntc311-pipeline/source/2026-05-25/batch3000_2026-05-25_01:33:32.json
2026-05-25 01:33:33,154 - INFO - [PROGRESS] total_records=4000/10000
2026-05-25 01:33:33,655 - INFO - [STARTING] Fetching batch... | offset = 4000
2026-05-25 01:33:34,123 - INFO - [SUCCESS] Fetched 1000 records from batch in JSON | offset = 4000
2026-05-25 01:33:34,127 - INFO - [QUALITY CHECK] offset=4000 | missing_key=0 | missing_date=0 | missing_borough=0 | duplicates=0 | empty_strings=0
2026-05-25 01:33:34,588 - INFO - [S3 UPLOAD SUCCESS] s3://ntc311-pipeline/source/2026-05-25/batch4000_2026-05-25_01:33:34.json
2026-05-25 01:33:34,590 - INFO - [PROGRESS] total_records=5000/10000
2026-05-25 01:33:35,090 - INFO - [STARTING] Fetching batch... | offset = 5000
2026-05-25 01:33:35,598 - INFO - [SUCCESS] Fetched 1000 records from batch in JSON | offset = 5000
2026-05-25 01:33:35,601 - INFO - [QUALITY CHECK] offset=5000 | missing_key=0 | missing_date=0 | missing_borough=0 | duplicates=0 | empty_strings=0
2026-05-25 01:33:36,140 - INFO - [S3 UPLOAD SUCCESS] s3://ntc311-pipeline/source/2026-05-25/batch5000_2026-05-25_01:33:35.json
2026-05-25 01:33:36,141 - INFO - [PROGRESS] total_records=6000/10000
2026-05-25 01:33:36,642 - INFO - [STARTING] Fetching batch... | offset = 6000
2026-05-25 01:33:37,209 - INFO - [SUCCESS] Fetched 1000 records from batch in JSON | offset = 6000
2026-05-25 01:33:37,211 - INFO - [QUALITY CHECK] offset=6000 | missing_key=0 | missing_date=0 | missing_borough=0 | duplicates=0 | empty_strings=0
2026-05-25 01:33:37,771 - INFO - [S3 UPLOAD SUCCESS] s3://ntc311-pipeline/source/2026-05-25/batch6000_2026-05-25_01:33:37.json
2026-05-25 01:33:37,774 - INFO - [PROGRESS] total_records=7000/10000
2026-05-25 01:33:38,274 - INFO - [STARTING] Fetching batch... | offset = 7000
2026-05-25 01:33:38,729 - INFO - [SUCCESS] Fetched 1000 records from batch in JSON | offset = 7000
2026-05-25 01:33:38,732 - INFO - [QUALITY CHECK] offset=7000 | missing_key=0 | missing_date=0 | missing_borough=0 | duplicates=0 | empty_strings=0
2026-05-25 01:33:39,312 - INFO - [S3 UPLOAD SUCCESS] s3://ntc311-pipeline/source/2026-05-25/batch7000_2026-05-25_01:33:38.json
2026-05-25 01:33:39,314 - INFO - [PROGRESS] total_records=8000/10000
2026-05-25 01:33:39,815 - INFO - [STARTING] Fetching batch... | offset = 8000
2026-05-25 01:33:40,912 - INFO - [SUCCESS] Fetched 1000 records from batch in JSON | offset = 8000
2026-05-25 01:33:40,915 - INFO - [QUALITY CHECK] offset=8000 | missing_key=0 | missing_date=0 | missing_borough=0 | duplicates=0 | empty_strings=0
2026-05-25 01:33:41,499 - INFO - [S3 UPLOAD SUCCESS] s3://ntc311-pipeline/source/2026-05-25/batch8000_2026-05-25_01:33:40.json
2026-05-25 01:33:41,501 - INFO - [PROGRESS] total_records=9000/10000
2026-05-25 01:33:42,002 - INFO - [STARTING] Fetching batch... | offset = 9000
2026-05-25 01:33:42,964 - INFO - [SUCCESS] Fetched 1000 records from batch in JSON | offset = 9000
2026-05-25 01:33:42,968 - INFO - [QUALITY CHECK] offset=9000 | missing_key=0 | missing_date=0 | missing_borough=0 | duplicates=0 | empty_strings=0
2026-05-25 01:33:43,436 - INFO - [S3 UPLOAD SUCCESS] s3://ntc311-pipeline/source/2026-05-25/batch9000_2026-05-25_01:33:42.json
2026-05-25 01:33:43,438 - INFO - [PROGRESS] total_records=10000/10000
2026-05-25 01:33:43,939 - INFO - ============================================================
2026-05-25 01:33:43,940 - INFO - Extraction Complete
2026-05-25 01:33:43,940 - INFO - Total records  : 10000
2026-05-25 01:33:43,940 - INFO - Total files    : 10
2026-05-25 01:33:43,940 - INFO - Duration       : 0:00:17.966653
2026-05-25 01:33:43,940 - INFO - Quality issues : {'missing_unique_key': 0, 'missing_created_date': 0, 'missing_complaint_type': 0, 'missing_borough': 0, 'empty_strings': 0, 'duplicate_keys': 0}
2026-05-25 01:33:43,940 - INFO - ============================================================
