2026-05-25 01:36:18,549 - INFO - ============================================================
2026-05-25 01:36:18,549 - INFO - NYC 311 Extraction Started
2026-05-25 01:36:18,549 - INFO - Target records : 10000
2026-05-25 01:36:18,549 - INFO - Batch size     : 1000
2026-05-25 01:36:18,549 - INFO - S3 bucket      : ntc311-pipeline
2026-05-25 01:36:18,549 - INFO - ============================================================
2026-05-25 01:36:18,549 - INFO - [STARTING] Fetching batch... | offset = 0
2026-05-25 01:36:19,560 - INFO - [SUCCESS] Fetched 1000 records from batch in JSON | offset = 0
2026-05-25 01:36:19,576 - INFO - [QUALITY CHECK] offset=0 | missing_key=0 | missing_date=0 | missing_borough=0 | duplicates=0 | empty_strings=0
2026-05-25 01:36:19,634 - INFO - Found credentials in shared credentials file: ~/.aws/credentials
2026-05-25 01:36:20,207 - INFO - [S3 UPLOAD SUCCESS] s3://ntc311-pipeline/source/2026-05-25/batch0_2026-05-25_01:36:19.json
2026-05-25 01:36:20,209 - INFO - [PROGRESS] total_records=1000/10000
2026-05-25 01:36:20,710 - INFO - [STARTING] Fetching batch... | offset = 1000
2026-05-25 01:36:21,218 - INFO - [SUCCESS] Fetched 1000 records from batch in JSON | offset = 1000
2026-05-25 01:36:21,221 - INFO - [QUALITY CHECK] offset=1000 | missing_key=0 | missing_date=0 | missing_borough=0 | duplicates=0 | empty_strings=0
2026-05-25 01:36:21,742 - INFO - [S3 UPLOAD SUCCESS] s3://ntc311-pipeline/source/2026-05-25/batch1000_2026-05-25_01:36:21.json
2026-05-25 01:36:21,743 - INFO - [PROGRESS] total_records=2000/10000
2026-05-25 01:36:22,244 - INFO - [STARTING] Fetching batch... | offset = 2000
2026-05-25 01:36:22,766 - INFO - [SUCCESS] Fetched 1000 records from batch in JSON | offset = 2000
2026-05-25 01:36:22,769 - INFO - [QUALITY CHECK] offset=2000 | missing_key=0 | missing_date=0 | missing_borough=0 | duplicates=0 | empty_strings=0
2026-05-25 01:36:23,048 - WARNING - [INTERRUPTED] Pipeline stopped by user
2026-05-25 01:36:23,050 - INFO - ============================================================
2026-05-25 01:36:23,051 - INFO - Extraction Complete
2026-05-25 01:36:23,051 - INFO - Total records  : 2000
2026-05-25 01:36:23,051 - INFO - Total files    : 2
2026-05-25 01:36:23,051 - INFO - Duration       : 0:00:04.501063
2026-05-25 01:36:23,051 - INFO - Quality issues : {'missing_unique_key': 0, 'missing_created_date': 0, 'missing_complaint_type': 0, 'missing_borough': 0, 'empty_strings': 0, 'duplicate_keys': 0}
2026-05-25 01:36:23,051 - INFO - ============================================================
