2026-05-25 01:37:20,289 - INFO - ============================================================
2026-05-25 01:37:20,290 - INFO - NYC 311 Extraction Started
2026-05-25 01:37:20,290 - INFO - Target records : 10000
2026-05-25 01:37:20,290 - INFO - Batch size     : 1000
2026-05-25 01:37:20,290 - INFO - S3 bucket      : ntc311-pipeline
2026-05-25 01:37:20,290 - INFO - ============================================================
2026-05-25 01:37:20,290 - INFO - [STARTING] Fetching batch... | offset = 0
2026-05-25 01:37:21,269 - INFO - [SUCCESS] Fetched 1000 records from batch in JSON | offset = 0
2026-05-25 01:37:21,271 - INFO - [QUALITY CHECK] offset=0 | missing_key=0 | missing_date=0 | missing_borough=0 | duplicates=0 | empty_strings=0
2026-05-25 01:37:21,356 - INFO - Found credentials in shared credentials file: ~/.aws/credentials
2026-05-25 01:37:21,966 - INFO - [S3 UPLOAD SUCCESS] s3://ntc311-pipeline/source/2026-05-25/batch0_2026-05-25_01:37:21.json
2026-05-25 01:37:21,968 - INFO - [PROGRESS] total_records=1000/10000
2026-05-25 01:37:22,469 - INFO - [STARTING] Fetching batch... | offset = 1000
2026-05-25 01:37:23,273 - INFO - [SUCCESS] Fetched 1000 records from batch in JSON | offset = 1000
2026-05-25 01:37:23,289 - INFO - [QUALITY CHECK] offset=1000 | missing_key=0 | missing_date=0 | missing_borough=0 | duplicates=0 | empty_strings=0
2026-05-25 01:37:23,762 - INFO - [S3 UPLOAD SUCCESS] s3://ntc311-pipeline/source/2026-05-25/batch1000_2026-05-25_01:37:23.json
2026-05-25 01:37:23,763 - INFO - [PROGRESS] total_records=2000/10000
2026-05-25 01:37:24,265 - INFO - [STARTING] Fetching batch... | offset = 2000
2026-05-25 01:37:24,607 - WARNING - [INTERRUPTED] Pipeline stopped by user
2026-05-25 01:37:24,608 - INFO - ============================================================
2026-05-25 01:37:24,608 - INFO - Extraction Complete
2026-05-25 01:37:24,608 - INFO - Total records  : 2000
2026-05-25 01:37:24,609 - INFO - Total files    : 2
2026-05-25 01:37:24,609 - INFO - Duration       : 0:00:04.318594
2026-05-25 01:37:24,609 - INFO - Quality issues : {'missing_unique_key': 0, 'missing_created_date': 0, 'missing_complaint_type': 0, 'missing_borough': 0, 'empty_strings': 0, 'duplicate_keys': 0}
2026-05-25 01:37:24,609 - INFO - ============================================================
